<?xml version="1.0" encoding="UTF-8"?>
<coverage generated="1763247100831" clover="3.2.0">
  <project timestamp="1763247100831" name="All files">
    <metrics statements="3357" coveredstatements="1231" conditionals="2164" coveredconditionals="724" methods="999" coveredmethods="305" elements="6520" coveredelements="2260" complexity="0" loc="3357" ncloc="3357" packages="26" files="223" classes="223"/>
    <package name="@types">
      <metrics statements="0" coveredstatements="0" conditionals="0" coveredconditionals="0" methods="0" coveredmethods="0"/>
      <file name="declarations.d.ts" path="/Users/user288522/Documents/jars-cannabis-mobile-app/src/@types/declarations.d.ts">
        <metrics statements="0" coveredstatements="0" conditionals="0" coveredconditionals="0" methods="0" coveredmethods="0"/>
      </file>
      <file name="expo-av.d.ts" path="/Users/user288522/Documents/jars-cannabis-mobile-app/src/@types/expo-av.d.ts">
        <metrics statements="0" coveredstatements="0" conditionals="0" coveredconditionals="0" methods="0" coveredmethods="0"/>
      </file>
      <file name="expo.d.ts" path="/Users/user288522/Documents/jars-cannabis-mobile-app/src/@types/expo.d.ts">
        <metrics statements="0" coveredstatements="0" conditionals="0" coveredconditionals="0" methods="0" coveredmethods="0"/>
      </file>
      <file name="external-libs.d.ts" path="/Users/user288522/Documents/jars-cannabis-mobile-app/src/@types/external-libs.d.ts">
        <metrics statements="0" coveredstatements="0" conditionals="0" coveredconditionals="0" methods="0" coveredmethods="0"/>
      </file>
      <file name="external.d.ts" path="/Users/user288522/Documents/jars-cannabis-mobile-app/src/@types/external.d.ts">
        <metrics statements="0" coveredstatements="0" conditionals="0" coveredconditionals="0" methods="0" coveredmethods="0"/>
      </file>
      <file name="jars.ts" path="/Users/user288522/Documents/jars-cannabis-mobile-app/src/@types/jars.ts">
        <metrics statements="0" coveredstatements="0" conditionals="0" coveredconditionals="0" methods="0" coveredmethods="0"/>
      </file>
      <file name="nativewind.d.ts" path="/Users/user288522/Documents/jars-cannabis-mobile-app/src/@types/nativewind.d.ts">
        <metrics statements="0" coveredstatements="0" conditionals="0" coveredconditionals="0" methods="0" coveredmethods="0"/>
      </file>
      <file name="navigation.d.ts" path="/Users/user288522/Documents/jars-cannabis-mobile-app/src/@types/navigation.d.ts">
        <metrics statements="0" coveredstatements="0" conditionals="0" coveredconditionals="0" methods="0" coveredmethods="0"/>
      </file>
      <file name="overrides.d.ts" path="/Users/user288522/Documents/jars-cannabis-mobile-app/src/@types/overrides.d.ts">
        <metrics statements="0" coveredstatements="0" conditionals="0" coveredconditionals="0" methods="0" coveredmethods="0"/>
      </file>
      <file name="personalization.ts" path="/Users/user288522/Documents/jars-cannabis-mobile-app/src/@types/personalization.ts">
        <metrics statements="0" coveredstatements="0" conditionals="0" coveredconditionals="0" methods="0" coveredmethods="0"/>
      </file>
      <file name="store.ts" path="/Users/user288522/Documents/jars-cannabis-mobile-app/src/@types/store.ts">
        <metrics statements="0" coveredstatements="0" conditionals="0" coveredconditionals="0" methods="0" coveredmethods="0"/>
      </file>
      <file name="tanstack.d.ts" path="/Users/user288522/Documents/jars-cannabis-mobile-app/src/@types/tanstack.d.ts">
        <metrics statements="0" coveredstatements="0" conditionals="0" coveredconditionals="0" methods="0" coveredmethods="0"/>
      </file>
      <file name="terpene.ts" path="/Users/user288522/Documents/jars-cannabis-mobile-app/src/@types/terpene.ts">
        <metrics statements="0" coveredstatements="0" conditionals="0" coveredconditionals="0" methods="0" coveredmethods="0"/>
      </file>
    </package>
    <package name="__examples__.animations">
      <metrics statements="11" coveredstatements="0" conditionals="0" coveredconditionals="0" methods="4" coveredmethods="0"/>
      <file name="bottom_sheet.tsx" path="/Users/user288522/Documents/jars-cannabis-mobile-app/src/__examples__/animations/bottom_sheet.tsx">
        <metrics statements="3" coveredstatements="0" conditionals="0" coveredconditionals="0" methods="1" coveredmethods="0"/>
        <line num="9" count="0" type="stmt"/>
        <line num="15" count="0" type="stmt"/>
        <line num="16" count="0" type="stmt"/>
      </file>
      <file name="wave_animation.tsx" path="/Users/user288522/Documents/jars-cannabis-mobile-app/src/__examples__/animations/wave_animation.tsx">
        <metrics statements="8" coveredstatements="0" conditionals="0" coveredconditionals="0" methods="3" coveredmethods="0"/>
        <line num="6" count="0" type="stmt"/>
        <line num="7" count="0" type="stmt"/>
        <line num="9" count="0" type="stmt"/>
        <line num="10" count="0" type="stmt"/>
        <line num="11" count="0" type="stmt"/>
        <line num="14" count="0" type="stmt"/>
        <line num="19" count="0" type="stmt"/>
        <line num="26" count="0" type="stmt"/>
      </file>
    </package>
    <package name="api">
      <metrics statements="49" coveredstatements="15" conditionals="20" coveredconditionals="2" methods="24" coveredmethods="4"/>
      <file name="cmsClient.ts" path="/Users/user288522/Documents/jars-cannabis-mobile-app/src/api/cmsClient.ts">
        <metrics statements="1" coveredstatements="1" conditionals="0" coveredconditionals="0" methods="0" coveredmethods="0"/>
        <line num="7" count="2" type="stmt"/>
      </file>
      <file name="http.ts" path="/Users/user288522/Documents/jars-cannabis-mobile-app/src/api/http.ts">
        <metrics statements="13" coveredstatements="9" conditionals="4" coveredconditionals="2" methods="5" coveredmethods="3"/>
        <line num="6" count="34" type="stmt"/>
        <line num="12" count="0" type="stmt"/>
        <line num="13" count="0" type="stmt"/>
        <line num="22" count="0" type="stmt"/>
        <line num="23" count="0" type="stmt"/>
        <line num="33" count="14" type="stmt"/>
        <line num="34" count="11" type="stmt"/>
        <line num="48" count="7" type="stmt"/>
        <line num="50" count="7" type="cond" truecount="1" falsecount="1"/>
        <line num="53" count="7" type="stmt"/>
        <line num="62" count="7" type="stmt"/>
        <line num="64" count="7" type="cond" truecount="1" falsecount="1"/>
        <line num="67" count="4" type="stmt"/>
      </file>
      <file name="phase4Client.ts" path="/Users/user288522/Documents/jars-cannabis-mobile-app/src/api/phase4Client.ts">
        <metrics statements="30" coveredstatements="5" conditionals="14" coveredconditionals="0" methods="18" coveredmethods="1"/>
        <line num="10" count="16" type="stmt"/>
        <line num="13" count="16" type="stmt"/>
        <line num="18" count="16" type="stmt"/>
        <line num="23" count="0" type="stmt"/>
        <line num="24" count="0" type="cond" truecount="0" falsecount="2"/>
        <line num="25" count="0" type="stmt"/>
        <line num="27" count="0" type="cond" truecount="0" falsecount="2"/>
        <line num="28" count="0" type="cond" truecount="0" falsecount="4"/>
        <line num="31" count="0" type="stmt"/>
        <line num="33" count="0" type="stmt"/>
        <line num="35" count="0" type="stmt"/>
        <line num="37" count="0" type="stmt"/>
        <line num="40" count="16" type="stmt"/>
        <line num="43" count="16" type="stmt"/>
        <line num="45" count="0" type="stmt"/>
        <line num="55" count="0" type="stmt"/>
        <line num="65" count="0" type="stmt"/>
        <line num="75" count="0" type="stmt"/>
        <line num="85" count="0" type="stmt"/>
        <line num="99" count="0" type="stmt"/>
        <line num="106" count="0" type="stmt"/>
        <line num="119" count="0" type="stmt"/>
        <line num="120" count="0" type="cond" truecount="0" falsecount="2"/>
        <line num="129" count="0" type="stmt"/>
        <line num="134" count="0" type="stmt"/>
        <line num="138" count="0" type="stmt"/>
        <line num="142" count="0" type="stmt"/>
        <line num="147" count="0" type="stmt"/>
        <line num="151" count="0" type="stmt"/>
        <line num="160" count="0" type="stmt"/>
      </file>
      <file name="stripe.ts" path="/Users/user288522/Documents/jars-cannabis-mobile-app/src/api/stripe.ts">
        <metrics statements="5" coveredstatements="0" conditionals="2" coveredconditionals="0" methods="1" coveredmethods="0"/>
        <line num="6" count="0" type="stmt"/>
        <line num="15" count="0" type="stmt"/>
        <line num="21" count="0" type="cond" truecount="0" falsecount="2"/>
        <line num="22" count="0" type="stmt"/>
        <line num="25" count="0" type="stmt"/>
      </file>
    </package>
    <package name="api.hooks">
      <metrics statements="32" coveredstatements="29" conditionals="12" coveredconditionals="5" methods="21" coveredmethods="20"/>
      <file name="useDataCategories.ts" path="/Users/user288522/Documents/jars-cannabis-mobile-app/src/api/hooks/useDataCategories.ts">
        <metrics statements="2" coveredstatements="2" conditionals="0" coveredconditionals="0" methods="2" coveredmethods="2"/>
        <line num="12" count="3" type="stmt"/>
        <line num="16" count="6" type="stmt"/>
      </file>
      <file name="useLoyaltyStatus.ts" path="/Users/user288522/Documents/jars-cannabis-mobile-app/src/api/hooks/useLoyaltyStatus.ts">
        <metrics statements="3" coveredstatements="3" conditionals="8" coveredconditionals="3" methods="2" coveredmethods="2"/>
        <line num="13" count="2" type="cond" truecount="1" falsecount="1"/>
        <line num="18" count="1" type="stmt"/>
        <line num="25" count="4" type="stmt"/>
      </file>
      <file name="usePrivacyPreferences.ts" path="/Users/user288522/Documents/jars-cannabis-mobile-app/src/api/hooks/usePrivacyPreferences.ts">
        <metrics statements="9" coveredstatements="8" conditionals="2" coveredconditionals="1" methods="5" coveredmethods="5"/>
        <line num="12" count="3" type="stmt"/>
        <line num="16" count="2" type="stmt"/>
        <line num="24" count="4" type="stmt"/>
        <line num="25" count="4" type="stmt"/>
        <line num="30" count="4" type="stmt"/>
        <line num="33" count="1" type="stmt"/>
        <line num="36" count="1" type="cond" truecount="1" falsecount="1"/>
        <line num="37" count="0" type="stmt"/>
        <line num="41" count="4" type="stmt"/>
      </file>
      <file name="useRedeemReward.ts" path="/Users/user288522/Documents/jars-cannabis-mobile-app/src/api/hooks/useRedeemReward.ts">
        <metrics statements="8" coveredstatements="8" conditionals="0" coveredconditionals="0" methods="5" coveredmethods="5"/>
        <line num="24" count="3" type="stmt"/>
        <line num="26" count="2" type="stmt"/>
        <line num="30" count="9" type="stmt"/>
        <line num="31" count="9" type="stmt"/>
        <line num="34" count="2" type="stmt"/>
        <line num="35" count="2" type="stmt"/>
        <line num="36" count="2" type="stmt"/>
        <line num="38" count="1" type="stmt"/>
      </file>
      <file name="useUpdateUserProfile.ts" path="/Users/user288522/Documents/jars-cannabis-mobile-app/src/api/hooks/useUpdateUserProfile.ts">
        <metrics statements="7" coveredstatements="6" conditionals="2" coveredconditionals="1" methods="4" coveredmethods="4"/>
        <line num="9" count="3" type="stmt"/>
        <line num="14" count="2" type="stmt"/>
        <line num="18" count="7" type="stmt"/>
        <line num="20" count="7" type="stmt"/>
        <line num="23" count="2" type="stmt"/>
        <line num="26" count="1" type="cond" truecount="1" falsecount="1"/>
        <line num="27" count="0" type="stmt"/>
      </file>
      <file name="useUserProfile.ts" path="/Users/user288522/Documents/jars-cannabis-mobile-app/src/api/hooks/useUserProfile.ts">
        <metrics statements="3" coveredstatements="2" conditionals="0" coveredconditionals="0" methods="3" coveredmethods="2"/>
        <line num="15" count="2" type="stmt"/>
        <line num="19" count="4" type="stmt"/>
        <line num="24" count="0" type="stmt"/>
      </file>
    </package>
    <package name="clients">
      <metrics statements="28" coveredstatements="8" conditionals="17" coveredconditionals="0" methods="10" coveredmethods="1"/>
      <file name="authClient.ts" path="/Users/user288522/Documents/jars-cannabis-mobile-app/src/clients/authClient.ts">
        <metrics statements="3" coveredstatements="2" conditionals="0" coveredconditionals="0" methods="1" coveredmethods="0"/>
        <line num="6" count="2" type="stmt"/>
        <line num="8" count="2" type="stmt"/>
        <line num="14" count="0" type="stmt"/>
      </file>
      <file name="orderClient.ts" path="/Users/user288522/Documents/jars-cannabis-mobile-app/src/clients/orderClient.ts">
        <metrics statements="15" coveredstatements="5" conditionals="11" coveredconditionals="0" methods="5" coveredmethods="1"/>
        <line num="8" count="1" type="stmt"/>
        <line num="11" count="1" type="stmt"/>
        <line num="16" count="1" type="stmt"/>
        <line num="18" count="0" type="stmt"/>
        <line num="20" count="0" type="cond" truecount="0" falsecount="2"/>
        <line num="21" count="0" type="stmt"/>
        <line num="25" count="0" type="stmt"/>
        <line num="27" count="0" type="stmt"/>
        <line num="30" count="1" type="stmt"/>
        <line num="33" count="1" type="stmt"/>
        <line num="44" count="0" type="stmt"/>
        <line num="45" count="0" type="cond" truecount="0" falsecount="2"/>
        <line num="46" count="0" type="stmt"/>
        <line num="74" count="0" type="stmt"/>
        <line num="79" count="0" type="cond" truecount="0" falsecount="2"/>
      </file>
      <file name="paymentClient.ts" path="/Users/user288522/Documents/jars-cannabis-mobile-app/src/clients/paymentClient.ts">
        <metrics statements="10" coveredstatements="1" conditionals="6" coveredconditionals="0" methods="4" coveredmethods="0"/>
        <line num="4" count="2" type="stmt"/>
        <line num="17" count="0" type="stmt"/>
        <line num="18" count="0" type="stmt"/>
        <line num="24" count="0" type="stmt"/>
        <line num="25" count="0" type="cond" truecount="0" falsecount="2"/>
        <line num="26" count="0" type="stmt"/>
        <line num="28" count="0" type="stmt"/>
        <line num="32" count="0" type="stmt"/>
        <line num="36" count="0" type="stmt"/>
        <line num="40" count="0" type="stmt"/>
      </file>
    </package>
    <package name="components">
      <metrics statements="269" coveredstatements="107" conditionals="202" coveredconditionals="107" methods="102" coveredmethods="29"/>
      <file name="ARButton.tsx" path="/Users/user288522/Documents/jars-cannabis-mobile-app/src/components/ARButton.tsx">
        <metrics statements="2" coveredstatements="0" conditionals="0" coveredconditionals="0" methods="2" coveredmethods="0"/>
        <line num="7" count="0" type="stmt"/>
        <line num="10" count="0" type="stmt"/>
      </file>
      <file name="AccessibilityComponents.tsx" path="/Users/user288522/Documents/jars-cannabis-mobile-app/src/components/AccessibilityComponents.tsx">
        <metrics statements="23" coveredstatements="16" conditionals="29" coveredconditionals="18" methods="5" coveredmethods="4"/>
        <line num="15" count="1" type="stmt"/>
        <line num="17" count="3" type="stmt"/>
        <line num="18" count="3" type="stmt"/>
        <line num="20" count="3" type="stmt"/>
        <line num="21" count="3" type="cond" truecount="3" falsecount="1"/>
        <line num="23" count="0" type="stmt"/>
        <line num="24" count="0" type="cond" truecount="0" falsecount="2"/>
        <line num="25" count="0" type="stmt"/>
        <line num="27" count="3" type="cond" truecount="3" falsecount="2"/>
        <line num="29" count="0" type="stmt"/>
        <line num="34" count="3" type="stmt"/>
        <line num="35" count="0" type="stmt"/>
        <line num="36" count="0" type="cond" truecount="0" falsecount="2"/>
        <line num="37" count="0" type="cond" truecount="0" falsecount="4"/>
        <line num="40" count="3" type="stmt"/>
        <line num="51" count="1" type="stmt"/>
        <line num="59" count="1" type="stmt"/>
        <line num="61" count="3" type="stmt"/>
        <line num="63" count="3" type="stmt"/>
        <line num="64" count="3" type="cond" truecount="4" falsecount="0"/>
        <line num="66" count="1" type="stmt"/>
        <line num="70" count="3" type="stmt"/>
        <line num="78" count="1" type="stmt"/>
      </file>
      <file name="AnimatedBackgroundGradient.tsx" path="/Users/user288522/Documents/jars-cannabis-mobile-app/src/components/AnimatedBackgroundGradient.tsx">
        <metrics statements="2" coveredstatements="0" conditionals="0" coveredconditionals="0" methods="1" coveredmethods="0"/>
        <line num="6" count="0" type="stmt"/>
        <line num="13" count="0" type="stmt"/>
      </file>
      <file name="AnimatedPulseGlow.tsx" path="/Users/user288522/Documents/jars-cannabis-mobile-app/src/components/AnimatedPulseGlow.tsx">
        <metrics statements="6" coveredstatements="1" conditionals="0" coveredconditionals="0" methods="3" coveredmethods="0"/>
        <line num="11" count="0" type="stmt"/>
        <line num="12" count="0" type="stmt"/>
        <line num="13" count="0" type="stmt"/>
        <line num="15" count="0" type="stmt"/>
        <line num="19" count="0" type="stmt"/>
        <line num="22" count="2" type="stmt"/>
      </file>
      <file name="AnimatedShimmerOverlay.tsx" path="/Users/user288522/Documents/jars-cannabis-mobile-app/src/components/AnimatedShimmerOverlay.tsx">
        <metrics statements="5" coveredstatements="0" conditionals="0" coveredconditionals="0" methods="2" coveredmethods="0"/>
        <line num="5" count="0" type="stmt"/>
        <line num="7" count="0" type="stmt"/>
        <line num="8" count="0" type="stmt"/>
        <line num="18" count="0" type="stmt"/>
        <line num="23" count="0" type="stmt"/>
      </file>
      <file name="ArticlePreviewCard.tsx" path="/Users/user288522/Documents/jars-cannabis-mobile-app/src/components/ArticlePreviewCard.tsx">
        <metrics statements="5" coveredstatements="0" conditionals="2" coveredconditionals="0" methods="2" coveredmethods="0"/>
        <line num="13" count="0" type="stmt"/>
        <line num="14" count="0" type="stmt"/>
        <line num="18" count="0" type="stmt"/>
        <line num="19" count="0" type="stmt"/>
        <line num="33" count="0" type="stmt"/>
      </file>
      <file name="ArticleSkeletonCard.tsx" path="/Users/user288522/Documents/jars-cannabis-mobile-app/src/components/ArticleSkeletonCard.tsx">
        <metrics statements="0" coveredstatements="0" conditionals="0" coveredconditionals="0" methods="0" coveredmethods="0"/>
      </file>
      <file name="AudioPlayer.tsx" path="/Users/user288522/Documents/jars-cannabis-mobile-app/src/components/AudioPlayer.tsx">
        <metrics statements="10" coveredstatements="10" conditionals="7" coveredconditionals="7" methods="4" coveredmethods="4"/>
        <line num="32" count="9" type="stmt"/>
        <line num="34" count="8" type="cond" truecount="2" falsecount="0"/>
        <line num="35" count="7" type="stmt"/>
        <line num="39" count="8" type="stmt"/>
        <line num="40" count="8" type="stmt"/>
        <line num="44" count="9" type="stmt"/>
        <line num="45" count="9" type="cond" truecount="2" falsecount="0"/>
        <line num="46" count="4" type="stmt"/>
        <line num="48" count="5" type="stmt"/>
        <line num="53" count="9" type="stmt"/>
      </file>
      <file name="BannerCarousel.tsx" path="/Users/user288522/Documents/jars-cannabis-mobile-app/src/components/BannerCarousel.tsx">
        <metrics statements="11" coveredstatements="0" conditionals="6" coveredconditionals="0" methods="6" coveredmethods="0"/>
        <line num="15" count="0" type="stmt"/>
        <line num="16" count="0" type="stmt"/>
        <line num="17" count="0" type="stmt"/>
        <line num="18" count="0" type="cond" truecount="0" falsecount="4"/>
        <line num="19" count="0" type="stmt"/>
        <line num="24" count="0" type="stmt"/>
        <line num="27" count="0" type="stmt"/>
        <line num="36" count="0" type="stmt"/>
        <line num="39" count="0" type="stmt"/>
        <line num="40" count="0" type="stmt"/>
        <line num="52" count="0" type="stmt"/>
      </file>
      <file name="Button.tsx" path="/Users/user288522/Documents/jars-cannabis-mobile-app/src/components/Button.tsx">
        <metrics statements="10" coveredstatements="0" conditionals="3" coveredconditionals="0" methods="4" coveredmethods="0"/>
        <line num="25" count="0" type="stmt"/>
        <line num="26" count="0" type="stmt"/>
        <line num="27" count="0" type="stmt"/>
        <line num="29" count="0" type="stmt"/>
        <line num="30" count="0" type="stmt"/>
        <line num="32" count="0" type="stmt"/>
        <line num="33" count="0" type="stmt"/>
        <line num="34" count="0" type="stmt"/>
        <line num="36" count="0" type="stmt"/>
        <line num="55" count="0" type="stmt"/>
      </file>
      <file name="CMSImage.tsx" path="/Users/user288522/Documents/jars-cannabis-mobile-app/src/components/CMSImage.tsx">
        <metrics statements="1" coveredstatements="1" conditionals="0" coveredconditionals="0" methods="1" coveredmethods="1"/>
        <line num="12" count="30" type="stmt"/>
      </file>
      <file name="CartErrorBanner.tsx" path="/Users/user288522/Documents/jars-cannabis-mobile-app/src/components/CartErrorBanner.tsx">
        <metrics statements="2" coveredstatements="0" conditionals="0" coveredconditionals="0" methods="1" coveredmethods="0"/>
        <line num="9" count="0" type="stmt"/>
        <line num="19" count="0" type="stmt"/>
      </file>
      <file name="DataCategoryItem.tsx" path="/Users/user288522/Documents/jars-cannabis-mobile-app/src/components/DataCategoryItem.tsx">
        <metrics statements="2" coveredstatements="0" conditionals="0" coveredconditionals="0" methods="1" coveredmethods="0"/>
        <line num="7" count="0" type="stmt"/>
        <line num="19" count="0" type="stmt"/>
      </file>
      <file name="ErrorBoundary.tsx" path="/Users/user288522/Documents/jars-cannabis-mobile-app/src/components/ErrorBoundary.tsx">
        <metrics statements="7" coveredstatements="0" conditionals="2" coveredconditionals="0" methods="4" coveredmethods="0"/>
        <line num="11" count="0" type="stmt"/>
        <line num="12" count="0" type="stmt"/>
        <line num="16" count="0" type="stmt"/>
        <line num="20" count="0" type="stmt"/>
        <line num="24" count="0" type="cond" truecount="0" falsecount="2"/>
        <line num="25" count="0" type="stmt"/>
        <line num="36" count="0" type="stmt"/>
      </file>
      <file name="ErrorCard.tsx" path="/Users/user288522/Documents/jars-cannabis-mobile-app/src/components/ErrorCard.tsx">
        <metrics statements="2" coveredstatements="0" conditionals="0" coveredconditionals="0" methods="1" coveredmethods="0"/>
        <line num="11" count="0" type="stmt"/>
        <line num="21" count="0" type="stmt"/>
      </file>
      <file name="FAQSkeleton.tsx" path="/Users/user288522/Documents/jars-cannabis-mobile-app/src/components/FAQSkeleton.tsx">
        <metrics statements="5" coveredstatements="0" conditionals="0" coveredconditionals="0" methods="2" coveredmethods="0"/>
        <line num="6" count="0" type="stmt"/>
        <line num="8" count="0" type="stmt"/>
        <line num="9" count="0" type="stmt"/>
        <line num="19" count="0" type="stmt"/>
        <line num="37" count="0" type="stmt"/>
      </file>
      <file name="ForYouTodayCard.tsx" path="/Users/user288522/Documents/jars-cannabis-mobile-app/src/components/ForYouTodayCard.tsx">
        <metrics statements="3" coveredstatements="2" conditionals="2" coveredconditionals="1" methods="3" coveredmethods="1"/>
        <line num="15" count="6" type="stmt"/>
        <line num="21" count="0" type="stmt"/>
        <line num="33" count="1" type="stmt"/>
      </file>
      <file name="ForYouTodaySkeleton.tsx" path="/Users/user288522/Documents/jars-cannabis-mobile-app/src/components/ForYouTodaySkeleton.tsx">
        <metrics statements="5" coveredstatements="1" conditionals="0" coveredconditionals="0" methods="2" coveredmethods="0"/>
        <line num="6" count="0" type="stmt"/>
        <line num="8" count="0" type="stmt"/>
        <line num="9" count="0" type="stmt"/>
        <line num="19" count="0" type="stmt"/>
        <line num="35" count="1" type="stmt"/>
      </file>
      <file name="LegalDisclaimerModal.tsx" path="/Users/user288522/Documents/jars-cannabis-mobile-app/src/components/LegalDisclaimerModal.tsx">
        <metrics statements="5" coveredstatements="3" conditionals="0" coveredconditionals="0" methods="2" coveredmethods="1"/>
        <line num="13" count="4" type="stmt"/>
        <line num="15" count="4" type="stmt"/>
        <line num="30" count="0" type="stmt"/>
        <line num="31" count="0" type="stmt"/>
        <line num="42" count="2" type="stmt"/>
      </file>
      <file name="LocationStatusDisplay.tsx" path="/Users/user288522/Documents/jars-cannabis-mobile-app/src/components/LocationStatusDisplay.tsx">
        <metrics statements="4" coveredstatements="1" conditionals="2" coveredconditionals="0" methods="1" coveredmethods="0"/>
        <line num="10" count="0" type="cond" truecount="0" falsecount="2"/>
        <line num="11" count="0" type="stmt"/>
        <line num="19" count="0" type="stmt"/>
        <line num="29" count="2" type="stmt"/>
      </file>
      <file name="OfflineNotice.tsx" path="/Users/user288522/Documents/jars-cannabis-mobile-app/src/components/OfflineNotice.tsx">
        <metrics statements="5" coveredstatements="4" conditionals="2" coveredconditionals="1" methods="1" coveredmethods="1"/>
        <line num="6" count="26" type="stmt"/>
        <line num="7" count="26" type="cond" truecount="1" falsecount="1"/>
        <line num="8" count="0" type="stmt"/>
        <line num="14" count="26" type="stmt"/>
        <line num="17" count="3" type="stmt"/>
      </file>
      <file name="OnboardingSlide.tsx" path="/Users/user288522/Documents/jars-cannabis-mobile-app/src/components/OnboardingSlide.tsx">
        <metrics statements="2" coveredstatements="0" conditionals="2" coveredconditionals="0" methods="1" coveredmethods="0"/>
        <line num="15" count="0" type="stmt"/>
        <line num="29" count="0" type="stmt"/>
      </file>
      <file name="OrderCard.tsx" path="/Users/user288522/Documents/jars-cannabis-mobile-app/src/components/OrderCard.tsx">
        <metrics statements="4" coveredstatements="4" conditionals="0" coveredconditionals="0" methods="1" coveredmethods="1"/>
        <line num="14" count="3" type="stmt"/>
        <line num="15" count="3" type="stmt"/>
        <line num="19" count="3" type="stmt"/>
        <line num="40" count="1" type="stmt"/>
      </file>
      <file name="PaginationDots.tsx" path="/Users/user288522/Documents/jars-cannabis-mobile-app/src/components/PaginationDots.tsx">
        <metrics statements="3" coveredstatements="0" conditionals="2" coveredconditionals="0" methods="2" coveredmethods="0"/>
        <line num="10" count="0" type="stmt"/>
        <line num="13" count="0" type="cond" truecount="0" falsecount="2"/>
        <line num="19" count="0" type="stmt"/>
      </file>
      <file name="PasswordStrengthBar.tsx" path="/Users/user288522/Documents/jars-cannabis-mobile-app/src/components/PasswordStrengthBar.tsx">
        <metrics statements="9" coveredstatements="0" conditionals="15" coveredconditionals="0" methods="2" coveredmethods="0"/>
        <line num="9" count="0" type="stmt"/>
        <line num="10" count="0" type="cond" truecount="0" falsecount="5"/>
        <line num="11" count="0" type="cond" truecount="0" falsecount="2"/>
        <line num="12" count="0" type="cond" truecount="0" falsecount="2"/>
        <line num="13" count="0" type="stmt"/>
        <line num="15" count="0" type="stmt"/>
        <line num="17" count="0" type="cond" truecount="0" falsecount="2"/>
        <line num="25" count="0" type="stmt"/>
        <line num="28" count="0" type="stmt"/>
      </file>
      <file name="PermissionRationaleModal.tsx" path="/Users/user288522/Documents/jars-cannabis-mobile-app/src/components/PermissionRationaleModal.tsx">
        <metrics statements="3" coveredstatements="3" conditionals="2" coveredconditionals="1" methods="1" coveredmethods="1"/>
        <line num="11" count="4" type="cond" truecount="1" falsecount="1"/>
        <line num="12" count="4" type="stmt"/>
        <line num="49" count="2" type="stmt"/>
      </file>
      <file name="PointsProgressBar.tsx" path="/Users/user288522/Documents/jars-cannabis-mobile-app/src/components/PointsProgressBar.tsx">
        <metrics statements="3" coveredstatements="0" conditionals="0" coveredconditionals="0" methods="1" coveredmethods="0"/>
        <line num="12" count="0" type="stmt"/>
        <line num="13" count="0" type="stmt"/>
        <line num="23" count="0" type="stmt"/>
      </file>
      <file name="PreviewBadge.tsx" path="/Users/user288522/Documents/jars-cannabis-mobile-app/src/components/PreviewBadge.tsx">
        <metrics statements="2" coveredstatements="0" conditionals="0" coveredconditionals="0" methods="1" coveredmethods="0"/>
        <line num="5" count="0" type="stmt"/>
        <line num="12" count="0" type="stmt"/>
      </file>
      <file name="ProductCardMini.tsx" path="/Users/user288522/Documents/jars-cannabis-mobile-app/src/components/ProductCardMini.tsx">
        <metrics statements="5" coveredstatements="3" conditionals="2" coveredconditionals="2" methods="2" coveredmethods="1"/>
        <line num="13" count="19" type="stmt"/>
        <line num="14" count="0" type="stmt"/>
        <line num="15" count="0" type="stmt"/>
        <line num="18" count="19" type="stmt"/>
        <line num="29" count="5" type="stmt"/>
      </file>
      <file name="ProductCardSkeleton.tsx" path="/Users/user288522/Documents/jars-cannabis-mobile-app/src/components/ProductCardSkeleton.tsx">
        <metrics statements="5" coveredstatements="5" conditionals="0" coveredconditionals="0" methods="2" coveredmethods="2"/>
        <line num="6" count="6" type="stmt"/>
        <line num="8" count="6" type="stmt"/>
        <line num="9" count="6" type="stmt"/>
        <line num="19" count="6" type="stmt"/>
        <line num="36" count="2" type="stmt"/>
      </file>
      <file name="ProductDropCarousel.tsx" path="/Users/user288522/Documents/jars-cannabis-mobile-app/src/components/ProductDropCarousel.tsx">
        <metrics statements="11" coveredstatements="0" conditionals="6" coveredconditionals="0" methods="6" coveredmethods="0"/>
        <line num="15" count="0" type="stmt"/>
        <line num="16" count="0" type="stmt"/>
        <line num="17" count="0" type="stmt"/>
        <line num="18" count="0" type="cond" truecount="0" falsecount="4"/>
        <line num="19" count="0" type="stmt"/>
        <line num="24" count="0" type="stmt"/>
        <line num="27" count="0" type="stmt"/>
        <line num="36" count="0" type="stmt"/>
        <line num="39" count="0" type="stmt"/>
        <line num="40" count="0" type="stmt"/>
        <line num="56" count="0" type="stmt"/>
      </file>
      <file name="ProductFallback.tsx" path="/Users/user288522/Documents/jars-cannabis-mobile-app/src/components/ProductFallback.tsx">
        <metrics statements="4" coveredstatements="1" conditionals="2" coveredconditionals="0" methods="2" coveredmethods="0"/>
        <line num="12" count="0" type="stmt"/>
        <line num="18" count="0" type="stmt"/>
        <line num="19" count="0" type="stmt"/>
        <line num="33" count="1" type="stmt"/>
      </file>
      <file name="ReviewForm.tsx" path="/Users/user288522/Documents/jars-cannabis-mobile-app/src/components/ReviewForm.tsx">
        <metrics statements="5" coveredstatements="0" conditionals="2" coveredconditionals="0" methods="3" coveredmethods="0"/>
        <line num="9" count="0" type="stmt"/>
        <line num="10" count="0" type="stmt"/>
        <line num="11" count="0" type="stmt"/>
        <line num="17" count="0" type="cond" truecount="0" falsecount="2"/>
        <line num="20" count="0" type="stmt"/>
      </file>
      <file name="ScreenReaderOnly.tsx" path="/Users/user288522/Documents/jars-cannabis-mobile-app/src/components/ScreenReaderOnly.tsx">
        <metrics statements="2" coveredstatements="0" conditionals="0" coveredconditionals="0" methods="1" coveredmethods="0"/>
        <line num="9" count="0" type="stmt"/>
        <line num="16" count="0" type="stmt"/>
      </file>
      <file name="ScreenTransition.tsx" path="/Users/user288522/Documents/jars-cannabis-mobile-app/src/components/ScreenTransition.tsx">
        <metrics statements="8" coveredstatements="0" conditionals="1" coveredconditionals="0" methods="4" coveredmethods="0"/>
        <line num="25" count="0" type="stmt"/>
        <line num="27" count="0" type="stmt"/>
        <line num="29" count="0" type="stmt"/>
        <line num="30" count="0" type="stmt"/>
        <line num="32" count="0" type="stmt"/>
        <line num="39" count="0" type="stmt"/>
        <line num="43" count="0" type="stmt"/>
        <line num="46" count="0" type="stmt"/>
      </file>
      <file name="SkeletonArticleCard.tsx" path="/Users/user288522/Documents/jars-cannabis-mobile-app/src/components/SkeletonArticleCard.tsx">
        <metrics statements="5" coveredstatements="0" conditionals="0" coveredconditionals="0" methods="2" coveredmethods="0"/>
        <line num="6" count="0" type="stmt"/>
        <line num="8" count="0" type="stmt"/>
        <line num="9" count="0" type="stmt"/>
        <line num="19" count="0" type="stmt"/>
        <line num="34" count="0" type="stmt"/>
      </file>
      <file name="StashItemCard.tsx" path="/Users/user288522/Documents/jars-cannabis-mobile-app/src/components/StashItemCard.tsx">
        <metrics statements="9" coveredstatements="0" conditionals="6" coveredconditionals="0" methods="3" coveredmethods="0"/>
        <line num="15" count="0" type="stmt"/>
        <line num="16" count="0" type="stmt"/>
        <line num="17" count="0" type="stmt"/>
        <line num="19" count="0" type="stmt"/>
        <line num="20" count="0" type="cond" truecount="0" falsecount="2"/>
        <line num="21" count="0" type="stmt"/>
        <line num="22" count="0" type="stmt"/>
        <line num="26" count="0" type="stmt"/>
        <line num="50" count="0" type="stmt"/>
      </file>
      <file name="StockAlert.tsx" path="/Users/user288522/Documents/jars-cannabis-mobile-app/src/components/StockAlert.tsx">
        <metrics statements="2" coveredstatements="2" conditionals="0" coveredconditionals="0" methods="1" coveredmethods="1"/>
        <line num="10" count="1" type="stmt"/>
        <line num="17" count="1" type="stmt"/>
      </file>
      <file name="StoreCard.tsx" path="/Users/user288522/Documents/jars-cannabis-mobile-app/src/components/StoreCard.tsx">
        <metrics statements="13" coveredstatements="1" conditionals="10" coveredconditionals="0" methods="4" coveredmethods="0"/>
        <line num="30" count="0" type="stmt"/>
        <line num="31" count="0" type="stmt"/>
        <line num="32" count="0" type="stmt"/>
        <line num="35" count="0" type="stmt"/>
        <line num="36" count="0" type="stmt"/>
        <line num="37" count="0" type="stmt"/>
        <line num="40" count="0" type="stmt"/>
        <line num="41" count="0" type="stmt"/>
        <line num="42" count="0" type="stmt"/>
        <line num="45" count="0" type="cond" truecount="0" falsecount="2"/>
        <line num="46" count="0" type="stmt"/>
        <line num="54" count="0" type="stmt"/>
        <line num="81" count="2" type="stmt"/>
      </file>
      <file name="TerpeneInfoModal.tsx" path="/Users/user288522/Documents/jars-cannabis-mobile-app/src/components/TerpeneInfoModal.tsx">
        <metrics statements="3" coveredstatements="0" conditionals="2" coveredconditionals="0" methods="1" coveredmethods="0"/>
        <line num="11" count="0" type="stmt"/>
        <line num="12" count="0" type="stmt"/>
        <line num="61" count="0" type="stmt"/>
      </file>
      <file name="WeatherForYouRail.tsx" path="/Users/user288522/Documents/jars-cannabis-mobile-app/src/components/WeatherForYouRail.tsx">
        <metrics statements="40" coveredstatements="33" conditionals="89" coveredconditionals="71" methods="11" coveredmethods="8"/>
        <line num="30" count="28" type="stmt"/>
        <line num="33" count="28" type="cond" truecount="2" falsecount="0"/>
        <line num="35" count="28" type="stmt"/>
        <line num="44" count="28" type="stmt"/>
        <line num="45" count="27" type="cond" truecount="2" falsecount="0"/>
        <line num="47" count="19" type="stmt"/>
        <line num="55" count="28" type="stmt"/>
        <line num="56" count="2" type="stmt"/>
        <line num="59" count="2" type="stmt"/>
        <line num="67" count="2" type="stmt"/>
        <line num="70" count="28" type="stmt"/>
        <line num="71" count="0" type="stmt"/>
        <line num="74" count="0" type="stmt"/>
        <line num="85" count="0" type="stmt"/>
        <line num="89" count="28" type="stmt"/>
        <line num="90" count="27" type="cond" truecount="5" falsecount="0"/>
        <line num="91" count="10" type="stmt"/>
        <line num="103" count="28" type="cond" truecount="2" falsecount="0"/>
        <line num="104" count="2" type="stmt"/>
        <line num="108" count="26" type="cond" truecount="3" falsecount="1"/>
        <line num="109" count="0" type="stmt"/>
        <line num="113" count="26" type="cond" truecount="4" falsecount="1"/>
        <line num="114" count="0" type="stmt"/>
        <line num="117" count="26" type="stmt"/>
        <line num="118" count="26" type="cond" truecount="2" falsecount="0"/>
        <line num="120" count="26" type="stmt"/>
        <line num="144" count="29" type="stmt"/>
        <line num="176" count="19" type="stmt"/>
        <line num="179" count="0" type="stmt"/>
        <line num="197" count="26" type="stmt"/>
        <line num="199" count="26" type="cond" truecount="4" falsecount="0"/>
        <line num="200" count="17" type="cond" truecount="2" falsecount="0"/>
        <line num="201" count="16" type="cond" truecount="2" falsecount="0"/>
        <line num="202" count="15" type="cond" truecount="2" falsecount="0"/>
        <line num="203" count="10" type="cond" truecount="2" falsecount="0"/>
        <line num="204" count="9" type="cond" truecount="2" falsecount="0"/>
        <line num="205" count="3" type="cond" truecount="2" falsecount="0"/>
        <line num="206" count="1" type="cond" truecount="1" falsecount="1"/>
        <line num="208" count="0" type="stmt"/>
        <line num="211" count="5" type="stmt"/>
      </file>
      <file name="WelcomeBanner.tsx" path="/Users/user288522/Documents/jars-cannabis-mobile-app/src/components/WelcomeBanner.tsx">
        <metrics statements="11" coveredstatements="11" conditionals="6" coveredconditionals="6" methods="1" coveredmethods="1"/>
        <line num="9" count="3" type="stmt"/>
        <line num="10" count="3" type="stmt"/>
        <line num="11" count="3" type="stmt"/>
        <line num="12" count="3" type="stmt"/>
        <line num="14" count="3" type="stmt"/>
        <line num="15" count="3" type="cond" truecount="2" falsecount="0"/>
        <line num="16" count="1" type="stmt"/>
        <line num="17" count="2" type="cond" truecount="4" falsecount="0"/>
        <line num="18" count="1" type="stmt"/>
        <line num="21" count="3" type="stmt"/>
        <line num="28" count="1" type="stmt"/>
      </file>
      <file name="useSkeletonText.tsx" path="/Users/user288522/Documents/jars-cannabis-mobile-app/src/components/useSkeletonText.tsx">
        <metrics statements="5" coveredstatements="5" conditionals="0" coveredconditionals="0" methods="2" coveredmethods="2"/>
        <line num="6" count="40" type="stmt"/>
        <line num="8" count="40" type="stmt"/>
        <line num="9" count="20" type="stmt"/>
        <line num="19" count="40" type="stmt"/>
        <line num="37" count="2" type="stmt"/>
      </file>
    </package>
    <package name="components.TerpeneWheel">
      <metrics statements="6" coveredstatements="0" conditionals="2" coveredconditionals="0" methods="2" coveredmethods="0"/>
      <file name="TerpeneInfoModal.tsx" path="/Users/user288522/Documents/jars-cannabis-mobile-app/src/components/TerpeneWheel/TerpeneInfoModal.tsx">
        <metrics statements="6" coveredstatements="0" conditionals="2" coveredconditionals="0" methods="2" coveredmethods="0"/>
        <line num="11" count="0" type="stmt"/>
        <line num="12" count="0" type="stmt"/>
        <line num="14" count="0" type="cond" truecount="0" falsecount="2"/>
        <line num="15" count="0" type="stmt"/>
        <line num="18" count="0" type="stmt"/>
        <line num="32" count="0" type="stmt"/>
      </file>
    </package>
    <package name="constants">
      <metrics statements="3" coveredstatements="0" conditionals="0" coveredconditionals="0" methods="0" coveredmethods="0"/>
      <file name="links.ts" path="/Users/user288522/Documents/jars-cannabis-mobile-app/src/constants/links.ts">
        <metrics statements="2" coveredstatements="0" conditionals="0" coveredconditionals="0" methods="0" coveredmethods="0"/>
        <line num="6" count="0" type="stmt"/>
        <line num="8" count="0" type="stmt"/>
      </file>
      <file name="terpenes.ts" path="/Users/user288522/Documents/jars-cannabis-mobile-app/src/constants/terpenes.ts">
        <metrics statements="1" coveredstatements="0" conditionals="0" coveredconditionals="0" methods="0" coveredmethods="0"/>
        <line num="3" count="0" type="stmt"/>
      </file>
    </package>
    <package name="context">
      <metrics statements="276" coveredstatements="43" conditionals="112" coveredconditionals="3" methods="51" coveredmethods="6"/>
      <file name="AccessibilityContext.tsx" path="/Users/user288522/Documents/jars-cannabis-mobile-app/src/context/AccessibilityContext.tsx">
        <metrics statements="7" coveredstatements="0" conditionals="2" coveredconditionals="0" methods="4" coveredmethods="0"/>
        <line num="8" count="0" type="stmt"/>
        <line num="11" count="0" type="stmt"/>
        <line num="12" count="0" type="stmt"/>
        <line num="13" count="0" type="stmt"/>
        <line num="21" count="0" type="stmt"/>
        <line num="22" count="0" type="cond" truecount="0" falsecount="2"/>
        <line num="23" count="0" type="stmt"/>
      </file>
      <file name="AuthContext.tsx" path="/Users/user288522/Documents/jars-cannabis-mobile-app/src/context/AuthContext.tsx">
        <metrics statements="68" coveredstatements="2" conditionals="34" coveredconditionals="0" methods="11" coveredmethods="0"/>
        <line num="26" count="2" type="stmt"/>
        <line num="40" count="2" type="stmt"/>
        <line num="41" count="0" type="stmt"/>
        <line num="43" count="0" type="stmt"/>
        <line num="44" count="0" type="stmt"/>
        <line num="45" count="0" type="stmt"/>
        <line num="46" count="0" type="stmt"/>
        <line num="47" count="0" type="cond" truecount="0" falsecount="2"/>
        <line num="48" count="0" type="cond" truecount="0" falsecount="2"/>
        <line num="51" count="0" type="stmt"/>
        <line num="52" count="0" type="stmt"/>
        <line num="53" count="0" type="stmt"/>
        <line num="60" count="0" type="stmt"/>
        <line num="61" count="0" type="stmt"/>
        <line num="62" count="0" type="stmt"/>
        <line num="63" count="0" type="stmt"/>
        <line num="64" count="0" type="stmt"/>
        <line num="66" count="0" type="stmt"/>
        <line num="70" count="0" type="stmt"/>
        <line num="71" count="0" type="stmt"/>
        <line num="72" count="0" type="stmt"/>
        <line num="73" count="0" type="stmt"/>
        <line num="74" count="0" type="stmt"/>
        <line num="75" count="0" type="cond" truecount="0" falsecount="2"/>
        <line num="76" count="0" type="cond" truecount="0" falsecount="2"/>
        <line num="77" count="0" type="stmt"/>
        <line num="78" count="0" type="stmt"/>
        <line num="80" count="0" type="stmt"/>
        <line num="81" count="0" type="cond" truecount="0" falsecount="2"/>
        <line num="82" count="0" type="stmt"/>
        <line num="83" count="0" type="stmt"/>
        <line num="84" count="0" type="stmt"/>
        <line num="85" count="0" type="cond" truecount="0" falsecount="4"/>
        <line num="86" count="0" type="stmt"/>
        <line num="87" count="0" type="stmt"/>
        <line num="90" count="0" type="stmt"/>
        <line num="93" count="0" type="cond" truecount="0" falsecount="2"/>
        <line num="98" count="0" type="stmt"/>
        <line num="99" count="0" type="stmt"/>
        <line num="104" count="0" type="stmt"/>
        <line num="107" count="0" type="stmt"/>
        <line num="110" count="0" type="cond" truecount="0" falsecount="2"/>
        <line num="111" count="0" type="cond" truecount="0" falsecount="2"/>
        <line num="112" count="0" type="stmt"/>
        <line num="113" count="0" type="stmt"/>
        <line num="115" count="0" type="stmt"/>
        <line num="117" count="0" type="stmt"/>
        <line num="118" count="0" type="cond" truecount="0" falsecount="2"/>
        <line num="119" count="0" type="stmt"/>
        <line num="122" count="0" type="stmt"/>
        <line num="125" count="0" type="cond" truecount="0" falsecount="2"/>
        <line num="127" count="0" type="stmt"/>
        <line num="131" count="0" type="stmt"/>
        <line num="132" count="0" type="cond" truecount="0" falsecount="2"/>
        <line num="133" count="0" type="stmt"/>
        <line num="134" count="0" type="stmt"/>
        <line num="135" count="0" type="stmt"/>
        <line num="136" count="0" type="stmt"/>
        <line num="137" count="0" type="cond" truecount="0" falsecount="4"/>
        <line num="138" count="0" type="cond" truecount="0" falsecount="2"/>
        <line num="139" count="0" type="stmt"/>
        <line num="142" count="0" type="stmt"/>
        <line num="146" count="0" type="stmt"/>
        <line num="149" count="0" type="stmt"/>
        <line num="150" count="0" type="stmt"/>
        <line num="151" count="0" type="stmt"/>
        <line num="155" count="0" type="stmt"/>
        <line num="157" count="0" type="stmt"/>
      </file>
      <file name="BrandContext.tsx" path="/Users/user288522/Documents/jars-cannabis-mobile-app/src/context/BrandContext.tsx">
        <metrics statements="31" coveredstatements="15" conditionals="8" coveredconditionals="3" methods="6" coveredmethods="3"/>
        <line num="19" count="15" type="stmt"/>
        <line num="22" count="15" type="stmt"/>
        <line num="36" count="20" type="stmt"/>
        <line num="37" count="20" type="stmt"/>
        <line num="38" count="20" type="stmt"/>
        <line num="40" count="20" type="stmt"/>
        <line num="41" count="0" type="stmt"/>
        <line num="44" count="20" type="stmt"/>
        <line num="45" count="0" type="stmt"/>
        <line num="48" count="20" type="stmt"/>
        <line num="49" count="0" type="stmt"/>
        <line num="50" count="0" type="stmt"/>
        <line num="51" count="0" type="stmt"/>
        <line num="54" count="0" type="stmt"/>
        <line num="56" count="0" type="cond" truecount="0" falsecount="2"/>
        <line num="57" count="0" type="stmt"/>
        <line num="58" count="0" type="stmt"/>
        <line num="61" count="0" type="stmt"/>
        <line num="62" count="0" type="stmt"/>
        <line num="65" count="0" type="stmt"/>
        <line num="66" count="0" type="cond" truecount="0" falsecount="2"/>
        <line num="68" count="0" type="stmt"/>
        <line num="70" count="0" type="stmt"/>
        <line num="74" count="20" type="stmt"/>
        <line num="81" count="20" type="stmt"/>
        <line num="85" count="20" type="stmt"/>
        <line num="86" count="20" type="cond" truecount="1" falsecount="1"/>
        <line num="87" count="0" type="stmt"/>
        <line num="89" count="20" type="stmt"/>
        <line num="94" count="20" type="stmt"/>
        <line num="95" count="20" type="cond" truecount="2" falsecount="0"/>
      </file>
      <file name="CMSPreviewContext.tsx" path="/Users/user288522/Documents/jars-cannabis-mobile-app/src/context/CMSPreviewContext.tsx">
        <metrics statements="10" coveredstatements="2" conditionals="4" coveredconditionals="0" methods="6" coveredmethods="1"/>
        <line num="9" count="2" type="stmt"/>
        <line num="12" count="0" type="stmt"/>
        <line num="14" count="0" type="stmt"/>
        <line num="15" count="0" type="stmt"/>
        <line num="16" count="0" type="stmt"/>
        <line num="17" count="0" type="stmt"/>
        <line num="18" count="0" type="cond" truecount="0" falsecount="4"/>
        <line num="25" count="0" type="stmt"/>
        <line num="27" count="0" type="stmt"/>
        <line num="32" count="18" type="stmt"/>
      </file>
      <file name="LoyaltyContext.tsx" path="/Users/user288522/Documents/jars-cannabis-mobile-app/src/context/LoyaltyContext.tsx">
        <metrics statements="3" coveredstatements="1" conditionals="0" coveredconditionals="0" methods="1" coveredmethods="0"/>
        <line num="12" count="1" type="stmt"/>
        <line num="20" count="0" type="stmt"/>
        <line num="22" count="0" type="stmt"/>
      </file>
      <file name="SettingsContext.tsx" path="/Users/user288522/Documents/jars-cannabis-mobile-app/src/context/SettingsContext.tsx">
        <metrics statements="22" coveredstatements="0" conditionals="4" coveredconditionals="0" methods="9" coveredmethods="0"/>
        <line num="15" count="0" type="stmt"/>
        <line num="22" count="0" type="stmt"/>
        <line num="23" count="0" type="stmt"/>
        <line num="24" count="0" type="stmt"/>
        <line num="26" count="0" type="stmt"/>
        <line num="27" count="0" type="stmt"/>
        <line num="28" count="0" type="stmt"/>
        <line num="29" count="0" type="cond" truecount="0" falsecount="2"/>
        <line num="31" count="0" type="stmt"/>
        <line num="32" count="0" type="stmt"/>
        <line num="33" count="0" type="cond" truecount="0" falsecount="2"/>
        <line num="34" count="0" type="stmt"/>
        <line num="35" count="0" type="stmt"/>
        <line num="40" count="0" type="stmt"/>
        <line num="41" count="0" type="stmt"/>
        <line num="42" count="0" type="stmt"/>
        <line num="45" count="0" type="stmt"/>
        <line num="46" count="0" type="stmt"/>
        <line num="47" count="0" type="stmt"/>
        <line num="48" count="0" type="stmt"/>
        <line num="51" count="0" type="stmt"/>
        <line num="58" count="0" type="stmt"/>
      </file>
      <file name="StoreContext.tsx" path="/Users/user288522/Documents/jars-cannabis-mobile-app/src/context/StoreContext.tsx">
        <metrics statements="9" coveredstatements="3" conditionals="0" coveredconditionals="0" methods="4" coveredmethods="1"/>
        <line num="12" count="2" type="stmt"/>
        <line num="17" count="2" type="stmt"/>
        <line num="18" count="0" type="stmt"/>
        <line num="19" count="0" type="stmt"/>
        <line num="21" count="0" type="stmt"/>
        <line num="22" count="0" type="stmt"/>
        <line num="23" count="0" type="stmt"/>
        <line num="26" count="0" type="stmt"/>
        <line num="33" count="20" type="stmt"/>
      </file>
      <file name="ThemeContext.tsx" path="/Users/user288522/Documents/jars-cannabis-mobile-app/src/context/ThemeContext.tsx">
        <metrics statements="126" coveredstatements="20" conditionals="60" coveredconditionals="0" methods="10" coveredmethods="1"/>
        <line num="11" count="15" type="stmt"/>
        <line num="14" count="15" type="stmt"/>
        <line num="15" count="15" type="stmt"/>
        <line num="16" count="15" type="stmt"/>
        <line num="17" count="15" type="stmt"/>
        <line num="20" count="15" type="stmt"/>
        <line num="21" count="15" type="stmt"/>
        <line num="56" count="15" type="stmt"/>
        <line num="77" count="15" type="stmt"/>
        <line num="79" count="20" type="stmt"/>
        <line num="81" count="20" type="stmt"/>
        <line num="82" count="20" type="stmt"/>
        <line num="83" count="20" type="stmt"/>
        <line num="87" count="20" type="stmt"/>
        <line num="93" count="20" type="stmt"/>
        <line num="94" count="0" type="stmt"/>
        <line num="95" count="0" type="stmt"/>
        <line num="96" count="0" type="stmt"/>
        <line num="97" count="0" type="cond" truecount="0" falsecount="2"/>
        <line num="98" count="0" type="stmt"/>
        <line num="99" count="0" type="stmt"/>
        <line num="108" count="20" type="stmt"/>
        <line num="109" count="0" type="stmt"/>
        <line num="110" count="0" type="stmt"/>
        <line num="111" count="0" type="stmt"/>
        <line num="113" count="0" type="stmt"/>
        <line num="118" count="20" type="stmt"/>
        <line num="122" count="0" type="cond" truecount="0" falsecount="4"/>
        <line num="123" count="0" type="stmt"/>
        <line num="126" count="0" type="stmt"/>
        <line num="127" count="0" type="stmt"/>
        <line num="130" count="0" type="cond" truecount="0" falsecount="4"/>
        <line num="133" count="0" type="stmt"/>
        <line num="134" count="0" type="stmt"/>
        <line num="136" count="0" type="stmt"/>
        <line num="137" count="0" type="stmt"/>
        <line num="139" count="0" type="stmt"/>
        <line num="140" count="0" type="stmt"/>
        <line num="144" count="0" type="stmt"/>
        <line num="151" count="0" type="stmt"/>
        <line num="162" count="20" type="stmt"/>
        <line num="163" count="0" type="stmt"/>
        <line num="164" count="0" type="cond" truecount="0" falsecount="4"/>
        <line num="165" count="0" type="cond" truecount="0" falsecount="4"/>
        <line num="166" count="0" type="cond" truecount="0" falsecount="4"/>
        <line num="167" count="0" type="stmt"/>
        <line num="170" count="20" type="stmt"/>
        <line num="171" count="0" type="stmt"/>
        <line num="172" count="0" type="stmt"/>
        <line num="174" count="0" type="stmt"/>
        <line num="175" count="0" type="stmt"/>
        <line num="181" count="0" type="cond" truecount="0" falsecount="2"/>
        <line num="182" count="0" type="stmt"/>
        <line num="183" count="0" type="stmt"/>
        <line num="186" count="0" type="stmt"/>
        <line num="192" count="0" type="stmt"/>
        <line num="197" count="0" type="stmt"/>
        <line num="200" count="0" type="stmt"/>
        <line num="204" count="0" type="stmt"/>
        <line num="205" count="0" type="stmt"/>
        <line num="206" count="0" type="stmt"/>
        <line num="210" count="0" type="stmt"/>
        <line num="212" count="0" type="stmt"/>
        <line num="213" count="0" type="cond" truecount="0" falsecount="2"/>
        <line num="216" count="0" type="stmt"/>
        <line num="217" count="0" type="cond" truecount="0" falsecount="2"/>
        <line num="218" count="0" type="stmt"/>
        <line num="219" count="0" type="stmt"/>
        <line num="223" count="0" type="stmt"/>
        <line num="227" count="0" type="stmt"/>
        <line num="228" count="0" type="cond" truecount="0" falsecount="2"/>
        <line num="229" count="0" type="stmt"/>
        <line num="230" count="0" type="stmt"/>
        <line num="233" count="0" type="stmt"/>
        <line num="240" count="0" type="stmt"/>
        <line num="245" count="0" type="stmt"/>
        <line num="248" count="0" type="stmt"/>
        <line num="252" count="0" type="stmt"/>
        <line num="253" count="0" type="stmt"/>
        <line num="254" count="0" type="stmt"/>
        <line num="257" count="0" type="stmt"/>
        <line num="258" count="0" type="stmt"/>
        <line num="259" count="0" type="stmt"/>
        <line num="260" count="0" type="cond" truecount="0" falsecount="2"/>
        <line num="263" count="0" type="stmt"/>
        <line num="272" count="0" type="cond" truecount="0" falsecount="2"/>
        <line num="274" count="0" type="cond" truecount="0" falsecount="2"/>
        <line num="275" count="0" type="cond" truecount="0" falsecount="2"/>
        <line num="276" count="0" type="cond" truecount="0" falsecount="2"/>
        <line num="277" count="0" type="stmt"/>
        <line num="279" count="0" type="cond" truecount="0" falsecount="2"/>
        <line num="280" count="0" type="cond" truecount="0" falsecount="2"/>
        <line num="281" count="0" type="stmt"/>
        <line num="285" count="0" type="cond" truecount="0" falsecount="2"/>
        <line num="287" count="0" type="cond" truecount="0" falsecount="2"/>
        <line num="288" count="0" type="cond" truecount="0" falsecount="2"/>
        <line num="289" count="0" type="cond" truecount="0" falsecount="2"/>
        <line num="290" count="0" type="cond" truecount="0" falsecount="2"/>
        <line num="295" count="0" type="stmt"/>
        <line num="304" count="0" type="stmt"/>
        <line num="305" count="0" type="stmt"/>
        <line num="308" count="0" type="stmt"/>
        <line num="314" count="0" type="stmt"/>
        <line num="320" count="0" type="stmt"/>
        <line num="323" count="0" type="stmt"/>
        <line num="324" count="0" type="stmt"/>
        <line num="325" count="0" type="stmt"/>
        <line num="327" count="0" type="stmt"/>
        <line num="328" count="0" type="stmt"/>
        <line num="331" count="0" type="stmt"/>
        <line num="338" count="0" type="stmt"/>
        <line num="344" count="0" type="stmt"/>
        <line num="347" count="0" type="stmt"/>
        <line num="351" count="0" type="stmt"/>
        <line num="352" count="0" type="stmt"/>
        <line num="354" count="0" type="stmt"/>
        <line num="360" count="20" type="stmt"/>
        <line num="363" count="0" type="stmt"/>
        <line num="366" count="0" type="cond" truecount="0" falsecount="2"/>
        <line num="369" count="0" type="stmt"/>
        <line num="370" count="0" type="stmt"/>
        <line num="371" count="0" type="stmt"/>
        <line num="372" count="0" type="stmt"/>
        <line num="374" count="0" type="stmt"/>
        <line num="377" count="0" type="stmt"/>
        <line num="388" count="0" type="stmt"/>
      </file>
    </package>
    <package name="hooks">
      <metrics statements="600" coveredstatements="348" conditionals="406" coveredconditionals="207" methods="129" coveredmethods="66"/>
      <file name="useAI.ts" path="/Users/user288522/Documents/jars-cannabis-mobile-app/src/hooks/useAI.ts">
        <metrics statements="14" coveredstatements="0" conditionals="8" coveredconditionals="0" methods="8" coveredmethods="0"/>
        <line num="48" count="0" type="stmt"/>
        <line num="50" count="0" type="stmt"/>
        <line num="61" count="0" type="cond" truecount="0" falsecount="2"/>
        <line num="62" count="0" type="stmt"/>
        <line num="63" count="0" type="cond" truecount="0" falsecount="2"/>
        <line num="66" count="0" type="stmt"/>
        <line num="69" count="0" type="stmt"/>
        <line num="78" count="0" type="stmt"/>
        <line num="80" count="0" type="stmt"/>
        <line num="88" count="0" type="cond" truecount="0" falsecount="2"/>
        <line num="89" count="0" type="stmt"/>
        <line num="90" count="0" type="cond" truecount="0" falsecount="2"/>
        <line num="93" count="0" type="stmt"/>
        <line num="96" count="0" type="stmt"/>
      </file>
      <file name="useArticleBySlug.ts" path="/Users/user288522/Documents/jars-cannabis-mobile-app/src/hooks/useArticleBySlug.ts">
        <metrics statements="14" coveredstatements="0" conditionals="8" coveredconditionals="0" methods="3" coveredmethods="0"/>
        <line num="10" count="0" type="cond" truecount="0" falsecount="2"/>
        <line num="11" count="0" type="stmt"/>
        <line num="12" count="0" type="stmt"/>
        <line num="15" count="0" type="stmt"/>
        <line num="16" count="0" type="stmt"/>
        <line num="18" count="0" type="stmt"/>
        <line num="19" count="0" type="cond" truecount="0" falsecount="2"/>
        <line num="20" count="0" type="stmt"/>
        <line num="25" count="0" type="stmt"/>
        <line num="26" count="0" type="stmt"/>
        <line num="29" count="0" type="stmt"/>
        <line num="30" count="0" type="cond" truecount="0" falsecount="2"/>
        <line num="31" count="0" type="stmt"/>
        <line num="33" count="0" type="stmt"/>
      </file>
      <file name="useArticles.ts" path="/Users/user288522/Documents/jars-cannabis-mobile-app/src/hooks/useArticles.ts">
        <metrics statements="1" coveredstatements="0" conditionals="0" coveredconditionals="0" methods="1" coveredmethods="0"/>
        <line num="6" count="0" type="stmt"/>
      </file>
      <file name="useAuth.ts" path="/Users/user288522/Documents/jars-cannabis-mobile-app/src/hooks/useAuth.ts">
        <metrics statements="45" coveredstatements="0" conditionals="8" coveredconditionals="0" methods="5" coveredmethods="0"/>
        <line num="17" count="0" type="stmt"/>
        <line num="19" count="0" type="stmt"/>
        <line num="21" count="0" type="stmt"/>
        <line num="22" count="0" type="stmt"/>
        <line num="23" count="0" type="stmt"/>
        <line num="24" count="0" type="cond" truecount="0" falsecount="2"/>
        <line num="25" count="0" type="stmt"/>
        <line num="26" count="0" type="stmt"/>
        <line num="27" count="0" type="stmt"/>
        <line num="28" count="0" type="stmt"/>
        <line num="35" count="0" type="stmt"/>
        <line num="36" count="0" type="stmt"/>
        <line num="37" count="0" type="stmt"/>
        <line num="38" count="0" type="stmt"/>
        <line num="39" count="0" type="cond" truecount="0" falsecount="2"/>
        <line num="40" count="0" type="stmt"/>
        <line num="41" count="0" type="stmt"/>
        <line num="42" count="0" type="stmt"/>
        <line num="45" count="0" type="stmt"/>
        <line num="47" count="0" type="stmt"/>
        <line num="48" count="0" type="stmt"/>
        <line num="49" count="0" type="stmt"/>
        <line num="50" count="0" type="cond" truecount="0" falsecount="2"/>
        <line num="52" count="0" type="stmt"/>
        <line num="53" count="0" type="stmt"/>
        <line num="54" count="0" type="stmt"/>
        <line num="58" count="0" type="stmt"/>
        <line num="59" count="0" type="stmt"/>
        <line num="60" count="0" type="stmt"/>
        <line num="61" count="0" type="stmt"/>
        <line num="67" count="0" type="stmt"/>
        <line num="68" count="0" type="stmt"/>
        <line num="69" count="0" type="stmt"/>
        <line num="70" count="0" type="stmt"/>
        <line num="71" count="0" type="stmt"/>
        <line num="72" count="0" type="cond" truecount="0" falsecount="2"/>
        <line num="73" count="0" type="stmt"/>
        <line num="74" count="0" type="stmt"/>
        <line num="75" count="0" type="stmt"/>
        <line num="78" count="0" type="stmt"/>
        <line num="79" count="0" type="stmt"/>
        <line num="80" count="0" type="stmt"/>
        <line num="83" count="0" type="stmt"/>
        <line num="85" count="0" type="stmt"/>
        <line num="88" count="0" type="stmt"/>
      </file>
      <file name="useCMSContent.ts" path="/Users/user288522/Documents/jars-cannabis-mobile-app/src/hooks/useCMSContent.ts">
        <metrics statements="17" coveredstatements="10" conditionals="10" coveredconditionals="4" methods="2" coveredmethods="2"/>
        <line num="9" count="18" type="stmt"/>
        <line num="11" count="18" type="stmt"/>
        <line num="14" count="9" type="stmt"/>
        <line num="15" count="9" type="cond" truecount="1" falsecount="1"/>
        <line num="17" count="9" type="cond" truecount="1" falsecount="1"/>
        <line num="18" count="0" type="stmt"/>
        <line num="19" count="0" type="cond" truecount="0" falsecount="2"/>
        <line num="20" count="0" type="stmt"/>
        <line num="22" count="0" type="stmt"/>
        <line num="25" count="9" type="stmt"/>
        <line num="26" count="9" type="stmt"/>
        <line num="29" count="0" type="stmt"/>
        <line num="30" count="0" type="stmt"/>
        <line num="32" count="8" type="stmt"/>
        <line num="33" count="8" type="cond" truecount="1" falsecount="1"/>
        <line num="34" count="0" type="stmt"/>
        <line num="36" count="8" type="stmt"/>
      </file>
      <file name="useCMSProducts.ts" path="/Users/user288522/Documents/jars-cannabis-mobile-app/src/hooks/useCMSProducts.ts">
        <metrics statements="3" coveredstatements="0" conditionals="0" coveredconditionals="0" methods="2" coveredmethods="0"/>
        <line num="7" count="0" type="stmt"/>
        <line num="8" count="0" type="stmt"/>
        <line num="12" count="0" type="stmt"/>
      </file>
      <file name="useCart.ts" path="/Users/user288522/Documents/jars-cannabis-mobile-app/src/hooks/useCart.ts">
        <metrics statements="88" coveredstatements="74" conditionals="104" coveredconditionals="58" methods="21" coveredmethods="17"/>
        <line num="28" count="17" type="stmt"/>
        <line num="29" count="17" type="stmt"/>
        <line num="30" count="17" type="stmt"/>
        <line num="33" count="24" type="stmt"/>
        <line num="34" count="24" type="stmt"/>
        <line num="35" count="24" type="stmt"/>
        <line num="36" count="24" type="stmt"/>
        <line num="38" count="17" type="stmt"/>
        <line num="39" count="6" type="stmt"/>
        <line num="40" count="6" type="cond" truecount="1" falsecount="1"/>
        <line num="41" count="6" type="stmt"/>
        <line num="51" count="6" type="stmt"/>
        <line num="54" count="6" type="cond" truecount="2" falsecount="0"/>
        <line num="55" count="1" type="stmt"/>
        <line num="56" count="5" type="cond" truecount="1" falsecount="1"/>
        <line num="57" count="0" type="stmt"/>
        <line num="64" count="17" type="stmt"/>
        <line num="65" count="3" type="stmt"/>
        <line num="66" count="3" type="cond" truecount="2" falsecount="0"/>
        <line num="67" count="2" type="stmt"/>
        <line num="68" count="2" type="cond" truecount="1" falsecount="1"/>
        <line num="69" count="0" type="stmt"/>
        <line num="70" count="0" type="stmt"/>
        <line num="71" count="0" type="stmt"/>
        <line num="72" count="0" type="stmt"/>
        <line num="74" count="2" type="stmt"/>
        <line num="76" count="1" type="stmt"/>
        <line num="78" count="1" type="cond" truecount="1" falsecount="1"/>
        <line num="79" count="1" type="stmt"/>
        <line num="80" count="1" type="stmt"/>
        <line num="81" count="1" type="stmt"/>
        <line num="84" count="17" type="stmt"/>
        <line num="89" count="17" type="stmt"/>
        <line num="90" count="9" type="stmt"/>
        <line num="93" count="17" type="stmt"/>
        <line num="102" count="4" type="stmt"/>
        <line num="104" count="4" type="stmt"/>
        <line num="105" count="4" type="cond" truecount="1" falsecount="1"/>
        <line num="106" count="4" type="stmt"/>
        <line num="112" count="0" type="cond" truecount="0" falsecount="4"/>
        <line num="113" count="0" type="stmt"/>
        <line num="122" count="4" type="cond" truecount="1" falsecount="1"/>
        <line num="124" count="4" type="cond" truecount="1" falsecount="3"/>
        <line num="125" count="4" type="cond" truecount="1" falsecount="1"/>
        <line num="126" count="0" type="stmt"/>
        <line num="127" count="0" type="stmt"/>
        <line num="129" count="4" type="stmt"/>
        <line num="134" count="4" type="cond" truecount="1" falsecount="1"/>
        <line num="137" count="4" type="stmt"/>
        <line num="138" count="4" type="stmt"/>
        <line num="140" count="4" type="cond" truecount="3" falsecount="1"/>
        <line num="141" count="4" type="cond" truecount="3" falsecount="1"/>
        <line num="143" count="4" type="stmt"/>
        <line num="144" count="4" type="cond" truecount="1" falsecount="1"/>
        <line num="146" count="4" type="cond" truecount="1" falsecount="1"/>
        <line num="147" count="4" type="cond" truecount="2" falsecount="0"/>
        <line num="148" count="1" type="stmt"/>
        <line num="150" count="4" type="stmt"/>
        <line num="152" count="2" type="cond" truecount="3" falsecount="0"/>
        <line num="155" count="4" type="cond" truecount="2" falsecount="0"/>
        <line num="156" count="2" type="stmt"/>
        <line num="158" count="2" type="stmt"/>
        <line num="167" count="0" type="cond" truecount="0" falsecount="4"/>
        <line num="169" count="0" type="cond" truecount="0" falsecount="2"/>
        <line num="171" count="4" type="cond" truecount="1" falsecount="1"/>
        <line num="172" count="4" type="stmt"/>
        <line num="174" count="4" type="stmt"/>
        <line num="177" count="0" type="cond" truecount="0" falsecount="2"/>
        <line num="180" count="4" type="stmt"/>
        <line num="181" count="4" type="stmt"/>
        <line num="182" count="4" type="stmt"/>
        <line num="186" count="17" type="stmt"/>
        <line num="187" count="2" type="stmt"/>
        <line num="188" count="2" type="cond" truecount="2" falsecount="0"/>
        <line num="189" count="1" type="stmt"/>
        <line num="190" count="1" type="stmt"/>
        <line num="192" count="1" type="stmt"/>
        <line num="197" count="1" type="cond" truecount="1" falsecount="1"/>
        <line num="198" count="1" type="stmt"/>
        <line num="199" count="1" type="stmt"/>
        <line num="200" count="1" type="stmt"/>
        <line num="201" count="1" type="stmt"/>
        <line num="204" count="17" type="stmt"/>
        <line num="209" count="8" type="stmt"/>
        <line num="221" count="0" type="stmt"/>
        <line num="227" count="0" type="stmt"/>
        <line num="230" count="4" type="stmt"/>
        <line num="236" count="4" type="stmt"/>
      </file>
      <file name="useCartValidation.ts" path="/Users/user288522/Documents/jars-cannabis-mobile-app/src/hooks/useCartValidation.ts">
        <metrics statements="26" coveredstatements="0" conditionals="13" coveredconditionals="0" methods="7" coveredmethods="0"/>
        <line num="11" count="0" type="stmt"/>
        <line num="12" count="0" type="stmt"/>
        <line num="13" count="0" type="stmt"/>
        <line num="15" count="0" type="stmt"/>
        <line num="16" count="0" type="stmt"/>
        <line num="18" count="0" type="stmt"/>
        <line num="19" count="0" type="stmt"/>
        <line num="20" count="0" type="stmt"/>
        <line num="21" count="0" type="stmt"/>
        <line num="25" count="0" type="cond" truecount="0" falsecount="3"/>
        <line num="26" count="0" type="cond" truecount="0" falsecount="2"/>
        <line num="27" count="0" type="stmt"/>
        <line num="29" count="0" type="cond" truecount="0" falsecount="4"/>
        <line num="30" count="0" type="stmt"/>
        <line num="31" count="0" type="stmt"/>
        <line num="33" count="0" type="cond" truecount="0" falsecount="2"/>
        <line num="34" count="0" type="stmt"/>
        <line num="36" count="0" type="stmt"/>
        <line num="39" count="0" type="stmt"/>
        <line num="43" count="0" type="cond" truecount="0" falsecount="2"/>
        <line num="44" count="0" type="stmt"/>
        <line num="45" count="0" type="stmt"/>
        <line num="48" count="0" type="stmt"/>
        <line num="49" count="0" type="stmt"/>
        <line num="50" count="0" type="stmt"/>
        <line num="54" count="0" type="stmt"/>
      </file>
      <file name="useConcierge.ts" path="/Users/user288522/Documents/jars-cannabis-mobile-app/src/hooks/useConcierge.ts">
        <metrics statements="65" coveredstatements="58" conditionals="27" coveredconditionals="17" methods="10" coveredmethods="8"/>
        <line num="16" count="1" type="stmt"/>
        <line num="17" count="1" type="stmt"/>
        <line num="20" count="18" type="stmt"/>
        <line num="28" count="18" type="stmt"/>
        <line num="31" count="18" type="stmt"/>
        <line num="32" count="9" type="stmt"/>
        <line num="33" count="9" type="stmt"/>
        <line num="34" count="9" type="stmt"/>
        <line num="35" count="9" type="cond" truecount="2" falsecount="0"/>
        <line num="36" count="1" type="stmt"/>
        <line num="37" count="1" type="cond" truecount="3" falsecount="1"/>
        <line num="38" count="1" type="stmt"/>
        <line num="42" count="0" type="stmt"/>
        <line num="45" count="9" type="stmt"/>
        <line num="49" count="18" type="stmt"/>
        <line num="50" count="3" type="stmt"/>
        <line num="52" count="3" type="stmt"/>
        <line num="53" count="3" type="stmt"/>
        <line num="55" count="0" type="stmt"/>
        <line num="59" count="18" type="stmt"/>
        <line num="66" count="6" type="cond" truecount="1" falsecount="1"/>
        <line num="68" count="6" type="stmt"/>
        <line num="76" count="6" type="stmt"/>
        <line num="84" count="6" type="stmt"/>
        <line num="85" count="6" type="stmt"/>
        <line num="86" count="6" type="stmt"/>
        <line num="88" count="6" type="stmt"/>
        <line num="90" count="6" type="stmt"/>
        <line num="91" count="6" type="stmt"/>
        <line num="92" count="6" type="stmt"/>
        <line num="97" count="6" type="stmt"/>
        <line num="100" count="3" type="stmt"/>
        <line num="108" count="3" type="stmt"/>
        <line num="115" count="3" type="stmt"/>
        <line num="116" count="3" type="stmt"/>
        <line num="117" count="3" type="stmt"/>
        <line num="119" count="3" type="stmt"/>
        <line num="122" count="3" type="stmt"/>
        <line num="128" count="3" type="stmt"/>
        <line num="136" count="3" type="stmt"/>
        <line num="137" count="3" type="stmt"/>
        <line num="140" count="3" type="stmt"/>
        <line num="142" count="3" type="cond" truecount="2" falsecount="0"/>
        <line num="143" count="1" type="stmt"/>
        <line num="144" count="1" type="cond" truecount="1" falsecount="1"/>
        <line num="147" count="1" type="stmt"/>
        <line num="148" count="2" type="cond" truecount="2" falsecount="0"/>
        <line num="149" count="1" type="stmt"/>
        <line num="150" count="1" type="stmt"/>
        <line num="151" count="1" type="cond" truecount="1" falsecount="1"/>
        <line num="152" count="1" type="stmt"/>
        <line num="153" count="1" type="stmt"/>
        <line num="155" count="0" type="cond" truecount="0" falsecount="2"/>
        <line num="156" count="0" type="cond" truecount="0" falsecount="2"/>
        <line num="159" count="3" type="stmt"/>
        <line num="161" count="6" type="stmt"/>
        <line num="167" count="18" type="stmt"/>
        <line num="170" count="0" type="stmt"/>
        <line num="171" count="0" type="stmt"/>
        <line num="172" count="0" type="stmt"/>
        <line num="177" count="18" type="stmt"/>
        <line num="178" count="1" type="stmt"/>
        <line num="184" count="1" type="stmt"/>
        <line num="185" count="1" type="stmt"/>
        <line num="188" count="18" type="stmt"/>
      </file>
      <file name="useDeepLinkHandler.ts" path="/Users/user288522/Documents/jars-cannabis-mobile-app/src/hooks/useDeepLinkHandler.ts">
        <metrics statements="36" coveredstatements="24" conditionals="31" coveredconditionals="9" methods="7" coveredmethods="6"/>
        <line num="11" count="1" type="stmt"/>
        <line num="12" count="1" type="stmt"/>
        <line num="14" count="1" type="stmt"/>
        <line num="15" count="1" type="stmt"/>
        <line num="16" count="1" type="stmt"/>
        <line num="18" count="1" type="cond" truecount="1" falsecount="1"/>
        <line num="19" count="0" type="stmt"/>
        <line num="22" count="1" type="stmt"/>
        <line num="23" count="1" type="cond" truecount="1" falsecount="1"/>
        <line num="24" count="0" type="stmt"/>
        <line num="25" count="0" type="stmt"/>
        <line num="28" count="1" type="stmt"/>
        <line num="31" count="1" type="cond" truecount="1" falsecount="8"/>
        <line num="34" count="1" type="stmt"/>
        <line num="35" count="1" type="cond" truecount="3" falsecount="1"/>
        <line num="36" count="1" type="stmt"/>
        <line num="37" count="1" type="cond" truecount="1" falsecount="1"/>
        <line num="39" count="1" type="cond" truecount="1" falsecount="1"/>
        <line num="40" count="1" type="stmt"/>
        <line num="43" count="1" type="stmt"/>
        <line num="44" count="1" type="stmt"/>
        <line num="55" count="0" type="cond" truecount="0" falsecount="4"/>
        <line num="56" count="0" type="stmt"/>
        <line num="58" count="0" type="stmt"/>
        <line num="62" count="0" type="stmt"/>
        <line num="67" count="0" type="cond" truecount="0" falsecount="4"/>
        <line num="68" count="0" type="stmt"/>
        <line num="70" count="0" type="stmt"/>
        <line num="72" count="0" type="stmt"/>
        <line num="76" count="0" type="stmt"/>
        <line num="80" count="1" type="stmt"/>
        <line num="81" count="1" type="stmt"/>
        <line num="84" count="1" type="stmt"/>
        <line num="85" count="1" type="cond" truecount="1" falsecount="1"/>
        <line num="86" count="1" type="stmt"/>
        <line num="90" count="1" type="stmt"/>
      </file>
      <file name="useEducationalArticles.ts" path="/Users/user288522/Documents/jars-cannabis-mobile-app/src/hooks/useEducationalArticles.ts">
        <metrics statements="3" coveredstatements="0" conditionals="0" coveredconditionals="0" methods="2" coveredmethods="0"/>
        <line num="7" count="0" type="stmt"/>
        <line num="8" count="0" type="stmt"/>
        <line num="12" count="0" type="stmt"/>
      </file>
      <file name="useFAQ.ts" path="/Users/user288522/Documents/jars-cannabis-mobile-app/src/hooks/useFAQ.ts">
        <metrics statements="1" coveredstatements="0" conditionals="0" coveredconditionals="0" methods="1" coveredmethods="0"/>
        <line num="6" count="0" type="stmt"/>
      </file>
      <file name="useFilters.ts" path="/Users/user288522/Documents/jars-cannabis-mobile-app/src/hooks/useFilters.ts">
        <metrics statements="1" coveredstatements="1" conditionals="0" coveredconditionals="0" methods="1" coveredmethods="1"/>
        <line num="6" count="18" type="stmt"/>
      </file>
      <file name="useForYouToday.ts" path="/Users/user288522/Documents/jars-cannabis-mobile-app/src/hooks/useForYouToday.ts">
        <metrics statements="14" coveredstatements="0" conditionals="8" coveredconditionals="0" methods="2" coveredmethods="0"/>
        <line num="10" count="0" type="stmt"/>
        <line num="14" count="0" type="stmt"/>
        <line num="15" count="0" type="stmt"/>
        <line num="17" count="0" type="cond" truecount="0" falsecount="2"/>
        <line num="18" count="0" type="stmt"/>
[...]
        <line num="8" count="0" type="stmt"/>
      </file>
      <file name="sound.web.tsx" path="/Users/user288522/Documents/jars-cannabis-mobile-app/src/shims/sound.web.tsx">
        <metrics statements="22" coveredstatements="0" conditionals="11" coveredconditionals="0" methods="8" coveredmethods="0"/>
        <line num="7" count="0" type="stmt"/>
        <line num="8" count="0" type="stmt"/>
        <line num="9" count="0" type="cond" truecount="0" falsecount="2"/>
        <line num="14" count="0" type="stmt"/>
        <line num="15" count="0" type="stmt"/>
        <line num="17" count="0" type="stmt"/>
        <line num="22" count="0" type="stmt"/>
        <line num="23" count="0" type="stmt"/>
        <line num="27" count="0" type="stmt"/>
        <line num="28" count="0" type="stmt"/>
        <line num="29" count="0" type="cond" truecount="0" falsecount="2"/>
        <line num="30" count="0" type="stmt"/>
        <line num="31" count="0" type="cond" truecount="0" falsecount="5"/>
        <line num="32" count="0" type="stmt"/>
        <line num="37" count="0" type="stmt"/>
        <line num="42" count="0" type="stmt"/>
        <line num="43" count="0" type="stmt"/>
        <line num="44" count="0" type="cond" truecount="0" falsecount="2"/>
        <line num="46" count="0" type="stmt"/>
        <line num="51" count="0" type="stmt"/>
        <line num="52" count="0" type="stmt"/>
        <line num="54" count="0" type="stmt"/>
      </file>
      <file name="stripe-react-native.web.tsx" path="/Users/user288522/Documents/jars-cannabis-mobile-app/src/shims/stripe-react-native.web.tsx">
        <metrics statements="5" coveredstatements="0" conditionals="0" coveredconditionals="0" methods="5" coveredmethods="0"/>
        <line num="4" count="0" type="stmt"/>
        <line num="5" count="0" type="stmt"/>
        <line num="6" count="0" type="stmt"/>
        <line num="11" count="0" type="stmt"/>
        <line num="15" count="0" type="stmt"/>
      </file>
    </package>
    <package name="state">
      <metrics statements="15" coveredstatements="9" conditionals="8" coveredconditionals="5" methods="9" coveredmethods="6"/>
      <file name="accessibilityStore.ts" path="/Users/user288522/Documents/jars-cannabis-mobile-app/src/state/accessibilityStore.ts">
        <metrics statements="7" coveredstatements="7" conditionals="6" coveredconditionals="5" methods="5" coveredmethods="5"/>
        <line num="18" count="4" type="stmt"/>
        <line num="25" count="4" type="stmt"/>
        <line num="29" count="23" type="stmt"/>
        <line num="30" count="6" type="stmt"/>
        <line num="31" count="13" type="stmt"/>
        <line num="33" count="4" type="stmt"/>
        <line num="34" count="4" type="stmt"/>
      </file>
      <file name="store.ts" path="/Users/user288522/Documents/jars-cannabis-mobile-app/src/state/store.ts">
        <metrics statements="8" coveredstatements="2" conditionals="2" coveredconditionals="0" methods="4" coveredmethods="1"/>
        <line num="12" count="3" type="stmt"/>
        <line num="19" count="3" type="stmt"/>
        <line num="22" count="0" type="stmt"/>
        <line num="23" count="0" type="stmt"/>
        <line num="26" count="0" type="stmt"/>
        <line num="27" count="0" type="stmt"/>
        <line num="28" count="0" type="cond" truecount="0" falsecount="2"/>
        <line num="29" count="0" type="stmt"/>
      </file>
    </package>
    <package name="terpene_wheel.components">
      <metrics statements="69" coveredstatements="0" conditionals="11" coveredconditionals="0" methods="18" coveredmethods="0"/>
      <file name="AnimatedSoundPlayer.tsx" path="/Users/user288522/Documents/jars-cannabis-mobile-app/src/terpene_wheel/components/AnimatedSoundPlayer.tsx">
        <metrics statements="17" coveredstatements="0" conditionals="2" coveredconditionals="0" methods="6" coveredmethods="0"/>
        <line num="14" count="0" type="stmt"/>
        <line num="16" count="0" type="stmt"/>
        <line num="18" count="0" type="stmt"/>
        <line num="19" count="0" type="stmt"/>
        <line num="20" count="0" type="stmt"/>
        <line num="21" count="0" type="stmt"/>
        <line num="22" count="0" type="stmt"/>
        <line num="24" count="0" type="stmt"/>
        <line num="27" count="0" type="stmt"/>
        <line num="28" count="0" type="stmt"/>
        <line num="32" count="0" type="stmt"/>
        <line num="34" count="0" type="stmt"/>
        <line num="35" count="0" type="cond" truecount="0" falsecount="2"/>
        <line num="36" count="0" type="stmt"/>
        <line num="37" count="0" type="stmt"/>
        <line num="39" count="0" type="stmt"/>
        <line num="44" count="0" type="stmt"/>
      </file>
      <file name="TerpeneInfoModal.tsx" path="/Users/user288522/Documents/jars-cannabis-mobile-app/src/terpene_wheel/components/TerpeneInfoModal.tsx">
        <metrics statements="5" coveredstatements="0" conditionals="2" coveredconditionals="0" methods="1" coveredmethods="0"/>
        <line num="13" count="0" type="stmt"/>
        <line num="14" count="0" type="stmt"/>
        <line num="16" count="0" type="cond" truecount="0" falsecount="2"/>
        <line num="18" count="0" type="stmt"/>
        <line num="37" count="0" type="stmt"/>
      </file>
      <file name="TerpeneWheel.tsx" path="/Users/user288522/Documents/jars-cannabis-mobile-app/src/terpene_wheel/components/TerpeneWheel.tsx">
        <metrics statements="47" coveredstatements="0" conditionals="7" coveredconditionals="0" methods="11" coveredmethods="0"/>
        <line num="10" count="0" type="stmt"/>
        <line num="11" count="0" type="stmt"/>
        <line num="12" count="0" type="stmt"/>
        <line num="13" count="0" type="stmt"/>
        <line num="14" count="0" type="stmt"/>
        <line num="16" count="0" type="stmt"/>
        <line num="20" count="0" type="cond" truecount="0" falsecount="1"/>
        <line num="21" count="0" type="stmt"/>
        <line num="22" count="0" type="stmt"/>
        <line num="24" count="0" type="stmt"/>
        <line num="25" count="0" type="stmt"/>
        <line num="26" count="0" type="stmt"/>
        <line num="29" count="0" type="stmt"/>
        <line num="41" count="0" type="stmt"/>
        <line num="42" count="0" type="stmt"/>
        <line num="58" count="0" type="stmt"/>
        <line num="76" count="0" type="stmt"/>
        <line num="78" count="0" type="stmt"/>
        <line num="79" count="0" type="stmt"/>
        <line num="80" count="0" type="stmt"/>
        <line num="81" count="0" type="stmt"/>
        <line num="82" count="0" type="stmt"/>
        <line num="83" count="0" type="cond" truecount="0" falsecount="2"/>
        <line num="87" count="0" type="stmt"/>
        <line num="108" count="0" type="stmt"/>
        <line num="109" count="0" type="stmt"/>
        <line num="114" count="0" type="stmt"/>
        <line num="115" count="0" type="stmt"/>
        <line num="116" count="0" type="stmt"/>
        <line num="123" count="0" type="stmt"/>
        <line num="124" count="0" type="stmt"/>
        <line num="125" count="0" type="stmt"/>
        <line num="126" count="0" type="stmt"/>
        <line num="127" count="0" type="stmt"/>
        <line num="130" count="0" type="stmt"/>
        <line num="131" count="0" type="stmt"/>
        <line num="132" count="0" type="stmt"/>
        <line num="133" count="0" type="stmt"/>
        <line num="134" count="0" type="stmt"/>
        <line num="135" count="0" type="stmt"/>
        <line num="136" count="0" type="stmt"/>
        <line num="141" count="0" type="stmt"/>
        <line num="142" count="0" type="stmt"/>
        <line num="143" count="0" type="stmt"/>
        <line num="145" count="0" type="stmt"/>
        <line num="184" count="0" type="stmt"/>
        <line num="185" count="0" type="stmt"/>
      </file>
    </package>
    <package name="terpene_wheel.data">
      <metrics statements="2" coveredstatements="0" conditionals="0" coveredconditionals="0" methods="0" coveredmethods="0"/>
      <file name="allTerpenes.ts" path="/Users/user288522/Documents/jars-cannabis-mobile-app/src/terpene_wheel/data/allTerpenes.ts">
        <metrics statements="1" coveredstatements="0" conditionals="0" coveredconditionals="0" methods="0" coveredmethods="0"/>
        <line num="3" count="0" type="stmt"/>
      </file>
      <file name="terpenes.ts" path="/Users/user288522/Documents/jars-cannabis-mobile-app/src/terpene_wheel/data/terpenes.ts">
        <metrics statements="1" coveredstatements="0" conditionals="0" coveredconditionals="0" methods="0" coveredmethods="0"/>
        <line num="19" count="0" type="stmt"/>
      </file>
    </package>
    <package name="theme">
      <metrics statements="1" coveredstatements="0" conditionals="0" coveredconditionals="0" methods="0" coveredmethods="0"/>
      <file name="dyslexia-font.ts" path="/Users/user288522/Documents/jars-cannabis-mobile-app/src/theme/dyslexia-font.ts">
        <metrics statements="1" coveredstatements="0" conditionals="0" coveredconditionals="0" methods="0" coveredmethods="0"/>
        <line num="3" count="0" type="stmt"/>
      </file>
    </package>
    <package name="types">
      <metrics statements="0" coveredstatements="0" conditionals="0" coveredconditionals="0" methods="0" coveredmethods="0"/>
      <file name="cms.ts" path="/Users/user288522/Documents/jars-cannabis-mobile-app/src/types/cms.ts">
        <metrics statements="0" coveredstatements="0" conditionals="0" coveredconditionals="0" methods="0" coveredmethods="0"/>
      </file>
      <file name="cmsExtra.ts" path="/Users/user288522/Documents/jars-cannabis-mobile-app/src/types/cmsExtra.ts">
        <metrics statements="0" coveredstatements="0" conditionals="0" coveredconditionals="0" methods="0" coveredmethods="0"/>
      </file>
      <file name="expo-linking.d.ts" path="/Users/user288522/Documents/jars-cannabis-mobile-app/src/types/expo-linking.d.ts">
        <metrics statements="0" coveredstatements="0" conditionals="0" coveredconditionals="0" methods="0" coveredmethods="0"/>
      </file>
      <file name="order.ts" path="/Users/user288522/Documents/jars-cannabis-mobile-app/src/types/order.ts">
        <metrics statements="0" coveredstatements="0" conditionals="0" coveredconditionals="0" methods="0" coveredmethods="0"/>
      </file>
      <file name="react-native-firebase-auth.d.ts" path="/Users/user288522/Documents/jars-cannabis-mobile-app/src/types/react-native-firebase-auth.d.ts">
        <metrics statements="0" coveredstatements="0" conditionals="0" coveredconditionals="0" methods="0" coveredmethods="0"/>
      </file>
      <file name="terpene.ts" path="/Users/user288522/Documents/jars-cannabis-mobile-app/src/types/terpene.ts">
        <metrics statements="0" coveredstatements="0" conditionals="0" coveredconditionals="0" methods="0" coveredmethods="0"/>
      </file>
    </package>
    <package name="utils">
      <metrics statements="107" coveredstatements="83" conditionals="50" coveredconditionals="37" methods="34" coveredmethods="25"/>
      <file name="address.ts" path="/Users/user288522/Documents/jars-cannabis-mobile-app/src/utils/address.ts">
        <metrics statements="10" coveredstatements="10" conditionals="12" coveredconditionals="11" methods="2" coveredmethods="2"/>
        <line num="20" count="1" type="stmt"/>
        <line num="23" count="4" type="cond" truecount="1" falsecount="1"/>
        <line num="24" count="4" type="stmt"/>
        <line num="25" count="4" type="cond" truecount="2" falsecount="0"/>
        <line num="26" count="3" type="stmt"/>
        <line num="27" count="3" type="stmt"/>
        <line num="33" count="3" type="cond" truecount="2" falsecount="0"/>
        <line num="34" count="3" type="cond" truecount="2" falsecount="0"/>
        <line num="35" count="3" type="stmt"/>
        <line num="39" count="3" type="cond" truecount="4" falsecount="0"/>
      </file>
      <file name="analytics.ts" path="/Users/user288522/Documents/jars-cannabis-mobile-app/src/utils/analytics.ts">
        <metrics statements="10" coveredstatements="8" conditionals="6" coveredconditionals="2" methods="3" coveredmethods="2"/>
        <line num="7" count="10" type="cond" truecount="1" falsecount="1"/>
        <line num="8" count="10" type="stmt"/>
        <line num="12" count="10" type="stmt"/>
        <line num="17" count="10" type="stmt"/>
        <line num="19" count="10" type="stmt"/>
        <line num="27" count="0" type="cond" truecount="0" falsecount="2"/>
        <line num="28" count="0" type="stmt"/>
        <line num="33" count="10" type="cond" truecount="1" falsecount="1"/>
        <line num="34" count="10" type="stmt"/>
        <line num="39" count="21" type="stmt"/>
      </file>
      <file name="apiConfig.ts" path="/Users/user288522/Documents/jars-cannabis-mobile-app/src/utils/apiConfig.ts">
        <metrics statements="1" coveredstatements="1" conditionals="2" coveredconditionals="2" methods="0" coveredmethods="0"/>
        <line num="1" count="51" type="cond" truecount="2" falsecount="0"/>
      </file>
      <file name="auth.ts" path="/Users/user288522/Documents/jars-cannabis-mobile-app/src/utils/auth.ts">
        <metrics statements="3" coveredstatements="0" conditionals="0" coveredconditionals="0" methods="3" coveredmethods="0"/>
        <line num="6" count="0" type="stmt"/>
        <line num="10" count="0" type="stmt"/>
        <line num="14" count="0" type="stmt"/>
      </file>
      <file name="cmsConfig.ts" path="/Users/user288522/Documents/jars-cannabis-mobile-app/src/utils/cmsConfig.ts">
        <metrics statements="1" coveredstatements="1" conditionals="2" coveredconditionals="2" methods="0" coveredmethods="0"/>
        <line num="1" count="2" type="cond" truecount="2" falsecount="0"/>
      </file>
      <file name="deepLinkUtils.ts" path="/Users/user288522/Documents/jars-cannabis-mobile-app/src/utils/deepLinkUtils.ts">
        <metrics statements="49" coveredstatements="48" conditionals="20" coveredconditionals="20" methods="9" coveredmethods="9"/>
        <line num="13" count="45" type="stmt"/>
        <line num="15" count="45" type="stmt"/>
        <line num="16" count="45" type="stmt"/>
        <line num="17" count="55" type="cond" truecount="2" falsecount="0"/>
        <line num="18" count="39" type="stmt"/>
        <line num="19" count="39" type="stmt"/>
        <line num="24" count="41" type="cond" truecount="2" falsecount="0"/>
        <line num="25" count="2" type="stmt"/>
        <line num="30" count="41" type="stmt"/>
        <line num="33" count="41" type="stmt"/>
        <line num="34" count="41" type="stmt"/>
        <line num="35" count="1126" type="stmt"/>
        <line num="36" count="1126" type="cond" truecount="2" falsecount="0"/>
        <line num="37" count="35" type="stmt"/>
        <line num="44" count="6" type="stmt"/>
        <line num="46" count="4" type="stmt"/>
        <line num="47" count="4" type="stmt"/>
        <line num="56" count="1126" type="cond" truecount="4" falsecount="0"/>
        <line num="57" count="2" type="stmt"/>
        <line num="61" count="1124" type="stmt"/>
        <line num="62" count="1124" type="stmt"/>
        <line num="63" count="140" type="stmt"/>
        <line num="64" count="140" type="stmt"/>
        <line num="67" count="1124" type="stmt"/>
        <line num="68" count="1124" type="stmt"/>
        <line num="70" count="1124" type="cond" truecount="2" falsecount="0"/>
        <line num="71" count="1091" type="stmt"/>
        <line num="75" count="33" type="stmt"/>
        <line num="76" count="33" type="stmt"/>
        <line num="77" count="21" type="stmt"/>
        <line num="80" count="33" type="stmt"/>
        <line num="87" count="19" type="stmt"/>
        <line num="88" count="19" type="stmt"/>
        <line num="91" count="19" type="cond" truecount="2" falsecount="0"/>
        <line num="92" count="2" type="stmt"/>
        <line num="95" count="17" type="stmt"/>
        <line num="98" count="17" type="cond" truecount="2" falsecount="0"/>
        <line num="99" count="12" type="stmt"/>
        <line num="100" count="12" type="stmt"/>
        <line num="105" count="17" type="stmt"/>
        <line num="112" count="46" type="stmt"/>
        <line num="119" count="5" type="stmt"/>
        <line num="126" count="20" type="stmt"/>
        <line num="129" count="20" type="cond" truecount="2" falsecount="0"/>
        <line num="132" count="19" type="stmt"/>
        <line num="133" count="19" type="cond" truecount="2" falsecount="0"/>
        <line num="134" count="17" type="stmt"/>
        <line num="136" count="5" type="stmt"/>
        <line num="138" count="0" type="stmt"/>
      </file>
      <file name="featureFlags.ts" path="/Users/user288522/Documents/jars-cannabis-mobile-app/src/utils/featureFlags.ts">
        <metrics statements="7" coveredstatements="7" conditionals="0" coveredconditionals="0" methods="4" coveredmethods="4"/>
        <line num="17" count="1" type="stmt"/>
        <line num="34" count="27" type="stmt"/>
        <line num="41" count="12" type="stmt"/>
        <line num="42" count="12" type="stmt"/>
        <line num="54" count="8" type="stmt"/>
        <line num="61" count="6" type="stmt"/>
        <line num="62" count="6" type="stmt"/>
      </file>
      <file name="haptic.ts" path="/Users/user288522/Documents/jars-cannabis-mobile-app/src/utils/haptic.ts">
        <metrics statements="6" coveredstatements="6" conditionals="0" coveredconditionals="0" methods="6" coveredmethods="6"/>
        <line num="5" count="15" type="stmt"/>
        <line num="8" count="15" type="stmt"/>
        <line num="11" count="15" type="stmt"/>
        <line num="14" count="15" type="stmt"/>
        <line num="15" count="15" type="stmt"/>
        <line num="16" count="15" type="stmt"/>
      </file>
      <file name="i18n.ts" path="/Users/user288522/Documents/jars-cannabis-mobile-app/src/utils/i18n.ts">
        <metrics statements="7" coveredstatements="0" conditionals="6" coveredconditionals="0" methods="2" coveredmethods="0"/>
        <line num="3" count="0" type="stmt"/>
        <line num="18" count="0" type="cond" truecount="0" falsecount="2"/>
        <line num="20" count="0" type="stmt"/>
        <line num="21" count="0" type="stmt"/>
        <line num="24" count="0" type="stmt"/>
        <line num="31" count="0" type="cond" truecount="0" falsecount="2"/>
        <line num="32" count="0" type="cond" truecount="0" falsecount="2"/>
      </file>
      <file name="progress.ts" path="/Users/user288522/Documents/jars-cannabis-mobile-app/src/utils/progress.ts">
        <metrics statements="1" coveredstatements="1" conditionals="0" coveredconditionals="0" methods="1" coveredmethods="1"/>
        <line num="2" count="2" type="stmt"/>
      </file>
      <file name="secureStorage.ts" path="/Users/user288522/Documents/jars-cannabis-mobile-app/src/utils/secureStorage.ts">
        <metrics statements="11" coveredstatements="0" conditionals="2" coveredconditionals="0" methods="3" coveredmethods="0"/>
        <line num="5" count="0" type="stmt"/>
        <line num="6" count="0" type="stmt"/>
        <line num="8" count="0" type="stmt"/>
        <line num="13" count="0" type="stmt"/>
        <line num="14" count="0" type="stmt"/>
        <line num="15" count="0" type="cond" truecount="0" falsecount="2"/>
        <line num="16" count="0" type="stmt"/>
        <line num="18" count="0" type="stmt"/>
        <line num="23" count="0" type="stmt"/>
        <line num="24" count="0" type="stmt"/>
        <line num="26" count="0" type="stmt"/>
      </file>
      <file name="toast.ts" path="/Users/user288522/Documents/jars-cannabis-mobile-app/src/utils/toast.ts">
        <metrics statements="1" coveredstatements="1" conditionals="0" coveredconditionals="0" methods="1" coveredmethods="1"/>
        <line num="4" count="4" type="stmt"/>
      </file>
    </package>
  </project>
</coverage>
