{"/Users/user288522/Documents/jars-cannabis-mobile-app/src/@types/declarations.d.ts": {"path":"/Users/user288522/Documents/jars-cannabis-mobile-app/src/@types/declarations.d.ts","statementMap":{},"fnMap":{},"branchMap":{},"s":{},"f":{},"b":{}}
,"/Users/user288522/Documents/jars-cannabis-mobile-app/src/@types/expo-av.d.ts": {"path":"/Users/user288522/Documents/jars-cannabis-mobile-app/src/@types/expo-av.d.ts","statementMap":{},"fnMap":{},"branchMap":{},"s":{},"f":{},"b":{}}
,"/Users/user288522/Documents/jars-cannabis-mobile-app/src/@types/expo.d.ts": {"path":"/Users/user288522/Documents/jars-cannabis-mobile-app/src/@types/expo.d.ts","statementMap":{},"fnMap":{},"branchMap":{},"s":{},"f":{},"b":{}}
,"/Users/user288522/Documents/jars-cannabis-mobile-app/src/@types/external-libs.d.ts": {"path":"/Users/user288522/Documents/jars-cannabis-mobile-app/src/@types/external-libs.d.ts","statementMap":{},"fnMap":{},"branchMap":{},"s":{},"f":{},"b":{}}
,"/Users/user288522/Documents/jars-cannabis-mobile-app/src/@types/external.d.ts": {"path":"/Users/user288522/Documents/jars-cannabis-mobile-app/src/@types/external.d.ts","statementMap":{},"fnMap":{},"branchMap":{},"s":{},"f":{},"b":{}}
,"/Users/user288522/Documents/jars-cannabis-mobile-app/src/@types/jars.ts": {"path":"/Users/user288522/Documents/jars-cannabis-mobile-app/src/@types/jars.ts","statementMap":{},"fnMap":{},"branchMap":{},"s":{},"f":{},"b":{}}
,"/Users/user288522/Documents/jars-cannabis-mobile-app/src/@types/nativewind.d.ts": {"path":"/Users/user288522/Documents/jars-cannabis-mobile-app/src/@types/nativewind.d.ts","statementMap":{},"fnMap":{},"branchMap":{},"s":{},"f":{},"b":{}}
,"/Users/user288522/Documents/jars-cannabis-mobile-app/src/@types/navigation.d.ts": {"path":"/Users/user288522/Documents/jars-cannabis-mobile-app/src/@types/navigation.d.ts","statementMap":{},"fnMap":{},"branchMap":{},"s":{},"f":{},"b":{}}
,"/Users/user288522/Documents/jars-cannabis-mobile-app/src/@types/overrides.d.ts": {"path":"/Users/user288522/Documents/jars-cannabis-mobile-app/src/@types/overrides.d.ts","statementMap":{},"fnMap":{},"branchMap":{},"s":{},"f":{},"b":{}}
,"/Users/user288522/Documents/jars-cannabis-mobile-app/src/@types/personalization.ts": {"path":"/Users/user288522/Documents/jars-cannabis-mobile-app/src/@types/personalization.ts","statementMap":{},"fnMap":{},"branchMap":{},"s":{},"f":{},"b":{}}
,"/Users/user288522/Documents/jars-cannabis-mobile-app/src/@types/store.ts": {"path":"/Users/user288522/Documents/jars-cannabis-mobile-app/src/@types/store.ts","statementMap":{},"fnMap":{},"branchMap":{},"s":{},"f":{},"b":{}}
,"/Users/user288522/Documents/jars-cannabis-mobile-app/src/@types/tanstack.d.ts": {"path":"/Users/user288522/Documents/jars-cannabis-mobile-app/src/@types/tanstack.d.ts","statementMap":{},"fnMap":{},"branchMap":{},"s":{},"f":{},"b":{}}
,"/Users/user288522/Documents/jars-cannabis-mobile-app/src/@types/terpene.ts": {"path":"/Users/user288522/Documents/jars-cannabis-mobile-app/src/@types/terpene.ts","statementMap":{},"fnMap":{},"branchMap":{},"s":{},"f":{},"b":{}}
,"/Users/user288522/Documents/jars-cannabis-mobile-app/src/__examples__/animations/bottom_sheet.tsx": {"path":"/Users/user288522/Documents/jars-cannabis-mobile-app/src/__examples__/animations/bottom_sheet.tsx","statementMap":{"0":{"start":{"line":9,"column":15},"end":{"line":13,"column":1}},"1":{"start":{"line":15,"column":34},"end":{"line":22,"column":1}},"2":{"start":{"line":16,"column":2},"end":{"line":21,"column":5}}},"fnMap":{"0":{"name":"(anonymous_0)","decl":{"start":{"line":15,"column":34},"end":{"line":15,"column":35}},"loc":{"start":{"line":16,"column":2},"end":{"line":21,"column":5}},"line":16}},"branchMap":{},"s":{"0":0,"1":0,"2":0},"f":{"0":0},"b":{}}
,"/Users/user288522/Documents/jars-cannabis-mobile-app/src/__examples__/animations/wave_animation.tsx": {"path":"/Users/user288522/Documents/jars-cannabis-mobile-app/src/__examples__/animations/wave_animation.tsx","statementMap":{"0":{"start":{"line":6,"column":22},"end":{"line":6,"column":39}},"1":{"start":{"line":7,"column":20},"end":{"line":7,"column":37}},"2":{"start":{"line":9,"column":2},"end":{"line":12,"column":31}},"3":{"start":{"line":10,"column":4},"end":{"line":10,"column":57}},"4":{"start":{"line":11,"column":4},"end":{"line":11,"column":57}},"5":{"start":{"line":14,"column":24},"end":{"line":17,"column":5}},"6":{"start":{"line":14,"column":48},"end":{"line":17,"column":3}},"7":{"start":{"line":19,"column":2},"end":{"line":23,"column":4}},"8":{"start":{"line":26,"column":15},"end":{"line":33,"column":2}}},"fnMap":{"0":{"name":"WaveAnimation","decl":{"start":{"line":5,"column":24},"end":{"line":5,"column":37}},"loc":{"start":{"line":5,"column":40},"end":{"line":24,"column":1}},"line":5},"1":{"name":"(anonymous_1)","decl":{"start":{"line":9,"column":12},"end":{"line":9,"column":13}},"loc":{"start":{"line":9,"column":18},"end":{"line":12,"column":3}},"line":9},"2":{"name":"(anonymous_2)","decl":{"start":{"line":14,"column":41},"end":{"line":14,"column":42}},"loc":{"start":{"line":14,"column":48},"end":{"line":17,"column":3}},"line":14}},"branchMap":{},"s":{"0":0,"1":0,"2":0,"3":0,"4":0,"5":0,"6":0,"7":0,"8":0},"f":{"0":0,"1":0,"2":0},"b":{}}
,"/Users/user288522/Documents/jars-cannabis-mobile-app/src/api/cmsClient.ts": {"path":"/Users/user288522/Documents/jars-cannabis-mobile-app/src/api/cmsClient.ts","statementMap":{"0":{"start":{"line":7,"column":25},"end":{"line":10,"column":19}}},"fnMap":{},"branchMap":{},"s":{"0":2},"f":{},"b":{},"_coverageSchema":"1a1c01bbd47fc00a2c39e90264f33305004495a9","hash":"c1b86d9c70f1e6893fa1c6454ebf11b1b54065ed"}
,"/Users/user288522/Documents/jars-cannabis-mobile-app/src/api/http.ts": {"path":"/Users/user288522/Documents/jars-cannabis-mobile-app/src/api/http.ts","statementMap":{"0":{"start":{"line":6,"column":19},"end":{"line":9,"column":2}},"1":{"start":{"line":12,"column":14},"end":{"line":12,"column":43}},"2":{"start":{"line":13,"column":2},"end":{"line":13,"column":18}},"3":{"start":{"line":22,"column":14},"end":{"line":22,"column":71}},"4":{"start":{"line":23,"column":2},"end":{"line":23,"column":18}},"5":{"start":{"line":33,"column":14},"end":{"line":33,"column":46}},"6":{"start":{"line":34,"column":2},"end":{"line":34,"column":18}},"7":{"start":{"line":48,"column":18},"end":{"line":48,"column":40}},"8":{"start":{"line":50,"column":4},"end":{"line":52,"column":53}},"9":{"start":{"line":53,"column":2},"end":{"line":53,"column":18}},"10":{"start":{"line":62,"column":18},"end":{"line":62,"column":40}},"11":{"start":{"line":64,"column":4},"end":{"line":66,"column":52}},"12":{"start":{"line":67,"column":2},"end":{"line":67,"column":18}}},"fnMap":{"0":{"name":"getJSON","decl":{"start":{"line":11,"column":22},"end":{"line":11,"column":29}},"loc":{"start":{"line":11,"column":87},"end":{"line":14,"column":1}},"line":11},"1":{"name":"postJSON","decl":{"start":{"line":16,"column":22},"end":{"line":16,"column":30}},"loc":{"start":{"line":20,"column":17},"end":{"line":24,"column":1}},"line":20},"2":{"name":"clientGet","decl":{"start":{"line":28,"column":22},"end":{"line":28,"column":31}},"loc":{"start":{"line":32,"column":14},"end":{"line":35,"column":1}},"line":32},"3":{"name":"clientPost","decl":{"start":{"line":37,"column":22},"end":{"line":37,"column":32}},"loc":{"start":{"line":42,"column":17},"end":{"line":54,"column":1}},"line":42},"4":{"name":"clientPut","decl":{"start":{"line":56,"column":22},"end":{"line":56,"column":31}},"loc":{"start":{"line":61,"column":17},"end":{"line":68,"column":1}},"line":61}},"branchMap":{"0":{"loc":{"start":{"line":50,"column":4},"end":{"line":52,"column":53}},"type":"cond-expr","locations":[{"start":{"line":51,"column":8},"end":{"line":51,"column":45}},{"start":{"line":52,"column":8},"end":{"line":52,"column":53}}],"line":50},"1":{"loc":{"start":{"line":64,"column":4},"end":{"line":66,"column":52}},"type":"cond-expr","locations":[{"start":{"line":65,"column":8},"end":{"line":65,"column":44}},{"start":{"line":66,"column":8},"end":{"line":66,"column":52}}],"line":64}},"s":{"0":34,"1":0,"2":0,"3":0,"4":0,"5":14,"6":11,"7":7,"8":7,"9":7,"10":7,"11":7,"12":4},"f":{"0":0,"1":0,"2":14,"3":7,"4":7},"b":{"0":[7,0],"1":[7,0]},"_coverageSchema":"1a1c01bbd47fc00a2c39e90264f33305004495a9","hash":"32fed68c9e3557490a4ee024e073b5740cc5523d"}
,"/Users/user288522/Documents/jars-cannabis-mobile-app/src/api/phase4Client.ts": {"path":"/Users/user288522/Documents/jars-cannabis-mobile-app/src/api/phase4Client.ts","statementMap":{"0":{"start":{"line":10,"column":17},"end":{"line":10,"column":29}},"1":{"start":{"line":13,"column":17},"end":{"line":16,"column":21}},"2":{"start":{"line":18,"column":2},"end":{"line":38,"column":4}},"3":{"start":{"line":23,"column":20},"end":{"line":23,"column":34}},"4":{"start":{"line":24,"column":6},"end":{"line":26,"column":7}},"5":{"start":{"line":25,"column":8},"end":{"line":25,"column":83}},"6":{"start":{"line":27,"column":6},"end":{"line":34,"column":7}},"7":{"start":{"line":28,"column":8},"end":{"line":32,"column":9}},"8":{"start":{"line":31,"column":10},"end":{"line":31,"column":66}},"9":{"start":{"line":33,"column":8},"end":{"line":33,"column":96}},"10":{"start":{"line":35,"column":6},"end":{"line":35,"column":20}},"11":{"start":{"line":37,"column":20},"end":{"line":37,"column":41}},"12":{"start":{"line":40,"column":2},"end":{"line":40,"column":16}},"13":{"start":{"line":43,"column":28},"end":{"line":43,"column":48}},"14":{"start":{"line":45,"column":2},"end":{"line":48,"column":4}},"15":{"start":{"line":55,"column":2},"end":{"line":58,"column":4}},"16":{"start":{"line":65,"column":2},"end":{"line":65,"column":96}},"17":{"start":{"line":75,"column":2},"end":{"line":75,"column":55}},"18":{"start":{"line":85,"column":2},"end":{"line":85,"column":55}},"19":{"start":{"line":99,"column":2},"end":{"line":99,"column":50}},"20":{"start":{"line":106,"column":2},"end":{"line":106,"column":81}},"21":{"start":{"line":119,"column":15},"end":{"line":119,"column":67}},"22":{"start":{"line":120,"column":2},"end":{"line":120,"column":45}},"23":{"start":{"line":129,"column":2},"end":{"line":129,"column":82}},"24":{"start":{"line":134,"column":2},"end":{"line":134,"column":95}},"25":{"start":{"line":138,"column":2},"end":{"line":138,"column":60}},"26":{"start":{"line":142,"column":2},"end":{"line":142,"column":75}},"27":{"start":{"line":147,"column":2},"end":{"line":147,"column":65}},"28":{"start":{"line":151,"column":2},"end":{"line":151,"column":80}},"29":{"start":{"line":160,"column":2},"end":{"line":160,"column":54}}},"fnMap":{"0":{"name":"createPhase4Client","decl":{"start":{"line":12,"column":9},"end":{"line":12,"column":27}},"loc":{"start":{"line":12,"column":45},"end":{"line":41,"column":1}},"line":12},"1":{"name":"(anonymous_1)","decl":{"start":{"line":22,"column":4},"end":{"line":22,"column":5}},"loc":{"start":{"line":22,"column":44},"end":{"line":36,"column":5}},"line":22},"2":{"name":"(anonymous_2)","decl":{"start":{"line":37,"column":4},"end":{"line":37,"column":5}},"loc":{"start":{"line":37,"column":20},"end":{"line":37,"column":41}},"line":37},"3":{"name":"getForYou","decl":{"start":{"line":44,"column":22},"end":{"line":44,"column":31}},"loc":{"start":{"line":44,"column":91},"end":{"line":49,"column":1}},"line":44},"4":{"name":"getRelated","decl":{"start":{"line":51,"column":22},"end":{"line":51,"column":32}},"loc":{"start":{"line":54,"column":14},"end":{"line":59,"column":1}},"line":54},"5":{"name":"postReview","decl":{"start":{"line":61,"column":22},"end":{"line":61,"column":32}},"loc":{"start":{"line":64,"column":2},"end":{"line":66,"column":1}},"line":64},"6":{"name":"getLoyaltyStatus","decl":{"start":{"line":74,"column":22},"end":{"line":74,"column":38}},"loc":{"start":{"line":74,"column":77},"end":{"line":76,"column":1}},"line":74},"7":{"name":"getLoyaltyBadges","decl":{"start":{"line":84,"column":22},"end":{"line":84,"column":38}},"loc":{"start":{"line":84,"column":73},"end":{"line":86,"column":1}},"line":84},"8":{"name":"getAddresses","decl":{"start":{"line":98,"column":22},"end":{"line":98,"column":34}},"loc":{"start":{"line":98,"column":69},"end":{"line":100,"column":1}},"line":98},"9":{"name":"conciergeChat","decl":{"start":{"line":102,"column":22},"end":{"line":102,"column":35}},"loc":{"start":{"line":105,"column":3},"end":{"line":107,"column":1}},"line":105},"10":{"name":"getJournal","decl":{"start":{"line":118,"column":22},"end":{"line":118,"column":32}},"loc":{"start":{"line":118,"column":67},"end":{"line":121,"column":1}},"line":118},"11":{"name":"addJournal","decl":{"start":{"line":123,"column":22},"end":{"line":123,"column":32}},"loc":{"start":{"line":128,"column":3},"end":{"line":130,"column":1}},"line":128},"12":{"name":"updateJournal","decl":{"start":{"line":132,"column":22},"end":{"line":132,"column":35}},"loc":{"start":{"line":132,"column":98},"end":{"line":135,"column":1}},"line":132},"13":{"name":"getPrefs","decl":{"start":{"line":137,"column":22},"end":{"line":137,"column":30}},"loc":{"start":{"line":137,"column":54},"end":{"line":139,"column":1}},"line":137},"14":{"name":"updatePrefs","decl":{"start":{"line":141,"column":22},"end":{"line":141,"column":33}},"loc":{"start":{"line":141,"column":57},"end":{"line":143,"column":1}},"line":141},"15":{"name":"getDataPrefs","decl":{"start":{"line":146,"column":22},"end":{"line":146,"column":34}},"loc":{"start":{"line":146,"column":58},"end":{"line":148,"column":1}},"line":146},"16":{"name":"updateDataPrefs","decl":{"start":{"line":150,"column":22},"end":{"line":150,"column":37}},"loc":{"start":{"line":150,"column":61},"end":{"line":152,"column":1}},"line":150},"17":{"name":"getAwardsStatus","decl":{"start":{"line":159,"column":22},"end":{"line":159,"column":37}},"loc":{"start":{"line":159,"column":70},"end":{"line":161,"column":1}},"line":159}},"branchMap":{"0":{"loc":{"start":{"line":24,"column":6},"end":{"line":26,"column":7}},"type":"if","locations":[{"start":{"line":24,"column":6},"end":{"line":26,"column":7}},{"start":{},"end":{}}],"line":24},"1":{"loc":{"start":{"line":27,"column":6},"end":{"line":34,"column":7}},"type":"if","locations":[{"start":{"line":27,"column":6},"end":{"line":34,"column":7}},{"start":{},"end":{}}],"line":27},"2":{"loc":{"start":{"line":28,"column":8},"end":{"line":32,"column":9}},"type":"if","locations":[{"start":{"line":28,"column":8},"end":{"line":32,"column":9}},{"start":{},"end":{}}],"line":28},"3":{"loc":{"start":{"line":28,"column":12},"end":{"line":28,"column":60}},"type":"binary-expr","locations":[{"start":{"line":28,"column":12},"end":{"line":28,"column":27}},{"start":{"line":28,"column":31},"end":{"line":28,"column":60}}],"line":28},"4":{"loc":{"start":{"line":47,"column":31},"end":{"line":47,"column":67}},"type":"cond-expr","locations":[{"start":{"line":47,"column":41},"end":{"line":47,"column":62}},{"start":{"line":47,"column":65},"end":{"line":47,"column":67}}],"line":47},"5":{"loc":{"start":{"line":57,"column":44},"end":{"line":57,"column":80}},"type":"cond-expr","locations":[{"start":{"line":57,"column":54},"end":{"line":57,"column":75}},{"start":{"line":57,"column":78},"end":{"line":57,"column":80}}],"line":57},"6":{"loc":{"start":{"line":120,"column":9},"end":{"line":120,"column":44}},"type":"binary-expr","locations":[{"start":{"line":120,"column":10},"end":{"line":120,"column":19}},{"start":{"line":120,"column":25},"end":{"line":120,"column":43}}],"line":120}},"s":{"0":16,"1":16,"2":16,"3":0,"4":0,"5":0,"6":0,"7":0,"8":0,"9":0,"10":0,"11":0,"12":16,"13":16,"14":0,"15":0,"16":0,"17":0,"18":0,"19":0,"20":0,"21":0,"22":0,"23":0,"24":0,"25":0,"26":0,"27":0,"28":0,"29":0},"f":{"0":16,"1":0,"2":0,"3":0,"4":0,"5":0,"6":0,"7":0,"8":0,"9":0,"10":0,"11":0,"12":0,"13":0,"14":0,"15":0,"16":0,"17":0},"b":{"0":[0,0],"1":[0,0],"2":[0,0],"3":[0,0],"4":[0,0],"5":[0,0],"6":[0,0]},"_coverageSchema":"1a1c01bbd47fc00a2c39e90264f33305004495a9","hash":"1df4d2fa614edbf26c4f4d90fdeb20cecfd4b84f"}
,"/Users/user288522/Documents/jars-cannabis-mobile-app/src/api/stripe.ts": {"path":"/Users/user288522/Documents/jars-cannabis-mobile-app/src/api/stripe.ts","statementMap":{"0":{"start":{"line":6,"column":16},"end":{"line":6,"column":28}},"1":{"start":{"line":15,"column":14},"end":{"line":19,"column":4}},"2":{"start":{"line":21,"column":2},"end":{"line":23,"column":3}},"3":{"start":{"line":22,"column":4},"end":{"line":22,"column":57}},"4":{"start":{"line":25,"column":2},"end":{"line":25,"column":20}}},"fnMap":{"0":{"name":"fetchPaymentSheetParams","decl":{"start":{"line":14,"column":22},"end":{"line":14,"column":45}},"loc":{"start":{"line":14,"column":77},"end":{"line":26,"column":1}},"line":14}},"branchMap":{"0":{"loc":{"start":{"line":21,"column":2},"end":{"line":23,"column":3}},"type":"if","locations":[{"start":{"line":21,"column":2},"end":{"line":23,"column":3}},{"start":{},"end":{}}],"line":21}},"s":{"0":0,"1":0,"2":0,"3":0,"4":0},"f":{"0":0},"b":{"0":[0,0]}}
,"/Users/user288522/Documents/jars-cannabis-mobile-app/src/api/hooks/useDataCategories.ts": {"path":"/Users/user288522/Documents/jars-cannabis-mobile-app/src/api/hooks/useDataCategories.ts","statementMap":{"0":{"start":{"line":12,"column":2},"end":{"line":12,"column":77}},"1":{"start":{"line":16,"column":2},"end":{"line":20,"column":5}}},"fnMap":{"0":{"name":"fetchCategories","decl":{"start":{"line":11,"column":15},"end":{"line":11,"column":30}},"loc":{"start":{"line":11,"column":58},"end":{"line":13,"column":1}},"line":11},"1":{"name":"useDataCategories","decl":{"start":{"line":15,"column":16},"end":{"line":15,"column":33}},"loc":{"start":{"line":15,"column":36},"end":{"line":21,"column":1}},"line":15}},"branchMap":{},"s":{"0":3,"1":6},"f":{"0":3,"1":6},"b":{},"_coverageSchema":"1a1c01bbd47fc00a2c39e90264f33305004495a9","hash":"3f580b142e012eaaee3fe0e709cf8e43939d5253"}
,"/Users/user288522/Documents/jars-cannabis-mobile-app/src/api/hooks/useLoyaltyStatus.ts": {"path":"/Users/user288522/Documents/jars-cannabis-mobile-app/src/api/hooks/useLoyaltyStatus.ts","statementMap":{"0":{"start":{"line":13,"column":4},"end":{"line":16,"column":12}},"1":{"start":{"line":18,"column":2},"end":{"line":21,"column":21}},"2":{"start":{"line":25,"column":2},"end":{"line":29,"column":5}}},"fnMap":{"0":{"name":"fetchLoyalty","decl":{"start":{"line":11,"column":15},"end":{"line":11,"column":27}},"loc":{"start":{"line":11,"column":54},"end":{"line":22,"column":1}},"line":11},"1":{"name":"useLoyaltyStatus","decl":{"start":{"line":24,"column":16},"end":{"line":24,"column":32}},"loc":{"start":{"line":24,"column":35},"end":{"line":30,"column":1}},"line":24}},"branchMap":{"0":{"loc":{"start":{"line":13,"column":4},"end":{"line":16,"column":12}},"type":"binary-expr","locations":[{"start":{"line":13,"column":5},"end":{"line":16,"column":5}},{"start":{"line":16,"column":10},"end":{"line":16,"column":12}}],"line":13},"1":{"loc":{"start":{"line":19,"column":12},"end":{"line":19,"column":38}},"type":"binary-expr","locations":[{"start":{"line":19,"column":12},"end":{"line":19,"column":20}},{"start":{"line":19,"column":24},"end":{"line":19,"column":33}},{"start":{"line":19,"column":37},"end":{"line":19,"column":38}}],"line":19},"2":{"loc":{"start":{"line":20,"column":11},"end":{"line":20,"column":40}},"type":"binary-expr","locations":[{"start":{"line":20,"column":11},"end":{"line":20,"column":18}},{"start":{"line":20,"column":22},"end":{"line":20,"column":28}},{"start":{"line":20,"column":32},"end":{"line":20,"column":40}}],"line":20}},"s":{"0":2,"1":1,"2":4},"f":{"0":2,"1":4},"b":{"0":[2,0],"1":[1,0,0],"2":[1,0,0]},"_coverageSchema":"1a1c01bbd47fc00a2c39e90264f33305004495a9","hash":"1340678c2271545e8df4a06f4ff2a5dd7a72e545"}
,"/Users/user288522/Documents/jars-cannabis-mobile-app/src/api/hooks/usePrivacyPreferences.ts": {"path":"/Users/user288522/Documents/jars-cannabis-mobile-app/src/api/hooks/usePrivacyPreferences.ts","statementMap":{"0":{"start":{"line":12,"column":2},"end":{"line":12,"column":77}},"1":{"start":{"line":16,"column":2},"end":{"line":20,"column":4}},"2":{"start":{"line":24,"column":22},"end":{"line":24,"column":38}},"3":{"start":{"line":25,"column":16},"end":{"line":28,"column":4}},"4":{"start":{"line":30,"column":19},"end":{"line":39,"column":4}},"5":{"start":{"line":33,"column":6},"end":{"line":33,"column":75}},"6":{"start":{"line":36,"column":6},"end":{"line":37,"column":34}},"7":{"start":{"line":36,"column":32},"end":{"line":36,"column":51}},"8":{"start":{"line":37,"column":11},"end":{"line":37,"column":34}},"9":{"start":{"line":41,"column":2},"end":{"line":41,"column":58}}},"fnMap":{"0":{"name":"fetchPrefs","decl":{"start":{"line":11,"column":15},"end":{"line":11,"column":25}},"loc":{"start":{"line":11,"column":57},"end":{"line":13,"column":1}},"line":11},"1":{"name":"updatePrefs","decl":{"start":{"line":15,"column":15},"end":{"line":15,"column":26}},"loc":{"start":{"line":15,"column":56},"end":{"line":21,"column":1}},"line":15},"2":{"name":"usePrivacyPreferences","decl":{"start":{"line":23,"column":16},"end":{"line":23,"column":37}},"loc":{"start":{"line":23,"column":40},"end":{"line":42,"column":1}},"line":23},"3":{"name":"(anonymous_3)","decl":{"start":{"line":32,"column":15},"end":{"line":32,"column":16}},"loc":{"start":{"line":32,"column":21},"end":{"line":34,"column":5}},"line":32},"4":{"name":"(anonymous_4)","decl":{"start":{"line":35,"column":13},"end":{"line":35,"column":14}},"loc":{"start":{"line":35,"column":31},"end":{"line":38,"column":5}},"line":35}},"branchMap":{"0":{"loc":{"start":{"line":36,"column":6},"end":{"line":37,"column":34}},"type":"if","locations":[{"start":{"line":36,"column":6},"end":{"line":37,"column":34}},{"start":{"line":37,"column":11},"end":{"line":37,"column":34}}],"line":36}},"s":{"0":3,"1":2,"2":4,"3":4,"4":4,"5":1,"6":1,"7":1,"8":0,"9":4},"f":{"0":3,"1":2,"2":4,"3":1,"4":1},"b":{"0":[1,0]},"_coverageSchema":"1a1c01bbd47fc00a2c39e90264f33305004495a9","hash":"0a4228663e37db46dd8a6df8b0397d43761c2826"}
,"/Users/user288522/Documents/jars-cannabis-mobile-app/src/api/hooks/useRedeemReward.ts": {"path":"/Users/user288522/Documents/jars-cannabis-mobile-app/src/api/hooks/useRedeemReward.ts","statementMap":{"0":{"start":{"line":24,"column":2},"end":{"line":26,"column":81}},"1":{"start":{"line":26,"column":49},"end":{"line":26,"column":79}},"2":{"start":{"line":30,"column":22},"end":{"line":30,"column":38}},"3":{"start":{"line":31,"column":2},"end":{"line":39,"column":5}},"4":{"start":{"line":34,"column":6},"end":{"line":34,"column":62}},"5":{"start":{"line":35,"column":6},"end":{"line":35,"column":69}},"6":{"start":{"line":36,"column":6},"end":{"line":36,"column":31}},"7":{"start":{"line":38,"column":29},"end":{"line":38,"column":47}}},"fnMap":{"0":{"name":"redeemReward","decl":{"start":{"line":22,"column":15},"end":{"line":22,"column":27}},"loc":{"start":{"line":22,"column":51},"end":{"line":27,"column":1}},"line":22},"1":{"name":"(anonymous_1)","decl":{"start":{"line":26,"column":10},"end":{"line":26,"column":11}},"loc":{"start":{"line":26,"column":49},"end":{"line":26,"column":79}},"line":26},"2":{"name":"useRedeemReward","decl":{"start":{"line":29,"column":16},"end":{"line":29,"column":31}},"loc":{"start":{"line":29,"column":34},"end":{"line":40,"column":1}},"line":29},"3":{"name":"(anonymous_3)","decl":{"start":{"line":33,"column":15},"end":{"line":33,"column":16}},"loc":{"start":{"line":33,"column":21},"end":{"line":37,"column":5}},"line":33},"4":{"name":"(anonymous_4)","decl":{"start":{"line":38,"column":13},"end":{"line":38,"column":14}},"loc":{"start":{"line":38,"column":29},"end":{"line":38,"column":47}},"line":38}},"branchMap":{},"s":{"0":3,"1":2,"2":9,"3":9,"4":2,"5":2,"6":2,"7":1},"f":{"0":3,"1":2,"2":9,"3":2,"4":1},"b":{},"_coverageSchema":"1a1c01bbd47fc00a2c39e90264f33305004495a9","hash":"a5a385dfbd0d0533fad8c479b1c796ed5a21700e"}
,"/Users/user288522/Documents/jars-cannabis-mobile-app/src/api/hooks/useUpdateUserProfile.ts": {"path":"/Users/user288522/Documents/jars-cannabis-mobile-app/src/api/hooks/useUpdateUserProfile.ts","statementMap":{"0":{"start":{"line":9,"column":15},"end":{"line":13,"column":3}},"1":{"start":{"line":14,"column":2},"end":{"line":14,"column":14}},"2":{"start":{"line":18,"column":22},"end":{"line":18,"column":38}},"3":{"start":{"line":20,"column":2},"end":{"line":29,"column":5}},"4":{"start":{"line":23,"column":6},"end":{"line":23,"column":63}},"5":{"start":{"line":26,"column":6},"end":{"line":27,"column":30}},"6":{"start":{"line":26,"column":32},"end":{"line":26,"column":51}},"7":{"start":{"line":27,"column":11},"end":{"line":27,"column":30}}},"fnMap":{"0":{"name":"updateProfile","decl":{"start":{"line":8,"column":15},"end":{"line":8,"column":28}},"loc":{"start":{"line":8,"column":60},"end":{"line":15,"column":1}},"line":8},"1":{"name":"useUpdateUserProfile","decl":{"start":{"line":17,"column":16},"end":{"line":17,"column":36}},"loc":{"start":{"line":17,"column":39},"end":{"line":30,"column":1}},"line":17},"2":{"name":"(anonymous_2)","decl":{"start":{"line":22,"column":15},"end":{"line":22,"column":16}},"loc":{"start":{"line":22,"column":21},"end":{"line":24,"column":5}},"line":22},"3":{"name":"(anonymous_3)","decl":{"start":{"line":25,"column":13},"end":{"line":25,"column":14}},"loc":{"start":{"line":25,"column":31},"end":{"line":28,"column":5}},"line":25}},"branchMap":{"0":{"loc":{"start":{"line":26,"column":6},"end":{"line":27,"column":30}},"type":"if","locations":[{"start":{"line":26,"column":6},"end":{"line":27,"column":30}},{"start":{"line":27,"column":11},"end":{"line":27,"column":30}}],"line":26}},"s":{"0":3,"1":2,"2":7,"3":7,"4":2,"5":1,"6":1,"7":0},"f":{"0":3,"1":7,"2":2,"3":1},"b":{"0":[1,0]},"_coverageSchema":"1a1c01bbd47fc00a2c39e90264f33305004495a9","hash":"123005b229ef24f1d92d1ff4ac691e6db909f894"}
,"/Users/user288522/Documents/jars-cannabis-mobile-app/src/api/hooks/useUserProfile.ts": {"path":"/Users/user288522/Documents/jars-cannabis-mobile-app/src/api/hooks/useUserProfile.ts","statementMap":{"0":{"start":{"line":15,"column":2},"end":{"line":15,"column":58}},"1":{"start":{"line":19,"column":2},"end":{"line":25,"column":12}},"2":{"start":{"line":24,"column":29},"end":{"line":24,"column":86}}},"fnMap":{"0":{"name":"fetchProfile","decl":{"start":{"line":14,"column":15},"end":{"line":14,"column":27}},"loc":{"start":{"line":14,"column":52},"end":{"line":16,"column":1}},"line":14},"1":{"name":"useUserProfile","decl":{"start":{"line":18,"column":16},"end":{"line":18,"column":30}},"loc":{"start":{"line":18,"column":33},"end":{"line":26,"column":1}},"line":18},"2":{"name":"(anonymous_2)","decl":{"start":{"line":24,"column":13},"end":{"line":24,"column":14}},"loc":{"start":{"line":24,"column":29},"end":{"line":24,"column":86}},"line":24}},"branchMap":{},"s":{"0":2,"1":4,"2":0},"f":{"0":2,"1":4,"2":0},"b":{},"_coverageSchema":"1a1c01bbd47fc00a2c39e90264f33305004495a9","hash":"d587918dde646164af17b5f05d07919aceaf2df5"}
,"/Users/user288522/Documents/jars-cannabis-mobile-app/src/clients/authClient.ts": {"path":"/Users/user288522/Documents/jars-cannabis-mobile-app/src/clients/authClient.ts","statementMap":{"0":{"start":{"line":6,"column":17},"end":{"line":6,"column":29}},"1":{"start":{"line":8,"column":26},"end":{"line":11,"column":19}},"2":{"start":{"line":14,"column":2},"end":{"line":14,"column":61}}},"fnMap":{"0":{"name":"requestPasswordReset","decl":{"start":{"line":13,"column":16},"end":{"line":13,"column":36}},"loc":{"start":{"line":13,"column":52},"end":{"line":15,"column":1}},"line":13}},"branchMap":{},"s":{"0":2,"1":2,"2":0},"f":{"0":0},"b":{},"_coverageSchema":"1a1c01bbd47fc00a2c39e90264f33305004495a9","hash":"4f2b62a100d13f359b1e1573a7b2a1ca06ec02d4"}
,"/Users/user288522/Documents/jars-cannabis-mobile-app/src/clients/orderClient.ts": {"path":"/Users/user288522/Documents/jars-cannabis-mobile-app/src/clients/orderClient.ts","statementMap":{"0":{"start":{"line":8,"column":17},"end":{"line":8,"column":29}},"1":{"start":{"line":11,"column":17},"end":{"line":14,"column":4}},"2":{"start":{"line":16,"column":2},"end":{"line":28,"column":4}},"3":{"start":{"line":18,"column":35},"end":{"line":18,"column":55}},"4":{"start":{"line":20,"column":6},"end":{"line":20,"column":28}},"5":{"start":{"line":21,"column":6},"end":{"line":24,"column":8}},"6":{"start":{"line":25,"column":6},"end":{"line":25,"column":20}},"7":{"start":{"line":27,"column":24},"end":{"line":27,"column":45}},"8":{"start":{"line":30,"column":2},"end":{"line":30,"column":16}},"9":{"start":{"line":33,"column":27},"end":{"line":33,"column":46}},"10":{"start":{"line":44,"column":18},"end":{"line":44,"column":98}},"11":{"start":{"line":45,"column":15},"end":{"line":45,"column":38}},"12":{"start":{"line":46,"column":2},"end":{"line":49,"column":4}},"13":{"start":{"line":74,"column":14},"end":{"line":78,"column":3}},"14":{"start":{"line":79,"column":2},"end":{"line":79,"column":49}}},"fnMap":{"0":{"name":"createOrderClient","decl":{"start":{"line":10,"column":9},"end":{"line":10,"column":26}},"loc":{"start":{"line":10,"column":62},"end":{"line":31,"column":1}},"line":10},"1":{"name":"(anonymous_1)","decl":{"start":{"line":17,"column":4},"end":{"line":17,"column":5}},"loc":{"start":{"line":17,"column":27},"end":{"line":26,"column":5}},"line":17},"2":{"name":"(anonymous_2)","decl":{"start":{"line":27,"column":4},"end":{"line":27,"column":5}},"loc":{"start":{"line":27,"column":24},"end":{"line":27,"column":45}},"line":27},"3":{"name":"fetchOrders","decl":{"start":{"line":35,"column":22},"end":{"line":35,"column":33}},"loc":{"start":{"line":35,"column":69},"end":{"line":50,"column":1}},"line":35},"4":{"name":"createOrder","decl":{"start":{"line":69,"column":22},"end":{"line":69,"column":33}},"loc":{"start":{"line":69,"column":79},"end":{"line":80,"column":1}},"line":69}},"branchMap":{"0":{"loc":{"start":{"line":20,"column":15},"end":{"line":20,"column":27}},"type":"binary-expr","locations":[{"start":{"line":20,"column":15},"end":{"line":20,"column":21}},{"start":{"line":20,"column":25},"end":{"line":20,"column":27}}],"line":20},"1":{"loc":{"start":{"line":23,"column":12},"end":{"line":23,"column":61}},"type":"cond-expr","locations":[{"start":{"line":23,"column":20},"end":{"line":23,"column":56}},{"start":{"line":23,"column":59},"end":{"line":23,"column":61}}],"line":23},"2":{"loc":{"start":{"line":35,"column":34},"end":{"line":35,"column":42}},"type":"default-arg","locations":[{"start":{"line":35,"column":41},"end":{"line":35,"column":42}}],"line":35},"3":{"loc":{"start":{"line":45,"column":15},"end":{"line":45,"column":38}},"type":"binary-expr","locations":[{"start":{"line":45,"column":15},"end":{"line":45,"column":27}},{"start":{"line":45,"column":31},"end":{"line":45,"column":38}}],"line":45},"4":{"loc":{"start":{"line":47,"column":12},"end":{"line":47,"column":29}},"type":"binary-expr","locations":[{"start":{"line":47,"column":12},"end":{"line":47,"column":23}},{"start":{"line":47,"column":27},"end":{"line":47,"column":29}}],"line":47},"5":{"loc":{"start":{"line":79,"column":9},"end":{"line":79,"column":48}},"type":"binary-expr","locations":[{"start":{"line":79,"column":9},"end":{"line":79,"column":18}},{"start":{"line":79,"column":23},"end":{"line":79,"column":47}}],"line":79}},"s":{"0":1,"1":1,"2":1,"3":0,"4":0,"5":0,"6":0,"7":0,"8":1,"9":1,"10":0,"11":0,"12":0,"13":0,"14":0},"f":{"0":1,"1":0,"2":0,"3":0,"4":0},"b":{"0":[0,0],"1":[0,0],"2":[0],"3":[0,0],"4":[0,0],"5":[0,0]},"_coverageSchema":"1a1c01bbd47fc00a2c39e90264f33305004495a9","hash":"972a22369fee7786fc1719054d2c5ccb923c6df5"}
,"/Users/user288522/Documents/jars-cannabis-mobile-app/src/clients/paymentClient.ts": {"path":"/Users/user288522/Documents/jars-cannabis-mobile-app/src/clients/paymentClient.ts","statementMap":{"0":{"start":{"line":4,"column":17},"end":{"line":4,"column":29}},"1":{"start":{"line":17,"column":16},"end":{"line":17,"column":36}},"2":{"start":{"line":18,"column":18},"end":{"line":22,"column":3}},"3":{"start":{"line":24,"column":14},"end":{"line":24,"column":72}},"4":{"start":{"line":25,"column":2},"end":{"line":27,"column":3}},"5":{"start":{"line":26,"column":4},"end":{"line":26,"column":38}},"6":{"start":{"line":28,"column":2},"end":{"line":28,"column":20}},"7":{"start":{"line":32,"column":2},"end":{"line":32,"column":90}},"8":{"start":{"line":36,"column":2},"end":{"line":36,"column":95}},"9":{"start":{"line":40,"column":2},"end":{"line":40,"column":58}}},"fnMap":{"0":{"name":"authFetch","decl":{"start":{"line":16,"column":15},"end":{"line":16,"column":24}},"loc":{"start":{"line":16,"column":61},"end":{"line":29,"column":1}},"line":16},"1":{"name":"addPaymentMethod","decl":{"start":{"line":31,"column":22},"end":{"line":31,"column":38}},"loc":{"start":{"line":31,"column":64},"end":{"line":33,"column":1}},"line":31},"2":{"name":"updatePaymentMethod","decl":{"start":{"line":35,"column":22},"end":{"line":35,"column":41}},"loc":{"start":{"line":35,"column":79},"end":{"line":37,"column":1}},"line":35},"3":{"name":"getPaymentMethods","decl":{"start":{"line":39,"column":22},"end":{"line":39,"column":39}},"loc":{"start":{"line":39,"column":42},"end":{"line":41,"column":1}},"line":39}},"branchMap":{"0":{"loc":{"start":{"line":20,"column":8},"end":{"line":20,"column":29}},"type":"binary-expr","locations":[{"start":{"line":20,"column":8},"end":{"line":20,"column":23}},{"start":{"line":20,"column":27},"end":{"line":20,"column":29}}],"line":20},"1":{"loc":{"start":{"line":21,"column":8},"end":{"line":21,"column":57}},"type":"cond-expr","locations":[{"start":{"line":21,"column":16},"end":{"line":21,"column":52}},{"start":{"line":21,"column":55},"end":{"line":21,"column":57}}],"line":21},"2":{"loc":{"start":{"line":25,"column":2},"end":{"line":27,"column":3}},"type":"if","locations":[{"start":{"line":25,"column":2},"end":{"line":27,"column":3}},{"start":{},"end":{}}],"line":25}},"s":{"0":2,"1":0,"2":0,"3":0,"4":0,"5":0,"6":0,"7":0,"8":0,"9":0},"f":{"0":0,"1":0,"2":0,"3":0},"b":{"0":[0,0],"1":[0,0],"2":[0,0]},"_coverageSchema":"1a1c01bbd47fc00a2c39e90264f33305004495a9","hash":"609eaaeb09b13e8a85754df6937a62ab6efae6bd"}
,"/Users/user288522/Documents/jars-cannabis-mobile-app/src/components/ARButton.tsx": {"path":"/Users/user288522/Documents/jars-cannabis-mobile-app/src/components/ARButton.tsx","statementMap":{"0":{"start":{"line":7,"column":2},"end":{"line":12,"column":4}},"1":{"start":{"line":10,"column":21},"end":{"line":10,"column":78}}},"fnMap":{"0":{"name":"ARButton","decl":{"start":{"line":6,"column":24},"end":{"line":6,"column":32}},"loc":{"start":{"line":6,"column":71},"end":{"line":13,"column":1}},"line":6},"1":{"name":"(anonymous_1)","decl":{"start":{"line":10,"column":15},"end":{"line":10,"column":16}},"loc":{"start":{"line":10,"column":21},"end":{"line":10,"column":78}},"line":10}},"branchMap":{},"s":{"0":0,"1":0},"f":{"0":0,"1":0},"b":{}}
,"/Users/user288522/Documents/jars-cannabis-mobile-app/src/components/AccessibilityComponents.tsx": {"path":"/Users/user288522/Documents/jars-cannabis-mobile-app/src/components/AccessibilityComponents.tsx","statementMap":{"0":{"start":{"line":15,"column":35},"end":{"line":49,"column":1}},"1":{"start":{"line":17,"column":29},"end":{"line":17,"column":52}},"2":{"start":{"line":18,"column":25},"end":{"line":18,"column":42}},"3":{"start":{"line":20,"column":4},"end":{"line":31,"column":46}},"4":{"start":{"line":21,"column":6},"end":{"line":30,"column":7}},"5":{"start":{"line":23,"column":8},"end":{"line":23,"column":37}},"6":{"start":{"line":24,"column":8},"end":{"line":26,"column":9}},"7":{"start":{"line":25,"column":10},"end":{"line":25,"column":62}},"8":{"start":{"line":27,"column":13},"end":{"line":30,"column":7}},"9":{"start":{"line":29,"column":8},"end":{"line":29,"column":36}},"10":{"start":{"line":34,"column":20},"end":{"line":38,"column":5}},"11":{"start":{"line":35,"column":6},"end":{"line":35,"column":43}},"12":{"start":{"line":36,"column":6},"end":{"line":37,"column":75}},"13":{"start":{"line":36,"column":37},"end":{"line":36,"column":47}},"14":{"start":{"line":37,"column":11},"end":{"line":37,"column":75}},"15":{"start":{"line":37,"column":47},"end":{"line":37,"column":75}},"16":{"start":{"line":40,"column":4},"end":{"line":47,"column":6}},"17":{"start":{"line":51,"column":0},"end":{"line":51,"column":56}},"18":{"start":{"line":59,"column":41},"end":{"line":76,"column":1}},"19":{"start":{"line":61,"column":29},"end":{"line":61,"column":52}},"20":{"start":{"line":63,"column":4},"end":{"line":68,"column":44}},"21":{"start":{"line":64,"column":6},"end":{"line":67,"column":7}},"22":{"start":{"line":66,"column":8},"end":{"line":66,"column":30}},"23":{"start":{"line":70,"column":4},"end":{"line":74,"column":6}},"24":{"start":{"line":78,"column":0},"end":{"line":78,"column":68}}},"fnMap":{"0":{"name":"(anonymous_0)","decl":{"start":{"line":16,"column":2},"end":{"line":16,"column":3}},"loc":{"start":{"line":16,"column":72},"end":{"line":48,"column":3}},"line":16},"1":{"name":"(anonymous_1)","decl":{"start":{"line":20,"column":14},"end":{"line":20,"column":15}},"loc":{"start":{"line":20,"column":20},"end":{"line":31,"column":5}},"line":20},"2":{"name":"(anonymous_2)","decl":{"start":{"line":34,"column":20},"end":{"line":34,"column":21}},"loc":{"start":{"line":34,"column":35},"end":{"line":38,"column":5}},"line":34},"3":{"name":"(anonymous_3)","decl":{"start":{"line":60,"column":2},"end":{"line":60,"column":3}},"loc":{"start":{"line":60,"column":87},"end":{"line":75,"column":3}},"line":60},"4":{"name":"(anonymous_4)","decl":{"start":{"line":63,"column":14},"end":{"line":63,"column":15}},"loc":{"start":{"line":63,"column":20},"end":{"line":68,"column":5}},"line":63}},"branchMap":{"0":{"loc":{"start":{"line":16,"column":5},"end":{"line":16,"column":20}},"type":"default-arg","locations":[{"start":{"line":16,"column":16},"end":{"line":16,"column":20}}],"line":16},"1":{"loc":{"start":{"line":16,"column":22},"end":{"line":16,"column":33}},"type":"default-arg","locations":[{"start":{"line":16,"column":29},"end":{"line":16,"column":33}}],"line":16},"2":{"loc":{"start":{"line":16,"column":35},"end":{"line":16,"column":50}},"type":"default-arg","locations":[{"start":{"line":16,"column":49},"end":{"line":16,"column":50}}],"line":16},"3":{"loc":{"start":{"line":21,"column":6},"end":{"line":30,"column":7}},"type":"if","locations":[{"start":{"line":21,"column":6},"end":{"line":30,"column":7}},{"start":{"line":27,"column":13},"end":{"line":30,"column":7}}],"line":21},"4":{"loc":{"start":{"line":21,"column":10},"end":{"line":21,"column":46}},"type":"binary-expr","locations":[{"start":{"line":21,"column":10},"end":{"line":21,"column":22}},{"start":{"line":21,"column":26},"end":{"line":21,"column":46}}],"line":21},"5":{"loc":{"start":{"line":24,"column":8},"end":{"line":26,"column":9}},"type":"if","locations":[{"start":{"line":24,"column":8},"end":{"line":26,"column":9}},{"start":{},"end":{}}],"line":24},"6":{"loc":{"start":{"line":27,"column":13},"end":{"line":30,"column":7}},"type":"if","locations":[{"start":{"line":27,"column":13},"end":{"line":30,"column":7}},{"start":{},"end":{}}],"line":27},"7":{"loc":{"start":{"line":27,"column":17},"end":{"line":27,"column":66}},"type":"binary-expr","locations":[{"start":{"line":27,"column":17},"end":{"line":27,"column":30}},{"start":{"line":27,"column":34},"end":{"line":27,"column":54}},{"start":{"line":27,"column":58},"end":{"line":27,"column":66}}],"line":27},"8":{"loc":{"start":{"line":36,"column":6},"end":{"line":37,"column":75}},"type":"if","locations":[{"start":{"line":36,"column":6},"end":{"line":37,"column":75}},{"start":{"line":37,"column":11},"end":{"line":37,"column":75}}],"line":36},"9":{"loc":{"start":{"line":37,"column":11},"end":{"line":37,"column":75}},"type":"if","locations":[{"start":{"line":37,"column":11},"end":{"line":37,"column":75}},{"start":{},"end":{}}],"line":37},"10":{"loc":{"start":{"line":37,"column":15},"end":{"line":37,"column":45}},"type":"binary-expr","locations":[{"start":{"line":37,"column":15},"end":{"line":37,"column":18}},{"start":{"line":37,"column":22},"end":{"line":37,"column":45}}],"line":37},"11":{"loc":{"start":{"line":43,"column":18},"end":{"line":43,"column":43}},"type":"binary-expr","locations":[{"start":{"line":43,"column":18},"end":{"line":43,"column":31}},{"start":{"line":43,"column":35},"end":{"line":43,"column":43}}],"line":43},"12":{"loc":{"start":{"line":44,"column":14},"end":{"line":44,"column":35}},"type":"binary-expr","locations":[{"start":{"line":44,"column":14},"end":{"line":44,"column":27}},{"start":{"line":44,"column":31},"end":{"line":44,"column":35}}],"line":44},"13":{"loc":{"start":{"line":60,"column":25},"end":{"line":60,"column":40}},"type":"default-arg","locations":[{"start":{"line":60,"column":37},"end":{"line":60,"column":40}}],"line":60},"14":{"loc":{"start":{"line":64,"column":6},"end":{"line":67,"column":7}},"type":"if","locations":[{"start":{"line":64,"column":6},"end":{"line":67,"column":7}},{"start":{},"end":{}}],"line":64},"15":{"loc":{"start":{"line":64,"column":10},"end":{"line":64,"column":45}},"type":"binary-expr","locations":[{"start":{"line":64,"column":10},"end":{"line":64,"column":22}},{"start":{"line":64,"column":26},"end":{"line":64,"column":45}}],"line":64}},"s":{"0":1,"1":3,"2":3,"3":3,"4":3,"5":0,"6":0,"7":0,"8":3,"9":0,"10":3,"11":0,"12":0,"13":0,"14":0,"15":0,"16":3,"17":1,"18":1,"19":3,"20":3,"21":3,"22":1,"23":3,"24":1},"f":{"0":3,"1":3,"2":0,"3":3,"4":3},"b":{"0":[2],"1":[2],"2":[3],"3":[0,3],"4":[3,1],"5":[0,0],"6":[0,3],"7":[3,2,0],"8":[0,0],"9":[0,0],"10":[0,0],"11":[3,2],"12":[3,2],"13":[3],"14":[1,2],"15":[3,1]},"_coverageSchema":"1a1c01bbd47fc00a2c39e90264f33305004495a9","hash":"7f5578ee9e5593d156d55c58928c1a276a0fe037"}
,"/Users/user288522/Documents/jars-cannabis-mobile-app/src/components/AnimatedBackgroundGradient.tsx": {"path":"/Users/user288522/Documents/jars-cannabis-mobile-app/src/components/AnimatedBackgroundGradient.tsx","statementMap":{"0":{"start":{"line":6,"column":2},"end":{"line":10,"column":4}},"1":{"start":{"line":13,"column":15},"end":{"line":15,"column":2}}},"fnMap":{"0":{"name":"AnimatedBackgroundGradient","decl":{"start":{"line":5,"column":24},"end":{"line":5,"column":50}},"loc":{"start":{"line":5,"column":96},"end":{"line":11,"column":1}},"line":5}},"branchMap":{},"s":{"0":0,"1":0},"f":{"0":0},"b":{}}
,"/Users/user288522/Documents/jars-cannabis-mobile-app/src/components/AnimatedPulseGlow.tsx": {"path":"/Users/user288522/Documents/jars-cannabis-mobile-app/src/components/AnimatedPulseGlow.tsx","statementMap":{"0":{"start":{"line":11,"column":16},"end":{"line":11,"column":33}},"1":{"start":{"line":12,"column":2},"end":{"line":14,"column":14}},"2":{"start":{"line":13,"column":4},"end":{"line":13,"column":76}},"3":{"start":{"line":15,"column":24},"end":{"line":18,"column":5}},"4":{"start":{"line":15,"column":48},"end":{"line":18,"column":3}},"5":{"start":{"line":19,"column":2},"end":{"line":19,"column":65}},"6":{"start":{"line":22,"column":15},"end":{"line":29,"column":2}}},"fnMap":{"0":{"name":"AnimatedPulseGlow","decl":{"start":{"line":10,"column":24},"end":{"line":10,"column":41}},"loc":{"start":{"line":10,"column":44},"end":{"line":20,"column":1}},"line":10},"1":{"name":"(anonymous_1)","decl":{"start":{"line":12,"column":18},"end":{"line":12,"column":19}},"loc":{"start":{"line":12,"column":24},"end":{"line":14,"column":3}},"line":12},"2":{"name":"(anonymous_2)","decl":{"start":{"line":15,"column":41},"end":{"line":15,"column":42}},"loc":{"start":{"line":15,"column":48},"end":{"line":18,"column":3}},"line":15}},"branchMap":{},"s":{"0":0,"1":0,"2":0,"3":0,"4":0,"5":0,"6":2},"f":{"0":0,"1":0,"2":0},"b":{},"_coverageSchema":"1a1c01bbd47fc00a2c39e90264f33305004495a9","hash":"114706ba416fb9e19532917316841c5c24152727"}
,"/Users/user288522/Documents/jars-cannabis-mobile-app/src/components/AnimatedShimmerOverlay.tsx": {"path":"/Users/user288522/Documents/jars-cannabis-mobile-app/src/components/AnimatedShimmerOverlay.tsx","statementMap":{"0":{"start":{"line":5,"column":21},"end":{"line":5,"column":67}},"1":{"start":{"line":7,"column":2},"end":{"line":16,"column":19}},"2":{"start":{"line":8,"column":4},"end":{"line":15,"column":14}},"3":{"start":{"line":18,"column":2},"end":{"line":20,"column":4}},"4":{"start":{"line":23,"column":15},"end":{"line":28,"column":2}}},"fnMap":{"0":{"name":"AnimatedShimmerOverlay","decl":{"start":{"line":4,"column":24},"end":{"line":4,"column":46}},"loc":{"start":{"line":4,"column":49},"end":{"line":21,"column":1}},"line":4},"1":{"name":"(anonymous_1)","decl":{"start":{"line":7,"column":18},"end":{"line":7,"column":19}},"loc":{"start":{"line":7,"column":24},"end":{"line":16,"column":3}},"line":7}},"branchMap":{},"s":{"0":0,"1":0,"2":0,"3":0,"4":0},"f":{"0":0,"1":0},"b":{}}
,"/Users/user288522/Documents/jars-cannabis-mobile-app/src/components/ArticlePreviewCard.tsx": {"path":"/Users/user288522/Documents/jars-cannabis-mobile-app/src/components/ArticlePreviewCard.tsx","statementMap":{"0":{"start":{"line":13,"column":18},"end":{"line":13,"column":51}},"1":{"start":{"line":14,"column":2},"end":{"line":30,"column":4}},"2":{"start":{"line":18,"column":8},"end":{"line":18,"column":22}},"3":{"start":{"line":19,"column":8},"end":{"line":19,"column":18}},"4":{"start":{"line":33,"column":15},"end":{"line":50,"column":2}}},"fnMap":{"0":{"name":"ArticlePreviewCard","decl":{"start":{"line":12,"column":24},"end":{"line":12,"column":42}},"loc":{"start":{"line":12,"column":72},"end":{"line":31,"column":1}},"line":12},"1":{"name":"(anonymous_1)","decl":{"start":{"line":17,"column":15},"end":{"line":17,"column":16}},"loc":{"start":{"line":17,"column":21},"end":{"line":20,"column":7}},"line":17}},"branchMap":{"0":{"loc":{"start":{"line":22,"column":7},"end":{"line":26,"column":7}},"type":"binary-expr","locations":[{"start":{"line":22,"column":7},"end":{"line":22,"column":24}},{"start":{"line":23,"column":8},"end":{"line":25,"column":15}}],"line":22}},"s":{"0":0,"1":0,"2":0,"3":0,"4":0},"f":{"0":0,"1":0},"b":{"0":[0,0]}}
,"/Users/user288522/Documents/jars-cannabis-mobile-app/src/components/ArticleSkeletonCard.tsx": {"path":"/Users/user288522/Documents/jars-cannabis-mobile-app/src/components/ArticleSkeletonCard.tsx","statementMap":{},"fnMap":{},"branchMap":{},"s":{},"f":{},"b":{}}
,"/Users/user288522/Documents/jars-cannabis-mobile-app/src/components/AudioPlayer.tsx": {"path":"/Users/user288522/Documents/jars-cannabis-mobile-app/src/components/AudioPlayer.tsx","statementMap":{"0":{"start":{"line":32,"column":2},"end":{"line":42,"column":48}},"1":{"start":{"line":34,"column":4},"end":{"line":36,"column":5}},"2":{"start":{"line":35,"column":6},"end":{"line":35,"column":56}},"3":{"start":{"line":39,"column":4},"end":{"line":41,"column":6}},"4":{"start":{"line":40,"column":6},"end":{"line":40,"column":27}},"5":{"start":{"line":44,"column":2},"end":{"line":50,"column":45}},"6":{"start":{"line":45,"column":4},"end":{"line":49,"column":5}},"7":{"start":{"line":46,"column":6},"end":{"line":46,"column":53}},"8":{"start":{"line":48,"column":6},"end":{"line":48,"column":27}},"9":{"start":{"line":53,"column":2},"end":{"line":53,"column":14}}},"fnMap":{"0":{"name":"AudioPlayer","decl":{"start":{"line":24,"column":24},"end":{"line":24,"column":35}},"loc":{"start":{"line":31,"column":21},"end":{"line":54,"column":1}},"line":31},"1":{"name":"(anonymous_1)","decl":{"start":{"line":32,"column":12},"end":{"line":32,"column":13}},"loc":{"start":{"line":32,"column":18},"end":{"line":42,"column":3}},"line":32},"2":{"name":"(anonymous_2)","decl":{"start":{"line":39,"column":11},"end":{"line":39,"column":12}},"loc":{"start":{"line":39,"column":17},"end":{"line":41,"column":5}},"line":39},"3":{"name":"(anonymous_3)","decl":{"start":{"line":44,"column":12},"end":{"line":44,"column":13}},"loc":{"start":{"line":44,"column":18},"end":{"line":50,"column":3}},"line":44}},"branchMap":{"0":{"loc":{"start":{"line":28,"column":2},"end":{"line":28,"column":14}},"type":"default-arg","locations":[{"start":{"line":28,"column":9},"end":{"line":28,"column":14}}],"line":28},"1":{"loc":{"start":{"line":29,"column":2},"end":{"line":29,"column":14}},"type":"default-arg","locations":[{"start":{"line":29,"column":11},"end":{"line":29,"column":14}}],"line":29},"2":{"loc":{"start":{"line":30,"column":2},"end":{"line":30,"column":16}},"type":"default-arg","locations":[{"start":{"line":30,"column":12},"end":{"line":30,"column":16}}],"line":30},"3":{"loc":{"start":{"line":34,"column":4},"end":{"line":36,"column":5}},"type":"if","locations":[{"start":{"line":34,"column":4},"end":{"line":36,"column":5}},{"start":{},"end":{}}],"line":34},"4":{"loc":{"start":{"line":45,"column":4},"end":{"line":49,"column":5}},"type":"if","locations":[{"start":{"line":45,"column":4},"end":{"line":49,"column":5}},{"start":{"line":47,"column":11},"end":{"line":49,"column":5}}],"line":45}},"s":{"0":9,"1":8,"2":7,"3":8,"4":8,"5":9,"6":9,"7":4,"8":5,"9":9},"f":{"0":9,"1":8,"2":8,"3":9},"b":{"0":[7],"1":[7],"2":[7],"3":[7,1],"4":[4,5]},"_coverageSchema":"1a1c01bbd47fc00a2c39e90264f33305004495a9","hash":"49f625bdf1bead76f5308a15d185ad3ac373aac9"}
,"/Users/user288522/Documents/jars-cannabis-mobile-app/src/components/BannerCarousel.tsx": {"path":"/Users/user288522/Documents/jars-cannabis-mobile-app/src/components/BannerCarousel.tsx","statementMap":{"0":{"start":{"line":15,"column":20},"end":{"line":15,"column":44}},"1":{"start":{"line":16,"column":2},"end":{"line":25,"column":16}},"2":{"start":{"line":17,"column":21},"end":{"line":23,"column":12}},"3":{"start":{"line":18,"column":6},"end":{"line":18,"column":61}},"4":{"start":{"line":18,"column":54},"end":{"line":18,"column":61}},"5":{"start":{"line":19,"column":6},"end":{"line":22,"column":9}},"6":{"start":{"line":24,"column":4},"end":{"line":24,"column":41}},"7":{"start":{"line":24,"column":17},"end":{"line":24,"column":40}},"8":{"start":{"line":27,"column":2},"end":{"line":49,"column":4}},"9":{"start":{"line":36,"column":8},"end":{"line":46,"column":20}},"10":{"start":{"line":39,"column":12},"end":{"line":39,"column":26}},"11":{"start":{"line":40,"column":12},"end":{"line":40,"column":25}},"12":{"start":{"line":52,"column":15},"end":{"line":57,"column":2}}},"fnMap":{"0":{"name":"BannerCarousel","decl":{"start":{"line":14,"column":24},"end":{"line":14,"column":38}},"loc":{"start":{"line":14,"column":68},"end":{"line":50,"column":1}},"line":14},"1":{"name":"(anonymous_1)","decl":{"start":{"line":16,"column":12},"end":{"line":16,"column":13}},"loc":{"start":{"line":16,"column":18},"end":{"line":25,"column":3}},"line":16},"2":{"name":"(anonymous_2)","decl":{"start":{"line":17,"column":33},"end":{"line":17,"column":34}},"loc":{"start":{"line":17,"column":39},"end":{"line":23,"column":5}},"line":17},"3":{"name":"(anonymous_3)","decl":{"start":{"line":24,"column":11},"end":{"line":24,"column":12}},"loc":{"start":{"line":24,"column":17},"end":{"line":24,"column":40}},"line":24},"4":{"name":"(anonymous_4)","decl":{"start":{"line":35,"column":19},"end":{"line":35,"column":20}},"loc":{"start":{"line":36,"column":8},"end":{"line":46,"column":20}},"line":36},"5":{"name":"(anonymous_5)","decl":{"start":{"line":38,"column":19},"end":{"line":38,"column":20}},"loc":{"start":{"line":38,"column":25},"end":{"line":41,"column":11}},"line":38}},"branchMap":{"0":{"loc":{"start":{"line":18,"column":6},"end":{"line":18,"column":61}},"type":"if","locations":[{"start":{"line":18,"column":6},"end":{"line":18,"column":61}},{"start":{},"end":{}}],"line":18},"1":{"loc":{"start":{"line":18,"column":10},"end":{"line":18,"column":52}},"type":"binary-expr","locations":[{"start":{"line":18,"column":10},"end":{"line":18,"column":28}},{"start":{"line":18,"column":32},"end":{"line":18,"column":52}}],"line":18},"2":{"loc":{"start":{"line":45,"column":11},"end":{"line":45,"column":65}},"type":"cond-expr","locations":[{"start":{"line":45,"column":19},"end":{"line":45,"column":58}},{"start":{"line":45,"column":61},"end":{"line":45,"column":65}}],"line":45}},"s":{"0":0,"1":0,"2":0,"3":0,"4":0,"5":0,"6":0,"7":0,"8":0,"9":0,"10":0,"11":0,"12":0},"f":{"0":0,"1":0,"2":0,"3":0,"4":0,"5":0},"b":{"0":[0,0],"1":[0,0],"2":[0,0]}}
,"/Users/user288522/Documents/jars-cannabis-mobile-app/src/components/Button.tsx": {"path":"/Users/user288522/Documents/jars-cannabis-mobile-app/src/components/Button.tsx","statementMap":{"0":{"start":{"line":25,"column":16},"end":{"line":25,"column":59}},"1":{"start":{"line":26,"column":19},"end":{"line":28,"column":3}},"2":{"start":{"line":27,"column":4},"end":{"line":27,"column":77}},"3":{"start":{"line":29,"column":20},"end":{"line":31,"column":3}},"4":{"start":{"line":30,"column":4},"end":{"line":30,"column":74}},"5":{"start":{"line":32,"column":22},"end":{"line":35,"column":3}},"6":{"start":{"line":33,"column":4},"end":{"line":33,"column":18}},"7":{"start":{"line":34,"column":4},"end":{"line":34,"column":14}},"8":{"start":{"line":36,"column":2},"end":{"line":52,"column":4}},"9":{"start":{"line":55,"column":15},"end":{"line":65,"column":2}}},"fnMap":{"0":{"name":"Button","decl":{"start":{"line":16,"column":24},"end":{"line":16,"column":30}},"loc":{"start":{"line":24,"column":10},"end":{"line":53,"column":1}},"line":24},"1":{"name":"(anonymous_1)","decl":{"start":{"line":26,"column":19},"end":{"line":26,"column":20}},"loc":{"start":{"line":26,"column":25},"end":{"line":28,"column":3}},"line":26},"2":{"name":"(anonymous_2)","decl":{"start":{"line":29,"column":20},"end":{"line":29,"column":21}},"loc":{"start":{"line":29,"column":26},"end":{"line":31,"column":3}},"line":29},"3":{"name":"(anonymous_3)","decl":{"start":{"line":32,"column":22},"end":{"line":32,"column":23}},"loc":{"start":{"line":32,"column":28},"end":{"line":35,"column":3}},"line":32}},"branchMap":{"0":{"loc":{"start":{"line":23,"column":2},"end":{"line":23,"column":30}},"type":"default-arg","locations":[{"start":{"line":23,"column":22},"end":{"line":23,"column":30}}],"line":23},"1":{"loc":{"start":{"line":43,"column":28},"end":{"line":43,"column":55}},"type":"binary-expr","locations":[{"start":{"line":43,"column":28},"end":{"line":43,"column":46}},{"start":{"line":43,"column":50},"end":{"line":43,"column":55}}],"line":43}},"s":{"0":0,"1":0,"2":0,"3":0,"4":0,"5":0,"6":0,"7":0,"8":0,"9":0},"f":{"0":0,"1":0,"2":0,"3":0},"b":{"0":[0],"1":[0,0]}}
,"/Users/user288522/Documents/jars-cannabis-mobile-app/src/components/CMSImage.tsx": {"path":"/Users/user288522/Documents/jars-cannabis-mobile-app/src/components/CMSImage.tsx","statementMap":{"0":{"start":{"line":12,"column":2},"end":{"line":20,"column":4}}},"fnMap":{"0":{"name":"CMSImage","decl":{"start":{"line":11,"column":24},"end":{"line":11,"column":32}},"loc":{"start":{"line":11,"column":74},"end":{"line":21,"column":1}},"line":11}},"branchMap":{},"s":{"0":30},"f":{"0":30},"b":{},"_coverageSchema":"1a1c01bbd47fc00a2c39e90264f33305004495a9","hash":"37a7c0ad9adb4ef7235f118d26bb6164f7dc0c35"}
,"/Users/user288522/Documents/jars-cannabis-mobile-app/src/components/CartErrorBanner.tsx": {"path":"/Users/user288522/Documents/jars-cannabis-mobile-app/src/components/CartErrorBanner.tsx","statementMap":{"0":{"start":{"line":9,"column":2},"end":{"line":16,"column":4}},"1":{"start":{"line":19,"column":15},"end":{"line":35,"column":2}}},"fnMap":{"0":{"name":"CartErrorBanner","decl":{"start":{"line":8,"column":24},"end":{"line":8,"column":39}},"loc":{"start":{"line":8,"column":60},"end":{"line":17,"column":1}},"line":8}},"branchMap":{},"s":{"0":0,"1":0},"f":{"0":0},"b":{}}
,"/Users/user288522/Documents/jars-cannabis-mobile-app/src/components/DataCategoryItem.tsx": {"path":"/Users/user288522/Documents/jars-cannabis-mobile-app/src/components/DataCategoryItem.tsx","statementMap":{"0":{"start":{"line":7,"column":2},"end":{"line":16,"column":4}},"1":{"start":{"line":19,"column":15},"end":{"line":26,"column":2}}},"fnMap":{"0":{"name":"DataCategoryItem","decl":{"start":{"line":6,"column":24},"end":{"line":6,"column":40}},"loc":{"start":{"line":6,"column":83},"end":{"line":17,"column":1}},"line":6}},"branchMap":{},"s":{"0":0,"1":0},"f":{"0":0},"b":{}}
,"/Users/user288522/Documents/jars-cannabis-mobile-app/src/components/ErrorBoundary.tsx": {"path":"/Users/user288522/Documents/jars-cannabis-mobile-app/src/components/ErrorBoundary.tsx","statementMap":{"0":{"start":{"line":11,"column":4},"end":{"line":11,"column":17}},"1":{"start":{"line":12,"column":4},"end":{"line":12,"column":37}},"2":{"start":{"line":16,"column":4},"end":{"line":16,"column":30}},"3":{"start":{"line":20,"column":4},"end":{"line":20,"column":64}},"4":{"start":{"line":24,"column":4},"end":{"line":34,"column":5}},"5":{"start":{"line":25,"column":6},"end":{"line":33,"column":8}},"6":{"start":{"line":36,"column":4},"end":{"line":36,"column":50}}},"fnMap":{"0":{"name":"(anonymous_0)","decl":{"start":{"line":10,"column":2},"end":{"line":10,"column":3}},"loc":{"start":{"line":10,"column":46},"end":{"line":13,"column":3}},"line":10},"1":{"name":"(anonymous_1)","decl":{"start":{"line":15,"column":2},"end":{"line":15,"column":3}},"loc":{"start":{"line":15,"column":43},"end":{"line":17,"column":3}},"line":15},"2":{"name":"(anonymous_2)","decl":{"start":{"line":19,"column":2},"end":{"line":19,"column":3}},"loc":{"start":{"line":19,"column":62},"end":{"line":21,"column":3}},"line":19},"3":{"name":"(anonymous_3)","decl":{"start":{"line":23,"column":2},"end":{"line":23,"column":3}},"loc":{"start":{"line":23,"column":11},"end":{"line":37,"column":3}},"line":23}},"branchMap":{"0":{"loc":{"start":{"line":24,"column":4},"end":{"line":34,"column":5}},"type":"if","locations":[{"start":{"line":24,"column":4},"end":{"line":34,"column":5}},{"start":{},"end":{}}],"line":24}},"s":{"0":0,"1":0,"2":0,"3":0,"4":0,"5":0,"6":0},"f":{"0":0,"1":0,"2":0,"3":0},"b":{"0":[0,0]}}
,"/Users/user288522/Documents/jars-cannabis-mobile-app/src/components/ErrorCard.tsx": {"path":"/Users/user288522/Documents/jars-cannabis-mobile-app/src/components/ErrorCard.tsx","statementMap":{"0":{"start":{"line":11,"column":2},"end":{"line":18,"column":4}},"1":{"start":{"line":21,"column":15},"end":{"line":36,"column":2}}},"fnMap":{"0":{"name":"ErrorCard","decl":{"start":{"line":10,"column":24},"end":{"line":10,"column":33}},"loc":{"start":{"line":10,"column":69},"end":{"line":19,"column":1}},"line":10}},"branchMap":{},"s":{"0":0,"1":0},"f":{"0":0},"b":{}}
,"/Users/user288522/Documents/jars-cannabis-mobile-app/src/components/FAQSkeleton.tsx": {"path":"/Users/user288522/Documents/jars-cannabis-mobile-app/src/components/FAQSkeleton.tsx","statementMap":{"0":{"start":{"line":6,"column":21},"end":{"line":6,"column":67}},"1":{"start":{"line":8,"column":2},"end":{"line":17,"column":19}},"2":{"start":{"line":9,"column":4},"end":{"line":16,"column":14}},"3":{"start":{"line":19,"column":2},"end":{"line":34,"column":4}},"4":{"start":{"line":37,"column":15},"end":{"line":39,"column":2}}},"fnMap":{"0":{"name":"FAQSkeleton","decl":{"start":{"line":5,"column":24},"end":{"line":5,"column":35}},"loc":{"start":{"line":5,"column":38},"end":{"line":35,"column":1}},"line":5},"1":{"name":"(anonymous_1)","decl":{"start":{"line":8,"column":18},"end":{"line":8,"column":19}},"loc":{"start":{"line":8,"column":24},"end":{"line":17,"column":3}},"line":8}},"branchMap":{},"s":{"0":0,"1":0,"2":0,"3":0,"4":0},"f":{"0":0,"1":0},"b":{}}
,"/Users/user288522/Documents/jars-cannabis-mobile-app/src/components/ForYouTodayCard.tsx": {"path":"/Users/user288522/Documents/jars-cannabis-mobile-app/src/components/ForYouTodayCard.tsx","statementMap":{"0":{"start":{"line":15,"column":2},"end":{"line":30,"column":4}},"1":{"start":{"line":21,"column":10},"end":{"line":21,"column":87}},"2":{"start":{"line":21,"column":62},"end":{"line":21,"column":83}},"3":{"start":{"line":33,"column":15},"end":{"line":49,"column":2}}},"fnMap":{"0":{"name":"ForYouTodayCard","decl":{"start":{"line":14,"column":24},"end":{"line":14,"column":39}},"loc":{"start":{"line":14,"column":84},"end":{"line":31,"column":1}},"line":14},"1":{"name":"(anonymous_1)","decl":{"start":{"line":20,"column":27},"end":{"line":20,"column":28}},"loc":{"start":{"line":21,"column":10},"end":{"line":21,"column":87}},"line":21},"2":{"name":"(anonymous_2)","decl":{"start":{"line":21,"column":56},"end":{"line":21,"column":57}},"loc":{"start":{"line":21,"column":62},"end":{"line":21,"column":83}},"line":21}},"branchMap":{"0":{"loc":{"start":{"line":24,"column":7},"end":{"line":28,"column":7}},"type":"binary-expr","locations":[{"start":{"line":24,"column":7},"end":{"line":24,"column":19}},{"start":{"line":25,"column":8},"end":{"line":27,"column":15}}],"line":24}},"s":{"0":6,"1":0,"2":0,"3":1},"f":{"0":6,"1":0,"2":0},"b":{"0":[6,0]},"_coverageSchema":"1a1c01bbd47fc00a2c39e90264f33305004495a9","hash":"04c088b89da62f45be26b55cde8a9e28e67b871e"}
,"/Users/user288522/Documents/jars-cannabis-mobile-app/src/components/ForYouTodaySkeleton.tsx": {"path":"/Users/user288522/Documents/jars-cannabis-mobile-app/src/components/ForYouTodaySkeleton.tsx","statementMap":{"0":{"start":{"line":6,"column":21},"end":{"line":6,"column":67}},"1":{"start":{"line":8,"column":2},"end":{"line":17,"column":19}},"2":{"start":{"line":9,"column":4},"end":{"line":16,"column":14}},"3":{"start":{"line":19,"column":2},"end":{"line":32,"column":4}},"4":{"start":{"line":35,"column":15},"end":{"line":44,"column":2}}},"fnMap":{"0":{"name":"ForYouTodaySkeleton","decl":{"start":{"line":5,"column":24},"end":{"line":5,"column":43}},"loc":{"start":{"line":5,"column":46},"end":{"line":33,"column":1}},"line":5},"1":{"name":"(anonymous_1)","decl":{"start":{"line":8,"column":18},"end":{"line":8,"column":19}},"loc":{"start":{"line":8,"column":24},"end":{"line":17,"column":3}},"line":8}},"branchMap":{},"s":{"0":0,"1":0,"2":0,"3":0,"4":1},"f":{"0":0,"1":0},"b":{},"_coverageSchema":"1a1c01bbd47fc00a2c39e90264f33305004495a9","hash":"9421a850f13d6f5b5a8c2e5f836c04455222e8ac"}
,"/Users/user288522/Documents/jars-cannabis-mobile-app/src/components/LegalDisclaimerModal.tsx": {"path":"/Users/user288522/Documents/jars-cannabis-mobile-app/src/components/LegalDisclaimerModal.tsx","statementMap":{"0":{"start":{"line":13,"column":57},"end":{"line":13,"column":81}},"1":{"start":{"line":15,"column":2},"end":{"line":39,"column":4}},"2":{"start":{"line":30,"column":14},"end":{"line":30,"column":28}},"3":{"start":{"line":31,"column":14},"end":{"line":31,"column":24}},"4":{"start":{"line":42,"column":15},"end":{"line":50,"column":2}}},"fnMap":{"0":{"name":"LegalDisclaimerModal","decl":{"start":{"line":12,"column":24},"end":{"line":12,"column":44}},"loc":{"start":{"line":12,"column":74},"end":{"line":40,"column":1}},"line":12},"1":{"name":"(anonymous_1)","decl":{"start":{"line":29,"column":21},"end":{"line":29,"column":22}},"loc":{"start":{"line":29,"column":27},"end":{"line":32,"column":13}},"line":29}},"branchMap":{},"s":{"0":4,"1":4,"2":0,"3":0,"4":2},"f":{"0":4,"1":0},"b":{},"_coverageSchema":"1a1c01bbd47fc00a2c39e90264f33305004495a9","hash":"99f33294eb8b4cfa37d5b97cb286bf3a65cdbc91"}
,"/Users/user288522/Documents/jars-cannabis-mobile-app/src/components/LocationStatusDisplay.tsx": {"path":"/Users/user288522/Documents/jars-cannabis-mobile-app/src/components/LocationStatusDisplay.tsx","statementMap":{"0":{"start":{"line":10,"column":2},"end":{"line":17,"column":3}},"1":{"start":{"line":11,"column":4},"end":{"line":16,"column":6}},"2":{"start":{"line":19,"column":2},"end":{"line":26,"column":4}},"3":{"start":{"line":29,"column":15},"end":{"line":33,"column":2}}},"fnMap":{"0":{"name":"LocationStatusDisplay","decl":{"start":{"line":9,"column":24},"end":{"line":9,"column":45}},"loc":{"start":{"line":9,"column":74},"end":{"line":27,"column":1}},"line":9}},"branchMap":{"0":{"loc":{"start":{"line":10,"column":2},"end":{"line":17,"column":3}},"type":"if","locations":[{"start":{"line":10,"column":2},"end":{"line":17,"column":3}},{"start":{},"end":{}}],"line":10}},"s":{"0":0,"1":0,"2":0,"3":2},"f":{"0":0},"b":{"0":[0,0]},"_coverageSchema":"1a1c01bbd47fc00a2c39e90264f33305004495a9","hash":"a37019a953636c1d84fa77aadc4f85e398890dc8"}
,"/Users/user288522/Documents/jars-cannabis-mobile-app/src/components/OfflineNotice.tsx": {"path":"/Users/user288522/Documents/jars-cannabis-mobile-app/src/components/OfflineNotice.tsx","statementMap":{"0":{"start":{"line":6,"column":18},"end":{"line":6,"column":30}},"1":{"start":{"line":7,"column":2},"end":{"line":13,"column":3}},"2":{"start":{"line":8,"column":4},"end":{"line":12,"column":6}},"3":{"start":{"line":14,"column":2},"end":{"line":14,"column":14}},"4":{"start":{"line":17,"column":15},"end":{"line":24,"column":2}}},"fnMap":{"0":{"name":"OfflineNotice","decl":{"start":{"line":5,"column":24},"end":{"line":5,"column":37}},"loc":{"start":{"line":5,"column":40},"end":{"line":15,"column":1}},"line":5}},"branchMap":{"0":{"loc":{"start":{"line":7,"column":2},"end":{"line":13,"column":3}},"type":"if","locations":[{"start":{"line":7,"column":2},"end":{"line":13,"column":3}},{"start":{},"end":{}}],"line":7}},"s":{"0":26,"1":26,"2":0,"3":26,"4":3},"f":{"0":26},"b":{"0":[0,26]},"_coverageSchema":"1a1c01bbd47fc00a2c39e90264f33305004495a9","hash":"96cf75a2aba39a8b718365d048767dc3b08734d9"}
,"/Users/user288522/Documents/jars-cannabis-mobile-app/src/components/OnboardingSlide.tsx": {"path":"/Users/user288522/Documents/jars-cannabis-mobile-app/src/components/OnboardingSlide.tsx","statementMap":{"0":{"start":{"line":15,"column":2},"end":{"line":26,"column":4}},"1":{"start":{"line":29,"column":15},"end":{"line":35,"column":2}}},"fnMap":{"0":{"name":"OnboardingSlide","decl":{"start":{"line":14,"column":24},"end":{"line":14,"column":39}},"loc":{"start":{"line":14,"column":88},"end":{"line":27,"column":1}},"line":14}},"branchMap":{"0":{"loc":{"start":{"line":17,"column":7},"end":{"line":22,"column":7}},"type":"binary-expr","locations":[{"start":{"line":17,"column":7},"end":{"line":17,"column":19}},{"start":{"line":18,"column":8},"end":{"line":21,"column":24}}],"line":17}},"s":{"0":0,"1":0},"f":{"0":0},"b":{"0":[0,0]}}
,"/Users/user288522/Documents/jars-cannabis-mobile-app/src/components/OrderCard.tsx": {"path":"/Users/user288522/Documents/jars-cannabis-mobile-app/src/components/OrderCard.tsx","statementMap":{"0":{"start":{"line":14,"column":15},"end":{"line":14,"column":61}},"1":{"start":{"line":15,"column":16},"end":{"line":17,"column":5}},"2":{"start":{"line":19,"column":2},"end":{"line":37,"column":4}},"3":{"start":{"line":40,"column":15},"end":{"line":55,"column":2}}},"fnMap":{"0":{"name":"OrderCard","decl":{"start":{"line":13,"column":24},"end":{"line":13,"column":33}},"loc":{"start":{"line":13,"column":91},"end":{"line":38,"column":1}},"line":13}},"branchMap":{},"s":{"0":3,"1":3,"2":3,"3":1},"f":{"0":3},"b":{},"_coverageSchema":"1a1c01bbd47fc00a2c39e90264f33305004495a9","hash":"2e2ab6a170d5dbc60b6c63da7bee10edb682e5d1"}
,"/Users/user288522/Documents/jars-cannabis-mobile-app/src/components/PaginationDots.tsx": {"path":"/Users/user288522/Documents/jars-cannabis-mobile-app/src/components/PaginationDots.tsx","statementMap":{"0":{"start":{"line":10,"column":2},"end":{"line":16,"column":4}},"1":{"start":{"line":13,"column":8},"end":{"line":13,"column":77}},"2":{"start":{"line":19,"column":15},"end":{"line":23,"column":2}}},"fnMap":{"0":{"name":"PaginationDots","decl":{"start":{"line":9,"column":24},"end":{"line":9,"column":38}},"loc":{"start":{"line":9,"column":66},"end":{"line":17,"column":1}},"line":9},"1":{"name":"(anonymous_1)","decl":{"start":{"line":12,"column":41},"end":{"line":12,"column":42}},"loc":{"start":{"line":13,"column":8},"end":{"line":13,"column":77}},"line":13}},"branchMap":{"0":{"loc":{"start":{"line":13,"column":42},"end":{"line":13,"column":72}},"type":"binary-expr","locations":[{"start":{"line":13,"column":42},"end":{"line":13,"column":55}},{"start":{"line":13,"column":59},"end":{"line":13,"column":72}}],"line":13}},"s":{"0":0,"1":0,"2":0},"f":{"0":0,"1":0},"b":{"0":[0,0]}}
,"/Users/user288522/Documents/jars-cannabis-mobile-app/src/components/PasswordStrengthBar.tsx": {"path":"/Users/user288522/Documents/jars-cannabis-mobile-app/src/components/PasswordStrengthBar.tsx","statementMap":{"0":{"start":{"line":9,"column":22},"end":{"line":14,"column":3}},"1":{"start":{"line":10,"column":4},"end":{"line":10,"column":94}},"2":{"start":{"line":10,"column":78},"end":{"line":10,"column":94}},"3":{"start":{"line":11,"column":4},"end":{"line":11,"column":45}},"4":{"start":{"line":11,"column":29},"end":{"line":11,"column":45}},"5":{"start":{"line":12,"column":4},"end":{"line":12,"column":43}},"6":{"start":{"line":12,"column":29},"end":{"line":12,"column":43}},"7":{"start":{"line":13,"column":4},"end":{"line":13,"column":18}},"8":{"start":{"line":15,"column":19},"end":{"line":15,"column":32}},"9":{"start":{"line":17,"column":4},"end":{"line":23,"column":23}},"10":{"start":{"line":25,"column":2},"end":{"line":25,"column":46}},"11":{"start":{"line":28,"column":15},"end":{"line":34,"column":2}}},"fnMap":{"0":{"name":"PasswordStrengthBar","decl":{"start":{"line":8,"column":24},"end":{"line":8,"column":43}},"loc":{"start":{"line":8,"column":65},"end":{"line":26,"column":1}},"line":8},"1":{"name":"(anonymous_1)","decl":{"start":{"line":9,"column":22},"end":{"line":9,"column":23}},"loc":{"start":{"line":9,"column":28},"end":{"line":14,"column":3}},"line":9}},"branchMap":{"0":{"loc":{"start":{"line":10,"column":4},"end":{"line":10,"column":94}},"type":"if","locations":[{"start":{"line":10,"column":4},"end":{"line":10,"column":94}},{"start":{},"end":{}}],"line":10},"1":{"loc":{"start":{"line":10,"column":8},"end":{"line":10,"column":76}},"type":"binary-expr","locations":[{"start":{"line":10,"column":8},"end":{"line":10,"column":27}},{"start":{"line":10,"column":31},"end":{"line":10,"column":53}},{"start":{"line":10,"column":57},"end":{"line":10,"column":76}}],"line":10},"2":{"loc":{"start":{"line":11,"column":4},"end":{"line":11,"column":45}},"type":"if","locations":[{"start":{"line":11,"column":4},"end":{"line":11,"column":45}},{"start":{},"end":{}}],"line":11},"3":{"loc":{"start":{"line":12,"column":4},"end":{"line":12,"column":43}},"type":"if","locations":[{"start":{"line":12,"column":4},"end":{"line":12,"column":43}},{"start":{},"end":{}}],"line":12},"4":{"loc":{"start":{"line":17,"column":4},"end":{"line":23,"column":23}},"type":"cond-expr","locations":[{"start":{"line":18,"column":8},"end":{"line":18,"column":20}},{"start":{"line":19,"column":8},"end":{"line":23,"column":23}}],"line":17},"5":{"loc":{"start":{"line":19,"column":8},"end":{"line":23,"column":23}},"type":"cond-expr","locations":[{"start":{"line":20,"column":10},"end":{"line":20,"column":23}},{"start":{"line":21,"column":10},"end":{"line":23,"column":23}}],"line":19},"6":{"loc":{"start":{"line":21,"column":10},"end":{"line":23,"column":23}},"type":"cond-expr","locations":[{"start":{"line":22,"column":12},"end":{"line":22,"column":22}},{"start":{"line":23,"column":12},"end":{"line":23,"column":23}}],"line":21}},"s":{"0":0,"1":0,"2":0,"3":0,"4":0,"5":0,"6":0,"7":0,"8":0,"9":0,"10":0,"11":0},"f":{"0":0,"1":0},"b":{"0":[0,0],"1":[0,0,0],"2":[0,0],"3":[0,0],"4":[0,0],"5":[0,0],"6":[0,0]}}
,"/Users/user288522/Documents/jars-cannabis-mobile-app/src/components/PermissionRationaleModal.tsx": {"path":"/Users/user288522/Documents/jars-cannabis-mobile-app/src/components/PermissionRationaleModal.tsx","statementMap":{"0":{"start":{"line":11,"column":2},"end":{"line":11,"column":30}},"1":{"start":{"line":11,"column":18},"end":{"line":11,"column":30}},"2":{"start":{"line":12,"column":2},"end":{"line":46,"column":4}},"3":{"start":{"line":49,"column":15},"end":{"line":61,"column":2}}},"fnMap":{"0":{"name":"PermissionRationaleModal","decl":{"start":{"line":10,"column":24},"end":{"line":10,"column":48}},"loc":{"start":{"line":10,"column":90},"end":{"line":47,"column":1}},"line":10}},"branchMap":{"0":{"loc":{"start":{"line":11,"column":2},"end":{"line":11,"column":30}},"type":"if","locations":[{"start":{"line":11,"column":2},"end":{"line":11,"column":30}},{"start":{},"end":{}}],"line":11}},"s":{"0":4,"1":0,"2":4,"3":2},"f":{"0":4},"b":{"0":[0,4]},"_coverageSchema":"1a1c01bbd47fc00a2c39e90264f33305004495a9","hash":"6aa1f35c943cd2c23a00a753706b6d1e4756714c"}
,"/Users/user288522/Documents/jars-cannabis-mobile-app/src/components/PointsProgressBar.tsx": {"path":"/Users/user288522/Documents/jars-cannabis-mobile-app/src/components/PointsProgressBar.tsx","statementMap":{"0":{"start":{"line":12,"column":19},"end":{"line":12,"column":53}},"1":{"start":{"line":13,"column":2},"end":{"line":20,"column":4}},"2":{"start":{"line":23,"column":15},"end":{"line":43,"column":2}}},"fnMap":{"0":{"name":"PointsProgressBar","decl":{"start":{"line":11,"column":24},"end":{"line":11,"column":41}},"loc":{"start":{"line":11,"column":84},"end":{"line":21,"column":1}},"line":11}},"branchMap":{},"s":{"0":0,"1":0,"2":0},"f":{"0":0},"b":{}}
,"/Users/user288522/Documents/jars-cannabis-mobile-app/src/components/PreviewBadge.tsx": {"path":"/Users/user288522/Documents/jars-cannabis-mobile-app/src/components/PreviewBadge.tsx","statementMap":{"0":{"start":{"line":5,"column":2},"end":{"line":9,"column":4}},"1":{"start":{"line":12,"column":15},"end":{"line":27,"column":2}}},"fnMap":{"0":{"name":"PreviewBadge","decl":{"start":{"line":4,"column":24},"end":{"line":4,"column":36}},"loc":{"start":{"line":4,"column":39},"end":{"line":10,"column":1}},"line":4}},"branchMap":{},"s":{"0":0,"1":0},"f":{"0":0},"b":{}}
,"/Users/user288522/Documents/jars-cannabis-mobile-app/src/components/ProductCardMini.tsx": {"path":"/Users/user288522/Documents/jars-cannabis-mobile-app/src/components/ProductCardMini.tsx","statementMap":{"0":{"start":{"line":13,"column":22},"end":{"line":16,"column":3}},"1":{"start":{"line":14,"column":4},"end":{"line":14,"column":18}},"2":{"start":{"line":15,"column":4},"end":{"line":15,"column":14}},"3":{"start":{"line":18,"column":2},"end":{"line":26,"column":4}},"4":{"start":{"line":29,"column":15},"end":{"line":44,"column":2}}},"fnMap":{"0":{"name":"ProductCardMini","decl":{"start":{"line":12,"column":24},"end":{"line":12,"column":39}},"loc":{"start":{"line":12,"column":66},"end":{"line":27,"column":1}},"line":12},"1":{"name":"(anonymous_1)","decl":{"start":{"line":13,"column":22},"end":{"line":13,"column":23}},"loc":{"start":{"line":13,"column":28},"end":{"line":16,"column":3}},"line":13}},"branchMap":{"0":{"loc":{"start":{"line":20,"column":7},"end":{"line":20,"column":86}},"type":"binary-expr","locations":[{"start":{"line":20,"column":7},"end":{"line":20,"column":20}},{"start":{"line":20,"column":24},"end":{"line":20,"column":86}}],"line":20}},"s":{"0":19,"1":0,"2":0,"3":19,"4":5},"f":{"0":19,"1":0},"b":{"0":[19,19]},"_coverageSchema":"1a1c01bbd47fc00a2c39e90264f33305004495a9","hash":"7ad7b3566a0339005eaa95232080f60a0ceb6112"}
,"/Users/user288522/Documents/jars-cannabis-mobile-app/src/components/ProductCardSkeleton.tsx": {"path":"/Users/user288522/Documents/jars-cannabis-mobile-app/src/components/ProductCardSkeleton.tsx","statementMap":{"0":{"start":{"line":6,"column":21},"end":{"line":6,"column":67}},"1":{"start":{"line":8,"column":2},"end":{"line":17,"column":19}},"2":{"start":{"line":9,"column":4},"end":{"line":16,"column":14}},"3":{"start":{"line":19,"column":2},"end":{"line":33,"column":4}},"4":{"start":{"line":36,"column":15},"end":{"line":44,"column":2}}},"fnMap":{"0":{"name":"ProductCardSkeleton","decl":{"start":{"line":5,"column":24},"end":{"line":5,"column":43}},"loc":{"start":{"line":5,"column":74},"end":{"line":34,"column":1}},"line":5},"1":{"name":"(anonymous_1)","decl":{"start":{"line":8,"column":18},"end":{"line":8,"column":19}},"loc":{"start":{"line":8,"column":24},"end":{"line":17,"column":3}},"line":8}},"branchMap":{},"s":{"0":6,"1":6,"2":6,"3":6,"4":2},"f":{"0":6,"1":6},"b":{},"_coverageSchema":"1a1c01bbd47fc00a2c39e90264f33305004495a9","hash":"d34f328e66239d5d54f4a046e0d82905db6ef631"}
,"/Users/user288522/Documents/jars-cannabis-mobile-app/src/components/ProductDropCarousel.tsx": {"path":"/Users/user288522/Documents/jars-cannabis-mobile-app/src/components/ProductDropCarousel.tsx","statementMap":{"0":{"start":{"line":15,"column":20},"end":{"line":15,"column":44}},"1":{"start":{"line":16,"column":2},"end":{"line":25,"column":14}},"2":{"start":{"line":17,"column":21},"end":{"line":23,"column":12}},"3":{"start":{"line":18,"column":6},"end":{"line":18,"column":59}},"4":{"start":{"line":18,"column":52},"end":{"line":18,"column":59}},"5":{"start":{"line":19,"column":6},"end":{"line":22,"column":9}},"6":{"start":{"line":24,"column":4},"end":{"line":24,"column":41}},"7":{"start":{"line":24,"column":17},"end":{"line":24,"column":40}},"8":{"start":{"line":27,"column":2},"end":{"line":53,"column":4}},"9":{"start":{"line":36,"column":8},"end":{"line":50,"column":20}},"10":{"start":{"line":39,"column":12},"end":{"line":39,"column":26}},"11":{"start":{"line":40,"column":12},"end":{"line":40,"column":25}},"12":{"start":{"line":56,"column":15},"end":{"line":64,"column":2}}},"fnMap":{"0":{"name":"ProductDropCarousel","decl":{"start":{"line":14,"column":24},"end":{"line":14,"column":43}},"loc":{"start":{"line":14,"column":71},"end":{"line":54,"column":1}},"line":14},"1":{"name":"(anonymous_1)","decl":{"start":{"line":16,"column":12},"end":{"line":16,"column":13}},"loc":{"start":{"line":16,"column":18},"end":{"line":25,"column":3}},"line":16},"2":{"name":"(anonymous_2)","decl":{"start":{"line":17,"column":33},"end":{"line":17,"column":34}},"loc":{"start":{"line":17,"column":39},"end":{"line":23,"column":5}},"line":17},"3":{"name":"(anonymous_3)","decl":{"start":{"line":24,"column":11},"end":{"line":24,"column":12}},"loc":{"start":{"line":24,"column":17},"end":{"line":24,"column":40}},"line":24},"4":{"name":"(anonymous_4)","decl":{"start":{"line":35,"column":17},"end":{"line":35,"column":18}},"loc":{"start":{"line":36,"column":8},"end":{"line":50,"column":20}},"line":36},"5":{"name":"(anonymous_5)","decl":{"start":{"line":38,"column":19},"end":{"line":38,"column":20}},"loc":{"start":{"line":38,"column":25},"end":{"line":41,"column":11}},"line":38}},"branchMap":{"0":{"loc":{"start":{"line":18,"column":6},"end":{"line":18,"column":59}},"type":"if","locations":[{"start":{"line":18,"column":6},"end":{"line":18,"column":59}},{"start":{},"end":{}}],"line":18},"1":{"loc":{"start":{"line":18,"column":10},"end":{"line":18,"column":50}},"type":"binary-expr","locations":[{"start":{"line":18,"column":10},"end":{"line":18,"column":28}},{"start":{"line":18,"column":32},"end":{"line":18,"column":50}}],"line":18},"2":{"loc":{"start":{"line":47,"column":13},"end":{"line":47,"column":85}},"type":"cond-expr","locations":[{"start":{"line":47,"column":27},"end":{"line":47,"column":78}},{"start":{"line":47,"column":81},"end":{"line":47,"column":85}}],"line":47}},"s":{"0":0,"1":0,"2":0,"3":0,"4":0,"5":0,"6":0,"7":0,"8":0,"9":0,"10":0,"11":0,"12":0},"f":{"0":0,"1":0,"2":0,"3":0,"4":0,"5":0},"b":{"0":[0,0],"1":[0,0],"2":[0,0]}}
[...]
,"/Users/user288522/Documents/jars-cannabis-mobile-app/src/utils/apiConfig.ts": {"path":"/Users/user288522/Documents/jars-cannabis-mobile-app/src/utils/apiConfig.ts","statementMap":{"0":{"start":{"line":1,"column":28},"end":{"line":1,"column":91}}},"fnMap":{},"branchMap":{"0":{"loc":{"start":{"line":1,"column":28},"end":{"line":1,"column":91}},"type":"binary-expr","locations":[{"start":{"line":1,"column":28},"end":{"line":1,"column":64}},{"start":{"line":1,"column":68},"end":{"line":1,"column":91}}],"line":1}},"s":{"0":51},"f":{},"b":{"0":[51,51]},"_coverageSchema":"1a1c01bbd47fc00a2c39e90264f33305004495a9","hash":"3dd005d10ca51ee0454bcab62c9596ca37b2cf4e"}
,"/Users/user288522/Documents/jars-cannabis-mobile-app/src/utils/auth.ts": {"path":"/Users/user288522/Documents/jars-cannabis-mobile-app/src/utils/auth.ts","statementMap":{"0":{"start":{"line":6,"column":2},"end":{"line":6,"column":31}},"1":{"start":{"line":10,"column":2},"end":{"line":10,"column":39}},"2":{"start":{"line":14,"column":2},"end":{"line":14,"column":34}}},"fnMap":{"0":{"name":"getAuthToken","decl":{"start":{"line":5,"column":22},"end":{"line":5,"column":34}},"loc":{"start":{"line":5,"column":61},"end":{"line":7,"column":1}},"line":5},"1":{"name":"saveAuthToken","decl":{"start":{"line":9,"column":22},"end":{"line":9,"column":35}},"loc":{"start":{"line":9,"column":51},"end":{"line":11,"column":1}},"line":9},"2":{"name":"clearAuthToken","decl":{"start":{"line":13,"column":22},"end":{"line":13,"column":36}},"loc":{"start":{"line":13,"column":39},"end":{"line":15,"column":1}},"line":13}},"branchMap":{},"s":{"0":0,"1":0,"2":0},"f":{"0":0,"1":0,"2":0},"b":{},"_coverageSchema":"1a1c01bbd47fc00a2c39e90264f33305004495a9","hash":"3a9b23472512bfbc2ab72e877a03ddf89cb7914e"}
,"/Users/user288522/Documents/jars-cannabis-mobile-app/src/utils/cmsConfig.ts": {"path":"/Users/user288522/Documents/jars-cannabis-mobile-app/src/utils/cmsConfig.ts","statementMap":{"0":{"start":{"line":1,"column":27},"end":{"line":1,"column":89}}},"fnMap":{},"branchMap":{"0":{"loc":{"start":{"line":1,"column":27},"end":{"line":1,"column":89}},"type":"binary-expr","locations":[{"start":{"line":1,"column":27},"end":{"line":1,"column":62}},{"start":{"line":1,"column":66},"end":{"line":1,"column":89}}],"line":1}},"s":{"0":2},"f":{},"b":{"0":[2,2]},"_coverageSchema":"1a1c01bbd47fc00a2c39e90264f33305004495a9","hash":"aad168f8372edf1678d90048aeae9508704d4b97"}
,"/Users/user288522/Documents/jars-cannabis-mobile-app/src/utils/deepLinkUtils.ts": {"path":"/Users/user288522/Documents/jars-cannabis-mobile-app/src/utils/deepLinkUtils.ts","statementMap":{"0":{"start":{"line":13,"column":2},"end":{"line":48,"column":3}},"1":{"start":{"line":15,"column":15},"end":{"line":15,"column":18}},"2":{"start":{"line":16,"column":4},"end":{"line":21,"column":5}},"3":{"start":{"line":17,"column":6},"end":{"line":20,"column":7}},"4":{"start":{"line":18,"column":8},"end":{"line":18,"column":40}},"5":{"start":{"line":19,"column":8},"end":{"line":19,"column":14}},"6":{"start":{"line":24,"column":4},"end":{"line":26,"column":5}},"7":{"start":{"line":25,"column":6},"end":{"line":25,"column":27}},"8":{"start":{"line":30,"column":4},"end":{"line":30,"column":44}},"9":{"start":{"line":33,"column":20},"end":{"line":33,"column":42}},"10":{"start":{"line":34,"column":4},"end":{"line":42,"column":5}},"11":{"start":{"line":35,"column":20},"end":{"line":35,"column":47}},"12":{"start":{"line":36,"column":6},"end":{"line":41,"column":7}},"13":{"start":{"line":37,"column":8},"end":{"line":40,"column":10}},"14":{"start":{"line":44,"column":4},"end":{"line":44,"column":16}},"15":{"start":{"line":46,"column":4},"end":{"line":46,"column":61}},"16":{"start":{"line":47,"column":4},"end":{"line":47,"column":16}},"17":{"start":{"line":56,"column":2},"end":{"line":58,"column":3}},"18":{"start":{"line":57,"column":4},"end":{"line":57,"column":26}},"19":{"start":{"line":61,"column":31},"end":{"line":61,"column":33}},"20":{"start":{"line":62,"column":23},"end":{"line":65,"column":4}},"21":{"start":{"line":63,"column":4},"end":{"line":63,"column":31}},"22":{"start":{"line":64,"column":4},"end":{"line":64,"column":21}},"23":{"start":{"line":67,"column":16},"end":{"line":67,"column":47}},"24":{"start":{"line":68,"column":16},"end":{"line":68,"column":33}},"25":{"start":{"line":70,"column":2},"end":{"line":72,"column":3}},"26":{"start":{"line":71,"column":4},"end":{"line":71,"column":16}},"27":{"start":{"line":75,"column":41},"end":{"line":75,"column":43}},"28":{"start":{"line":76,"column":2},"end":{"line":78,"column":3}},"29":{"start":{"line":76,"column":15},"end":{"line":76,"column":16}},"30":{"start":{"line":77,"column":4},"end":{"line":77,"column":41}},"31":{"start":{"line":80,"column":2},"end":{"line":80,"column":20}},"32":{"start":{"line":87,"column":18},"end":{"line":87,"column":40}},"33":{"start":{"line":88,"column":18},"end":{"line":88,"column":60}},"34":{"start":{"line":91,"column":2},"end":{"line":93,"column":3}},"35":{"start":{"line":92,"column":4},"end":{"line":92,"column":77}},"36":{"start":{"line":95,"column":13},"end":{"line":95,"column":20}},"37":{"start":{"line":98,"column":2},"end":{"line":102,"column":3}},"38":{"start":{"line":99,"column":4},"end":{"line":101,"column":5}},"39":{"start":{"line":100,"column":6},"end":{"line":100,"column":44}},"40":{"start":{"line":105,"column":2},"end":{"line":105,"column":41}},"41":{"start":{"line":112,"column":2},"end":{"line":112,"column":65}},"42":{"start":{"line":112,"column":41},"end":{"line":112,"column":63}},"43":{"start":{"line":119,"column":2},"end":{"line":119,"column":39}},"44":{"start":{"line":126,"column":2},"end":{"line":139,"column":3}},"45":{"start":{"line":129,"column":4},"end":{"line":129,"column":56}},"46":{"start":{"line":129,"column":43},"end":{"line":129,"column":56}},"47":{"start":{"line":132,"column":25},"end":{"line":132,"column":51}},"48":{"start":{"line":133,"column":4},"end":{"line":135,"column":5}},"49":{"start":{"line":134,"column":6},"end":{"line":134,"column":81}},"50":{"start":{"line":134,"column":41},"end":{"line":134,"column":79}},"51":{"start":{"line":136,"column":4},"end":{"line":136,"column":16}},"52":{"start":{"line":138,"column":4},"end":{"line":138,"column":17}}},"fnMap":{"0":{"name":"parseDeepLink","decl":{"start":{"line":12,"column":16},"end":{"line":12,"column":29}},"loc":{"start":{"line":12,"column":63},"end":{"line":49,"column":1}},"line":12},"1":{"name":"matchPattern","decl":{"start":{"line":54,"column":9},"end":{"line":54,"column":21}},"loc":{"start":{"line":54,"column":96},"end":{"line":81,"column":1}},"line":54},"2":{"name":"(anonymous_2)","decl":{"start":{"line":62,"column":52},"end":{"line":62,"column":53}},"loc":{"start":{"line":62,"column":70},"end":{"line":65,"column":3}},"line":62},"3":{"name":"buildDeepLink","decl":{"start":{"line":86,"column":16},"end":{"line":86,"column":29}},"loc":{"start":{"line":86,"column":90},"end":{"line":106,"column":1}},"line":86},"4":{"name":"isJarsDeepLink","decl":{"start":{"line":111,"column":16},"end":{"line":111,"column":30}},"loc":{"start":{"line":111,"column":53},"end":{"line":113,"column":1}},"line":111},"5":{"name":"(anonymous_5)","decl":{"start":{"line":112,"column":31},"end":{"line":112,"column":32}},"loc":{"start":{"line":112,"column":41},"end":{"line":112,"column":63}},"line":112},"6":{"name":"getAvailableRoutes","decl":{"start":{"line":118,"column":16},"end":{"line":118,"column":34}},"loc":{"start":{"line":118,"column":61},"end":{"line":120,"column":1}},"line":118},"7":{"name":"validateRoutePattern","decl":{"start":{"line":125,"column":16},"end":{"line":125,"column":36}},"loc":{"start":{"line":125,"column":63},"end":{"line":140,"column":1}},"line":125},"8":{"name":"(anonymous_8)","decl":{"start":{"line":134,"column":32},"end":{"line":134,"column":33}},"loc":{"start":{"line":134,"column":41},"end":{"line":134,"column":79}},"line":134}},"branchMap":{"0":{"loc":{"start":{"line":17,"column":6},"end":{"line":20,"column":7}},"type":"if","locations":[{"start":{"line":17,"column":6},"end":{"line":20,"column":7}},{"start":{},"end":{}}],"line":17},"1":{"loc":{"start":{"line":24,"column":4},"end":{"line":26,"column":5}},"type":"if","locations":[{"start":{"line":24,"column":4},"end":{"line":26,"column":5}},{"start":{},"end":{}}],"line":24},"2":{"loc":{"start":{"line":36,"column":6},"end":{"line":41,"column":7}},"type":"if","locations":[{"start":{"line":36,"column":6},"end":{"line":41,"column":7}},{"start":{},"end":{}}],"line":36},"3":{"loc":{"start":{"line":56,"column":2},"end":{"line":58,"column":3}},"type":"if","locations":[{"start":{"line":56,"column":2},"end":{"line":58,"column":3}},{"start":{},"end":{}}],"line":56},"4":{"loc":{"start":{"line":56,"column":6},"end":{"line":56,"column":23}},"type":"binary-expr","locations":[{"start":{"line":56,"column":6},"end":{"line":56,"column":14}},{"start":{"line":56,"column":18},"end":{"line":56,"column":23}}],"line":56},"5":{"loc":{"start":{"line":70,"column":2},"end":{"line":72,"column":3}},"type":"if","locations":[{"start":{"line":70,"column":2},"end":{"line":72,"column":3}},{"start":{},"end":{}}],"line":70},"6":{"loc":{"start":{"line":91,"column":2},"end":{"line":93,"column":3}},"type":"if","locations":[{"start":{"line":91,"column":2},"end":{"line":93,"column":3}},{"start":{},"end":{}}],"line":91},"7":{"loc":{"start":{"line":98,"column":2},"end":{"line":102,"column":3}},"type":"if","locations":[{"start":{"line":98,"column":2},"end":{"line":102,"column":3}},{"start":{},"end":{}}],"line":98},"8":{"loc":{"start":{"line":129,"column":4},"end":{"line":129,"column":56}},"type":"if","locations":[{"start":{"line":129,"column":4},"end":{"line":129,"column":56}},{"start":{},"end":{}}],"line":129},"9":{"loc":{"start":{"line":133,"column":4},"end":{"line":135,"column":5}},"type":"if","locations":[{"start":{"line":133,"column":4},"end":{"line":135,"column":5}},{"start":{},"end":{}}],"line":133}},"s":{"0":45,"1":45,"2":45,"3":55,"4":39,"5":39,"6":41,"7":2,"8":41,"9":41,"10":41,"11":1126,"12":1126,"13":35,"14":6,"15":4,"16":4,"17":1126,"18":2,"19":1124,"20":1124,"21":140,"22":140,"23":1124,"24":1124,"25":1124,"26":1091,"27":33,"28":33,"29":33,"30":21,"31":33,"32":19,"33":19,"34":19,"35":2,"36":17,"37":17,"38":12,"39":12,"40":17,"41":18,"42":46,"43":5,"44":20,"45":20,"46":1,"47":19,"48":19,"49":14,"50":17,"51":5,"52":0},"f":{"0":45,"1":1126,"2":140,"3":19,"4":18,"5":46,"6":5,"7":20,"8":17},"b":{"0":[39,12],"1":[2,39],"2":[35,1091],"3":[2,1124],"4":[1126,41],"5":[1091,33],"6":[2,17],"7":[12,5],"8":[1,19],"9":[14,5]},"_coverageSchema":"1a1c01bbd47fc00a2c39e90264f33305004495a9","hash":"e4b2ed5c3ba2f5e2d18bfd0430fde50dd6918d17"}
,"/Users/user288522/Documents/jars-cannabis-mobile-app/src/utils/featureFlags.ts": {"path":"/Users/user288522/Documents/jars-cannabis-mobile-app/src/utils/featureFlags.ts","statementMap":{"0":{"start":{"line":17,"column":42},"end":{"line":21,"column":1}},"1":{"start":{"line":34,"column":2},"end":{"line":34,"column":36}},"2":{"start":{"line":41,"column":16},"end":{"line":41,"column":33}},"3":{"start":{"line":42,"column":2},"end":{"line":42,"column":21}},"4":{"start":{"line":54,"column":2},"end":{"line":54,"column":27}},"5":{"start":{"line":61,"column":16},"end":{"line":61,"column":33}},"6":{"start":{"line":62,"column":2},"end":{"line":62,"column":21}}},"fnMap":{"0":{"name":"getFeatureFlags","decl":{"start":{"line":31,"column":16},"end":{"line":31,"column":31}},"loc":{"start":{"line":31,"column":48},"end":{"line":35,"column":1}},"line":31},"1":{"name":"isFeatureEnabled","decl":{"start":{"line":40,"column":16},"end":{"line":40,"column":32}},"loc":{"start":{"line":40,"column":68},"end":{"line":43,"column":1}},"line":40},"2":{"name":"useFeatureFlags","decl":{"start":{"line":48,"column":16},"end":{"line":48,"column":31}},"loc":{"start":{"line":48,"column":48},"end":{"line":55,"column":1}},"line":48},"3":{"name":"useFeatureFlag","decl":{"start":{"line":60,"column":16},"end":{"line":60,"column":30}},"loc":{"start":{"line":60,"column":66},"end":{"line":63,"column":1}},"line":60}},"branchMap":{},"s":{"0":1,"1":27,"2":12,"3":12,"4":8,"5":6,"6":6},"f":{"0":27,"1":12,"2":8,"3":6},"b":{},"_coverageSchema":"1a1c01bbd47fc00a2c39e90264f33305004495a9","hash":"d1ff41d59adbbcf6ccc7b8aeb0dc2830529d086e"}
,"/Users/user288522/Documents/jars-cannabis-mobile-app/src/utils/haptic.ts": {"path":"/Users/user288522/Documents/jars-cannabis-mobile-app/src/utils/haptic.ts","statementMap":{"0":{"start":{"line":5,"column":27},"end":{"line":5,"column":54}},"1":{"start":{"line":5,"column":33},"end":{"line":5,"column":54}},"2":{"start":{"line":8,"column":28},"end":{"line":8,"column":56}},"3":{"start":{"line":8,"column":34},"end":{"line":8,"column":56}},"4":{"start":{"line":11,"column":27},"end":{"line":11,"column":54}},"5":{"start":{"line":11,"column":33},"end":{"line":11,"column":54}},"6":{"start":{"line":14,"column":29},"end":{"line":14,"column":52}},"7":{"start":{"line":14,"column":35},"end":{"line":14,"column":52}},"8":{"start":{"line":15,"column":29},"end":{"line":15,"column":52}},"9":{"start":{"line":15,"column":35},"end":{"line":15,"column":52}},"10":{"start":{"line":16,"column":27},"end":{"line":16,"column":48}},"11":{"start":{"line":16,"column":33},"end":{"line":16,"column":48}}},"fnMap":{"0":{"name":"(anonymous_0)","decl":{"start":{"line":5,"column":27},"end":{"line":5,"column":28}},"loc":{"start":{"line":5,"column":33},"end":{"line":5,"column":54}},"line":5},"1":{"name":"(anonymous_1)","decl":{"start":{"line":8,"column":28},"end":{"line":8,"column":29}},"loc":{"start":{"line":8,"column":34},"end":{"line":8,"column":56}},"line":8},"2":{"name":"(anonymous_2)","decl":{"start":{"line":11,"column":27},"end":{"line":11,"column":28}},"loc":{"start":{"line":11,"column":33},"end":{"line":11,"column":54}},"line":11},"3":{"name":"(anonymous_3)","decl":{"start":{"line":14,"column":29},"end":{"line":14,"column":30}},"loc":{"start":{"line":14,"column":35},"end":{"line":14,"column":52}},"line":14},"4":{"name":"(anonymous_4)","decl":{"start":{"line":15,"column":29},"end":{"line":15,"column":30}},"loc":{"start":{"line":15,"column":35},"end":{"line":15,"column":52}},"line":15},"5":{"name":"(anonymous_5)","decl":{"start":{"line":16,"column":27},"end":{"line":16,"column":28}},"loc":{"start":{"line":16,"column":33},"end":{"line":16,"column":48}},"line":16}},"branchMap":{},"s":{"0":15,"1":15,"2":15,"3":5,"4":15,"5":5,"6":15,"7":1,"8":15,"9":1,"10":15,"11":1},"f":{"0":15,"1":5,"2":5,"3":1,"4":1,"5":1},"b":{},"_coverageSchema":"1a1c01bbd47fc00a2c39e90264f33305004495a9","hash":"7d553af929927638c5baa3a52932294ca821c378"}
,"/Users/user288522/Documents/jars-cannabis-mobile-app/src/utils/i18n.ts": {"path":"/Users/user288522/Documents/jars-cannabis-mobile-app/src/utils/i18n.ts","statementMap":{"0":{"start":{"line":3,"column":21},"end":{"line":16,"column":1}},"1":{"start":{"line":18,"column":20},"end":{"line":18,"column":70}},"2":{"start":{"line":20,"column":25},"end":{"line":22,"column":1}},"3":{"start":{"line":21,"column":2},"end":{"line":21,"column":25}},"4":{"start":{"line":24,"column":17},"end":{"line":33,"column":1}},"5":{"start":{"line":31,"column":17},"end":{"line":31,"column":96}},"6":{"start":{"line":32,"column":2},"end":{"line":32,"column":88}}},"fnMap":{"0":{"name":"(anonymous_0)","decl":{"start":{"line":20,"column":25},"end":{"line":20,"column":26}},"loc":{"start":{"line":20,"column":45},"end":{"line":22,"column":1}},"line":20},"1":{"name":"(anonymous_1)","decl":{"start":{"line":24,"column":17},"end":{"line":24,"column":18}},"loc":{"start":{"line":24,"column":61},"end":{"line":33,"column":1}},"line":24}},"branchMap":{"0":{"loc":{"start":{"line":18,"column":20},"end":{"line":18,"column":70}},"type":"binary-expr","locations":[{"start":{"line":18,"column":20},"end":{"line":18,"column":62}},{"start":{"line":18,"column":66},"end":{"line":18,"column":70}}],"line":18},"1":{"loc":{"start":{"line":31,"column":17},"end":{"line":31,"column":96}},"type":"cond-expr","locations":[{"start":{"line":31,"column":76},"end":{"line":31,"column":89}},{"start":{"line":31,"column":92},"end":{"line":31,"column":96}}],"line":31},"2":{"loc":{"start":{"line":32,"column":9},"end":{"line":32,"column":87}},"type":"binary-expr","locations":[{"start":{"line":32,"column":9},"end":{"line":32,"column":80}},{"start":{"line":32,"column":84},"end":{"line":32,"column":87}}],"line":32}},"s":{"0":0,"1":0,"2":0,"3":0,"4":0,"5":0,"6":0},"f":{"0":0,"1":0},"b":{"0":[0,0],"1":[0,0],"2":[0,0]}}
,"/Users/user288522/Documents/jars-cannabis-mobile-app/src/utils/progress.ts": {"path":"/Users/user288522/Documents/jars-cannabis-mobile-app/src/utils/progress.ts","statementMap":{"0":{"start":{"line":2,"column":2},"end":{"line":2,"column":39}}},"fnMap":{"0":{"name":"calculateProgress","decl":{"start":{"line":1,"column":16},"end":{"line":1,"column":33}},"loc":{"start":{"line":1,"column":75},"end":{"line":3,"column":1}},"line":1}},"branchMap":{},"s":{"0":2},"f":{"0":2},"b":{},"_coverageSchema":"1a1c01bbd47fc00a2c39e90264f33305004495a9","hash":"e11b629b97b99e21835a05b00114616f5d53dbf1"}
,"/Users/user288522/Documents/jars-cannabis-mobile-app/src/utils/secureStorage.ts": {"path":"/Users/user288522/Documents/jars-cannabis-mobile-app/src/utils/secureStorage.ts","statementMap":{"0":{"start":{"line":5,"column":2},"end":{"line":9,"column":3}},"1":{"start":{"line":6,"column":4},"end":{"line":6,"column":47}},"2":{"start":{"line":8,"column":4},"end":{"line":8,"column":43}},"3":{"start":{"line":13,"column":2},"end":{"line":19,"column":3}},"4":{"start":{"line":14,"column":18},"end":{"line":14,"column":53}},"5":{"start":{"line":15,"column":4},"end":{"line":15,"column":36}},"6":{"start":{"line":15,"column":23},"end":{"line":15,"column":36}},"7":{"start":{"line":16,"column":4},"end":{"line":16,"column":43}},"8":{"start":{"line":18,"column":4},"end":{"line":18,"column":43}},"9":{"start":{"line":23,"column":2},"end":{"line":27,"column":3}},"10":{"start":{"line":24,"column":4},"end":{"line":24,"column":43}},"11":{"start":{"line":26,"column":4},"end":{"line":26,"column":39}}},"fnMap":{"0":{"name":"saveSecure","decl":{"start":{"line":4,"column":22},"end":{"line":4,"column":32}},"loc":{"start":{"line":4,"column":61},"end":{"line":10,"column":1}},"line":4},"1":{"name":"getSecure","decl":{"start":{"line":12,"column":22},"end":{"line":12,"column":31}},"loc":{"start":{"line":12,"column":69},"end":{"line":20,"column":1}},"line":12},"2":{"name":"deleteSecure","decl":{"start":{"line":22,"column":22},"end":{"line":22,"column":34}},"loc":{"start":{"line":22,"column":48},"end":{"line":28,"column":1}},"line":22}},"branchMap":{"0":{"loc":{"start":{"line":15,"column":4},"end":{"line":15,"column":36}},"type":"if","locations":[{"start":{"line":15,"column":4},"end":{"line":15,"column":36}},{"start":{},"end":{}}],"line":15}},"s":{"0":0,"1":0,"2":0,"3":0,"4":0,"5":0,"6":0,"7":0,"8":0,"9":0,"10":0,"11":0},"f":{"0":0,"1":0,"2":0},"b":{"0":[0,0]},"_coverageSchema":"1a1c01bbd47fc00a2c39e90264f33305004495a9","hash":"e9135bf181abf70cc962b3a669b68a506a8eca5f"}
,"/Users/user288522/Documents/jars-cannabis-mobile-app/src/utils/toast.ts": {"path":"/Users/user288522/Documents/jars-cannabis-mobile-app/src/utils/toast.ts","statementMap":{"0":{"start":{"line":4,"column":2},"end":{"line":4,"column":23}}},"fnMap":{"0":{"name":"toast","decl":{"start":{"line":3,"column":16},"end":{"line":3,"column":21}},"loc":{"start":{"line":3,"column":39},"end":{"line":5,"column":1}},"line":3}},"branchMap":{},"s":{"0":4},"f":{"0":4},"b":{},"_coverageSchema":"1a1c01bbd47fc00a2c39e90264f33305004495a9","hash":"50801810dd7899bf3ac6a29304f2e16c3ba1c107"}
}
