TN:
SF:src/@types/declarations.d.ts
FNF:0
FNH:0
LF:0
LH:0
BRF:0
BRH:0
end_of_record
TN:
SF:src/@types/expo-av.d.ts
FNF:0
FNH:0
LF:0
LH:0
BRF:0
BRH:0
end_of_record
TN:
SF:src/@types/expo.d.ts
FNF:0
FNH:0
LF:0
LH:0
BRF:0
BRH:0
end_of_record
TN:
SF:src/@types/external-libs.d.ts
FNF:0
FNH:0
LF:0
LH:0
BRF:0
BRH:0
end_of_record
TN:
SF:src/@types/external.d.ts
FNF:0
FNH:0
LF:0
LH:0
BRF:0
BRH:0
end_of_record
TN:
SF:src/@types/jars.ts
FNF:0
FNH:0
LF:0
LH:0
BRF:0
BRH:0
end_of_record
TN:
SF:src/@types/nativewind.d.ts
FNF:0
FNH:0
LF:0
LH:0
BRF:0
BRH:0
end_of_record
TN:
SF:src/@types/navigation.d.ts
FNF:0
FNH:0
LF:0
LH:0
BRF:0
BRH:0
end_of_record
TN:
SF:src/@types/overrides.d.ts
FNF:0
FNH:0
LF:0
LH:0
BRF:0
BRH:0
end_of_record
TN:
SF:src/@types/personalization.ts
FNF:0
FNH:0
LF:0
LH:0
BRF:0
BRH:0
end_of_record
TN:
SF:src/@types/store.ts
FNF:0
FNH:0
LF:0
LH:0
BRF:0
BRH:0
end_of_record
TN:
SF:src/@types/tanstack.d.ts
FNF:0
FNH:0
LF:0
LH:0
BRF:0
BRH:0
end_of_record
TN:
SF:src/@types/terpene.ts
FNF:0
FNH:0
LF:0
LH:0
BRF:0
BRH:0
end_of_record
TN:
SF:src/__examples__/animations/bottom_sheet.tsx
FN:15,(anonymous_0)
FNF:1
FNH:0
FNDA:0,(anonymous_0)
DA:9,0
DA:15,0
DA:16,0
LF:3
LH:0
BRF:0
BRH:0
end_of_record
TN:
SF:src/__examples__/animations/wave_animation.tsx
FN:5,WaveAnimation
FN:9,(anonymous_1)
FN:14,(anonymous_2)
FNF:3
FNH:0
FNDA:0,WaveAnimation
FNDA:0,(anonymous_1)
FNDA:0,(anonymous_2)
DA:6,0
DA:7,0
DA:9,0
DA:10,0
DA:11,0
DA:14,0
DA:19,0
DA:26,0
LF:8
LH:0
BRF:0
BRH:0
end_of_record
TN:
SF:src/api/cmsClient.ts
FNF:0
FNH:0
DA:7,2
LF:1
LH:1
BRF:0
BRH:0
end_of_record
TN:
SF:src/api/http.ts
FN:11,getJSON
FN:16,postJSON
FN:28,clientGet
FN:37,clientPost
FN:56,clientPut
FNF:5
FNH:3
FNDA:0,getJSON
FNDA:0,postJSON
FNDA:14,clientGet
FNDA:7,clientPost
FNDA:7,clientPut
DA:6,34
DA:12,0
DA:13,0
DA:22,0
DA:23,0
DA:33,14
DA:34,11
DA:48,7
DA:50,7
DA:53,7
DA:62,7
DA:64,7
DA:67,4
LF:13
LH:9
BRDA:50,0,0,7
BRDA:50,0,1,0
BRDA:64,1,0,7
BRDA:64,1,1,0
BRF:4
BRH:2
end_of_record
TN:
SF:src/api/phase4Client.ts
FN:12,createPhase4Client
FN:22,(anonymous_1)
FN:37,(anonymous_2)
FN:44,getForYou
FN:51,getRelated
FN:61,postReview
FN:74,getLoyaltyStatus
FN:84,getLoyaltyBadges
FN:98,getAddresses
FN:102,conciergeChat
FN:118,getJournal
FN:123,addJournal
FN:132,updateJournal
FN:137,getPrefs
FN:141,updatePrefs
FN:146,getDataPrefs
FN:150,updateDataPrefs
FN:159,getAwardsStatus
FNF:18
FNH:1
FNDA:16,createPhase4Client
FNDA:0,(anonymous_1)
FNDA:0,(anonymous_2)
FNDA:0,getForYou
FNDA:0,getRelated
FNDA:0,postReview
FNDA:0,getLoyaltyStatus
FNDA:0,getLoyaltyBadges
FNDA:0,getAddresses
FNDA:0,conciergeChat
FNDA:0,getJournal
FNDA:0,addJournal
FNDA:0,updateJournal
FNDA:0,getPrefs
FNDA:0,updatePrefs
FNDA:0,getDataPrefs
FNDA:0,updateDataPrefs
FNDA:0,getAwardsStatus
DA:10,16
DA:13,16
DA:18,16
DA:23,0
DA:24,0
DA:25,0
DA:27,0
DA:28,0
DA:31,0
DA:33,0
DA:35,0
DA:37,0
DA:40,16
DA:43,16
DA:45,0
DA:55,0
DA:65,0
DA:75,0
DA:85,0
DA:99,0
DA:106,0
DA:119,0
DA:120,0
DA:129,0
DA:134,0
DA:138,0
DA:142,0
DA:147,0
DA:151,0
DA:160,0
LF:30
LH:5
BRDA:24,0,0,0
BRDA:24,0,1,0
BRDA:27,1,0,0
BRDA:27,1,1,0
BRDA:28,2,0,0
BRDA:28,2,1,0
BRDA:28,3,0,0
BRDA:28,3,1,0
BRDA:47,4,0,0
BRDA:47,4,1,0
BRDA:57,5,0,0
BRDA:57,5,1,0
BRDA:120,6,0,0
BRDA:120,6,1,0
BRF:14
BRH:0
end_of_record
TN:
SF:src/api/stripe.ts
FN:14,fetchPaymentSheetParams
FNF:1
FNH:0
FNDA:0,fetchPaymentSheetParams
DA:6,0
DA:15,0
DA:21,0
DA:22,0
DA:25,0
LF:5
LH:0
BRDA:21,0,0,0
BRDA:21,0,1,0
BRF:2
BRH:0
end_of_record
TN:
SF:src/api/hooks/useDataCategories.ts
FN:11,fetchCategories
FN:15,useDataCategories
FNF:2
FNH:2
FNDA:3,fetchCategories
FNDA:6,useDataCategories
DA:12,3
DA:16,6
LF:2
LH:2
BRF:0
BRH:0
end_of_record
TN:
SF:src/api/hooks/useLoyaltyStatus.ts
FN:11,fetchLoyalty
FN:24,useLoyaltyStatus
FNF:2
FNH:2
FNDA:2,fetchLoyalty
FNDA:4,useLoyaltyStatus
DA:13,2
DA:18,1
DA:25,4
LF:3
LH:3
BRDA:13,0,0,2
BRDA:13,0,1,0
BRDA:19,1,0,1
BRDA:19,1,1,0
BRDA:19,1,2,0
BRDA:20,2,0,1
BRDA:20,2,1,0
BRDA:20,2,2,0
BRF:8
BRH:3
end_of_record
TN:
SF:src/api/hooks/usePrivacyPreferences.ts
FN:11,fetchPrefs
FN:15,updatePrefs
FN:23,usePrivacyPreferences
FN:32,(anonymous_3)
FN:35,(anonymous_4)
FNF:5
FNH:5
FNDA:3,fetchPrefs
FNDA:2,updatePrefs
FNDA:4,usePrivacyPreferences
FNDA:1,(anonymous_3)
FNDA:1,(anonymous_4)
DA:12,3
DA:16,2
DA:24,4
DA:25,4
DA:30,4
DA:33,1
DA:36,1
DA:37,0
DA:41,4
LF:9
LH:8
BRDA:36,0,0,1
BRDA:36,0,1,0
BRF:2
BRH:1
end_of_record
TN:
SF:src/api/hooks/useRedeemReward.ts
FN:22,redeemReward
FN:26,(anonymous_1)
FN:29,useRedeemReward
FN:33,(anonymous_3)
FN:38,(anonymous_4)
FNF:5
FNH:5
FNDA:3,redeemReward
FNDA:2,(anonymous_1)
FNDA:9,useRedeemReward
FNDA:2,(anonymous_3)
FNDA:1,(anonymous_4)
DA:24,3
DA:26,2
DA:30,9
DA:31,9
DA:34,2
DA:35,2
DA:36,2
DA:38,1
LF:8
LH:8
BRF:0
BRH:0
end_of_record
TN:
SF:src/api/hooks/useUpdateUserProfile.ts
FN:8,updateProfile
FN:17,useUpdateUserProfile
FN:22,(anonymous_2)
FN:25,(anonymous_3)
FNF:4
FNH:4
FNDA:3,updateProfile
FNDA:7,useUpdateUserProfile
FNDA:2,(anonymous_2)
FNDA:1,(anonymous_3)
DA:9,3
DA:14,2
DA:18,7
DA:20,7
DA:23,2
DA:26,1
DA:27,0
LF:7
LH:6
BRDA:26,0,0,1
BRDA:26,0,1,0
BRF:2
BRH:1
end_of_record
TN:
SF:src/api/hooks/useUserProfile.ts
FN:14,fetchProfile
FN:18,useUserProfile
FN:24,(anonymous_2)
FNF:3
FNH:2
FNDA:2,fetchProfile
FNDA:4,useUserProfile
FNDA:0,(anonymous_2)
DA:15,2
DA:19,4
DA:24,0
LF:3
LH:2
BRF:0
BRH:0
end_of_record
TN:
SF:src/clients/authClient.ts
FN:13,requestPasswordReset
FNF:1
FNH:0
FNDA:0,requestPasswordReset
DA:6,2
DA:8,2
DA:14,0
LF:3
LH:2
BRF:0
BRH:0
end_of_record
TN:
SF:src/clients/orderClient.ts
FN:10,createOrderClient
FN:17,(anonymous_1)
FN:27,(anonymous_2)
FN:35,fetchOrders
FN:69,createOrder
FNF:5
FNH:1
FNDA:1,createOrderClient
FNDA:0,(anonymous_1)
FNDA:0,(anonymous_2)
FNDA:0,fetchOrders
FNDA:0,createOrder
DA:8,1
DA:11,1
DA:16,1
DA:18,0
DA:20,0
DA:21,0
DA:25,0
DA:27,0
DA:30,1
DA:33,1
DA:44,0
DA:45,0
DA:46,0
DA:74,0
DA:79,0
LF:15
LH:5
BRDA:20,0,0,0
BRDA:20,0,1,0
BRDA:23,1,0,0
BRDA:23,1,1,0
BRDA:35,2,0,0
BRDA:45,3,0,0
BRDA:45,3,1,0
BRDA:47,4,0,0
BRDA:47,4,1,0
BRDA:79,5,0,0
BRDA:79,5,1,0
BRF:11
BRH:0
end_of_record
TN:
SF:src/clients/paymentClient.ts
FN:16,authFetch
FN:31,addPaymentMethod
FN:35,updatePaymentMethod
FN:39,getPaymentMethods
FNF:4
FNH:0
FNDA:0,authFetch
FNDA:0,addPaymentMethod
FNDA:0,updatePaymentMethod
FNDA:0,getPaymentMethods
DA:4,2
DA:17,0
DA:18,0
DA:24,0
DA:25,0
DA:26,0
DA:28,0
DA:32,0
DA:36,0
DA:40,0
LF:10
LH:1
BRDA:20,0,0,0
BRDA:20,0,1,0
BRDA:21,1,0,0
BRDA:21,1,1,0
BRDA:25,2,0,0
BRDA:25,2,1,0
BRF:6
BRH:0
end_of_record
TN:
SF:src/components/ARButton.tsx
FN:6,ARButton
FN:10,(anonymous_1)
FNF:2
FNH:0
FNDA:0,ARButton
FNDA:0,(anonymous_1)
DA:7,0
DA:10,0
LF:2
LH:0
BRF:0
BRH:0
end_of_record
TN:
SF:src/components/AccessibilityComponents.tsx
FN:16,(anonymous_0)
FN:20,(anonymous_1)
FN:34,(anonymous_2)
FN:60,(anonymous_3)
FN:63,(anonymous_4)
FNF:5
FNH:4
FNDA:3,(anonymous_0)
FNDA:3,(anonymous_1)
FNDA:0,(anonymous_2)
FNDA:3,(anonymous_3)
FNDA:3,(anonymous_4)
DA:15,1
DA:17,3
DA:18,3
DA:20,3
DA:21,3
DA:23,0
DA:24,0
DA:25,0
DA:27,3
DA:29,0
DA:34,3
DA:35,0
DA:36,0
DA:37,0
DA:40,3
DA:51,1
DA:59,1
DA:61,3
DA:63,3
DA:64,3
DA:66,1
DA:70,3
DA:78,1
LF:23
LH:16
BRDA:16,0,0,2
BRDA:16,1,0,2
BRDA:16,2,0,3
BRDA:21,3,0,0
BRDA:21,3,1,3
BRDA:21,4,0,3
BRDA:21,4,1,1
BRDA:24,5,0,0
BRDA:24,5,1,0
BRDA:27,6,0,0
BRDA:27,6,1,3
BRDA:27,7,0,3
BRDA:27,7,1,2
BRDA:27,7,2,0
BRDA:36,8,0,0
BRDA:36,8,1,0
BRDA:37,9,0,0
BRDA:37,9,1,0
BRDA:37,10,0,0
BRDA:37,10,1,0
BRDA:43,11,0,3
BRDA:43,11,1,2
BRDA:44,12,0,3
BRDA:44,12,1,2
BRDA:60,13,0,3
BRDA:64,14,0,1
BRDA:64,14,1,2
BRDA:64,15,0,3
BRDA:64,15,1,1
BRF:29
BRH:18
end_of_record
TN:
SF:src/components/AnimatedBackgroundGradient.tsx
FN:5,AnimatedBackgroundGradient
FNF:1
FNH:0
FNDA:0,AnimatedBackgroundGradient
DA:6,0
DA:13,0
LF:2
LH:0
BRF:0
BRH:0
end_of_record
TN:
SF:src/components/AnimatedPulseGlow.tsx
FN:10,AnimatedPulseGlow
FN:12,(anonymous_1)
FN:15,(anonymous_2)
FNF:3
FNH:0
FNDA:0,AnimatedPulseGlow
FNDA:0,(anonymous_1)
FNDA:0,(anonymous_2)
DA:11,0
DA:12,0
DA:13,0
DA:15,0
DA:19,0
DA:22,2
LF:6
LH:1
BRF:0
BRH:0
end_of_record
TN:
SF:src/components/AnimatedShimmerOverlay.tsx
FN:4,AnimatedShimmerOverlay
FN:7,(anonymous_1)
FNF:2
FNH:0
FNDA:0,AnimatedShimmerOverlay
FNDA:0,(anonymous_1)
DA:5,0
DA:7,0
DA:8,0
DA:18,0
DA:23,0
LF:5
LH:0
BRF:0
BRH:0
end_of_record
TN:
SF:src/components/ArticlePreviewCard.tsx
FN:12,ArticlePreviewCard
FN:17,(anonymous_1)
FNF:2
FNH:0
FNDA:0,ArticlePreviewCard
FNDA:0,(anonymous_1)
DA:13,0
DA:14,0
DA:18,0
DA:19,0
DA:33,0
LF:5
LH:0
BRDA:22,0,0,0
BRDA:22,0,1,0
BRF:2
BRH:0
end_of_record
TN:
SF:src/components/ArticleSkeletonCard.tsx
FNF:0
FNH:0
LF:0
LH:0
BRF:0
BRH:0
end_of_record
TN:
SF:src/components/AudioPlayer.tsx
FN:24,AudioPlayer
FN:32,(anonymous_1)
FN:39,(anonymous_2)
FN:44,(anonymous_3)
FNF:4
FNH:4
FNDA:9,AudioPlayer
FNDA:8,(anonymous_1)
FNDA:8,(anonymous_2)
FNDA:9,(anonymous_3)
DA:32,9
DA:34,8
DA:35,7
DA:39,8
DA:40,8
DA:44,9
DA:45,9
DA:46,4
DA:48,5
DA:53,9
LF:10
LH:10
BRDA:28,0,0,7
BRDA:29,1,0,7
BRDA:30,2,0,7
BRDA:34,3,0,7
BRDA:34,3,1,1
BRDA:45,4,0,4
BRDA:45,4,1,5
BRF:7
BRH:7
end_of_record
TN:
SF:src/components/BannerCarousel.tsx
FN:14,BannerCarousel
FN:16,(anonymous_1)
FN:17,(anonymous_2)
FN:24,(anonymous_3)
FN:35,(anonymous_4)
FN:38,(anonymous_5)
FNF:6
FNH:0
FNDA:0,BannerCarousel
FNDA:0,(anonymous_1)
FNDA:0,(anonymous_2)
FNDA:0,(anonymous_3)
FNDA:0,(anonymous_4)
FNDA:0,(anonymous_5)
DA:15,0
DA:16,0
DA:17,0
DA:18,0
DA:19,0
DA:24,0
DA:27,0
DA:36,0
DA:39,0
DA:40,0
DA:52,0
LF:11
LH:0
BRDA:18,0,0,0
BRDA:18,0,1,0
BRDA:18,1,0,0
BRDA:18,1,1,0
BRDA:45,2,0,0
BRDA:45,2,1,0
BRF:6
BRH:0
end_of_record
TN:
SF:src/components/Button.tsx
FN:16,Button
FN:26,(anonymous_1)
FN:29,(anonymous_2)
FN:32,(anonymous_3)
FNF:4
FNH:0
FNDA:0,Button
FNDA:0,(anonymous_1)
FNDA:0,(anonymous_2)
FNDA:0,(anonymous_3)
DA:25,0
DA:26,0
DA:27,0
DA:29,0
DA:30,0
DA:32,0
DA:33,0
DA:34,0
DA:36,0
DA:55,0
LF:10
LH:0
BRDA:23,0,0,0
BRDA:43,1,0,0
BRDA:43,1,1,0
BRF:3
BRH:0
end_of_record
TN:
SF:src/components/CMSImage.tsx
FN:11,CMSImage
FNF:1
FNH:1
FNDA:30,CMSImage
DA:12,30
LF:1
LH:1
BRF:0
BRH:0
end_of_record
TN:
SF:src/components/CartErrorBanner.tsx
FN:8,CartErrorBanner
FNF:1
FNH:0
FNDA:0,CartErrorBanner
DA:9,0
DA:19,0
LF:2
LH:0
BRF:0
BRH:0
end_of_record
TN:
SF:src/components/DataCategoryItem.tsx
FN:6,DataCategoryItem
FNF:1
FNH:0
FNDA:0,DataCategoryItem
DA:7,0
DA:19,0
LF:2
LH:0
BRF:0
BRH:0
end_of_record
TN:
SF:src/components/ErrorBoundary.tsx
FN:10,(anonymous_0)
FN:15,(anonymous_1)
FN:19,(anonymous_2)
FN:23,(anonymous_3)
FNF:4
FNH:0
FNDA:0,(anonymous_0)
FNDA:0,(anonymous_1)
FNDA:0,(anonymous_2)
FNDA:0,(anonymous_3)
DA:11,0
DA:12,0
DA:16,0
DA:20,0
DA:24,0
DA:25,0
DA:36,0
LF:7
LH:0
BRDA:24,0,0,0
BRDA:24,0,1,0
BRF:2
BRH:0
end_of_record
TN:
SF:src/components/ErrorCard.tsx
FN:10,ErrorCard
FNF:1
FNH:0
FNDA:0,ErrorCard
DA:11,0
DA:21,0
LF:2
LH:0
BRF:0
BRH:0
end_of_record
TN:
SF:src/components/FAQSkeleton.tsx
FN:5,FAQSkeleton
FN:8,(anonymous_1)
FNF:2
FNH:0
FNDA:0,FAQSkeleton
FNDA:0,(anonymous_1)
DA:6,0
DA:8,0
DA:9,0
DA:19,0
DA:37,0
LF:5
LH:0
BRF:0
BRH:0
end_of_record
TN:
SF:src/components/ForYouTodayCard.tsx
FN:14,ForYouTodayCard
FN:20,(anonymous_1)
FN:21,(anonymous_2)
FNF:3
FNH:1
FNDA:6,ForYouTodayCard
FNDA:0,(anonymous_1)
FNDA:0,(anonymous_2)
DA:15,6
DA:21,0
DA:33,1
LF:3
LH:2
BRDA:24,0,0,6
BRDA:24,0,1,0
BRF:2
BRH:1
end_of_record
TN:
SF:src/components/ForYouTodaySkeleton.tsx
FN:5,ForYouTodaySkeleton
FN:8,(anonymous_1)
FNF:2
FNH:0
FNDA:0,ForYouTodaySkeleton
FNDA:0,(anonymous_1)
DA:6,0
DA:8,0
DA:9,0
DA:19,0
DA:35,1
LF:5
LH:1
BRF:0
BRH:0
end_of_record
TN:
SF:src/components/LegalDisclaimerModal.tsx
FN:12,LegalDisclaimerModal
FN:29,(anonymous_1)
FNF:2
FNH:1
FNDA:4,LegalDisclaimerModal
FNDA:0,(anonymous_1)
DA:13,4
DA:15,4
DA:30,0
DA:31,0
DA:42,2
LF:5
LH:3
BRF:0
BRH:0
end_of_record
TN:
SF:src/components/LocationStatusDisplay.tsx
FN:9,LocationStatusDisplay
FNF:1
FNH:0
FNDA:0,LocationStatusDisplay
DA:10,0
DA:11,0
DA:19,0
DA:29,2
LF:4
LH:1
BRDA:10,0,0,0
BRDA:10,0,1,0
BRF:2
BRH:0
end_of_record
TN:
SF:src/components/OfflineNotice.tsx
FN:5,OfflineNotice
FNF:1
FNH:1
FNDA:26,OfflineNotice
DA:6,26
DA:7,26
DA:8,0
DA:14,26
DA:17,3
LF:5
LH:4
BRDA:7,0,0,0
BRDA:7,0,1,26
BRF:2
BRH:1
end_of_record
TN:
SF:src/components/OnboardingSlide.tsx
FN:14,OnboardingSlide
FNF:1
FNH:0
FNDA:0,OnboardingSlide
DA:15,0
DA:29,0
LF:2
LH:0
BRDA:17,0,0,0
BRDA:17,0,1,0
BRF:2
BRH:0
end_of_record
TN:
SF:src/components/OrderCard.tsx
FN:13,OrderCard
FNF:1
FNH:1
FNDA:3,OrderCard
DA:14,3
DA:15,3
DA:19,3
DA:40,1
LF:4
LH:4
BRF:0
BRH:0
end_of_record
TN:
SF:src/components/PaginationDots.tsx
FN:9,PaginationDots
FN:12,(anonymous_1)
FNF:2
FNH:0
FNDA:0,PaginationDots
FNDA:0,(anonymous_1)
DA:10,0
DA:13,0
DA:19,0
LF:3
LH:0
BRDA:13,0,0,0
BRDA:13,0,1,0
BRF:2
BRH:0
end_of_record
TN:
SF:src/components/PasswordStrengthBar.tsx
FN:8,PasswordStrengthBar
FN:9,(anonymous_1)
FNF:2
FNH:0
FNDA:0,PasswordStrengthBar
FNDA:0,(anonymous_1)
DA:9,0
DA:10,0
DA:11,0
DA:12,0
DA:13,0
DA:15,0
DA:17,0
DA:25,0
DA:28,0
LF:9
LH:0
BRDA:10,0,0,0
BRDA:10,0,1,0
BRDA:10,1,0,0
BRDA:10,1,1,0
BRDA:10,1,2,0
BRDA:11,2,0,0
BRDA:11,2,1,0
BRDA:12,3,0,0
BRDA:12,3,1,0
BRDA:17,4,0,0
BRDA:17,4,1,0
BRDA:19,5,0,0
BRDA:19,5,1,0
BRDA:21,6,0,0
BRDA:21,6,1,0
BRF:15
BRH:0
end_of_record
TN:
SF:src/components/PermissionRationaleModal.tsx
FN:10,PermissionRationaleModal
FNF:1
FNH:1
FNDA:4,PermissionRationaleModal
DA:11,4
DA:12,4
DA:49,2
LF:3
LH:3
BRDA:11,0,0,0
BRDA:11,0,1,4
BRF:2
BRH:1
end_of_record
TN:
SF:src/components/PointsProgressBar.tsx
FN:11,PointsProgressBar
FNF:1
FNH:0
FNDA:0,PointsProgressBar
DA:12,0
DA:13,0
DA:23,0
LF:3
LH:0
BRF:0
BRH:0
end_of_record
TN:
SF:src/components/PreviewBadge.tsx
FN:4,PreviewBadge
FNF:1
FNH:0
FNDA:0,PreviewBadge
DA:5,0
DA:12,0
LF:2
LH:0
BRF:0
BRH:0
end_of_record
TN:
SF:src/components/ProductCardMini.tsx
FN:12,ProductCardMini
FN:13,(anonymous_1)
FNF:2
FNH:1
FNDA:19,ProductCardMini
FNDA:0,(anonymous_1)
DA:13,19
DA:14,0
DA:15,0
DA:18,19
DA:29,5
LF:5
LH:3
BRDA:20,0,0,19
BRDA:20,0,1,19
BRF:2
BRH:2
end_of_record
TN:
SF:src/components/ProductCardSkeleton.tsx
FN:5,ProductCardSkeleton
FN:8,(anonymous_1)
FNF:2
FNH:2
FNDA:6,ProductCardSkeleton
FNDA:6,(anonymous_1)
DA:6,6
DA:8,6
DA:9,6
DA:19,6
DA:36,2
LF:5
LH:5
BRF:0
BRH:0
end_of_record
TN:
SF:src/components/ProductDropCarousel.tsx
FN:14,ProductDropCarousel
FN:16,(anonymous_1)
FN:17,(anonymous_2)
FN:24,(anonymous_3)
FN:35,(anonymous_4)
FN:38,(anonymous_5)
FNF:6
FNH:0
FNDA:0,ProductDropCarousel
FNDA:0,(anonymous_1)
FNDA:0,(anonymous_2)
FNDA:0,(anonymous_3)
FNDA:0,(anonymous_4)
FNDA:0,(anonymous_5)
DA:15,0
DA:16,0
DA:17,0
DA:18,0
DA:19,0
DA:24,0
DA:27,0
DA:36,0
DA:39,0
DA:40,0
DA:56,0
LF:11
LH:0
BRDA:18,0,0,0
BRDA:18,0,1,0
BRDA:18,1,0,0
BRDA:18,1,1,0
BRDA:47,2,0,0
BRDA:47,2,1,0
BRF:6
BRH:0
end_of_record
TN:
SF:src/components/ProductFallback.tsx
FN:11,ProductFallback
FN:17,(anonymous_1)
FNF:2
FNH:0
FNDA:0,ProductFallback
FNDA:0,(anonymous_1)
DA:12,0
DA:18,0
DA:19,0
DA:33,1
LF:4
LH:1
BRDA:23,0,0,0
BRDA:23,0,1,0
BRF:2
BRH:0
end_of_record
TN:
SF:src/components/ReviewForm.tsx
FN:4,ReviewForm
FN:17,(anonymous_1)
FN:20,(anonymous_2)
FNF:3
FNH:0
FNDA:0,ReviewForm
FNDA:0,(anonymous_1)
FNDA:0,(anonymous_2)
DA:9,0
DA:10,0
DA:11,0
DA:17,0
DA:20,0
LF:5
LH:0
BRDA:17,0,0,0
BRDA:17,0,1,0
BRF:2
BRH:0
end_of_record
TN:
SF:src/components/ScreenReaderOnly.tsx
FN:8,ScreenReaderOnly
FNF:1
FNH:0
FNDA:0,ScreenReaderOnly
DA:9,0
DA:16,0
LF:2
LH:0
BRF:0
BRH:0
end_of_record
TN:
SF:src/components/ScreenTransition.tsx
FN:24,ScreenTransition
FN:27,(anonymous_1)
FN:30,(anonymous_2)
FN:39,(anonymous_3)
FNF:4
FNH:0
FNDA:0,ScreenTransition
FNDA:0,(anonymous_1)
FNDA:0,(anonymous_2)
FNDA:0,(anonymous_3)
DA:25,0
DA:27,0
DA:29,0
DA:30,0
DA:32,0
DA:39,0
DA:43,0
DA:46,0
LF:8
LH:0
BRDA:24,0,0,0
BRF:1
BRH:0
end_of_record
TN:
SF:src/components/SkeletonArticleCard.tsx
FN:5,SkeletonArticleCard
FN:8,(anonymous_1)
FNF:2
FNH:0
FNDA:0,SkeletonArticleCard
FNDA:0,(anonymous_1)
DA:6,0
DA:8,0
DA:9,0
DA:19,0
DA:34,0
LF:5
LH:0
BRF:0
BRH:0
end_of_record
TN:
SF:src/components/StashItemCard.tsx
FN:14,StashItemCard
FN:15,(anonymous_1)
FN:19,(anonymous_2)
FNF:3
FNH:0
FNDA:0,StashItemCard
FNDA:0,(anonymous_1)
FNDA:0,(anonymous_2)
DA:15,0
DA:16,0
DA:17,0
DA:19,0
DA:20,0
DA:21,0
DA:22,0
DA:26,0
DA:50,0
LF:9
LH:0
BRDA:20,0,0,0
BRDA:20,0,1,0
BRDA:28,1,0,0
BRDA:28,1,1,0
BRDA:39,2,0,0
BRDA:39,2,1,0
BRF:6
BRH:0
end_of_record
TN:
SF:src/components/StockAlert.tsx
FN:9,StockAlert
FNF:1
FNH:1
FNDA:1,StockAlert
DA:10,1
DA:17,1
LF:2
LH:2
BRF:0
BRH:0
end_of_record
TN:
SF:src/components/StoreCard.tsx
FN:20,StoreCard
FN:30,(anonymous_1)
FN:35,(anonymous_2)
FN:40,(anonymous_3)
FNF:4
FNH:0
FNDA:0,StoreCard
FNDA:0,(anonymous_1)
FNDA:0,(anonymous_2)
FNDA:0,(anonymous_3)
DA:30,0
DA:31,0
DA:32,0
DA:35,0
DA:36,0
DA:37,0
DA:40,0
DA:41,0
DA:42,0
DA:45,0
DA:46,0
DA:54,0
DA:81,2
LF:13
LH:1
BRDA:45,0,0,0
BRDA:45,0,1,0
BRDA:58,1,0,0
BRDA:58,1,1,0
BRDA:61,2,0,0
BRDA:61,2,1,0
BRDA:68,3,0,0
BRDA:68,3,1,0
BRDA:71,4,0,0
BRDA:71,4,1,0
BRF:10
BRH:0
end_of_record
TN:
SF:src/components/TerpeneInfoModal.tsx
FN:11,(anonymous_0)
FNF:1
FNH:0
FNDA:0,(anonymous_0)
DA:11,0
DA:12,0
DA:61,0
LF:3
LH:0
BRDA:29,0,0,0
BRDA:29,0,1,0
BRF:2
BRH:0
end_of_record
TN:
SF:src/components/WeatherForYouRail.tsx
FN:21,WeatherForYouRail
FN:44,(anonymous_1)
FN:47,(anonymous_2)
FN:55,(anonymous_3)
FN:70,(anonymous_4)
FN:71,(anonymous_5)
FN:89,(anonymous_6)
FN:143,(anonymous_7)
FN:175,(anonymous_8)
FN:179,(anonymous_9)
FN:196,getWeatherEmoji
FNF:11
FNH:8
FNDA:28,WeatherForYouRail
FNDA:27,(anonymous_1)
FNDA:19,(anonymous_2)
FNDA:2,(anonymous_3)
FNDA:0,(anonymous_4)
FNDA:0,(anonymous_5)
FNDA:27,(anonymous_6)
FNDA:29,(anonymous_7)
FNDA:19,(anonymous_8)
FNDA:0,(anonymous_9)
FNDA:26,getWeatherEmoji
DA:30,28
DA:33,28
DA:35,28
DA:44,28
DA:45,27
DA:47,19
DA:55,28
DA:56,2
DA:59,2
DA:67,2
DA:70,28
DA:71,0
DA:74,0
DA:85,0
DA:89,28
DA:90,27
DA:91,10
DA:103,28
DA:104,2
DA:108,26
DA:109,0
DA:113,26
DA:114,0
DA:117,26
DA:118,26
DA:120,26
DA:144,29
DA:176,19
DA:179,0
DA:197,26
DA:199,26
DA:200,17
DA:201,16
DA:202,15
DA:203,10
DA:204,9
DA:205,3
DA:206,1
DA:208,0
DA:211,5
LF:40
LH:33
BRDA:25,0,0,25
BRDA:28,1,0,18
BRDA:33,2,0,28
BRDA:33,2,1,11
BRDA:45,3,0,8
BRDA:45,3,1,19
BRDA:50,4,0,19
BRDA:50,4,1,0
BRDA:51,5,0,19
BRDA:51,5,1,0
BRDA:61,6,0,0
BRDA:61,6,1,2
BRDA:61,7,0,2
BRDA:61,7,1,0
BRDA:62,8,0,2
BRDA:62,8,1,0
BRDA:63,9,0,2
BRDA:63,9,1,0
BRDA:80,10,0,0
BRDA:80,10,1,0
BRDA:80,11,0,0
BRDA:80,11,1,0
BRDA:81,12,0,0
BRDA:81,12,1,0
BRDA:90,13,0,10
BRDA:90,13,1,17
BRDA:90,14,0,27
BRDA:90,14,1,19
BRDA:90,14,2,19
BRDA:93,15,0,0
BRDA:93,15,1,10
BRDA:93,16,0,10
BRDA:93,16,1,0
BRDA:95,17,0,10
BRDA:95,17,1,0
BRDA:103,18,0,2
BRDA:103,18,1,26
BRDA:108,19,0,0
BRDA:108,19,1,26
BRDA:108,20,0,26
BRDA:108,20,1,3
BRDA:113,21,0,0
BRDA:113,21,1,26
BRDA:113,22,0,26
BRDA:113,22,1,7
BRDA:113,22,2,5
BRDA:118,23,0,26
BRDA:118,23,1,7
BRDA:128,24,0,26
BRDA:128,24,1,9
BRDA:134,25,0,26
BRDA:134,25,1,19
BRDA:134,25,2,10
BRDA:134,25,3,10
BRDA:141,26,0,26
BRDA:141,26,1,19
BRDA:141,26,2,19
BRDA:151,27,0,26
BRDA:151,27,1,2
BRDA:158,28,0,26
BRDA:158,28,1,3
BRDA:158,28,2,3
BRDA:167,29,0,26
BRDA:167,29,1,24
BRDA:167,29,2,21
BRDA:167,29,3,10
BRDA:185,30,0,26
BRDA:185,30,1,24
BRDA:185,30,2,21
BRDA:185,30,3,11
BRDA:185,30,4,11
BRDA:199,31,0,9
BRDA:199,31,1,17
BRDA:199,32,0,26
BRDA:199,32,1,17
BRDA:200,33,0,1
BRDA:200,33,1,16
BRDA:201,34,0,1
BRDA:201,34,1,15
BRDA:202,35,0,5
BRDA:202,35,1,10
BRDA:203,36,0,1
BRDA:203,36,1,9
BRDA:204,37,0,6
BRDA:204,37,1,3
BRDA:205,38,0,2
BRDA:205,38,1,1
BRDA:206,39,0,1
BRDA:206,39,1,0
BRF:89
BRH:71
end_of_record
TN:
SF:src/components/WelcomeBanner.tsx
FN:8,WelcomeBanner
FNF:1
FNH:1
FNDA:3,WelcomeBanner
DA:9,3
DA:10,3
DA:11,3
DA:12,3
DA:14,3
DA:15,3
DA:16,1
DA:17,2
DA:18,1
DA:21,3
DA:28,1
LF:11
LH:11
BRDA:15,0,0,1
BRDA:15,0,1,2
BRDA:17,1,0,1
BRDA:17,1,1,1
BRDA:17,2,0,2
BRDA:17,2,1,1
BRF:6
BRH:6
end_of_record
TN:
SF:src/components/useSkeletonText.tsx
FN:5,useSkeletonText
FN:8,(anonymous_1)
FNF:2
FNH:2
FNDA:40,useSkeletonText
FNDA:20,(anonymous_1)
DA:6,40
DA:8,40
DA:9,20
DA:19,40
DA:37,2
LF:5
LH:5
BRF:0
BRH:0
end_of_record
TN:
SF:src/components/TerpeneWheel/TerpeneInfoModal.tsx
FN:11,(anonymous_0)
FN:12,(anonymous_1)
FNF:2
FNH:0
FNDA:0,(anonymous_0)
FNDA:0,(anonymous_1)
DA:11,0
DA:12,0
DA:14,0
DA:15,0
DA:18,0
DA:32,0
LF:6
LH:0
BRDA:14,0,0,0
BRDA:14,0,1,0
BRF:2
BRH:0
end_of_record
TN:
SF:src/constants/links.ts
FNF:0
FNH:0
DA:6,0
DA:8,0
LF:2
LH:0
BRF:0
BRH:0
end_of_record
TN:
SF:src/constants/terpenes.ts
FNF:0
FNH:0
DA:3,0
LF:1
LH:0
BRF:0
BRH:0
end_of_record
TN:
SF:src/context/AccessibilityContext.tsx
FN:10,AccessibilityProvider
FN:12,(anonymous_1)
FN:12,(anonymous_2)
FN:20,useAccessibility
FNF:4
FNH:0
FNDA:0,AccessibilityProvider
FNDA:0,(anonymous_1)
FNDA:0,(anonymous_2)
FNDA:0,useAccessibility
DA:8,0
DA:11,0
DA:12,0
DA:13,0
DA:21,0
DA:22,0
DA:23,0
LF:7
LH:0
BRDA:22,0,0,0
BRDA:22,0,1,0
BRF:2
BRH:0
end_of_record
TN:
SF:src/context/AuthContext.tsx
FN:28,(anonymous_0)
FN:29,(anonymous_1)
FN:40,(anonymous_2)
FN:43,(anonymous_3)
FN:51,(anonymous_4)
FN:60,(anonymous_5)
FN:70,(anonymous_6)
FN:72,(anonymous_7)
FN:106,(anonymous_8)
FN:107,(anonymous_9)
FN:150,(anonymous_10)
FNF:11
FNH:0
FNDA:0,(anonymous_0)
FNDA:0,(anonymous_1)
FNDA:0,(anonymous_2)
FNDA:0,(anonymous_3)
FNDA:0,(anonymous_4)
FNDA:0,(anonymous_5)
FNDA:0,(anonymous_6)
FNDA:0,(anonymous_7)
FNDA:0,(anonymous_8)
FNDA:0,(anonymous_9)
FNDA:0,(anonymous_10)
DA:26,2
DA:40,2
DA:41,0
DA:43,0
DA:44,0
DA:45,0
DA:46,0
DA:47,0
DA:48,0
DA:51,0
DA:52,0
DA:53,0
DA:60,0
DA:61,0
DA:62,0
DA:63,0
DA:64,0
DA:66,0
DA:70,0
DA:71,0
DA:72,0
DA:73,0
DA:74,0
DA:75,0
DA:76,0
DA:77,0
DA:78,0
DA:80,0
DA:81,0
DA:82,0
DA:83,0
DA:84,0
DA:85,0
DA:86,0
DA:87,0
DA:90,0
DA:93,0
DA:98,0
DA:99,0
DA:104,0
DA:107,0
DA:110,0
DA:111,0
DA:112,0
DA:113,0
DA:115,0
DA:117,0
DA:118,0
DA:119,0
DA:122,0
DA:125,0
DA:127,0
DA:131,0
DA:132,0
DA:133,0
DA:134,0
DA:135,0
DA:136,0
DA:137,0
DA:138,0
DA:139,0
DA:142,0
DA:146,0
DA:149,0
DA:150,0
DA:151,0
DA:155,0
DA:157,0
LF:68
LH:2
BRDA:47,0,0,0
BRDA:47,0,1,0
BRDA:48,1,0,0
BRDA:48,1,1,0
BRDA:75,2,0,0
BRDA:75,2,1,0
BRDA:76,3,0,0
BRDA:76,3,1,0
BRDA:81,4,0,0
BRDA:81,4,1,0
BRDA:85,5,0,0
BRDA:85,5,1,0
BRDA:85,6,0,0
BRDA:85,6,1,0
BRDA:93,7,0,0
BRDA:93,7,1,0
BRDA:95,8,0,0
BRDA:95,8,1,0
BRDA:110,9,0,0
BRDA:110,9,1,0
BRDA:111,10,0,0
BRDA:111,10,1,0
BRDA:118,11,0,0
BRDA:118,11,1,0
BRDA:125,12,0,0
BRDA:125,12,1,0
BRDA:132,13,0,0
BRDA:132,13,1,0
BRDA:137,14,0,0
BRDA:137,14,1,0
BRDA:137,15,0,0
BRDA:137,15,1,0
BRDA:138,16,0,0
BRDA:138,16,1,0
BRF:34
BRH:0
end_of_record
TN:
SF:src/context/BrandContext.tsx
FN:35,BrandProvider
FN:40,(anonymous_1)
FN:44,(anonymous_2)
FN:48,(anonymous_3)
FN:84,useBrand
FN:93,useBrandData
FNF:6
FNH:3
FNDA:20,BrandProvider
FNDA:0,(anonymous_1)
FNDA:0,(anonymous_2)
FNDA:0,(anonymous_3)
FNDA:20,useBrand
FNDA:20,useBrandData
DA:19,15
DA:22,15
DA:36,20
DA:37,20
DA:38,20
DA:40,20
DA:41,0
DA:44,20
DA:45,0
DA:48,20
DA:49,0
DA:50,0
DA:51,0
DA:54,0
DA:56,0
DA:57,0
DA:58,0
DA:61,0
DA:62,0
DA:65,0
DA:66,0
DA:68,0
DA:70,0
DA:74,20
DA:81,20
DA:85,20
DA:86,20
DA:87,0
DA:89,20
DA:94,20
DA:95,20
LF:31
LH:15
BRDA:56,0,0,0
BRDA:56,0,1,0
BRDA:66,1,0,0
BRDA:66,1,1,0
BRDA:86,2,0,0
BRDA:86,2,1,20
BRDA:95,3,0,20
BRDA:95,3,1,20
BRF:8
BRH:3
end_of_record
TN:
SF:src/context/CMSPreviewContext.tsx
FN:11,CMSPreviewProvider
FN:14,(anonymous_1)
FN:15,(anonymous_2)
FN:25,(anonymous_3)
FN:25,(anonymous_4)
FN:32,(anonymous_5)
FNF:6
FNH:1
FNDA:0,CMSPreviewProvider
FNDA:0,(anonymous_1)
FNDA:0,(anonymous_2)
FNDA:0,(anonymous_3)
FNDA:0,(anonymous_4)
FNDA:18,(anonymous_5)
DA:9,2
DA:12,0
DA:14,0
DA:15,0
DA:16,0
DA:17,0
DA:18,0
DA:25,0
DA:27,0
DA:32,18
LF:10
LH:2
BRDA:18,0,0,0
BRDA:18,0,1,0
BRDA:18,1,0,0
BRDA:18,1,1,0
BRF:4
BRH:0
end_of_record
TN:
SF:src/context/LoyaltyContext.tsx
FN:19,LoyaltyProvider
FNF:1
FNH:0
FNDA:0,LoyaltyProvider
DA:12,1
DA:20,0
DA:22,0
LF:3
LH:1
BRF:0
BRH:0
end_of_record
TN:
SF:src/context/SettingsContext.tsx
FN:17,(anonymous_0)
FN:19,(anonymous_1)
FN:22,(anonymous_2)
FN:26,(anonymous_3)
FN:27,(anonymous_4)
FN:31,(anonymous_5)
FN:40,(anonymous_6)
FN:45,(anonymous_7)
FN:58,(anonymous_8)
FNF:9
FNH:0
FNDA:0,(anonymous_0)
FNDA:0,(anonymous_1)
FNDA:0,(anonymous_2)
FNDA:0,(anonymous_3)
FNDA:0,(anonymous_4)
FNDA:0,(anonymous_5)
FNDA:0,(anonymous_6)
FNDA:0,(anonymous_7)
FNDA:0,(anonymous_8)
DA:15,0
DA:22,0
DA:23,0
DA:24,0
DA:26,0
DA:27,0
DA:28,0
DA:29,0
DA:31,0
DA:32,0
DA:33,0
DA:34,0
DA:35,0
DA:40,0
DA:41,0
DA:42,0
DA:45,0
DA:46,0
DA:47,0
DA:48,0
DA:51,0
DA:58,0
LF:22
LH:0
BRDA:29,0,0,0
BRDA:29,0,1,0
BRDA:33,1,0,0
BRDA:33,1,1,0
BRF:4
BRH:0
end_of_record
TN:
SF:src/context/StoreContext.tsx
FN:14,(anonymous_0)
FN:17,(anonymous_1)
FN:21,(anonymous_2)
FN:33,(anonymous_3)
FNF:4
FNH:1
FNDA:0,(anonymous_0)
FNDA:0,(anonymous_1)
FNDA:0,(anonymous_2)
FNDA:20,(anonymous_3)
DA:12,2
DA:17,2
DA:18,0
DA:19,0
DA:21,0
DA:22,0
DA:23,0
DA:26,0
DA:33,20
LF:9
LH:3
BRF:0
BRH:0
end_of_record
TN:
SF:src/context/ThemeContext.tsx
FN:70,(anonymous_0)
FN:77,(anonymous_1)
FN:93,(anonymous_2)
FN:94,(anonymous_3)
FN:108,(anonymous_4)
FN:118,(anonymous_5)
FN:162,(anonymous_6)
FN:170,(anonymous_7)
FN:171,(anonymous_8)
FN:363,(anonymous_9)
FNF:10
FNH:1
FNDA:0,(anonymous_0)
FNDA:20,(anonymous_1)
FNDA:0,(anonymous_2)
FNDA:0,(anonymous_3)
FNDA:0,(anonymous_4)
FNDA:0,(anonymous_5)
FNDA:0,(anonymous_6)
FNDA:0,(anonymous_7)
FNDA:0,(anonymous_8)
FNDA:0,(anonymous_9)
DA:11,15
DA:14,15
DA:15,15
DA:16,15
DA:17,15
DA:20,15
DA:21,15
DA:56,15
DA:77,15
DA:79,20
DA:81,20
DA:82,20
DA:83,20
DA:87,20
DA:93,20
DA:94,0
DA:95,0
DA:96,0
DA:97,0
DA:98,0
DA:99,0
DA:108,20
DA:109,0
DA:110,0
DA:111,0
DA:113,0
DA:118,20
DA:122,0
DA:123,0
DA:126,0
DA:127,0
DA:130,0
DA:133,0
DA:134,0
DA:136,0
DA:137,0
DA:139,0
DA:140,0
DA:144,0
DA:151,0
DA:162,20
DA:163,0
DA:164,0
DA:165,0
DA:166,0
DA:167,0
DA:170,20
DA:171,0
DA:172,0
DA:174,0
DA:175,0
DA:181,0
DA:182,0
DA:183,0
DA:186,0
DA:192,0
DA:197,0
DA:200,0
DA:204,0
DA:205,0
DA:206,0
DA:210,0
DA:212,0
DA:213,0
DA:216,0
DA:217,0
DA:218,0
DA:219,0
DA:223,0
DA:227,0
DA:228,0
DA:229,0
DA:230,0
DA:233,0
DA:240,0
DA:245,0
DA:248,0
DA:252,0
DA:253,0
DA:254,0
DA:257,0
DA:258,0
DA:259,0
DA:260,0
DA:263,0
DA:272,0
DA:274,0
DA:275,0
DA:276,0
DA:277,0
DA:279,0
DA:280,0
DA:281,0
DA:285,0
DA:287,0
DA:288,0
DA:289,0
DA:290,0
DA:295,0
DA:304,0
DA:305,0
DA:308,0
DA:314,0
DA:320,0
DA:323,0
DA:324,0
DA:325,0
DA:327,0
DA:328,0
DA:331,0
DA:338,0
DA:344,0
DA:347,0
DA:351,0
DA:352,0
DA:354,0
DA:360,20
DA:363,0
DA:366,0
DA:369,0
DA:370,0
DA:371,0
DA:372,0
DA:374,0
DA:377,0
DA:388,0
LF:126
LH:20
BRDA:97,0,0,0
BRDA:97,0,1,0
BRDA:122,1,0,0
BRDA:122,1,1,0
BRDA:122,2,0,0
BRDA:122,2,1,0
BRDA:130,3,0,0
BRDA:130,3,1,0
BRDA:130,3,2,0
BRDA:130,3,3,0
BRDA:164,4,0,0
BRDA:164,4,1,0
BRDA:164,5,0,0
BRDA:164,5,1,0
BRDA:165,6,0,0
BRDA:165,6,1,0
BRDA:165,7,0,0
BRDA:165,7,1,0
BRDA:166,8,0,0
BRDA:166,8,1,0
BRDA:166,9,0,0
BRDA:166,9,1,0
BRDA:181,10,0,0
BRDA:181,10,1,0
BRDA:213,11,0,0
BRDA:213,11,1,0
BRDA:217,12,0,0
BRDA:217,12,1,0
BRDA:228,13,0,0
BRDA:228,13,1,0
BRDA:260,14,0,0
BRDA:260,14,1,0
BRDA:272,15,0,0
BRDA:272,15,1,0
BRDA:274,16,0,0
BRDA:274,16,1,0
BRDA:275,17,0,0
BRDA:275,17,1,0
BRDA:276,18,0,0
BRDA:276,18,1,0
BRDA:279,19,0,0
BRDA:279,19,1,0
BRDA:280,20,0,0
BRDA:280,20,1,0
BRDA:285,21,0,0
BRDA:285,21,1,0
BRDA:287,22,0,0
BRDA:287,22,1,0
BRDA:288,23,0,0
BRDA:288,23,1,0
BRDA:289,24,0,0
BRDA:289,24,1,0
BRDA:290,25,0,0
BRDA:290,25,1,0
BRDA:333,26,0,0
BRDA:333,26,1,0
BRDA:366,27,0,0
BRDA:366,27,1,0
BRDA:381,28,0,0
BRDA:381,28,1,0
BRF:60
BRH:0
end_of_record
TN:
SF:src/hooks/useAI.ts
FN:47,useAiRecommendations
FN:49,(anonymous_1)
FN:62,(anonymous_2)
FN:68,(anonymous_3)
FN:77,useAiBudtender
FN:79,(anonymous_5)
FN:89,(anonymous_6)
FN:95,(anonymous_7)
FNF:8
FNH:0
FNDA:0,useAiRecommendations
FNDA:0,(anonymous_1)
FNDA:0,(anonymous_2)
FNDA:0,(anonymous_3)
FNDA:0,useAiBudtender
FNDA:0,(anonymous_5)
FNDA:0,(anonymous_6)
FNDA:0,(anonymous_7)
DA:48,0
DA:50,0
DA:61,0
DA:62,0
DA:63,0
DA:66,0
DA:69,0
DA:78,0
DA:80,0
DA:88,0
DA:89,0
DA:90,0
DA:93,0
DA:96,0
LF:14
LH:0
BRDA:61,0,0,0
BRDA:61,0,1,0
BRDA:63,1,0,0
BRDA:63,1,1,0
BRDA:88,2,0,0
BRDA:88,2,1,0
BRDA:90,3,0,0
BRDA:90,3,1,0
BRF:8
BRH:0
end_of_record
TN:
SF:src/hooks/useArticleBySlug.ts
FN:9,fetchArticle
FN:24,useArticleBySlug
FN:28,(anonymous_2)
FNF:3
FNH:0
FNDA:0,fetchArticle
FNDA:0,useArticleBySlug
FNDA:0,(anonymous_2)
DA:10,0
DA:11,0
DA:12,0
DA:15,0
DA:16,0
DA:18,0
DA:19,0
DA:20,0
DA:25,0
DA:26,0
DA:29,0
DA:30,0
DA:31,0
DA:33,0
LF:14
LH:0
BRDA:10,0,0,0
BRDA:10,0,1,0
BRDA:13,1,0,0
BRDA:13,1,1,0
BRDA:19,2,0,0
BRDA:19,2,1,0
BRDA:30,3,0,0
BRDA:30,3,1,0
BRF:8
BRH:0
end_of_record
TN:
SF:src/hooks/useArticles.ts
FN:5,useArticlesQuery
FNF:1
FNH:0
FNDA:0,useArticlesQuery
DA:6,0
LF:1
LH:0
BRF:0
BRH:0
end_of_record
TN:
SF:src/hooks/useAuth.ts
FN:16,useAuth
FN:19,(anonymous_1)
FN:45,(anonymous_2)
FN:78,(anonymous_3)
FN:83,(anonymous_4)
FNF:5
FNH:0
FNDA:0,useAuth
FNDA:0,(anonymous_1)
FNDA:0,(anonymous_2)
FNDA:0,(anonymous_3)
FNDA:0,(anonymous_4)
DA:17,0
DA:19,0
DA:21,0
DA:22,0
DA:23,0
DA:24,0
DA:25,0
DA:26,0
DA:27,0
DA:28,0
DA:35,0
DA:36,0
DA:37,0
DA:38,0
DA:39,0
DA:40,0
DA:41,0
DA:42,0
DA:45,0
DA:47,0
DA:48,0
DA:49,0
DA:50,0
DA:52,0
DA:53,0
DA:54,0
DA:58,0
DA:59,0
DA:60,0
DA:61,0
DA:67,0
DA:68,0
DA:69,0
DA:70,0
DA:71,0
DA:72,0
DA:73,0
DA:74,0
DA:75,0
DA:78,0
DA:79,0
DA:80,0
DA:83,0
DA:85,0
DA:88,0
LF:45
LH:0
BRDA:24,0,0,0
BRDA:24,0,1,0
BRDA:39,1,0,0
BRDA:39,1,1,0
BRDA:50,2,0,0
BRDA:50,2,1,0
BRDA:72,3,0,0
BRDA:72,3,1,0
BRF:8
BRH:0
end_of_record
TN:
SF:src/hooks/useCMSContent.ts
FN:8,useCMSContent
FN:13,(anonymous_1)
FNF:2
FNH:2
FNDA:18,useCMSContent
FNDA:9,(anonymous_1)
DA:9,18
DA:11,18
DA:14,9
DA:15,9
DA:17,9
DA:18,0
DA:19,0
DA:20,0
DA:22,0
DA:25,9
DA:26,9
DA:29,0
DA:30,0
DA:32,8
DA:33,8
DA:34,0
DA:36,8
LF:17
LH:10
BRDA:15,0,0,0
BRDA:15,0,1,9
BRDA:17,1,0,0
BRDA:17,1,1,9
BRDA:19,2,0,0
BRDA:19,2,1,0
BRDA:27,3,0,0
BRDA:27,3,1,9
BRDA:33,4,0,0
BRDA:33,4,1,8
BRF:10
BRH:4
end_of_record
TN:
SF:src/hooks/useCMSProducts.ts
FN:6,fetchProducts
FN:11,useCMSProducts
FNF:2
FNH:0
FNDA:0,fetchProducts
FNDA:0,useCMSProducts
DA:7,0
DA:8,0
DA:12,0
LF:3
LH:0
BRF:0
BRH:0
end_of_record
TN:
SF:src/hooks/useCart.ts
FN:27,useCart
FN:33,(anonymous_1)
FN:34,(anonymous_2)
FN:35,(anonymous_3)
FN:36,(anonymous_4)
FN:38,(anonymous_5)
FN:41,(anonymous_6)
FN:64,(anonymous_7)
FN:89,(anonymous_8)
FN:94,(anonymous_9)
FN:106,(anonymous_10)
FN:136,(anonymous_11)
FN:151,(anonymous_12)
FN:176,(anonymous_13)
FN:179,(anonymous_14)
FN:182,(anonymous_15)
FN:186,(anonymous_16)
FN:209,(anonymous_17)
FN:219,(anonymous_18)
FN:221,(anonymous_19)
FN:229,(anonymous_20)
FNF:21
FNH:17
FNDA:17,useCart
FNDA:24,(anonymous_1)
FNDA:24,(anonymous_2)
FNDA:24,(anonymous_3)
FNDA:24,(anonymous_4)
FNDA:6,(anonymous_5)
FNDA:5,(anonymous_6)
FNDA:3,(anonymous_7)
FNDA:9,(anonymous_8)
FNDA:4,(anonymous_9)
FNDA:4,(anonymous_10)
FNDA:4,(anonymous_11)
FNDA:2,(anonymous_12)
FNDA:0,(anonymous_13)
FNDA:4,(anonymous_14)
FNDA:0,(anonymous_15)
FNDA:2,(anonymous_16)
FNDA:8,(anonymous_17)
FNDA:0,(anonymous_18)
FNDA:0,(anonymous_19)
FNDA:4,(anonymous_20)
DA:28,17
DA:29,17
DA:30,17
DA:33,24
DA:34,24
DA:35,24
DA:36,24
DA:38,17
DA:39,6
DA:40,6
DA:41,6
DA:51,6
DA:54,6
DA:55,1
DA:56,5
DA:57,0
DA:64,17
DA:65,3
DA:66,3
DA:67,2
DA:68,2
DA:69,0
DA:70,0
DA:71,0
DA:72,0
DA:74,2
DA:76,1
DA:78,1
DA:79,1
DA:80,1
DA:81,1
DA:84,17
DA:89,17
DA:90,9
DA:93,17
DA:102,4
DA:104,4
DA:105,4
DA:106,4
DA:112,0
DA:113,0
DA:122,4
DA:124,4
DA:125,4
DA:126,0
DA:127,0
DA:129,4
DA:134,4
DA:137,4
DA:138,4
DA:140,4
DA:141,4
DA:143,4
DA:144,4
DA:146,4
DA:147,4
DA:148,1
DA:150,4
DA:152,2
DA:155,4
DA:156,2
DA:158,2
DA:167,0
DA:169,0
DA:171,4
DA:172,4
DA:174,4
DA:177,0
DA:180,4
DA:181,4
DA:182,4
DA:186,17
DA:187,2
DA:188,2
DA:189,1
DA:190,1
DA:192,1
DA:197,1
DA:198,1
DA:199,1
DA:200,1
DA:201,1
DA:204,17
DA:209,8
DA:221,0
DA:227,0
DA:230,4
DA:236,4
LF:88
LH:74
BRDA:40,0,0,6
BRDA:40,0,1,0
BRDA:42,1,0,5
BRDA:42,1,1,0
BRDA:43,2,0,5
BRDA:43,2,1,0
BRDA:44,3,0,5
BRDA:44,3,1,5
BRDA:44,3,2,5
BRDA:45,4,0,5
BRDA:45,4,1,5
BRDA:45,4,2,0
BRDA:45,4,3,0
BRDA:46,5,0,5
BRDA:46,5,1,0
BRDA:49,6,0,5
BRDA:49,6,1,5
BRDA:49,6,2,5
BRDA:49,6,3,5
BRDA:54,7,0,1
BRDA:54,7,1,5
BRDA:56,8,0,0
BRDA:56,8,1,5
BRDA:66,9,0,2
BRDA:66,9,1,1
BRDA:68,10,0,0
BRDA:68,10,1,2
BRDA:78,11,0,1
BRDA:78,11,1,0
BRDA:105,12,0,4
BRDA:105,12,1,0
BRDA:107,13,0,4
BRDA:107,13,1,0
BRDA:109,14,0,4
BRDA:109,14,1,0
BRDA:112,15,0,0
BRDA:112,15,1,0
BRDA:112,16,0,0
BRDA:112,16,1,0
BRDA:115,17,0,0
BRDA:115,17,1,0
BRDA:117,18,0,0
BRDA:117,18,1,0
BRDA:122,19,0,4
BRDA:122,19,1,0
BRDA:124,20,0,4
BRDA:124,20,1,0
BRDA:124,21,0,0
BRDA:124,21,1,0
BRDA:125,22,0,0
BRDA:125,22,1,4
BRDA:134,23,0,4
BRDA:134,23,1,0
BRDA:140,24,0,3
BRDA:140,24,1,1
BRDA:140,25,0,3
BRDA:140,25,1,0
BRDA:141,26,0,4
BRDA:141,26,1,0
BRDA:141,27,0,4
BRDA:141,27,1,4
BRDA:144,28,0,4
BRDA:144,28,1,0
BRDA:146,29,0,4
BRDA:146,29,1,0
BRDA:147,30,0,1
BRDA:147,30,1,3
BRDA:152,31,0,2
BRDA:152,31,1,2
BRDA:152,31,2,2
BRDA:153,32,0,2
BRDA:153,32,1,2
BRDA:153,33,0,2
BRDA:153,33,1,2
BRDA:155,34,0,2
BRDA:155,34,1,2
BRDA:160,35,0,2
BRDA:160,35,1,2
BRDA:161,36,0,2
BRDA:161,36,1,0
BRDA:167,37,0,0
BRDA:167,37,1,0
BRDA:167,38,0,0
BRDA:167,38,1,0
BRDA:169,39,0,0
BRDA:169,39,1,0
BRDA:171,40,0,4
BRDA:171,40,1,0
BRDA:177,41,0,0
BRDA:177,41,1,0
BRDA:188,42,0,1
BRDA:188,42,1,1
BRDA:197,43,0,1
BRDA:197,43,1,0
BRDA:214,44,0,17
BRDA:214,44,1,7
BRDA:222,45,0,0
BRDA:222,45,1,0
BRDA:224,46,0,0
BRDA:224,46,1,0
BRDA:231,47,0,4
BRDA:231,47,1,2
BRDA:233,48,0,4
BRDA:233,48,1,0
BRF:104
BRH:58
end_of_record
TN:
SF:src/hooks/useCartValidation.ts
FN:10,useCartValidation
FN:11,(anonymous_1)
FN:12,(anonymous_2)
FN:15,(anonymous_3)
FN:17,run
FN:27,(anonymous_5)
FN:49,(anonymous_6)
FNF:7
FNH:0
FNDA:0,useCartValidation
FNDA:0,(anonymous_1)
FNDA:0,(anonymous_2)
FNDA:0,(anonymous_3)
FNDA:0,run
FNDA:0,(anonymous_5)
FNDA:0,(anonymous_6)
DA:11,0
DA:12,0
DA:13,0
DA:15,0
DA:16,0
DA:18,0
DA:19,0
DA:20,0
DA:21,0
DA:25,0
DA:26,0
DA:27,0
DA:29,0
DA:30,0
DA:31,0
DA:33,0
DA:34,0
DA:36,0
DA:39,0
DA:43,0
DA:44,0
DA:45,0
DA:48,0
DA:49,0
DA:50,0
DA:54,0
LF:26
LH:0
BRDA:25,0,0,0
BRDA:25,0,1,0
BRDA:25,0,2,0
BRDA:26,1,0,0
BRDA:26,1,1,0
BRDA:29,2,0,0
BRDA:29,2,1,0
BRDA:29,3,0,0
BRDA:29,3,1,0
BRDA:33,4,0,0
BRDA:33,4,1,0
BRDA:43,5,0,0
BRDA:43,5,1,0
BRF:13
BRH:0
end_of_record
TN:
SF:src/hooks/useConcierge.ts
FN:19,useConcierge
FN:31,(anonymous_1)
FN:32,(anonymous_2)
FN:49,(anonymous_3)
FN:60,(anonymous_4)
FN:91,(anonymous_5)
FN:92,(anonymous_6)
FN:168,(anonymous_7)
FN:170,(anonymous_8)
FN:177,(anonymous_9)
FNF:10
FNH:8
FNDA:18,useConcierge
FNDA:9,(anonymous_1)
FNDA:9,(anonymous_2)
FNDA:3,(anonymous_3)
FNDA:6,(anonymous_4)
FNDA:6,(anonymous_5)
FNDA:6,(anonymous_6)
FNDA:0,(anonymous_7)
FNDA:0,(anonymous_8)
FNDA:1,(anonymous_9)
DA:16,1
DA:17,1
DA:20,18
DA:28,18
DA:31,18
DA:32,9
DA:33,9
DA:34,9
DA:35,9
DA:36,1
DA:37,1
DA:38,1
DA:42,0
DA:45,9
DA:49,18
DA:50,3
DA:52,3
DA:53,3
DA:55,0
DA:59,18
DA:66,6
DA:68,6
DA:76,6
DA:84,6
DA:85,6
DA:86,6
DA:88,6
DA:90,6
DA:91,6
DA:92,6
DA:97,6
DA:100,3
DA:108,3
DA:115,3
DA:116,3
DA:117,3
DA:119,3
DA:122,3
DA:128,3
DA:136,3
DA:137,3
DA:140,3
DA:142,3
DA:143,1
DA:144,1
DA:147,1
DA:148,2
DA:149,1
DA:150,1
DA:151,1
DA:152,1
DA:153,1
DA:155,0
DA:156,0
DA:159,3
DA:161,6
DA:167,18
DA:170,0
DA:171,0
DA:172,0
DA:177,18
DA:178,1
DA:184,1
DA:185,1
DA:188,18
LF:65
LH:58
BRDA:35,0,0,1
BRDA:35,0,1,8
BRDA:37,1,0,1
BRDA:37,1,1,0
BRDA:37,2,0,1
BRDA:37,2,1,1
BRDA:66,3,0,0
BRDA:66,3,1,6
BRDA:93,4,0,0
BRDA:93,4,1,6
BRDA:110,5,0,3
BRDA:110,5,1,0
BRDA:124,6,0,3
BRDA:124,6,1,2
BRDA:124,6,2,1
BRDA:142,7,0,1
BRDA:142,7,1,2
BRDA:144,8,0,1
BRDA:144,8,1,0
BRDA:148,9,0,1
BRDA:148,9,1,1
BRDA:151,10,0,1
BRDA:151,10,1,0
BRDA:155,11,0,0
BRDA:155,11,1,0
BRDA:156,12,0,0
BRDA:156,12,1,0
BRF:27
BRH:17
end_of_record
TN:
SF:src/hooks/useDeepLinkHandler.ts
FN:10,useDeepLinkHandler
FN:14,(anonymous_1)
FN:15,(anonymous_2)
FN:37,(anonymous_3)
FN:80,(anonymous_4)
FN:84,(anonymous_5)
FN:90,(anonymous_6)
FNF:7
FNH:6
FNDA:1,useDeepLinkHandler
FNDA:1,(anonymous_1)
FNDA:1,(anonymous_2)
FNDA:1,(anonymous_3)
FNDA:0,(anonymous_4)
FNDA:1,(anonymous_5)
FNDA:1,(anonymous_6)
DA:11,1
DA:12,1
DA:14,1
DA:15,1
DA:16,1
DA:18,1
DA:19,0
DA:22,1
DA:23,1
DA:24,0
DA:25,0
DA:28,1
DA:31,1
DA:34,1
DA:35,1
DA:36,1
DA:37,1
DA:39,1
DA:40,1
DA:43,1
DA:44,1
DA:55,0
DA:56,0
DA:58,0
DA:62,0
DA:67,0
DA:68,0
DA:70,0
DA:72,0
DA:76,0
DA:80,1
DA:81,1
DA:84,1
DA:85,1
DA:86,1
DA:90,1
LF:36
LH:24
BRDA:18,0,0,0
BRDA:18,0,1,1
BRDA:23,1,0,0
BRDA:23,1,1,1
BRDA:31,2,0,1
BRDA:31,2,1,0
BRDA:31,2,2,0
BRDA:31,2,3,0
BRDA:31,2,4,0
BRDA:31,2,5,0
BRDA:31,2,6,0
BRDA:31,2,7,0
BRDA:31,2,8,0
BRDA:35,3,0,1
BRDA:35,3,1,0
BRDA:35,4,0,1
BRDA:35,4,1,1
BRDA:37,5,0,1
BRDA:37,5,1,0
BRDA:39,6,0,1
BRDA:39,6,1,0
BRDA:55,7,0,0
BRDA:55,7,1,0
BRDA:55,8,0,0
BRDA:55,8,1,0
BRDA:67,9,0,0
BRDA:67,9,1,0
BRDA:67,10,0,0
BRDA:67,10,1,0
BRDA:85,11,0,1
BRDA:85,11,1,0
BRF:31
BRH:9
end_of_record
TN:
SF:src/hooks/useEducationalArticles.ts
FN:6,fetchArticles
FN:11,useEducationalArticles
FNF:2
FNH:0
FNDA:0,fetchArticles
FNDA:0,useEducationalArticles
DA:7,0
DA:8,0
DA:12,0
LF:3
LH:0
BRF:0
BRH:0
end_of_record
TN:
SF:src/hooks/useFAQ.ts
FN:5,useFAQQuery
FNF:1
FNH:0
FNDA:0,useFAQQuery
DA:6,0
LF:1
LH:0
BRF:0
BRH:0
end_of_record
TN:
SF:src/hooks/useFilters.ts
FN:5,useFiltersQuery
FNF:1
FNH:1
FNDA:18,useFiltersQuery
DA:6,18
LF:1
LH:1
BRF:0
BRH:0
end_of_record
TN:
SF:src/hooks/useForYouToday.ts
FN:9,useForYouToday
FN:13,(anonymous_1)
FNF:2
FNH:0
FNDA:0,useForYouToday
FNDA:0,(anonymous_1)
DA:10,0
DA:14,0
DA:15,0
DA:17,0
DA:18,0
DA:19,0
DA:20,0
DA:23,0
DA:24,0
DA:28,0
DA:29,0
DA:31,0
DA:32,0
DA:33,0
LF:14
LH:0
BRDA:12,0,0,0
BRDA:12,0,1,0
BRDA:17,1,0,0
BRDA:17,1,1,0
BRDA:19,2,0,0
BRDA:19,2,1,0
BRDA:32,3,0,0
BRDA:32,3,1,0
BRF:8
BRH:0
end_of_record
TN:
SF:src/hooks/useHomeBanners.ts
FN:6,fetchBanners
FN:11,useHomeBanners
FNF:2
FNH:0
FNDA:0,fetchBanners
FNDA:0,useHomeBanners
DA:7,0
DA:8,0
DA:12,0
LF:3
LH:0
BRF:0
BRH:0
end_of_record
TN:
SF:src/hooks/useLegal.ts
FN:5,useLegal
FNF:1
FNH:0
FNDA:0,useLegal
DA:6,0
LF:1
LH:0
BRF:0
BRH:0
end_of_record
TN:
SF:src/hooks/useOfflineCartQueue.ts
FN:13,useOfflineCartQueue
FN:15,(anonymous_1)
FN:43,(anonymous_2)
FN:45,(anonymous_3)
FN:48,(anonymous_4)
FN:79,(anonymous_5)
FNF:6
FNH:6
FNDA:22,useOfflineCartQueue
FNDA:7,(anonymous_1)
FNDA:6,(anonymous_2)
FNDA:1,(anonymous_3)
FNDA:6,(anonymous_4)
FNDA:2,(anonymous_5)
DA:14,22
DA:15,22
DA:16,7
DA:17,7
DA:18,3
DA:19,3
DA:20,2
DA:21,2
DA:23,1
DA:24,1
DA:25,0
DA:26,0
DA:27,0
DA:29,1
DA:30,1
DA:32,1
DA:35,0
DA:36,0
DA:39,1
DA:40,1
DA:43,22
DA:44,6
DA:45,6
DA:46,1
DA:48,6
DA:50,6
DA:52,4
DA:53,4
DA:57,4
DA:59,2
DA:60,2
DA:61,0
DA:62,0
DA:66,0
DA:68,2
DA:69,0
DA:70,0
DA:79,22
DA:80,2
DA:81,2
DA:82,2
DA:83,2
DA:84,2
DA:86,2
DA:87,2
DA:88,0
DA:92,22
LF:47
LH:36
BRDA:17,0,0,4
BRDA:17,0,1,3
BRDA:19,1,0,2
BRDA:19,1,1,1
BRDA:24,2,0,0
BRDA:24,2,1,1
BRDA:24,3,0,1
BRDA:24,3,1,1
BRDA:46,4,0,1
BRDA:46,4,1,0
BRDA:50,5,0,4
BRDA:50,5,1,2
BRDA:60,6,0,0
BRDA:60,6,1,2
BRDA:60,7,0,2
BRDA:60,7,1,0
BRDA:68,8,0,0
BRDA:68,8,1,2
BRDA:68,9,0,2
BRDA:68,9,1,0
BRDA:81,10,0,0
BRDA:81,10,1,2
BRDA:87,11,0,0
BRDA:87,11,1,2
BRF:24
BRH:16
end_of_record
TN:
SF:src/hooks/useOfflineJournalQueue.ts
FN:18,useOfflineJournalQueue
FN:21,(anonymous_1)
FN:22,(anonymous_2)
FN:74,(anonymous_3)
FN:80,(anonymous_4)
FN:98,(anonymous_5)
FNF:6
FNH:6
FNDA:45,useOfflineJournalQueue
FNDA:24,(anonymous_1)
FNDA:27,(anonymous_2)
FNDA:3,(anonymous_3)
FNDA:24,(anonymous_4)
FNDA:7,(anonymous_5)
DA:19,45
DA:21,45
DA:22,24
DA:23,27
DA:24,27
DA:25,27
DA:27,25
DA:28,24
DA:29,15
DA:30,15
DA:33,9
DA:34,9
DA:35,0
DA:36,0
DA:39,9
DA:41,9
DA:42,13
DA:43,13
DA:44,11
DA:45,2
DA:46,2
DA:48,11
DA:51,2
DA:56,9
DA:57,9
DA:58,7
DA:59,7
DA:61,2
DA:62,2
DA:66,1
DA:70,24
DA:74,24
DA:75,3
DA:76,3
DA:80,24
DA:81,24
DA:83,12
DA:84,12
DA:88,12
DA:89,12
DA:90,12
DA:98,45
DA:99,7
DA:100,7
DA:101,7
DA:102,7
DA:103,7
DA:106,45
LF:48
LH:46
BRDA:25,0,0,2
BRDA:25,0,1,25
BRDA:28,1,0,15
BRDA:28,1,1,9
BRDA:34,2,0,0
BRDA:34,2,1,9
BRDA:43,3,0,11
BRDA:43,3,1,2
BRDA:45,4,0,2
BRDA:45,4,1,0
BRDA:45,5,0,2
BRDA:45,5,1,2
BRDA:57,6,0,7
BRDA:57,6,1,2
BRDA:75,7,0,3
BRDA:75,7,1,0
BRDA:81,8,0,12
BRDA:81,8,1,12
BRDA:88,9,0,12
BRDA:88,9,1,0
BRDA:88,10,0,12
BRDA:88,10,1,12
BRDA:100,11,0,1
BRDA:100,11,1,6
BRF:24
BRH:20
end_of_record
TN:
SF:src/hooks/useOrders.ts
FN:8,(anonymous_0)
FN:10,useCreateOrder
FN:17,(anonymous_2)
FN:20,(anonymous_3)
FN:23,(anonymous_4)
FN:30,useOrder
FN:33,(anonymous_6)
FN:36,(anonymous_7)
FNF:8
FNH:0
FNDA:0,(anonymous_0)
FNDA:0,useCreateOrder
FNDA:0,(anonymous_2)
FNDA:0,(anonymous_3)
FNDA:0,(anonymous_4)
FNDA:0,useOrder
FNDA:0,(anonymous_6)
FNDA:0,(anonymous_7)
DA:7,0
DA:8,0
DA:14,0
DA:15,0
DA:19,0
DA:20,0
DA:21,0
DA:24,0
DA:27,0
DA:31,0
DA:35,0
DA:36,0
LF:12
LH:0
BRDA:30,0,0,0
BRDA:38,1,0,0
BRDA:38,1,1,0
BRF:3
BRH:0
end_of_record
TN:
SF:src/hooks/usePersonalization.ts
FN:6,usePersonalization
FN:9,(anonymous_1)
FN:10,(anonymous_2)
FN:15,(anonymous_3)
FNF:4
FNH:0
FNDA:0,usePersonalization
FNDA:0,(anonymous_1)
FNDA:0,(anonymous_2)
FNDA:0,(anonymous_3)
DA:4,0
DA:7,0
DA:9,0
DA:10,0
DA:11,0
DA:15,0
DA:16,0
DA:17,0
DA:20,0
LF:9
LH:0
BRDA:11,0,0,0
BRDA:11,0,1,0
BRDA:17,1,0,0
BRDA:17,1,1,0
BRF:4
BRH:0
end_of_record
TN:
SF:src/hooks/useProductDetails.ts
FN:22,fetchProduct
FN:37,useProductDetails
FN:41,(anonymous_2)
FNF:3
FNH:0
FNDA:0,fetchProduct
FNDA:0,useProductDetails
FNDA:0,(anonymous_2)
DA:23,0
DA:29,0
DA:30,0
DA:31,0
DA:34,0
DA:38,0
DA:42,0
DA:43,0
DA:44,0
DA:45,0
DA:46,0
DA:47,0
DA:48,0
DA:50,0
DA:51,0
DA:52,0
DA:53,0
DA:55,0
DA:56,0
DA:57,0
LF:20
LH:0
BRDA:29,0,0,0
BRDA:29,0,1,0
BRDA:30,1,0,0
BRDA:30,1,1,0
BRDA:31,2,0,0
BRDA:31,2,1,0
BRDA:31,2,2,0
BRDA:42,3,0,0
BRDA:42,3,1,0
BRDA:43,4,0,0
BRDA:43,4,1,0
BRDA:45,5,0,0
BRDA:45,5,1,0
BRDA:47,6,0,0
BRDA:47,6,1,0
BRDA:56,7,0,0
BRDA:56,7,1,0
BRF:17
BRH:0
end_of_record
TN:
SF:src/hooks/useProductDrops.ts
FN:6,fetchDrops
FN:11,useProductDrops
FNF:2
FNH:0
FNDA:0,fetchDrops
FNDA:0,useProductDrops
DA:7,0
DA:8,0
DA:12,0
LF:3
LH:0
BRF:0
BRH:0
end_of_record
TN:
SF:src/hooks/useProducts.ts
FN:17,fetchPage
FN:25,useProducts
FN:28,(anonymous_2)
FN:48,(anonymous_3)
FNF:4
FNH:0
FNDA:0,fetchPage
FNDA:0,useProducts
FNDA:0,(anonymous_2)
FNDA:0,(anonymous_3)
DA:9,0
DA:18,0
DA:21,0
DA:22,0
DA:26,0
DA:29,0
DA:30,0
DA:32,0
DA:33,0
DA:34,0
DA:35,0
DA:38,0
DA:39,0
DA:40,0
DA:41,0
DA:43,0
DA:44,0
DA:45,0
DA:49,0
LF:19
LH:0
BRDA:21,0,0,0
BRDA:21,0,1,0
BRDA:28,1,0,0
BRDA:29,2,0,0
BRDA:29,2,1,0
BRDA:29,3,0,0
BRDA:29,3,1,0
BRDA:32,4,0,0
BRDA:32,4,1,0
BRDA:34,5,0,0
BRDA:34,5,1,0
BRDA:44,6,0,0
BRDA:44,6,1,0
BRDA:49,7,0,0
BRDA:49,7,1,0
BRF:15
BRH:0
end_of_record
TN:
SF:src/hooks/usePulse.ts
FN:29,usePulse
FN:42,(anonymous_1)
FN:66,(anonymous_2)
FN:80,usePulseCTA
FN:83,(anonymous_4)
FNF:5
FNH:5
FNDA:22,usePulse
FNDA:13,(anonymous_1)
FNDA:22,(anonymous_2)
FNDA:9,usePulseCTA
FNDA:8,(anonymous_4)
DA:37,22
DA:39,22
DA:40,22
DA:42,22
DA:44,13
DA:45,2
DA:49,11
DA:50,8
DA:54,11
DA:66,22
DA:70,22
DA:81,9
DA:83,9
DA:84,8
DA:85,6
DA:87,8
DA:90,9
LF:17
LH:17
BRDA:30,0,0,12
BRDA:37,1,0,19
BRDA:37,2,0,20
BRDA:37,3,0,19
BRDA:37,4,0,19
BRDA:44,5,0,2
BRDA:44,5,1,11
BRDA:44,6,0,13
BRDA:44,6,1,12
BRDA:49,7,0,8
BRDA:49,7,1,3
BRDA:71,8,0,16
BRDA:71,8,1,6
BRDA:71,9,0,22
BRDA:71,9,1,19
BRDA:73,10,0,22
BRDA:73,10,1,19
BRDA:84,11,0,6
BRDA:84,11,1,2
BRF:19
BRH:19
end_of_record
TN:
SF:src/hooks/useTextScaling.ts
FN:3,(anonymous_0)
FN:6,(anonymous_1)
FN:22,(anonymous_2)
FNF:3
FNH:3
FNDA:8,(anonymous_0)
FNDA:16,(anonymous_1)
FNDA:8,(anonymous_2)
DA:3,2
DA:4,8
DA:6,8
DA:7,16
DA:9,5
DA:11,2
DA:13,4
DA:15,3
DA:18,2
DA:22,8
DA:23,8
DA:26,8
LF:12
LH:12
BRDA:7,0,0,5
BRDA:7,0,1,2
BRDA:7,0,2,4
BRDA:7,0,3,3
BRDA:7,0,4,2
BRDA:7,0,5,2
BRF:6
BRH:6
end_of_record
TN:
SF:src/hooks/useWeatherCondition.ts
FN:4,useWeatherCondition
FNF:1
FNH:1
FNDA:3,useWeatherCondition
DA:5,3
DA:8,3
DA:9,0
DA:17,3
DA:18,0
DA:26,3
DA:27,3
DA:29,3
DA:30,0
DA:31,3
DA:32,3
DA:33,0
DA:34,0
DA:36,0
DA:39,3
LF:15
LH:9
BRDA:8,0,0,0
BRDA:8,0,1,3
BRDA:8,1,0,3
BRDA:8,1,1,0
BRDA:17,2,0,0
BRDA:17,2,1,3
BRDA:17,3,0,3
BRDA:17,3,1,0
BRDA:29,4,0,0
BRDA:29,4,1,3
BRDA:29,5,0,3
BRDA:29,5,1,3
BRDA:31,6,0,3
BRDA:31,6,1,0
BRDA:31,7,0,3
BRDA:31,7,1,3
BRDA:33,8,0,0
BRDA:33,8,1,0
BRDA:33,9,0,0
BRDA:33,9,1,0
BRF:20
BRH:10
end_of_record
TN:
SF:src/hooks/useWeatherFilterParam.ts
FN:7,useWeatherFilterParam
FN:8,(anonymous_1)
FNF:2
FNH:2
FNDA:21,useWeatherFilterParam
FNDA:11,(anonymous_1)
DA:8,21
DA:9,11
DA:10,11
DA:11,11
DA:12,11
DA:13,11
DA:14,11
DA:15,0
DA:17,0
LF:9
LH:7
BRDA:11,0,0,11
BRDA:11,0,1,11
BRDA:14,1,0,11
BRDA:14,1,1,0
BRDA:14,2,0,11
BRDA:14,2,1,0
BRF:6
BRH:4
end_of_record
TN:
SF:src/hooks/useWeatherRecommendations.ts
FN:30,useWeatherRecommendations
FN:38,(anonymous_1)
FN:72,(anonymous_2)
FN:85,mapWeatherCondition
FNF:4
FNH:4
FNDA:15,useWeatherRecommendations
FNDA:8,(anonymous_1)
FNDA:8,(anonymous_2)
FNDA:20,mapWeatherCondition
DA:33,15
DA:34,15
DA:35,15
DA:36,15
DA:38,15
DA:39,8
DA:40,3
DA:43,5
DA:44,5
DA:46,5
DA:47,5
DA:52,5
DA:53,5
DA:55,5
DA:57,3
DA:58,1
DA:59,1
DA:62,2
DA:63,2
DA:65,3
DA:66,3
DA:68,5
DA:72,15
DA:73,8
DA:76,15
DA:86,20
DA:88,20
DA:89,3
DA:91,17
DA:92,2
DA:94,15
DA:95,3
DA:97,12
DA:98,4
DA:100,8
DA:101,2
DA:103,6
DA:104,1
DA:106,5
DA:107,3
DA:110,2
LF:41
LH:41
BRDA:31,0,0,0
BRDA:33,1,0,9
BRDA:33,2,0,10
BRDA:39,3,0,3
BRDA:39,3,1,5
BRDA:39,4,0,8
BRDA:39,4,1,7
BRDA:52,5,0,1
BRDA:52,5,1,4
BRDA:53,6,0,1
BRDA:53,6,1,4
BRDA:57,7,0,1
BRDA:57,7,1,2
BRDA:59,8,0,1
BRDA:59,8,1,0
BRDA:65,9,0,3
BRDA:65,9,1,0
BRDA:88,10,0,3
BRDA:88,10,1,17
BRDA:88,11,0,20
BRDA:88,11,1,17
BRDA:91,12,0,2
BRDA:91,12,1,15
BRDA:94,13,0,3
BRDA:94,13,1,12
BRDA:94,14,0,15
BRDA:94,14,1,13
BRDA:97,15,0,4
BRDA:97,15,1,8
BRDA:97,16,0,12
BRDA:97,16,1,9
BRDA:98,17,0,1
BRDA:98,17,1,3
BRDA:100,18,0,2
BRDA:100,18,1,6
BRDA:100,19,0,8
BRDA:100,19,1,7
BRDA:103,20,0,1
BRDA:103,20,1,5
BRDA:106,21,0,3
BRDA:106,21,1,2
BRDA:106,22,0,5
BRDA:106,22,1,2
BRF:43
BRH:40
end_of_record
TN:
SF:src/hooks/useWeatherRecommendationsPreference.ts
FN:10,useWeatherRecommendationsPreference
FN:18,(anonymous_1)
FN:21,(anonymous_2)
FN:25,(anonymous_3)
FN:26,(anonymous_4)
FN:31,(anonymous_5)
FNF:6
FNH:5
FNDA:26,useWeatherRecommendationsPreference
FNDA:12,(anonymous_1)
FNDA:12,(anonymous_2)
FNDA:12,(anonymous_3)
FNDA:12,(anonymous_4)
FNDA:0,(anonymous_5)
DA:8,3
DA:15,26
DA:16,26
DA:18,26
DA:19,12
DA:20,12
DA:22,12
DA:23,12
DA:25,12
DA:26,12
DA:27,12
DA:31,26
DA:32,0
DA:33,0
DA:34,0
DA:40,26
LF:16
LH:13
BRDA:22,0,0,0
BRDA:22,0,1,12
BRDA:23,1,0,0
BRDA:23,1,1,12
BRDA:25,2,0,12
BRDA:25,2,1,12
BRDA:34,3,0,0
BRDA:34,3,1,0
BRF:8
BRH:4
end_of_record
TN:
SF:src/lib/audio.ts
FN:18,initializeAudio
FN:39,preload
FN:56,(anonymous_2)
FN:57,(anonymous_3)
FN:72,play
FN:102,stop
FN:119,unload
FN:134,unloadAll
FN:135,(anonymous_8)
FN:152,getCachedKeys
FN:159,isCached
FNF:11
FNH:11
FNDA:29,initializeAudio
FNDA:21,preload
FNDA:20,(anonymous_2)
FNDA:1,(anonymous_3)
FNDA:5,play
FNDA:3,stop
FNDA:2,unload
FNDA:25,unloadAll
FNDA:17,(anonymous_8)
FNDA:4,getCachedKeys
FNDA:6,isCached
DA:12,3
DA:13,3
DA:19,29
DA:21,21
DA:22,21
DA:29,20
DA:32,1
DA:40,21
DA:42,20
DA:44,20
DA:45,20
DA:47,20
DA:50,20
DA:56,20
DA:57,20
DA:60,20
DA:61,18
DA:64,2
DA:73,5
DA:74,5
DA:76,5
DA:77,1
DA:80,5
DA:81,5
DA:82,1
DA:83,1
DA:87,4
DA:88,4
DA:89,1
DA:92,4
DA:94,1
DA:103,3
DA:104,3
DA:105,3
DA:107,2
DA:108,2
DA:109,2
DA:112,1
DA:120,2
DA:121,2
DA:122,2
DA:124,2
DA:125,1
DA:127,1
DA:135,25
DA:136,17
DA:137,17
DA:139,1
DA:143,25
DA:144,25
DA:146,25
DA:153,4
DA:160,6
DA:164,3
LF:54
LH:54
BRDA:19,0,0,8
BRDA:19,0,1,21
BRDA:39,1,0,18
BRDA:40,2,0,1
BRDA:40,2,1,20
BRDA:42,3,0,19
BRDA:52,4,0,20
BRDA:52,4,1,19
BRDA:53,5,0,20
BRDA:53,5,1,19
BRDA:72,6,0,5
BRDA:76,7,0,1
BRDA:76,7,1,4
BRDA:76,8,0,5
BRDA:76,8,1,2
BRDA:81,9,0,1
BRDA:81,9,1,4
BRDA:88,10,0,1
BRDA:88,10,1,3
BRDA:88,11,0,4
BRDA:88,11,1,4
BRDA:105,12,0,1
BRDA:105,12,1,2
BRDA:108,13,0,2
BRDA:108,13,1,0
BRDA:108,14,0,2
BRDA:108,14,1,2
BRDA:122,15,0,0
BRDA:122,15,1,2
BRF:29
BRH:27
end_of_record
TN:
SF:src/lib/haptics.ts
FN:6,(anonymous_0)
FN:7,(anonymous_1)
FN:8,(anonymous_2)
FN:9,(anonymous_3)
FN:10,(anonymous_4)
FN:11,(anonymous_5)
FN:12,(anonymous_6)
FNF:7
FNH:7
FNDA:1,(anonymous_0)
FNDA:1,(anonymous_1)
FNDA:1,(anonymous_2)
FNDA:1,(anonymous_3)
FNDA:15,(anonymous_4)
FNDA:5,(anonymous_5)
FNDA:6,(anonymous_6)
DA:3,16
DA:5,16
DA:6,1
DA:7,1
DA:8,1
DA:9,1
DA:10,15
DA:11,5
DA:12,6
LF:9
LH:9
BRF:0
BRH:0
end_of_record
TN:
SF:src/lib/logger.ts
FN:6,(anonymous_0)
FN:14,(anonymous_1)
FN:21,(anonymous_2)
FNF:3
FNH:3
FNDA:27,(anonymous_0)
FNDA:8,(anonymous_1)
FNDA:6,(anonymous_2)
DA:5,28
DA:7,27
DA:8,2
DA:11,25
DA:15,8
DA:16,2
DA:18,6
DA:22,6
DA:23,6
DA:24,3
DA:25,3
DA:26,2
DA:27,0
DA:30,1
DA:33,3
DA:34,2
LF:16
LH:15
BRDA:7,0,0,2
BRDA:7,0,1,25
BRDA:15,1,0,2
BRDA:15,1,1,6
BRDA:22,2,0,2
BRDA:22,2,1,4
BRDA:23,3,0,3
BRDA:23,3,1,3
BRDA:26,4,0,2
BRDA:26,4,1,0
BRDA:33,5,0,1
BRDA:33,5,1,2
BRF:12
BRH:11
end_of_record
TN:
SF:src/navigation/AccountStack.tsx
FN:44,AccountStack
FNF:1
FNH:0
FNDA:0,AccountStack
DA:42,0
DA:45,0
LF:2
LH:0
BRF:0
BRH:0
end_of_record
TN:
SF:src/navigation/AuthStack.tsx
FN:16,AuthStack
FNF:1
FNH:0
FNDA:0,AuthStack
DA:14,0
DA:17,0
LF:2
LH:0
BRF:0
BRH:0
end_of_record
TN:
SF:src/navigation/CheckoutStack.tsx
FN:22,CheckoutStack
FNF:1
FNH:0
FNDA:0,CheckoutStack
DA:20,0
DA:23,0
LF:2
LH:0
BRF:0
BRH:0
end_of_record
TN:
SF:src/navigation/ContentStack.tsx
FN:38,ContentStack
FNF:1
FNH:0
FNDA:0,ContentStack
DA:36,0
DA:39,0
LF:2
LH:0
BRF:0
BRH:0
end_of_record
TN:
SF:src/navigation/OnboardingStack.tsx
FN:22,OnboardingStack
FNF:1
FNH:0
FNDA:0,OnboardingStack
DA:20,0
DA:23,0
LF:2
LH:0
BRF:0
BRH:0
end_of_record
TN:
SF:src/navigation/RootNavigator.tsx
FN:25,RootNavigator
FNF:1
FNH:0
FNDA:0,RootNavigator
DA:23,0
DA:26,0
LF:2
LH:0
BRF:0
BRH:0
end_of_record
TN:
SF:src/navigation/ShopStack.tsx
FN:24,ShopStack
FNF:1
FNH:0
FNDA:0,ShopStack
DA:22,0
DA:25,0
LF:2
LH:0
BRF:0
BRH:0
end_of_record
TN:
SF:src/navigation/index.ts
FNF:0
FNH:0
LF:0
LH:0
BRF:0
BRH:0
end_of_record
TN:
SF:src/navigation/linking.ts
FNF:0
FNH:0
DA:1,4
LF:1
LH:1
BRF:0
BRH:0
end_of_record
TN:
SF:src/navigation/types.ts
FNF:0
FNH:0
LF:0
LH:0
BRF:0
BRH:0
end_of_record
TN:
SF:src/screens/AccessibilitySettingsScreen.tsx
FN:40,AccessibilitySettingsScreen
FN:51,(anonymous_1)
FN:52,(anonymous_2)
FN:66,(anonymous_3)
FN:82,(anonymous_4)
FN:88,(anonymous_5)
FN:110,(anonymous_6)
FN:115,(anonymous_7)
FN:116,(anonymous_8)
FN:144,(anonymous_9)
FN:153,(anonymous_10)
FN:162,(anonymous_11)
FNF:12
FNH:0
FNDA:0,AccessibilitySettingsScreen
FNDA:0,(anonymous_1)
FNDA:0,(anonymous_2)
FNDA:0,(anonymous_3)
FNDA:0,(anonymous_4)
FNDA:0,(anonymous_5)
FNDA:0,(anonymous_6)
FNDA:0,(anonymous_7)
FNDA:0,(anonymous_8)
FNDA:0,(anonymous_9)
FNDA:0,(anonymous_10)
FNDA:0,(anonymous_11)
DA:27,0
DA:28,0
DA:41,0
DA:42,0
DA:44,0
DA:46,0
DA:47,0
DA:48,0
DA:51,0
DA:52,0
DA:53,0
DA:54,0
DA:55,0
DA:57,0
DA:59,0
DA:60,0
DA:66,0
DA:67,0
DA:68,0
DA:69,0
DA:70,0
DA:71,0
DA:72,0
DA:73,0
DA:75,0
DA:77,0
DA:82,0
DA:83,0
DA:84,0
DA:85,0
DA:88,0
DA:89,0
DA:90,0
DA:91,0
DA:95,0
DA:96,0
DA:103,0
DA:104,0
DA:111,0
DA:112,0
DA:113,0
DA:115,0
DA:116,0
DA:126,0
DA:128,0
DA:144,0
DA:153,0
DA:162,0
DA:173,0
LF:49
LH:0
BRDA:27,0,0,0
BRDA:27,0,1,0
BRDA:27,1,0,0
BRDA:27,1,1,0
BRDA:44,2,0,0
BRDA:44,2,1,0
BRDA:44,3,0,0
BRDA:44,3,1,0
BRDA:67,4,0,0
BRDA:67,4,1,0
BRDA:83,5,0,0
BRDA:83,5,1,0
BRDA:95,6,0,0
BRDA:95,6,1,0
BRDA:103,7,0,0
BRDA:103,7,1,0
BRDA:126,8,0,0
BRDA:126,8,1,0
BRF:18
BRH:0
end_of_record
TN:
SF:src/screens/AddAddressScreen.tsx
FN:38,AddAddressScreen
FN:48,(anonymous_1)
FN:74,(anonymous_2)
FN:80,(anonymous_3)
FN:124,(anonymous_4)
FN:130,(anonymous_5)
FN:153,(anonymous_6)
FNF:7
FNH:6
FNDA:6,AddAddressScreen
FNDA:2,(anonymous_1)
FNDA:0,(anonymous_2)
FNDA:1,(anonymous_3)
FNDA:42,(anonymous_4)
FNDA:87,(anonymous_5)
FNDA:12,(anonymous_6)
DA:32,1
DA:33,0
DA:39,6
DA:40,6
DA:42,6
DA:45,6
DA:46,6
DA:48,6
DA:49,2
DA:53,6
DA:56,6
DA:74,6
DA:75,0
DA:76,0
DA:77,0
DA:80,6
DA:81,1
DA:82,1
DA:83,1
DA:84,1
DA:86,1
DA:92,1
DA:93,0
DA:95,1
DA:97,1
DA:98,1
DA:100,0
DA:102,1
DA:106,6
DA:125,42
DA:143,87
DA:154,12
DA:155,12
DA:182,1
LF:34
LH:28
BRDA:32,0,0,0
BRDA:32,0,1,1
BRDA:32,1,0,1
BRDA:32,1,1,0
BRDA:53,2,0,0
BRDA:53,2,1,6
BRDA:53,3,0,0
BRDA:53,3,1,6
BRDA:56,4,0,0
BRDA:56,4,1,6
BRDA:64,5,0,0
BRDA:64,5,1,6
BRDA:92,6,0,0
BRDA:92,6,1,1
BRDA:92,7,0,1
BRDA:92,7,1,1
BRDA:100,8,0,0
BRDA:100,8,1,0
BRDA:151,9,0,87
BRDA:151,9,1,30
BRDA:158,10,0,87
BRDA:158,10,1,2
BRDA:171,11,0,1
BRDA:171,11,1,5
BRF:24
BRH:15
end_of_record
TN:
SF:src/screens/AddPaymentScreen.tsx
FN:56,AddPaymentScreen
FN:70,(anonymous_1)
FN:96,(anonymous_2)
FN:102,(anonymous_3)
FN:170,(anonymous_4)
FN:177,(anonymous_5)
FN:183,(anonymous_6)
FN:203,(anonymous_7)
FN:216,(anonymous_8)
FNF:9
FNH:7
FNDA:16,AddPaymentScreen
FNDA:3,(anonymous_1)
FNDA:0,(anonymous_2)
FNDA:2,(anonymous_3)
FNDA:80,(anonymous_4)
FNDA:16,(anonymous_5)
FNDA:0,(anonymous_6)
FNDA:74,(anonymous_7)
FNDA:8,(anonymous_8)
DA:28,1
DA:29,0
DA:49,1
DA:57,16
DA:58,16
DA:59,16
DA:61,16
DA:67,16
DA:68,16
DA:70,16
DA:71,3
DA:75,16
DA:78,16
DA:96,16
DA:97,0
DA:98,0
DA:99,0
DA:102,16
DA:103,2
DA:104,2
DA:105,2
DA:107,2
DA:114,1
DA:115,1
DA:116,1
DA:118,1
DA:122,16
DA:154,16
DA:171,80
DA:182,16
DA:183,0
DA:208,74
DA:217,8
DA:218,8
DA:257,1
LF:35
LH:30
BRDA:28,0,0,0
BRDA:28,0,1,1
BRDA:28,1,0,1
BRDA:28,1,1,0
BRDA:75,2,0,0
BRDA:75,2,1,16
BRDA:75,3,0,0
BRDA:75,3,1,16
BRDA:78,4,0,0
BRDA:78,4,1,16
BRDA:86,5,0,0
BRDA:86,5,1,16
BRDA:173,6,0,16
BRDA:173,6,1,64
BRDA:195,7,0,0
BRDA:195,7,1,16
BRDA:226,8,0,80
BRDA:226,8,1,4
BRDA:238,9,0,16
BRDA:238,9,1,8
BRDA:238,9,2,12
BRDA:241,10,0,16
BRDA:241,10,1,8
BRDA:246,11,0,5
BRDA:246,11,1,11
BRF:25
BRH:18
end_of_record
TN:
SF:src/screens/AppSettingsScreen.tsx
FN:17,AppSettingsScreen
FN:30,(anonymous_1)
FN:39,(anonymous_2)
FN:46,(anonymous_3)
FN:51,(anonymous_4)
FN:61,(anonymous_5)
FN:82,(anonymous_6)
FN:105,(anonymous_7)
FN:133,(anonymous_8)
FN:138,(anonymous_9)
FNF:10
FNH:0
FNDA:0,AppSettingsScreen
FNDA:0,(anonymous_1)
FNDA:0,(anonymous_2)
FNDA:0,(anonymous_3)
FNDA:0,(anonymous_4)
FNDA:0,(anonymous_5)
FNDA:0,(anonymous_6)
FNDA:0,(anonymous_7)
FNDA:0,(anonymous_8)
FNDA:0,(anonymous_9)
DA:25,0
DA:26,0
DA:28,0
DA:30,0
DA:31,0
DA:32,0
DA:34,0
DA:35,0
DA:36,0
DA:39,0
DA:40,0
DA:41,0
DA:43,0
DA:46,0
DA:48,0
DA:51,0
DA:52,0
DA:53,0
DA:55,0
DA:61,0
DA:62,0
DA:69,0
DA:70,0
DA:72,0
DA:73,0
DA:76,0
DA:82,0
DA:83,0
DA:102,0
DA:105,0
DA:106,0
DA:130,0
DA:133,0
DA:134,0
DA:135,0
DA:138,0
DA:139,0
DA:141,0
DA:143,0
DA:145,0
DA:147,0
DA:149,0
DA:153,0
DA:154,0
DA:155,0
DA:157,0
DA:393,0
LF:47
LH:0
BRDA:31,0,0,0
BRDA:31,0,1,0
BRDA:40,1,0,0
BRDA:40,1,1,0
BRDA:52,2,0,0
BRDA:52,2,1,0
BRDA:72,3,0,0
BRDA:72,3,1,0
BRDA:86,4,0,0
BRDA:86,4,1,0
BRDA:87,5,0,0
BRDA:87,5,1,0
BRDA:88,6,0,0
BRDA:88,6,1,0
BRDA:89,7,0,0
BRDA:89,7,1,0
BRDA:91,8,0,0
BRDA:91,8,1,0
BRDA:96,9,0,0
BRDA:96,9,1,0
BRDA:97,10,0,0
BRDA:97,10,1,0
BRDA:134,11,0,0
BRDA:134,11,1,0
BRDA:139,12,0,0
BRDA:139,12,1,0
BRDA:139,12,2,0
BRDA:139,12,3,0
BRDA:139,12,4,0
BRDA:153,13,0,0
BRDA:153,13,1,0
BRDA:154,14,0,0
BRDA:154,14,1,0
BRDA:155,15,0,0
BRDA:155,15,1,0
BRDA:188,16,0,0
BRDA:188,16,1,0
BRDA:279,17,0,0
BRDA:279,17,1,0
BRDA:296,18,0,0
BRDA:296,18,1,0
BRDA:302,19,0,0
BRDA:302,19,1,0
BRDA:313,20,0,0
BRDA:313,20,1,0
BRDA:335,21,0,0
BRDA:335,21,1,0
BRDA:370,22,0,0
BRDA:370,22,1,0
BRF:49
BRH:0
end_of_record
TN:
SF:src/screens/ArticleDetailScreen.tsx
FN:33,ArticleDetailScreen
FN:41,(anonymous_1)
FN:48,(anonymous_2)
FNF:3
FNH:0
FNDA:0,ArticleDetailScreen
FNDA:0,(anonymous_1)
FNDA:0,(anonymous_2)
DA:26,0
DA:27,0
DA:34,0
DA:35,0
DA:36,0
DA:37,0
DA:39,0
DA:41,0
DA:42,0
DA:46,0
DA:48,0
DA:49,0
DA:50,0
DA:51,0
DA:54,0
DA:55,0
DA:67,0
DA:68,0
DA:80,0
DA:101,0
LF:20
LH:0
BRDA:26,0,0,0
BRDA:26,0,1,0
BRDA:26,1,0,0
BRDA:26,1,1,0
BRDA:46,2,0,0
BRDA:46,2,1,0
BRDA:46,3,0,0
BRDA:46,3,1,0
BRDA:54,4,0,0
BRDA:54,4,1,0
BRDA:67,5,0,0
BRDA:67,5,1,0
BRDA:67,6,0,0
BRDA:67,6,1,0
BRDA:91,7,0,0
BRDA:91,7,1,0
BRF:16
BRH:0
end_of_record
TN:
SF:src/screens/ArticleListScreen.tsx
FN:28,ArticleListScreen
FN:33,(anonymous_1)
FN:55,(anonymous_2)
FN:65,(anonymous_3)
FN:66,(anonymous_4)
FN:67,(anonymous_5)
FNF:6
FNH:0
FNDA:0,ArticleListScreen
FNDA:0,(anonymous_1)
FNDA:0,(anonymous_2)
FNDA:0,(anonymous_3)
FNDA:0,(anonymous_4)
FNDA:0,(anonymous_5)
DA:22,0
DA:23,0
DA:29,0
DA:30,0
DA:31,0
DA:33,0
DA:34,0
DA:38,0
DA:40,0
DA:41,0
DA:53,0
DA:55,0
DA:56,0
DA:57,0
DA:58,0
DA:61,0
DA:65,0
DA:67,0
DA:76,0
LF:19
LH:0
BRDA:22,0,0,0
BRDA:22,0,1,0
BRDA:22,1,0,0
BRDA:22,1,1,0
BRDA:38,2,0,0
BRDA:38,2,1,0
BRDA:38,3,0,0
BRDA:38,3,1,0
BRDA:40,4,0,0
BRDA:40,4,1,0
BRDA:53,5,0,0
BRDA:53,5,1,0
BRF:12
BRH:0
end_of_record
TN:
SF:src/screens/AwardsScreen.tsx
FN:58,AwardsScreen
FN:64,(anonymous_1)
FN:93,(anonymous_2)
FN:102,(anonymous_3)
FN:106,(anonymous_4)
FN:119,(anonymous_5)
FN:125,(anonymous_6)
FN:133,(anonymous_7)
FN:145,(anonymous_8)
FN:152,(anonymous_9)
FN:188,(anonymous_10)
FN:264,(anonymous_11)
FN:268,(anonymous_12)
FN:270,(anonymous_13)
FN:307,(anonymous_14)
FNF:15
FNH:10
FNDA:5,AwardsScreen
FNDA:3,(anonymous_1)
FNDA:2,(anonymous_2)
FNDA:0,(anonymous_3)
FNDA:4,(anonymous_4)
FNDA:0,(anonymous_5)
FNDA:0,(anonymous_6)
FNDA:2,(anonymous_7)
FNDA:0,(anonymous_8)
FNDA:2,(anonymous_9)
FNDA:0,(anonymous_10)
FNDA:5,(anonymous_11)
FNDA:5,(anonymous_12)
FNDA:2,(anonymous_13)
FNDA:2,(anonymous_14)
DA:52,1
DA:53,0
DA:59,5
DA:62,5
DA:69,3
DA:77,5
DA:78,5
DA:80,5
DA:82,5
DA:84,5
DA:85,5
DA:87,5
DA:88,5
DA:91,5
DA:93,5
DA:94,2
DA:95,2
DA:101,2
DA:102,2
DA:106,5
DA:107,4
DA:113,4
DA:114,1
DA:116,4
DA:119,5
DA:120,0
DA:121,0
DA:122,0
DA:125,5
DA:126,0
DA:127,0
DA:128,0
DA:131,5
DA:133,5
DA:134,2
DA:135,1
DA:136,1
DA:137,1
DA:139,1
DA:140,1
DA:141,1
DA:142,1
DA:145,5
DA:146,0
DA:147,0
DA:148,0
DA:152,5
DA:153,2
DA:172,5
DA:173,2
DA:181,3
DA:182,0
DA:189,0
DA:190,0
DA:200,3
DA:264,5
DA:269,5
DA:270,2
DA:307,2
DA:328,1
LF:60
LH:47
BRDA:52,0,0,0
BRDA:52,0,1,1
BRDA:52,1,0,1
BRDA:52,1,1,0
BRDA:77,2,0,5
BRDA:77,2,1,2
BRDA:78,3,0,5
BRDA:78,3,1,2
BRDA:82,4,0,0
BRDA:82,4,1,5
BRDA:82,5,0,0
BRDA:82,5,1,5
BRDA:87,6,0,5
BRDA:87,6,1,2
BRDA:113,7,0,1
BRDA:113,7,1,3
BRDA:134,8,0,1
BRDA:134,8,1,1
BRDA:172,9,0,2
BRDA:172,9,1,3
BRDA:181,10,0,0
BRDA:181,10,1,3
BRDA:277,11,0,0
BRDA:277,11,1,5
BRDA:306,12,0,3
BRDA:306,12,1,0
BRF:26
BRH:19
end_of_record
TN:
SF:src/screens/CartScreen.tsx
FN:36,CartScreen
FN:48,(anonymous_1)
FN:89,(anonymous_2)
FN:96,(anonymous_3)
FN:99,(anonymous_4)
FN:102,(anonymous_5)
FN:114,(anonymous_6)
FN:121,(anonymous_7)
FN:123,(anonymous_8)
FN:134,(anonymous_9)
FN:153,(anonymous_10)
FN:164,(anonymous_11)
FN:182,(anonymous_12)
FN:185,(anonymous_13)
FN:196,(anonymous_14)
FN:205,(anonymous_15)
FN:213,(anonymous_16)
FN:269,(anonymous_17)
FNF:18
FNH:0
FNDA:0,CartScreen
FNDA:0,(anonymous_1)
FNDA:0,(anonymous_2)
FNDA:0,(anonymous_3)
FNDA:0,(anonymous_4)
FNDA:0,(anonymous_5)
FNDA:0,(anonymous_6)
FNDA:0,(anonymous_7)
FNDA:0,(anonymous_8)
FNDA:0,(anonymous_9)
FNDA:0,(anonymous_10)
FNDA:0,(anonymous_11)
FNDA:0,(anonymous_12)
FNDA:0,(anonymous_13)
FNDA:0,(anonymous_14)
FNDA:0,(anonymous_15)
FNDA:0,(anonymous_16)
FNDA:0,(anonymous_17)
DA:28,0
DA:29,0
DA:34,0
DA:37,0
DA:38,0
DA:41,0
DA:42,0
DA:44,0
DA:46,0
DA:48,0
DA:49,0
DA:54,0
DA:58,0
DA:76,0
DA:77,0
DA:88,0
DA:89,0
DA:92,0
DA:93,0
DA:94,0
DA:96,0
DA:97,0
DA:98,0
DA:99,0
DA:100,0
DA:101,0
DA:102,0
DA:103,0
DA:105,0
DA:106,0
DA:109,0
DA:114,0
DA:115,0
DA:116,0
DA:122,0
DA:123,0
DA:124,0
DA:125,0
DA:127,0
DA:134,0
DA:135,0
DA:136,0
DA:137,0
DA:138,0
DA:141,0
DA:142,0
DA:143,0
DA:144,0
DA:145,0
DA:147,0
DA:148,0
DA:149,0
DA:153,0
DA:154,0
DA:155,0
DA:156,0
DA:159,0
DA:165,0
DA:166,0
DA:167,0
DA:182,0
DA:186,0
DA:196,0
DA:205,0
DA:213,0
DA:270,0
DA:271,0
DA:272,0
DA:281,0
LF:69
LH:0
BRDA:28,0,0,0
BRDA:28,0,1,0
BRDA:28,1,0,0
BRDA:28,1,1,0
BRDA:42,2,0,0
BRDA:42,2,1,0
BRDA:54,3,0,0
BRDA:54,3,1,0
BRDA:54,4,0,0
BRDA:54,4,1,0
BRDA:58,5,0,0
BRDA:58,5,1,0
BRDA:66,6,0,0
BRDA:66,6,1,0
BRDA:76,7,0,0
BRDA:76,7,1,0
BRDA:76,8,0,0
BRDA:76,8,1,0
BRDA:88,9,0,0
BRDA:88,9,1,0
BRDA:100,10,0,0
BRDA:100,10,1,0
BRDA:103,11,0,0
BRDA:103,11,1,0
BRDA:135,12,0,0
BRDA:135,12,1,0
BRDA:148,13,0,0
BRDA:148,13,1,0
BRDA:188,14,0,0
BRDA:188,14,1,0
BRF:30
BRH:0
end_of_record
TN:
SF:src/screens/CheckoutScreen.tsx
FN:40,CheckoutScreen
FN:57,(anonymous_1)
FN:63,(anonymous_2)
FN:74,(anonymous_3)
FN:81,(anonymous_4)
FN:104,(anonymous_5)
FN:132,(anonymous_6)
FN:137,(anonymous_7)
FN:142,(anonymous_8)
FN:182,(anonymous_9)
FN:263,(anonymous_10)
FN:280,(anonymous_11)
FN:290,(anonymous_12)
FN:308,(anonymous_13)
FN:329,(anonymous_14)
FN:341,(anonymous_15)
FN:353,(anonymous_16)
FN:370,(anonymous_17)
FN:381,(anonymous_18)
FN:421,(anonymous_19)
FNF:20
FNH:0
FNDA:0,CheckoutScreen
FNDA:0,(anonymous_1)
FNDA:0,(anonymous_2)
FNDA:0,(anonymous_3)
FNDA:0,(anonymous_4)
FNDA:0,(anonymous_5)
FNDA:0,(anonymous_6)
FNDA:0,(anonymous_7)
FNDA:0,(anonymous_8)
FNDA:0,(anonymous_9)
FNDA:0,(anonymous_10)
FNDA:0,(anonymous_11)
FNDA:0,(anonymous_12)
FNDA:0,(anonymous_13)
FNDA:0,(anonymous_14)
FNDA:0,(anonymous_15)
FNDA:0,(anonymous_16)
FNDA:0,(anonymous_17)
FNDA:0,(anonymous_18)
FNDA:0,(anonymous_19)
DA:32,0
DA:33,0
DA:38,0
DA:41,0
DA:42,0
DA:44,0
DA:45,0
DA:46,0
DA:47,0
DA:48,0
DA:49,0
DA:50,0
DA:51,0
DA:53,0
DA:54,0
DA:56,0
DA:57,0
DA:61,0
DA:62,0
DA:64,0
DA:66,0
DA:67,0
DA:68,0
DA:72,0
DA:75,0
DA:76,0
DA:79,0
DA:80,0
DA:81,0
DA:82,0
DA:84,0
DA:86,0
DA:88,0
DA:90,0
DA:92,0
DA:95,0
DA:97,0
DA:98,0
DA:104,0
DA:105,0
DA:110,0
DA:114,0
DA:132,0
DA:133,0
DA:134,0
DA:137,0
DA:138,0
DA:139,0
DA:142,0
DA:143,0
DA:144,0
DA:145,0
DA:146,0
DA:147,0
DA:148,0
DA:165,0
DA:166,0
DA:167,0
DA:169,0
DA:170,0
DA:171,0
DA:172,0
DA:174,0
DA:175,0
DA:177,0
DA:178,0
DA:182,0
DA:183,0
DA:184,0
DA:185,0
DA:187,0
DA:188,0
DA:189,0
DA:191,0
DA:192,0
DA:193,0
DA:196,0
DA:197,0
DA:198,0
DA:199,0
DA:203,0
DA:204,0
DA:205,0
DA:206,0
DA:209,0
DA:210,0
DA:211,0
DA:212,0
DA:213,0
DA:214,0
DA:215,0
DA:216,0
DA:218,0
DA:221,0
DA:224,0
DA:234,0
DA:238,0
DA:264,0
DA:281,0
DA:291,0
DA:292,0
DA:309,0
DA:310,0
DA:330,0
DA:331,0
DA:342,0
DA:343,0
DA:354,0
DA:355,0
DA:371,0
DA:382,0
DA:383,0
DA:422,0
DA:423,0
DA:476,0
LF:115
LH:0
BRDA:32,0,0,0
BRDA:32,0,1,0
BRDA:32,1,0,0
BRDA:32,1,1,0
BRDA:68,2,0,0
BRDA:68,2,1,0
BRDA:79,3,0,0
BRDA:79,3,1,0
BRDA:80,4,0,0
BRDA:80,4,1,0
BRDA:82,5,0,0
BRDA:82,5,1,0
BRDA:82,5,2,0
BRDA:82,5,3,0
BRDA:82,5,4,0
BRDA:86,6,0,0
BRDA:86,6,1,0
BRDA:88,7,0,0
BRDA:88,7,1,0
BRDA:92,8,0,0
BRDA:92,8,1,0
BRDA:97,9,0,0
BRDA:97,9,1,0
BRDA:97,9,2,0
BRDA:110,10,0,0
BRDA:110,10,1,0
BRDA:110,11,0,0
BRDA:110,11,1,0
BRDA:114,12,0,0
BRDA:114,12,1,0
BRDA:122,13,0,0
BRDA:122,13,1,0
BRDA:147,14,0,0
BRDA:147,14,1,0
BRDA:153,15,0,0
BRDA:153,15,1,0
BRDA:158,16,0,0
BRDA:158,16,1,0
BRDA:165,17,0,0
BRDA:165,17,1,0
BRDA:170,18,0,0
BRDA:170,18,1,0
BRDA:183,19,0,0
BRDA:183,19,1,0
BRDA:183,20,0,0
BRDA:183,20,1,0
BRDA:183,20,2,0
BRDA:187,21,0,0
BRDA:187,21,1,0
BRDA:187,22,0,0
BRDA:187,22,1,0
BRDA:187,22,2,0
BRDA:187,22,3,0
BRDA:191,23,0,0
BRDA:191,23,1,0
BRDA:191,24,0,0
BRDA:191,24,1,0
BRDA:196,25,0,0
BRDA:196,25,1,0
BRDA:203,26,0,0
BRDA:203,26,1,0
BRDA:204,27,0,0
BRDA:204,27,1,0
BRDA:206,28,0,0
BRDA:206,28,1,0
BRDA:211,29,0,0
BRDA:211,29,1,0
BRDA:213,30,0,0
BRDA:213,30,1,0
BRDA:234,31,0,0
BRDA:234,31,1,0
BRDA:234,31,2,0
BRDA:234,31,3,0
BRDA:234,31,4,0
BRDA:234,31,5,0
BRDA:234,31,6,0
BRDA:234,31,7,0
BRDA:234,31,8,0
BRDA:266,32,0,0
BRDA:266,32,1,0
BRDA:274,33,0,0
BRDA:274,33,1,0
BRDA:285,34,0,0
BRDA:285,34,1,0
BRDA:296,35,0,0
BRDA:296,35,1,0
BRDA:301,36,0,0
BRDA:301,36,1,0
BRDA:318,37,0,0
BRDA:318,37,1,0
BRDA:366,38,0,0
BRDA:366,38,1,0
BRDA:373,39,0,0
BRDA:373,39,1,0
BRDA:376,40,0,0
BRDA:376,40,1,0
BRDA:387,41,0,0
BRDA:387,41,1,0
BRDA:396,42,0,0
BRDA:396,42,1,0
BRDA:403,43,0,0
BRDA:403,43,1,0
BRDA:415,44,0,0
BRDA:415,44,1,0
BRDA:429,45,0,0
BRDA:429,45,1,0
BRDA:445,46,0,0
BRDA:445,46,1,0
BRDA:458,47,0,0
BRDA:458,47,1,0
BRDA:458,47,2,0
BRDA:461,48,0,0
BRDA:461,48,1,0
BRDA:462,49,0,0
BRDA:462,49,1,0
BRDA:465,50,0,0
BRDA:465,50,1,0
BRDA:467,51,0,0
BRDA:467,51,1,0
BRF:119
BRH:0
end_of_record
TN:
SF:src/screens/CommunityGardenScreen.tsx
FN:38,CommunityGardenScreen
FN:45,(anonymous_1)
FN:58,(anonymous_2)
FN:66,(anonymous_3)
FN:72,(anonymous_4)
FN:95,(anonymous_5)
FNF:6
FNH:0
FNDA:0,CommunityGardenScreen
FNDA:0,(anonymous_1)
FNDA:0,(anonymous_2)
FNDA:0,(anonymous_3)
FNDA:0,(anonymous_4)
FNDA:0,(anonymous_5)
DA:25,0
DA:26,0
DA:39,0
DA:40,0
DA:41,0
DA:42,0
DA:43,0
DA:45,0
DA:46,0
DA:47,0
DA:48,0
DA:49,0
DA:50,0
DA:52,0
DA:54,0
DA:58,0
DA:59,0
DA:60,0
DA:64,0
DA:66,0
DA:67,0
DA:68,0
DA:69,0
DA:72,0
DA:73,0
DA:74,0
DA:77,0
DA:96,0
DA:123,0
LF:29
LH:0
BRDA:25,0,0,0
BRDA:25,0,1,0
BRDA:25,1,0,0
BRDA:25,1,1,0
BRDA:50,2,0,0
BRDA:50,2,1,0
BRDA:50,2,2,0
BRDA:64,3,0,0
BRDA:64,3,1,0
BRDA:64,4,0,0
BRDA:64,4,1,0
BRDA:89,5,0,0
BRDA:89,5,1,0
BRDA:92,6,0,0
BRDA:92,6,1,0
BRDA:92,7,0,0
BRDA:92,7,1,0
BRF:17
BRH:0
end_of_record
TN:
SF:src/screens/ConciergeChatScreen.tsx
FN:44,ConciergeChatScreen
FN:57,(anonymous_1)
FN:61,(anonymous_2)
FN:65,(anonymous_3)
FN:73,(anonymous_4)
FN:100,(anonymous_5)
FN:111,(anonymous_6)
FN:117,(anonymous_7)
FN:165,(anonymous_8)
FN:167,(anonymous_9)
FN:219,(anonymous_10)
FN:225,(anonymous_11)
FN:231,(anonymous_12)
FN:237,(anonymous_13)
FN:257,(anonymous_14)
FNF:15
FNH:0
FNDA:0,ConciergeChatScreen
FNDA:0,(anonymous_1)
FNDA:0,(anonymous_2)
FNDA:0,(anonymous_3)
FNDA:0,(anonymous_4)
FNDA:0,(anonymous_5)
FNDA:0,(anonymous_6)
FNDA:0,(anonymous_7)
FNDA:0,(anonymous_8)
FNDA:0,(anonymous_9)
FNDA:0,(anonymous_10)
FNDA:0,(anonymous_11)
FNDA:0,(anonymous_12)
FNDA:0,(anonymous_13)
FNDA:0,(anonymous_14)
DA:38,0
DA:39,0
DA:45,0
DA:46,0
DA:47,0
DA:48,0
DA:51,0
DA:53,0
DA:54,0
DA:55,0
DA:57,0
DA:58,0
DA:61,0
DA:62,0
DA:65,0
DA:66,0
DA:67,0
DA:69,0
DA:73,0
DA:74,0
DA:76,0
DA:77,0
DA:79,0
DA:80,0
DA:81,0
DA:83,0
DA:85,0
DA:86,0
DA:88,0
DA:89,0
DA:90,0
DA:91,0
DA:92,0
DA:93,0
DA:95,0
DA:100,0
DA:101,0
DA:103,0
DA:104,0
DA:106,0
DA:107,0
DA:111,0
DA:112,0
DA:113,0
DA:114,0
DA:117,0
DA:118,0
DA:120,0
DA:121,0
DA:127,0
DA:131,0
DA:136,0
DA:140,0
DA:165,0
DA:168,0
DA:219,0
DA:225,0
DA:231,0
DA:237,0
DA:258,0
DA:259,0
DA:279,0
LF:62
LH:0
BRDA:38,0,0,0
BRDA:38,0,1,0
BRDA:38,1,0,0
BRDA:38,1,1,0
BRDA:51,2,0,0
BRDA:51,2,1,0
BRDA:51,3,0,0
BRDA:51,3,1,0
BRDA:66,4,0,0
BRDA:66,4,1,0
BRDA:74,5,0,0
BRDA:74,5,1,0
BRDA:74,6,0,0
BRDA:74,6,1,0
BRDA:85,7,0,0
BRDA:85,7,1,0
BRDA:85,8,0,0
BRDA:85,8,1,0
BRDA:88,9,0,0
BRDA:88,9,1,0
BRDA:88,10,0,0
BRDA:88,10,1,0
BRDA:90,11,0,0
BRDA:90,11,1,0
BRDA:92,12,0,0
BRDA:92,12,1,0
BRDA:95,13,0,0
BRDA:95,13,1,0
BRDA:101,14,0,0
BRDA:101,14,1,0
BRDA:101,15,0,0
BRDA:101,15,1,0
BRDA:106,16,0,0
BRDA:106,16,1,0
BRDA:106,17,0,0
BRDA:106,17,1,0
BRDA:107,18,0,0
BRDA:107,18,1,0
BRDA:169,19,0,0
BRDA:169,19,1,0
BRDA:172,20,0,0
BRDA:172,20,1,0
BRDA:177,21,0,0
BRDA:177,21,1,0
BRDA:178,22,0,0
BRDA:178,22,1,0
BRDA:179,23,0,0
BRDA:179,23,1,0
BRDA:187,24,0,0
BRDA:187,24,1,0
BRDA:190,25,0,0
BRDA:190,25,1,0
BRDA:191,26,0,0
BRDA:191,26,1,0
BRDA:197,27,0,0
BRDA:197,27,1,0
BRDA:207,28,0,0
BRDA:207,28,1,0
BRDA:266,29,0,0
BRDA:266,29,1,0
BRF:60
BRH:0
end_of_record
TN:
SF:src/screens/ContactUsScreen.tsx
FN:29,ContactUsScreen
FN:33,(anonymous_1)
FN:40,(anonymous_2)
FN:50,(anonymous_3)
FN:58,(anonymous_4)
FN:66,(anonymous_5)
FN:84,(anonymous_6)
FNF:7
FNH:0
FNDA:0,ContactUsScreen
FNDA:0,(anonymous_1)
FNDA:0,(anonymous_2)
FNDA:0,(anonymous_3)
FNDA:0,(anonymous_4)
FNDA:0,(anonymous_5)
FNDA:0,(anonymous_6)
DA:23,0
DA:24,0
DA:30,0
DA:31,0
DA:33,0
DA:34,0
DA:38,0
DA:40,0
DA:41,0
DA:42,0
DA:43,0
DA:46,0
DA:51,0
DA:52,0
DA:59,0
DA:60,0
DA:67,0
DA:68,0
DA:69,0
DA:74,0
DA:85,0
DA:100,0
LF:22
LH:0
BRDA:23,0,0,0
BRDA:23,0,1,0
BRDA:23,1,0,0
BRDA:23,1,1,0
BRDA:38,2,0,0
BRDA:38,2,1,0
BRDA:38,3,0,0
BRDA:38,3,1,0
BRF:8
BRH:0
end_of_record
TN:
SF:src/screens/DataTransparencyScreen.tsx
FN:28,DataTransparencyScreen
FN:41,(anonymous_1)
FN:44,(anonymous_2)
FN:47,(anonymous_3)
FN:69,(anonymous_4)
FN:89,(anonymous_5)
FN:92,(anonymous_6)
FN:114,(anonymous_7)
FN:134,(anonymous_8)
FN:150,(anonymous_9)
FN:164,(anonymous_10)
FN:193,(anonymous_11)
FNF:12
FNH:0
FNDA:0,DataTransparencyScreen
FNDA:0,(anonymous_1)
FNDA:0,(anonymous_2)
FNDA:0,(anonymous_3)
FNDA:0,(anonymous_4)
FNDA:0,(anonymous_5)
FNDA:0,(anonymous_6)
FNDA:0,(anonymous_7)
FNDA:0,(anonymous_8)
FNDA:0,(anonymous_9)
FNDA:0,(anonymous_10)
FNDA:0,(anonymous_11)
DA:29,0
DA:31,0
DA:33,0
DA:34,0
DA:35,0
DA:36,0
DA:37,0
DA:38,0
DA:39,0
DA:41,0
DA:42,0
DA:44,0
DA:47,0
DA:48,0
DA:49,0
DA:50,0
DA:52,0
DA:53,0
DA:54,0
DA:55,0
DA:56,0
DA:57,0
DA:58,0
DA:59,0
DA:61,0
DA:62,0
DA:64,0
DA:69,0
DA:70,0
DA:71,0
DA:72,0
DA:73,0
DA:78,0
DA:79,0
DA:80,0
DA:82,0
DA:84,0
DA:89,0
DA:91,0
DA:92,0
DA:93,0
DA:94,0
DA:99,0
DA:100,0
DA:101,0
DA:102,0
DA:103,0
DA:105,0
DA:106,0
DA:109,0
DA:110,0
DA:114,0
DA:115,0
DA:119,0
DA:134,0
DA:150,0
DA:164,0
DA:193,0
DA:217,0
LF:59
LH:0
BRDA:31,0,0,0
BRDA:31,0,1,0
BRDA:31,1,0,0
BRDA:31,1,1,0
BRDA:48,2,0,0
BRDA:48,2,1,0
BRDA:91,3,0,0
BRDA:91,3,1,0
BRDA:91,4,0,0
BRDA:91,4,1,0
BRDA:100,5,0,0
BRDA:100,5,1,0
BRDA:101,6,0,0
BRDA:101,6,1,0
BRDA:105,7,0,0
BRDA:105,7,1,0
BRDA:115,8,0,0
BRDA:115,8,1,0
BRDA:122,9,0,0
BRDA:122,9,1,0
BRDA:132,10,0,0
BRDA:132,10,1,0
BRDA:133,11,0,0
BRDA:133,11,1,0
BRDA:138,12,0,0
BRDA:138,12,1,0
BRDA:148,13,0,0
BRDA:148,13,1,0
BRDA:149,14,0,0
BRDA:149,14,1,0
BRDA:154,15,0,0
BRDA:154,15,1,0
BRDA:162,16,0,0
BRDA:162,16,1,0
BRDA:163,17,0,0
BRDA:163,17,1,0
BRDA:168,18,0,0
BRDA:168,18,1,0
BRDA:177,19,0,0
BRDA:177,19,1,0
BRDA:180,20,0,0
BRDA:180,20,1,0
BRDA:184,21,0,0
BRDA:184,21,1,0
BRDA:184,21,2,0
BRDA:186,22,0,0
BRDA:186,22,1,0
BRDA:190,23,0,0
BRDA:190,23,1,0
BRDA:190,23,2,0
BRDA:201,24,0,0
BRDA:201,24,1,0
BRF:52
BRH:0
end_of_record
TN:
SF:src/screens/EditAddressScreen.tsx
FN:34,EditAddressScreen
FN:59,(anonymous_1)
FN:66,(anonymous_2)
FN:72,(anonymous_3)
FN:114,(anonymous_4)
FN:120,(anonymous_5)
FN:135,(anonymous_6)
FNF:7
FNH:6
FNDA:8,EditAddressScreen
FNDA:2,(anonymous_1)
FNDA:0,(anonymous_2)
FNDA:2,(anonymous_3)
FNDA:56,(anonymous_4)
FNDA:96,(anonymous_5)
FNDA:7,(anonymous_6)
DA:30,1
DA:31,0
DA:35,8
DA:36,8
DA:37,8
DA:40,8
DA:42,8
DA:43,8
DA:56,8
DA:57,8
DA:59,8
DA:60,2
DA:64,8
DA:66,8
DA:67,0
DA:68,0
DA:69,0
DA:72,8
DA:73,2
DA:74,2
DA:75,2
DA:76,2
DA:77,2
DA:82,1
DA:83,1
DA:84,1
DA:85,1
DA:87,1
DA:89,2
DA:93,8
DA:115,56
DA:127,96
DA:128,96
DA:129,96
DA:136,7
DA:137,7
DA:170,1
LF:37
LH:33
BRDA:30,0,0,0
BRDA:30,0,1,1
BRDA:30,1,0,1
BRDA:30,1,1,0
BRDA:40,2,0,8
BRDA:40,2,1,0
BRDA:53,3,0,8
BRDA:53,3,1,0
BRDA:64,4,0,0
BRDA:64,4,1,8
BRDA:64,5,0,0
BRDA:64,5,1,8
BRDA:82,6,0,0
BRDA:82,6,1,1
BRDA:82,7,0,1
BRDA:82,7,1,1
BRDA:87,8,0,1
BRDA:87,8,1,0
BRDA:133,9,0,96
BRDA:133,9,1,0
BRDA:145,10,0,96
BRDA:145,10,1,0
BRDA:159,11,0,2
BRDA:159,11,1,6
BRF:24
BRH:14
end_of_record
TN:
SF:src/screens/EditPaymentScreen.tsx
FN:57,EditPaymentScreen
FN:80,(anonymous_1)
FN:106,(anonymous_2)
FN:112,(anonymous_3)
FN:173,(anonymous_4)
FN:180,(anonymous_5)
FN:186,(anonymous_6)
FN:206,(anonymous_7)
FN:219,(anonymous_8)
FNF:9
FNH:6
FNDA:12,EditPaymentScreen
FNDA:2,(anonymous_1)
FNDA:0,(anonymous_2)
FNDA:2,(anonymous_3)
FNDA:48,(anonymous_4)
FNDA:0,(anonymous_5)
FNDA:0,(anonymous_6)
FNDA:58,(anonymous_7)
FNDA:8,(anonymous_8)
DA:28,1
DA:29,0
DA:50,1
DA:58,12
DA:59,12
DA:60,12
DA:61,12
DA:63,12
DA:65,12
DA:77,12
DA:78,12
DA:80,12
DA:81,2
DA:85,12
DA:88,12
DA:106,12
DA:107,0
DA:108,0
DA:109,0
DA:112,12
DA:113,2
DA:114,2
DA:115,2
DA:116,2
DA:123,1
DA:124,1
DA:125,1
DA:127,1
DA:131,12
DA:156,12
DA:174,48
DA:185,0
DA:186,0
DA:211,58
DA:220,8
DA:221,8
DA:260,1
LF:37
LH:31
BRDA:28,0,0,0
BRDA:28,0,1,1
BRDA:28,1,0,1
BRDA:28,1,1,0
BRDA:63,2,0,12
BRDA:63,2,1,0
BRDA:69,3,0,12
BRDA:69,3,1,12
BRDA:69,3,2,0
BRDA:70,4,0,12
BRDA:70,4,1,12
BRDA:71,5,0,12
BRDA:71,5,1,12
BRDA:72,6,0,12
BRDA:72,6,1,0
BRDA:85,7,0,0
BRDA:85,7,1,12
BRDA:85,8,0,0
BRDA:85,8,1,12
BRDA:88,9,0,0
BRDA:88,9,1,12
BRDA:96,10,0,0
BRDA:96,10,1,12
BRDA:176,11,0,0
BRDA:176,11,1,48
BRDA:198,12,0,0
BRDA:198,12,1,0
BRDA:229,13,0,48
BRDA:229,13,1,0
BRDA:241,14,0,12
BRDA:241,14,1,8
BRDA:241,14,2,8
BRDA:244,15,0,12
BRDA:244,15,1,8
BRDA:249,16,0,4
BRDA:249,16,1,8
BRF:36
BRH:23
end_of_record
TN:
SF:src/screens/EditProfileScreen.tsx
FN:36,EditProfileScreen
FN:53,(anonymous_1)
FN:79,(anonymous_2)
FN:85,(anonymous_3)
FN:115,(anonymous_4)
FN:121,(anonymous_5)
FN:136,(anonymous_6)
FNF:7
FNH:6
FNDA:15,EditProfileScreen
FNDA:6,(anonymous_1)
FNDA:0,(anonymous_2)
FNDA:3,(anonymous_3)
FNDA:45,(anonymous_4)
FNDA:57,(anonymous_5)
FNDA:5,(anonymous_6)
DA:29,2
DA:30,2
DA:37,15
DA:38,15
DA:39,15
DA:41,15
DA:42,15
DA:50,15
DA:51,15
DA:53,15
DA:54,6
DA:58,15
DA:61,15
DA:79,15
DA:80,0
DA:81,0
DA:82,0
DA:85,15
DA:86,3
DA:87,3
DA:88,3
DA:89,3
DA:90,3
DA:91,3
DA:92,3
DA:94,0
DA:96,3
DA:100,15
DA:116,45
DA:128,57
DA:137,5
DA:138,5
DA:167,2
LF:33
LH:29
BRDA:29,0,0,2
BRDA:29,0,1,0
BRDA:29,1,0,2
BRDA:29,1,1,2
BRDA:41,2,0,15
BRDA:41,2,1,0
BRDA:58,3,0,0
BRDA:58,3,1,15
BRDA:58,4,0,0
BRDA:58,4,1,15
BRDA:61,5,0,0
BRDA:61,5,1,15
BRDA:69,6,0,0
BRDA:69,6,1,15
BRDA:94,7,0,0
BRDA:94,7,1,0
BRDA:143,8,0,57
BRDA:143,8,1,1
BRDA:156,9,0,0
BRDA:156,9,1,15
BRF:20
BRH:11
end_of_record
TN:
SF:src/screens/EducationalGreenhouseScreen.tsx
FN:34,EducationalGreenhouseScreen
FN:40,(anonymous_1)
FN:47,(anonymous_2)
FN:53,(anonymous_3)
FN:86,(anonymous_4)
FN:88,(anonymous_5)
FN:89,(anonymous_6)
FNF:7
FNH:0
FNDA:0,EducationalGreenhouseScreen
FNDA:0,(anonymous_1)
FNDA:0,(anonymous_2)
FNDA:0,(anonymous_3)
FNDA:0,(anonymous_4)
FNDA:0,(anonymous_5)
FNDA:0,(anonymous_6)
DA:28,0
DA:29,0
DA:35,0
DA:36,0
DA:37,0
DA:38,0
DA:40,0
DA:41,0
DA:45,0
DA:47,0
DA:48,0
DA:49,0
DA:50,0
DA:53,0
DA:54,0
DA:55,0
DA:56,0
DA:59,0
DA:86,0
DA:89,0
DA:97,0
LF:21
LH:0
BRDA:28,0,0,0
BRDA:28,0,1,0
BRDA:28,1,0,0
BRDA:28,1,1,0
BRDA:45,2,0,0
BRDA:45,2,1,0
BRDA:45,3,0,0
BRDA:45,3,1,0
BRDA:61,4,0,0
BRDA:61,4,1,0
BRDA:71,5,0,0
BRDA:71,5,1,0
BRDA:78,6,0,0
BRDA:78,6,1,0
BRDA:83,7,0,0
BRDA:83,7,1,0
BRDA:83,7,2,0
BRDA:83,7,3,0
BRF:18
BRH:0
end_of_record
TN:
SF:src/screens/EthicalAIDashboardScreen.tsx
FN:12,EthicalAIDashboardScreen
FN:24,(anonymous_1)
FN:37,(anonymous_2)
FN:50,(anonymous_3)
FN:51,(anonymous_4)
FNF:5
FNH:0
FNDA:0,EthicalAIDashboardScreen
FNDA:0,(anonymous_1)
FNDA:0,(anonymous_2)
FNDA:0,(anonymous_3)
FNDA:0,(anonymous_4)
DA:13,0
DA:14,0
DA:15,0
DA:16,0
DA:18,0
DA:20,0
DA:25,0
DA:26,0
DA:37,0
DA:50,0
DA:51,0
DA:58,0
LF:12
LH:0
BRDA:35,0,0,0
BRDA:35,0,1,0
BRDA:43,1,0,0
BRDA:43,1,1,0
BRDA:49,2,0,0
BRDA:49,2,1,0
BRF:6
BRH:0
end_of_record
TN:
SF:src/screens/FavoritesScreen.tsx
FN:34,FavoritesScreen
FN:37,(anonymous_1)
FN:39,(anonymous_2)
FN:46,(anonymous_3)
FN:49,(anonymous_4)
FN:49,(anonymous_5)
FN:52,(anonymous_6)
FN:71,(anonymous_7)
FN:73,(anonymous_8)
FN:76,(anonymous_9)
FNF:10
FNH:0
FNDA:0,FavoritesScreen
FNDA:0,(anonymous_1)
FNDA:0,(anonymous_2)
FNDA:0,(anonymous_3)
FNDA:0,(anonymous_4)
FNDA:0,(anonymous_5)
FNDA:0,(anonymous_6)
FNDA:0,(anonymous_7)
FNDA:0,(anonymous_8)
FNDA:0,(anonymous_9)
DA:22,0
DA:23,0
DA:28,0
DA:35,0
DA:36,0
DA:37,0
DA:39,0
DA:40,0
DA:44,0
DA:46,0
DA:47,0
DA:48,0
DA:49,0
DA:52,0
DA:53,0
DA:54,0
DA:55,0
DA:58,0
DA:71,0
DA:74,0
DA:76,0
DA:86,0
LF:22
LH:0
BRDA:22,0,0,0
BRDA:22,0,1,0
BRDA:22,1,0,0
BRDA:22,1,1,0
BRDA:44,2,0,0
BRDA:44,2,1,0
BRDA:44,3,0,0
BRDA:44,3,1,0
BRDA:49,4,0,0
BRDA:49,4,1,0
BRDA:77,5,0,0
BRDA:77,5,1,0
BRF:12
BRH:0
end_of_record
TN:
SF:src/screens/HelpFAQScreen.tsx
FN:29,HelpFAQScreen
FN:36,(anonymous_1)
FN:43,(anonymous_2)
FN:49,(anonymous_3)
FN:52,(anonymous_4)
FN:52,(anonymous_5)
FN:94,(anonymous_6)
FN:96,(anonymous_7)
FNF:8
FNH:0
FNDA:0,HelpFAQScreen
FNDA:0,(anonymous_1)
FNDA:0,(anonymous_2)
FNDA:0,(anonymous_3)
FNDA:0,(anonymous_4)
FNDA:0,(anonymous_5)
FNDA:0,(anonymous_6)
FNDA:0,(anonymous_7)
DA:25,0
DA:26,0
DA:30,0
DA:31,0
DA:32,0
DA:33,0
DA:34,0
DA:36,0
DA:37,0
DA:41,0
DA:43,0
DA:44,0
DA:45,0
DA:46,0
DA:49,0
DA:50,0
DA:51,0
DA:52,0
DA:55,0
DA:56,0
DA:70,0
DA:71,0
DA:83,0
DA:95,0
DA:96,0
DA:109,0
LF:26
LH:0
BRDA:25,0,0,0
BRDA:25,0,1,0
BRDA:25,1,0,0
BRDA:25,1,1,0
BRDA:41,2,0,0
BRDA:41,2,1,0
BRDA:41,3,0,0
BRDA:41,3,1,0
BRDA:52,4,0,0
BRDA:52,4,1,0
BRDA:55,5,0,0
BRDA:55,5,1,0
BRDA:70,6,0,0
BRDA:70,6,1,0
BRDA:70,7,0,0
BRDA:70,7,1,0
BRDA:85,8,0,0
BRDA:85,8,1,0
BRDA:99,9,0,0
BRDA:99,9,1,0
BRF:20
BRH:0
end_of_record
TN:
SF:src/screens/HomeScreen.tsx
FN:61,HomeScreen
FN:69,(anonymous_1)
FN:74,(anonymous_2)
FN:91,(anonymous_3)
FN:105,(anonymous_4)
FN:109,(anonymous_5)
FN:113,(anonymous_6)
FN:116,(anonymous_7)
FN:119,(anonymous_8)
FN:122,(anonymous_9)
FN:127,(anonymous_10)
FN:131,(anonymous_11)
FN:134,(anonymous_12)
FN:137,(anonymous_13)
FN:140,(anonymous_14)
FN:145,(anonymous_15)
FN:149,(anonymous_16)
FN:152,(anonymous_17)
FN:155,(anonymous_18)
FN:158,(anonymous_19)
FN:166,(anonymous_20)
FN:172,(anonymous_21)
FN:185,(anonymous_22)
FN:231,(anonymous_23)
FN:249,(anonymous_24)
FN:250,(anonymous_25)
FN:259,(anonymous_26)
FN:260,(anonymous_27)
FN:267,(anonymous_28)
FN:273,(anonymous_29)
FN:284,(anonymous_30)
FN:287,(anonymous_31)
FN:314,(anonymous_32)
FN:320,(anonymous_33)
FN:324,(anonymous_34)
FN:345,(anonymous_35)
FN:351,(anonymous_36)
FN:362,(anonymous_37)
FN:365,(anonymous_38)
FN:398,(anonymous_39)
FN:406,(anonymous_40)
FN:414,(anonymous_41)
FNF:42
FNH:19
FNDA:7,HomeScreen
FNDA:1,(anonymous_1)
FNDA:0,(anonymous_2)
FNDA:2,(anonymous_3)
FNDA:2,(anonymous_4)
FNDA:2,(anonymous_5)
FNDA:2,(anonymous_6)
FNDA:0,(anonymous_7)
FNDA:2,(anonymous_8)
FNDA:2,(anonymous_9)
FNDA:2,(anonymous_10)
FNDA:2,(anonymous_11)
FNDA:0,(anonymous_12)
FNDA:2,(anonymous_13)
FNDA:2,(anonymous_14)
FNDA:2,(anonymous_15)
FNDA:2,(anonymous_16)
FNDA:0,(anonymous_17)
FNDA:2,(anonymous_18)
FNDA:2,(anonymous_19)
FNDA:0,(anonymous_20)
FNDA:0,(anonymous_21)
FNDA:0,(anonymous_22)
FNDA:0,(anonymous_23)
FNDA:0,(anonymous_24)
FNDA:0,(anonymous_25)
FNDA:0,(anonymous_26)
FNDA:0,(anonymous_27)
FNDA:0,(anonymous_28)
FNDA:24,(anonymous_29)
FNDA:0,(anonymous_30)
FNDA:0,(anonymous_31)
FNDA:8,(anonymous_32)
FNDA:0,(anonymous_33)
FNDA:0,(anonymous_34)
FNDA:0,(anonymous_35)
FNDA:16,(anonymous_36)
FNDA:0,(anonymous_37)
FNDA:0,(anonymous_38)
FNDA:0,(anonymous_39)
FNDA:0,(anonymous_40)
FNDA:0,(anonymous_41)
DA:45,1
DA:46,1
DA:62,7
DA:63,7
DA:64,6
DA:65,6
DA:66,6
DA:69,6
DA:74,6
DA:79,6
DA:80,6
DA:81,6
DA:82,6
DA:83,6
DA:84,6
DA:86,6
DA:88,6
DA:91,6
DA:92,2
DA:93,0
DA:94,0
DA:96,2
DA:97,2
DA:98,2
DA:99,2
DA:100,2
DA:101,0
DA:102,2
DA:105,6
DA:106,2
DA:109,6
DA:110,2
DA:111,2
DA:114,2
DA:117,0
DA:120,2
DA:122,2
DA:123,2
DA:127,6
DA:128,2
DA:129,2
DA:132,2
DA:135,0
DA:138,2
DA:140,2
DA:141,2
DA:145,6
DA:146,2
DA:147,2
DA:150,2
DA:153,0
DA:156,2
DA:158,2
DA:159,2
DA:164,6
DA:166,6
DA:167,0
DA:168,0
DA:169,0
DA:172,6
DA:173,0
DA:174,0
DA:175,0
DA:178,6
DA:185,0
DA:232,0
DA:233,0
DA:249,0
DA:250,0
DA:259,0
DA:260,0
DA:267,0
DA:274,24
DA:285,0
DA:287,0
DA:315,8
DA:321,0
DA:324,0
DA:345,0
DA:352,16
DA:363,0
DA:365,0
DA:398,0
DA:406,0
DA:414,0
DA:434,1
LF:86
LH:56
BRDA:45,0,0,1
BRDA:45,0,1,0
BRDA:45,1,0,1
BRDA:45,1,1,1
BRDA:92,2,0,0
BRDA:92,2,1,2
BRDA:98,3,0,0
BRDA:98,3,1,2
BRDA:98,4,0,2
BRDA:98,4,1,2
BRDA:99,5,0,0
BRDA:99,5,1,2
BRDA:99,6,0,2
BRDA:99,6,1,2
BRDA:100,7,0,2
BRDA:100,7,1,0
BRDA:100,8,0,2
BRDA:100,8,1,2
BRDA:101,9,0,0
BRDA:101,9,1,0
BRDA:101,10,0,0
BRDA:101,10,1,0
BRDA:114,11,0,2
BRDA:114,11,1,0
BRDA:114,12,0,2
BRDA:114,12,1,0
BRDA:117,13,0,0
BRDA:117,13,1,0
BRDA:120,14,0,2
BRDA:120,14,1,0
BRDA:132,15,0,2
BRDA:132,15,1,0
BRDA:132,16,0,2
BRDA:132,16,1,0
BRDA:135,17,0,0
BRDA:135,17,1,0
BRDA:138,18,0,2
BRDA:138,18,1,0
BRDA:150,19,0,2
BRDA:150,19,1,0
BRDA:150,20,0,2
BRDA:150,20,1,0
BRDA:153,21,0,0
BRDA:153,21,1,0
BRDA:156,22,0,2
BRDA:156,22,1,0
BRDA:164,23,0,0
BRDA:164,23,1,6
BRDA:164,24,0,0
BRDA:164,24,1,6
BRDA:245,25,0,6
BRDA:245,25,1,0
BRDA:246,26,0,6
BRDA:246,26,1,6
BRDA:246,26,2,6
BRDA:255,27,0,6
BRDA:255,27,1,2
BRDA:255,27,2,2
BRDA:255,27,3,2
BRDA:271,28,0,4
BRDA:271,28,1,2
BRDA:282,29,0,0
BRDA:282,29,1,2
BRDA:312,30,0,4
BRDA:312,30,1,2
BRDA:318,31,0,0
BRDA:318,31,1,2
BRDA:326,32,0,0
BRDA:326,32,1,0
BRDA:349,33,0,4
BRDA:349,33,1,2
BRDA:360,34,0,0
BRDA:360,34,1,2
BRF:73
BRH:41
end_of_record
TN:
SF:src/screens/JournalEntryScreen.tsx
FN:19,JournalEntryScreen
FN:28,(anonymous_1)
FN:31,(anonymous_2)
FN:38,(anonymous_3)
FN:43,(anonymous_4)
FN:44,(anonymous_5)
FN:47,(anonymous_6)
FN:50,(anonymous_7)
FN:55,(anonymous_8)
FN:84,(anonymous_9)
FN:94,(anonymous_10)
FNF:11
FNH:8
FNDA:27,JournalEntryScreen
FNDA:12,(anonymous_1)
FNDA:15,(anonymous_2)
FNDA:45,(anonymous_3)
FNDA:0,(anonymous_4)
FNDA:0,(anonymous_5)
FNDA:7,(anonymous_6)
FNDA:35,(anonymous_7)
FNDA:35,(anonymous_8)
FNDA:135,(anonymous_9)
FNDA:0,(anonymous_10)
DA:14,3
DA:20,27
DA:21,27
DA:22,27
DA:23,27
DA:25,27
DA:26,27
DA:28,27
DA:29,12
DA:30,3
DA:31,15
DA:38,45
DA:41,27
DA:43,27
DA:44,0
DA:47,27
DA:48,7
DA:50,35
DA:51,7
DA:55,35
DA:58,7
DA:59,7
DA:61,2
DA:64,5
DA:68,2
DA:75,7
DA:78,27
DA:85,135
DA:94,0
DA:113,3
LF:30
LH:28
BRDA:29,0,0,3
BRDA:29,0,1,9
[...]
FNDA:0,(anonymous_2)
FNDA:0,(anonymous_3)
FNDA:0,(anonymous_4)
FNDA:0,(anonymous_5)
FNDA:0,(anonymous_6)
DA:22,0
DA:23,0
DA:28,0
DA:35,0
DA:36,0
DA:38,0
DA:39,0
DA:43,0
DA:45,0
DA:46,0
DA:47,0
DA:48,0
DA:51,0
DA:52,0
DA:53,0
DA:54,0
DA:57,0
DA:71,0
DA:74,0
DA:77,0
DA:90,0
LF:21
LH:0
BRDA:22,0,0,0
BRDA:22,0,1,0
BRDA:22,1,0,0
BRDA:22,1,1,0
BRDA:43,2,0,0
BRDA:43,2,1,0
BRDA:43,3,0,0
BRDA:43,3,1,0
BRF:8
BRH:0
end_of_record
TN:
SF:src/screens/StoreSelectionScreen.tsx
FN:31,(anonymous_0)
FN:33,(anonymous_1)
FN:46,StoreSelectionScreen
FN:56,(anonymous_3)
FN:62,(anonymous_4)
FN:93,(anonymous_5)
FN:94,(anonymous_6)
FN:100,(anonymous_7)
FN:109,(anonymous_8)
FN:110,(anonymous_9)
FN:114,(anonymous_10)
FN:123,(anonymous_11)
FN:124,(anonymous_12)
FN:149,(anonymous_13)
FN:157,(anonymous_14)
FN:158,(anonymous_15)
FN:161,(anonymous_16)
FN:162,(anonymous_17)
FN:163,(anonymous_18)
FNF:19
FNH:5
FNDA:0,(anonymous_0)
FNDA:0,(anonymous_1)
FNDA:9,StoreSelectionScreen
FNDA:4,(anonymous_3)
FNDA:4,(anonymous_4)
FNDA:4,(anonymous_5)
FNDA:4,(anonymous_6)
FNDA:0,(anonymous_7)
FNDA:0,(anonymous_8)
FNDA:0,(anonymous_9)
FNDA:0,(anonymous_10)
FNDA:0,(anonymous_11)
FNDA:0,(anonymous_12)
FNDA:0,(anonymous_13)
FNDA:0,(anonymous_14)
FNDA:0,(anonymous_15)
FNDA:0,(anonymous_16)
FNDA:0,(anonymous_17)
FNDA:0,(anonymous_18)
DA:29,2
DA:31,2
DA:33,2
DA:34,0
DA:35,0
DA:36,0
DA:38,0
DA:40,0
DA:41,0
DA:47,9
DA:48,9
DA:50,9
DA:53,8
DA:54,8
DA:56,8
DA:57,4
DA:58,4
DA:59,4
DA:62,8
DA:63,4
DA:64,4
DA:65,4
DA:69,0
DA:73,0
DA:74,0
DA:75,0
DA:77,0
DA:78,0
DA:79,0
DA:80,0
DA:81,0
DA:82,0
DA:87,4
DA:89,4
DA:93,8
DA:94,4
DA:95,4
DA:96,4
DA:100,8
DA:101,0
DA:102,0
DA:105,8
DA:106,4
DA:110,0
DA:111,0
DA:114,0
DA:119,4
DA:120,0
DA:124,0
DA:125,0
DA:132,4
DA:149,0
DA:157,0
DA:159,0
DA:161,0
DA:172,2
LF:56
LH:28
BRDA:73,0,0,0
BRDA:73,0,1,0
BRDA:78,1,0,0
BRDA:78,1,1,0
BRDA:81,2,0,0
BRDA:81,2,1,0
BRDA:96,3,0,4
BRDA:96,3,1,0
BRDA:105,4,0,4
BRDA:105,4,1,4
BRDA:111,5,0,0
BRDA:111,5,1,0
BRDA:119,6,0,0
BRDA:119,6,1,4
BRDA:125,7,0,0
BRDA:125,7,1,0
BRDA:134,8,0,4
BRDA:134,8,1,0
BRDA:140,9,0,4
BRDA:140,9,1,4
BRDA:140,9,2,0
BRDA:140,9,3,0
BRDA:154,10,0,4
BRDA:154,10,1,4
BRDA:154,10,2,0
BRDA:154,10,3,0
BRF:26
BRH:9
end_of_record
TN:
SF:src/screens/StrainFinderScreen.tsx
FN:41,ProductRecommendationCard
FN:71,StrainFinderScreen
FN:81,(anonymous_2)
FN:82,(anonymous_3)
FN:83,(anonymous_4)
FN:87,(anonymous_5)
FN:88,(anonymous_6)
FN:89,(anonymous_7)
FN:93,(anonymous_8)
FN:121,(anonymous_9)
FN:136,(anonymous_10)
FN:139,(anonymous_11)
FN:162,(anonymous_12)
FN:165,(anonymous_13)
FN:187,(anonymous_14)
FN:190,(anonymous_15)
FN:212,(anonymous_16)
FN:215,(anonymous_17)
FN:270,(anonymous_18)
FN:294,(anonymous_19)
FNF:20
FNH:0
FNDA:0,ProductRecommendationCard
FNDA:0,StrainFinderScreen
FNDA:0,(anonymous_2)
FNDA:0,(anonymous_3)
FNDA:0,(anonymous_4)
FNDA:0,(anonymous_5)
FNDA:0,(anonymous_6)
FNDA:0,(anonymous_7)
FNDA:0,(anonymous_8)
FNDA:0,(anonymous_9)
FNDA:0,(anonymous_10)
FNDA:0,(anonymous_11)
FNDA:0,(anonymous_12)
FNDA:0,(anonymous_13)
FNDA:0,(anonymous_14)
FNDA:0,(anonymous_15)
FNDA:0,(anonymous_16)
FNDA:0,(anonymous_17)
FNDA:0,(anonymous_18)
FNDA:0,(anonymous_19)
DA:22,0
DA:35,0
DA:42,0
DA:44,0
DA:72,0
DA:73,0
DA:74,0
DA:76,0
DA:77,0
DA:78,0
DA:79,0
DA:81,0
DA:82,0
DA:83,0
DA:87,0
DA:88,0
DA:89,0
DA:93,0
DA:94,0
DA:95,0
DA:99,0
DA:102,0
DA:109,0
DA:112,0
DA:113,0
DA:114,0
DA:115,0
DA:117,0
DA:121,0
DA:137,0
DA:139,0
DA:163,0
DA:165,0
DA:188,0
DA:190,0
DA:213,0
DA:215,0
DA:271,0
DA:272,0
DA:273,0
DA:274,0
DA:275,0
DA:295,0
DA:305,0
LF:44
LH:0
BRDA:57,0,0,0
BRDA:57,0,1,0
BRDA:60,1,0,0
BRDA:60,1,1,0
BRDA:83,2,0,0
BRDA:83,2,1,0
BRDA:89,3,0,0
BRDA:89,3,1,0
BRDA:94,4,0,0
BRDA:94,4,1,0
BRDA:106,5,0,0
BRDA:106,5,1,0
BRDA:113,6,0,0
BRDA:113,6,1,0
BRDA:132,7,0,0
BRDA:132,7,1,0
BRDA:142,8,0,0
BRDA:142,8,1,0
BRDA:151,9,0,0
BRDA:151,9,1,0
BRDA:168,10,0,0
BRDA:168,10,1,0
BRDA:176,11,0,0
BRDA:176,11,1,0
BRDA:179,12,0,0
BRDA:179,12,1,0
BRDA:179,13,0,0
BRDA:179,13,1,0
BRDA:193,14,0,0
BRDA:193,14,1,0
BRDA:201,15,0,0
BRDA:201,15,1,0
BRDA:204,16,0,0
BRDA:204,16,1,0
BRDA:204,17,0,0
BRDA:204,17,1,0
BRDA:218,18,0,0
BRDA:218,18,1,0
BRDA:227,19,0,0
BRDA:227,19,1,0
BRDA:239,20,0,0
BRDA:239,20,1,0
BRDA:241,21,0,0
BRDA:241,21,1,0
BRDA:250,22,0,0
BRDA:250,22,1,0
BRDA:255,23,0,0
BRDA:255,23,1,0
BRDA:263,24,0,0
BRDA:263,24,1,0
BRDA:285,25,0,0
BRDA:285,25,1,0
BRDA:295,26,0,0
BRDA:295,26,1,0
BRF:54
BRH:0
end_of_record
TN:
SF:src/screens/TerpeneWheelScreen.tsx
FN:8,TerpeneWheelScreen
FN:11,(anonymous_1)
FN:23,(anonymous_2)
FNF:3
FNH:2
FNDA:5,TerpeneWheelScreen
FNDA:5,(anonymous_1)
FNDA:0,(anonymous_2)
DA:9,5
DA:11,5
DA:12,5
DA:15,5
DA:23,0
DA:30,2
LF:6
LH:5
BRDA:19,0,0,5
BRDA:19,0,1,0
BRF:2
BRH:1
end_of_record
TN:
SF:src/screens/account/addressSchema.ts
FNF:0
FNH:0
DA:4,3
LF:1
LH:1
BRF:0
BRH:0
end_of_record
TN:
SF:src/screens/account/profileSchema.ts
FNF:0
FNH:0
DA:3,3
LF:1
LH:1
BRF:0
BRH:0
end_of_record
TN:
SF:src/screens/auth/ForgotPasswordScreen.tsx
FN:19,ForgotPasswordScreen
FN:31,(anonymous_1)
FN:51,(anonymous_2)
FN:60,(anonymous_3)
FNF:4
FNH:0
FNDA:0,ForgotPasswordScreen
FNDA:0,(anonymous_1)
FNDA:0,(anonymous_2)
FNDA:0,(anonymous_3)
DA:20,0
DA:21,0
DA:23,0
DA:28,0
DA:29,0
DA:31,0
DA:32,0
DA:33,0
DA:34,0
DA:35,0
DA:37,0
DA:41,0
DA:51,0
DA:65,0
LF:14
LH:0
BRDA:68,0,0,0
BRDA:68,0,1,0
BRDA:83,1,0,0
BRDA:83,1,1,0
BRDA:89,2,0,0
BRDA:89,2,1,0
BRDA:90,3,0,0
BRDA:90,3,1,0
BRDA:93,4,0,0
BRDA:93,4,1,0
BRF:10
BRH:0
end_of_record
TN:
SF:src/screens/auth/forgotPasswordSchema.ts
FNF:0
FNH:0
DA:3,1
LF:1
LH:1
BRF:0
BRH:0
end_of_record
TN:
SF:src/screens/checkout/ContactInfoScreen.tsx
FN:23,ContactInfoScreen
FN:30,(anonymous_1)
FN:58,(anonymous_2)
FNF:3
FNH:0
FNDA:0,ContactInfoScreen
FNDA:0,(anonymous_1)
FNDA:0,(anonymous_2)
DA:13,1
DA:24,0
DA:31,0
DA:58,0
DA:67,1
LF:5
LH:2
BRDA:32,0,0,0
BRDA:32,0,1,0
BRDA:41,1,0,0
BRDA:41,1,1,0
BRDA:41,1,2,0
BRDA:49,2,0,0
BRDA:49,2,1,0
BRDA:49,2,2,0
BRDA:57,3,0,0
BRDA:57,3,1,0
BRDA:57,3,2,0
BRF:11
BRH:0
end_of_record
TN:
SF:src/screens/checkout/DeliveryMethodScreen.tsx
FN:8,DeliveryMethodScreen
FN:15,(anonymous_1)
FN:21,(anonymous_2)
FN:35,(anonymous_3)
FNF:4
FNH:0
FNDA:0,DeliveryMethodScreen
FNDA:0,(anonymous_1)
FNDA:0,(anonymous_2)
FNDA:0,(anonymous_3)
DA:9,0
DA:10,0
DA:11,0
DA:15,0
DA:21,0
DA:35,0
DA:42,0
LF:7
LH:0
BRDA:16,0,0,0
BRDA:16,0,1,0
BRDA:22,1,0,0
BRDA:22,1,1,0
BRDA:27,2,0,0
BRDA:27,2,1,0
BRF:6
BRH:0
end_of_record
TN:
SF:src/screens/checkout/OrderReviewScreen.tsx
FN:11,OrderReviewScreen
FN:12,(anonymous_1)
FN:15,(anonymous_2)
FNF:3
FNH:0
FNDA:0,OrderReviewScreen
FNDA:0,(anonymous_1)
FNDA:0,(anonymous_2)
DA:12,0
DA:13,0
DA:16,0
DA:29,0
LF:4
LH:0
BRDA:12,0,0,0
BRDA:12,0,1,0
BRF:2
BRH:0
end_of_record
TN:
SF:src/screens/checkout/PaymentScreen.tsx
FN:8,PaymentScreen
FN:19,(anonymous_1)
FNF:2
FNH:0
FNDA:0,PaymentScreen
FNDA:0,(anonymous_1)
DA:9,0
DA:10,0
DA:19,0
DA:26,0
LF:4
LH:0
BRF:0
BRH:0
end_of_record
TN:
SF:src/screens/onboarding/AgeVerificationScreen.tsx
FN:14,AgeVerificationScreen
FN:19,(anonymous_1)
FN:20,(anonymous_2)
FN:27,(anonymous_3)
FN:50,(anonymous_4)
FN:54,(anonymous_5)
FNF:6
FNH:2
FNDA:1,AgeVerificationScreen
FNDA:0,(anonymous_1)
FNDA:0,(anonymous_2)
FNDA:1,(anonymous_3)
FNDA:0,(anonymous_4)
FNDA:0,(anonymous_5)
DA:15,1
DA:16,1
DA:17,1
DA:19,1
DA:20,0
DA:21,0
DA:22,0
DA:27,1
DA:28,1
DA:29,1
DA:30,1
DA:34,1
DA:36,1
DA:50,0
DA:54,0
DA:59,2
LF:16
LH:11
BRDA:21,0,0,0
BRDA:21,0,1,0
BRDA:34,1,0,0
BRDA:34,1,1,1
BRDA:34,2,0,0
BRDA:34,2,1,1
BRF:6
BRH:2
end_of_record
TN:
SF:src/screens/orders/OrderDetailModal.tsx
FN:12,OrderDetailModal
FN:32,(anonymous_1)
FNF:2
FNH:1
FNDA:3,OrderDetailModal
FNDA:0,(anonymous_1)
DA:13,3
DA:14,0
DA:33,0
DA:64,1
LF:4
LH:2
BRDA:13,0,0,3
BRDA:13,0,1,0
BRF:2
BRH:1
end_of_record
TN:
SF:src/screens/orders/OrderHistoryScreen.tsx
FN:23,OrderHistoryScreen
FN:39,(anonymous_1)
FN:40,(anonymous_2)
FN:43,(anonymous_3)
FN:45,(anonymous_4)
FN:58,(anonymous_5)
FN:73,(anonymous_6)
FN:74,(anonymous_7)
FN:77,(anonymous_8)
FN:88,(anonymous_9)
FN:94,(anonymous_10)
FN:102,(anonymous_11)
FNF:12
FNH:8
FNDA:3,OrderHistoryScreen
FNDA:2,(anonymous_1)
FNDA:9,(anonymous_2)
FNDA:3,(anonymous_3)
FNDA:1,(anonymous_4)
FNDA:5,(anonymous_5)
FNDA:0,(anonymous_6)
FNDA:3,(anonymous_7)
FNDA:0,(anonymous_8)
FNDA:0,(anonymous_9)
FNDA:1,(anonymous_10)
FNDA:0,(anonymous_11)
DA:24,3
DA:25,3
DA:36,3
DA:39,2
DA:40,9
DA:43,3
DA:45,3
DA:46,1
DA:47,0
DA:52,3
DA:54,3
DA:59,5
DA:73,0
DA:75,3
DA:78,0
DA:79,0
DA:89,0
DA:90,0
DA:95,1
DA:102,0
DA:107,1
LF:21
LH:14
BRDA:43,0,0,3
BRDA:43,0,1,1
BRDA:46,1,0,0
BRDA:46,1,1,1
BRDA:52,2,0,0
BRDA:52,2,1,3
BRDA:52,3,0,0
BRDA:52,3,1,3
BRDA:56,4,0,1
BRDA:56,4,1,2
BRDA:56,5,0,3
BRDA:56,5,1,1
BRDA:66,6,0,0
BRDA:66,6,1,2
BRDA:95,7,0,1
BRDA:95,7,1,0
BRDA:98,8,0,0
BRDA:98,8,1,2
BRF:18
BRH:12
end_of_record
TN:
SF:src/screens/profile/LegalScreen.tsx
FN:53,LegalScreen
FN:60,(anonymous_1)
FN:77,(anonymous_2)
FN:105,(anonymous_3)
FN:117,(anonymous_4)
FN:122,(anonymous_5)
FN:130,(anonymous_6)
FN:135,(anonymous_7)
FN:138,(anonymous_8)
FN:142,(anonymous_9)
FN:199,(anonymous_10)
FNF:11
FNH:5
FNDA:3,LegalScreen
FNDA:3,(anonymous_1)
FNDA:6,(anonymous_2)
FNDA:0,(anonymous_3)
FNDA:9,(anonymous_4)
FNDA:0,(anonymous_5)
FNDA:0,(anonymous_6)
FNDA:0,(anonymous_7)
FNDA:0,(anonymous_8)
FNDA:9,(anonymous_9)
FNDA:0,(anonymous_10)
DA:28,1
DA:34,1
DA:54,3
DA:55,3
DA:56,3
DA:57,3
DA:58,3
DA:59,3
DA:60,3
DA:61,3
DA:63,3
DA:66,3
DA:74,3
DA:77,3
DA:78,6
DA:79,6
DA:80,6
DA:81,6
DA:82,0
DA:83,0
DA:84,6
DA:85,0
DA:86,0
DA:87,6
DA:88,0
DA:89,0
DA:91,6
DA:95,3
DA:96,3
DA:99,3
DA:101,3
DA:106,0
DA:107,0
DA:118,9
DA:123,0
DA:124,0
DA:130,0
DA:135,0
DA:138,0
DA:142,9
DA:199,0
LF:41
LH:27
BRDA:61,0,0,3
BRDA:61,0,1,0
BRDA:63,1,0,0
BRDA:63,1,1,3
BRDA:63,2,0,0
BRDA:63,2,1,3
BRDA:66,3,0,3
BRDA:66,3,1,3
BRDA:74,4,0,3
BRDA:74,4,1,0
BRDA:78,5,0,0
BRDA:78,5,1,6
BRDA:81,6,0,0
BRDA:81,6,1,6
BRDA:82,7,0,0
BRDA:82,7,1,0
BRDA:84,8,0,0
BRDA:84,8,1,6
BRDA:85,9,0,0
BRDA:85,9,1,0
BRDA:87,10,0,0
BRDA:87,10,1,6
BRDA:88,11,0,0
BRDA:88,11,1,0
BRDA:95,12,0,3
BRDA:95,12,1,3
BRDA:96,13,0,3
BRDA:96,13,1,3
BRDA:147,14,0,0
BRDA:147,14,1,3
BRDA:153,15,0,3
BRDA:153,15,1,3
BRDA:156,16,0,3
BRDA:156,16,1,0
BRDA:156,17,0,3
BRDA:156,17,1,3
BRDA:160,18,0,0
BRDA:160,18,1,0
BRDA:171,19,0,3
BRDA:171,19,1,2
BRDA:181,20,0,2
BRDA:181,20,1,2
BRDA:191,21,0,3
BRDA:191,21,1,0
BRF:44
BRH:25
end_of_record
TN:
SF:src/shims/firebase-auth.web.tsx
FN:2,auth
FN:5,(anonymous_1)
FN:8,(anonymous_2)
FN:11,(anonymous_3)
FNF:4
FNH:0
FNDA:0,auth
FNDA:0,(anonymous_1)
FNDA:0,(anonymous_2)
FNDA:0,(anonymous_3)
DA:3,0
DA:6,0
DA:9,0
LF:3
LH:0
BRF:0
BRH:0
end_of_record
TN:
SF:src/shims/firebase-messaging.web.tsx
FN:1,messaging
FN:4,(anonymous_1)
FN:7,(anonymous_2)
FN:10,(anonymous_3)
FN:11,(anonymous_4)
FN:12,(anonymous_5)
FN:14,(anonymous_6)
FN:15,(anonymous_7)
FN:17,(anonymous_8)
FNF:9
FNH:0
FNDA:0,messaging
FNDA:0,(anonymous_1)
FNDA:0,(anonymous_2)
FNDA:0,(anonymous_3)
FNDA:0,(anonymous_4)
FNDA:0,(anonymous_5)
FNDA:0,(anonymous_6)
FNDA:0,(anonymous_7)
FNDA:0,(anonymous_8)
DA:2,0
DA:5,0
DA:8,0
DA:12,0
DA:15,0
DA:18,0
LF:6
LH:0
BRF:0
BRH:0
end_of_record
TN:
SF:src/shims/haptics.web.tsx
FN:2,(anonymous_0)
FNF:1
FNH:0
FNDA:0,(anonymous_0)
LF:0
LH:0
BRF:0
BRH:0
end_of_record
TN:
SF:src/shims/linear-gradient.web.tsx
FN:6,LinearGradient
FNF:1
FNH:0
FNDA:0,LinearGradient
DA:7,0
LF:1
LH:0
BRF:0
BRH:0
end_of_record
TN:
SF:src/shims/pager-view.web.tsx
FN:4,PagerView
FNF:1
FNH:0
FNDA:0,PagerView
DA:5,0
LF:1
LH:0
BRF:0
BRH:0
end_of_record
TN:
SF:src/shims/react-native-maps.web.tsx
FN:4,MapView
FN:8,(anonymous_1)
FNF:2
FNH:0
FNDA:0,MapView
FNDA:0,(anonymous_1)
DA:5,0
DA:8,0
LF:2
LH:0
BRF:0
BRH:0
end_of_record
TN:
SF:src/shims/sound.web.tsx
FN:6,(anonymous_0)
FN:8,(anonymous_1)
FN:13,(anonymous_2)
FN:21,(anonymous_3)
FN:26,(anonymous_4)
FN:30,(anonymous_5)
FN:41,(anonymous_6)
FN:50,(anonymous_7)
FNF:8
FNH:0
FNDA:0,(anonymous_0)
FNDA:0,(anonymous_1)
FNDA:0,(anonymous_2)
FNDA:0,(anonymous_3)
FNDA:0,(anonymous_4)
FNDA:0,(anonymous_5)
FNDA:0,(anonymous_6)
FNDA:0,(anonymous_7)
DA:7,0
DA:8,0
DA:9,0
DA:14,0
DA:15,0
DA:17,0
DA:22,0
DA:23,0
DA:27,0
DA:28,0
DA:29,0
DA:30,0
DA:31,0
DA:32,0
DA:37,0
DA:42,0
DA:43,0
DA:44,0
DA:46,0
DA:51,0
DA:52,0
DA:54,0
LF:22
LH:0
BRDA:9,0,0,0
BRDA:9,0,1,0
BRDA:29,1,0,0
BRDA:29,1,1,0
BRDA:31,2,0,0
BRDA:31,2,1,0
BRDA:31,3,0,0
BRDA:31,3,1,0
BRDA:31,3,2,0
BRDA:44,4,0,0
BRDA:44,4,1,0
BRF:11
BRH:0
end_of_record
TN:
SF:src/shims/stripe-react-native.web.tsx
FN:3,useStripe
FN:5,(anonymous_1)
FN:6,(anonymous_2)
FN:10,isPlatformPaySupported
FN:14,StripeProvider
FNF:5
FNH:0
FNDA:0,useStripe
FNDA:0,(anonymous_1)
FNDA:0,(anonymous_2)
FNDA:0,isPlatformPaySupported
FNDA:0,StripeProvider
DA:4,0
DA:5,0
DA:6,0
DA:11,0
DA:15,0
LF:5
LH:0
BRF:0
BRH:0
end_of_record
TN:
SF:src/state/accessibilityStore.ts
FN:19,(anonymous_0)
FN:29,(anonymous_1)
FN:30,(anonymous_2)
FN:31,(anonymous_3)
FN:32,(anonymous_4)
FNF:5
FNH:5
FNDA:4,(anonymous_0)
FNDA:23,(anonymous_1)
FNDA:6,(anonymous_2)
FNDA:13,(anonymous_3)
FNDA:4,(anonymous_4)
DA:18,4
DA:25,4
DA:29,23
DA:30,6
DA:31,13
DA:33,4
DA:34,4
LF:7
LH:7
BRDA:35,0,0,2
BRDA:35,0,1,2
BRDA:36,1,0,4
BRDA:36,1,1,0
BRDA:37,2,0,4
BRDA:37,2,1,1
BRF:6
BRH:5
end_of_record
TN:
SF:src/state/store.ts
FN:13,(anonymous_0)
FN:21,(anonymous_1)
FN:23,(anonymous_2)
FN:25,(anonymous_3)
FNF:4
FNH:1
FNDA:3,(anonymous_0)
FNDA:0,(anonymous_1)
FNDA:0,(anonymous_2)
FNDA:0,(anonymous_3)
DA:12,3
DA:19,3
DA:22,0
DA:23,0
DA:26,0
DA:27,0
DA:28,0
DA:29,0
LF:8
LH:2
BRDA:28,0,0,0
BRDA:28,0,1,0
BRF:2
BRH:0
end_of_record
TN:
SF:src/terpene_wheel/components/AnimatedSoundPlayer.tsx
FN:15,(anonymous_0)
FN:18,(anonymous_1)
FN:19,(anonymous_2)
FN:27,(anonymous_3)
FN:32,(anonymous_4)
FN:33,(anonymous_5)
FNF:6
FNH:0
FNDA:0,(anonymous_0)
FNDA:0,(anonymous_1)
FNDA:0,(anonymous_2)
FNDA:0,(anonymous_3)
FNDA:0,(anonymous_4)
FNDA:0,(anonymous_5)
DA:14,0
DA:16,0
DA:18,0
DA:19,0
DA:20,0
DA:21,0
DA:22,0
DA:24,0
DA:27,0
DA:28,0
DA:32,0
DA:34,0
DA:35,0
DA:36,0
DA:37,0
DA:39,0
DA:44,0
LF:17
LH:0
BRDA:35,0,0,0
BRDA:35,0,1,0
BRF:2
BRH:0
end_of_record
TN:
SF:src/terpene_wheel/components/TerpeneInfoModal.tsx
FN:13,(anonymous_0)
FNF:1
FNH:0
FNDA:0,(anonymous_0)
DA:13,0
DA:14,0
DA:16,0
DA:18,0
DA:37,0
LF:5
LH:0
BRDA:16,0,0,0
BRDA:16,0,1,0
BRF:2
BRH:0
end_of_record
TN:
SF:src/terpene_wheel/components/TerpeneWheel.tsx
FN:20,(anonymous_0)
FN:24,(anonymous_1)
FN:40,(anonymous_2)
FN:57,(anonymous_3)
FN:76,(anonymous_4)
FN:109,(anonymous_5)
FN:116,(anonymous_6)
FN:123,(anonymous_7)
FN:130,(anonymous_8)
FN:135,(anonymous_9)
FN:183,polarToCartesian
FNF:11
FNH:0
FNDA:0,(anonymous_0)
FNDA:0,(anonymous_1)
FNDA:0,(anonymous_2)
FNDA:0,(anonymous_3)
FNDA:0,(anonymous_4)
FNDA:0,(anonymous_5)
FNDA:0,(anonymous_6)
FNDA:0,(anonymous_7)
FNDA:0,(anonymous_8)
FNDA:0,(anonymous_9)
FNDA:0,polarToCartesian
DA:10,0
DA:11,0
DA:12,0
DA:13,0
DA:14,0
DA:16,0
DA:20,0
DA:21,0
DA:22,0
DA:24,0
DA:25,0
DA:26,0
DA:29,0
DA:41,0
DA:42,0
DA:58,0
DA:76,0
DA:78,0
DA:79,0
DA:80,0
DA:81,0
DA:82,0
DA:83,0
DA:87,0
DA:108,0
DA:109,0
DA:114,0
DA:115,0
DA:116,0
DA:123,0
DA:124,0
DA:125,0
DA:126,0
DA:127,0
DA:130,0
DA:131,0
DA:132,0
DA:133,0
DA:134,0
DA:135,0
DA:136,0
DA:141,0
DA:142,0
DA:143,0
DA:145,0
DA:184,0
DA:185,0
LF:47
LH:0
BRDA:20,0,0,0
BRDA:83,1,0,0
BRDA:83,1,1,0
BRDA:110,2,0,0
BRDA:110,2,1,0
BRDA:163,3,0,0
BRDA:163,3,1,0
BRF:7
BRH:0
end_of_record
TN:
SF:src/terpene_wheel/data/allTerpenes.ts
FNF:0
FNH:0
DA:3,0
LF:1
LH:0
BRF:0
BRH:0
end_of_record
TN:
SF:src/terpene_wheel/data/terpenes.ts
FNF:0
FNH:0
DA:19,0
LF:1
LH:0
BRF:0
BRH:0
end_of_record
TN:
SF:src/theme/dyslexia-font.ts
FNF:0
FNH:0
DA:3,0
LF:1
LH:0
BRF:0
BRH:0
end_of_record
TN:
SF:src/types/cms.ts
FNF:0
FNH:0
LF:0
LH:0
BRF:0
BRH:0
end_of_record
TN:
SF:src/types/cmsExtra.ts
FNF:0
FNH:0
LF:0
LH:0
BRF:0
BRH:0
end_of_record
TN:
SF:src/types/expo-linking.d.ts
FNF:0
FNH:0
LF:0
LH:0
BRF:0
BRH:0
end_of_record
TN:
SF:src/types/order.ts
FNF:0
FNH:0
LF:0
LH:0
BRF:0
BRH:0
end_of_record
TN:
SF:src/types/react-native-firebase-auth.d.ts
FNF:0
FNH:0
LF:0
LH:0
BRF:0
BRH:0
end_of_record
TN:
SF:src/types/terpene.ts
FNF:0
FNH:0
LF:0
LH:0
BRF:0
BRH:0
end_of_record
TN:
SF:src/utils/address.ts
FN:22,parseAddress
FN:38,isValidParsedAddress
FNF:2
FNH:2
FNDA:4,parseAddress
FNDA:3,isValidParsedAddress
DA:20,1
DA:23,4
DA:24,4
DA:25,4
DA:26,3
DA:27,3
DA:33,3
DA:34,3
DA:35,3
DA:39,3
LF:10
LH:10
BRDA:23,0,0,0
BRDA:23,0,1,4
BRDA:25,1,0,1
BRDA:25,1,1,3
BRDA:33,2,0,2
BRDA:33,2,1,1
BRDA:34,3,0,1
BRDA:34,3,1,2
BRDA:39,4,0,3
BRDA:39,4,1,3
BRDA:39,4,2,3
BRDA:39,4,3,3
BRF:12
BRH:11
end_of_record
TN:
SF:src/utils/analytics.ts
FN:5,logEvent
FN:16,trackEventToBackend
FN:25,(anonymous_2)
FNF:3
FNH:2
FNDA:10,logEvent
FNDA:10,trackEventToBackend
FNDA:0,(anonymous_2)
DA:7,10
DA:8,10
DA:12,10
DA:17,10
DA:19,10
DA:27,0
DA:28,0
DA:33,10
DA:34,10
DA:39,21
LF:10
LH:8
BRDA:7,0,0,10
BRDA:7,0,1,0
BRDA:27,1,0,0
BRDA:27,1,1,0
BRDA:33,2,0,10
BRDA:33,2,1,0
BRF:6
BRH:2
end_of_record
TN:
SF:src/utils/apiConfig.ts
FNF:0
FNH:0
DA:1,51
LF:1
LH:1
BRDA:1,0,0,51
BRDA:1,0,1,51
BRF:2
BRH:2
end_of_record
TN:
SF:src/utils/auth.ts
FN:5,getAuthToken
FN:9,saveAuthToken
FN:13,clearAuthToken
FNF:3
FNH:0
FNDA:0,getAuthToken
FNDA:0,saveAuthToken
FNDA:0,clearAuthToken
DA:6,0
DA:10,0
DA:14,0
LF:3
LH:0
BRF:0
BRH:0
end_of_record
TN:
SF:src/utils/cmsConfig.ts
FNF:0
FNH:0
DA:1,2
LF:1
LH:1
BRDA:1,0,0,2
BRDA:1,0,1,2
BRF:2
BRH:2
end_of_record
TN:
SF:src/utils/deepLinkUtils.ts
FN:12,parseDeepLink
FN:54,matchPattern
FN:62,(anonymous_2)
FN:86,buildDeepLink
FN:111,isJarsDeepLink
FN:112,(anonymous_5)
FN:118,getAvailableRoutes
FN:125,validateRoutePattern
FN:134,(anonymous_8)
FNF:9
FNH:9
FNDA:45,parseDeepLink
FNDA:1126,matchPattern
FNDA:140,(anonymous_2)
FNDA:19,buildDeepLink
FNDA:18,isJarsDeepLink
FNDA:46,(anonymous_5)
FNDA:5,getAvailableRoutes
FNDA:20,validateRoutePattern
FNDA:17,(anonymous_8)
DA:13,45
DA:15,45
DA:16,45
DA:17,55
DA:18,39
DA:19,39
DA:24,41
DA:25,2
DA:30,41
DA:33,41
DA:34,41
DA:35,1126
DA:36,1126
DA:37,35
DA:44,6
DA:46,4
DA:47,4
DA:56,1126
DA:57,2
DA:61,1124
DA:62,1124
DA:63,140
DA:64,140
DA:67,1124
DA:68,1124
DA:70,1124
DA:71,1091
DA:75,33
DA:76,33
DA:77,21
DA:80,33
DA:87,19
DA:88,19
DA:91,19
DA:92,2
DA:95,17
DA:98,17
DA:99,12
DA:100,12
DA:105,17
DA:112,46
DA:119,5
DA:126,20
DA:129,20
DA:132,19
DA:133,19
DA:134,17
DA:136,5
DA:138,0
LF:49
LH:48
BRDA:17,0,0,39
BRDA:17,0,1,12
BRDA:24,1,0,2
BRDA:24,1,1,39
BRDA:36,2,0,35
BRDA:36,2,1,1091
BRDA:56,3,0,2
BRDA:56,3,1,1124
BRDA:56,4,0,1126
BRDA:56,4,1,41
BRDA:70,5,0,1091
BRDA:70,5,1,33
BRDA:91,6,0,2
BRDA:91,6,1,17
BRDA:98,7,0,12
BRDA:98,7,1,5
BRDA:129,8,0,1
BRDA:129,8,1,19
BRDA:133,9,0,14
BRDA:133,9,1,5
BRF:20
BRH:20
end_of_record
TN:
SF:src/utils/featureFlags.ts
FN:31,getFeatureFlags
FN:40,isFeatureEnabled
FN:48,useFeatureFlags
FN:60,useFeatureFlag
FNF:4
FNH:4
FNDA:27,getFeatureFlags
FNDA:12,isFeatureEnabled
FNDA:8,useFeatureFlags
FNDA:6,useFeatureFlag
DA:17,1
DA:34,27
DA:41,12
DA:42,12
DA:54,8
DA:61,6
DA:62,6
LF:7
LH:7
BRF:0
BRH:0
end_of_record
TN:
SF:src/utils/haptic.ts
FN:5,(anonymous_0)
FN:8,(anonymous_1)
FN:11,(anonymous_2)
FN:14,(anonymous_3)
FN:15,(anonymous_4)
FN:16,(anonymous_5)
FNF:6
FNH:6
FNDA:15,(anonymous_0)
FNDA:5,(anonymous_1)
FNDA:5,(anonymous_2)
FNDA:1,(anonymous_3)
FNDA:1,(anonymous_4)
FNDA:1,(anonymous_5)
DA:5,15
DA:8,15
DA:11,15
DA:14,15
DA:15,15
DA:16,15
LF:6
LH:6
BRF:0
BRH:0
end_of_record
TN:
SF:src/utils/i18n.ts
FN:20,(anonymous_0)
FN:24,(anonymous_1)
FNF:2
FNH:0
FNDA:0,(anonymous_0)
FNDA:0,(anonymous_1)
DA:3,0
DA:18,0
DA:20,0
DA:21,0
DA:24,0
DA:31,0
DA:32,0
LF:7
LH:0
BRDA:18,0,0,0
BRDA:18,0,1,0
BRDA:31,1,0,0
BRDA:31,1,1,0
BRDA:32,2,0,0
BRDA:32,2,1,0
BRF:6
BRH:0
end_of_record
TN:
SF:src/utils/progress.ts
FN:1,calculateProgress
FNF:1
FNH:1
FNDA:2,calculateProgress
DA:2,2
LF:1
LH:1
BRF:0
BRH:0
end_of_record
TN:
SF:src/utils/secureStorage.ts
FN:4,saveSecure
FN:12,getSecure
FN:22,deleteSecure
FNF:3
FNH:0
FNDA:0,saveSecure
FNDA:0,getSecure
FNDA:0,deleteSecure
DA:5,0
DA:6,0
DA:8,0
DA:13,0
DA:14,0
DA:15,0
DA:16,0
DA:18,0
DA:23,0
DA:24,0
DA:26,0
LF:11
LH:0
BRDA:15,0,0,0
BRDA:15,0,1,0
BRF:2
BRH:0
end_of_record
TN:
SF:src/utils/toast.ts
FN:3,toast
FNF:1
FNH:1
FNDA:4,toast
DA:4,4
LF:1
LH:1
BRF:0
BRH:0
end_of_record
